Línea 201: la clase MSDataListLib.DataCombo del control DtCDRD no era una clase de control cargada.
Línea 216: la clase MSDataListLib.DataCombo del control DtCDR no era una clase de control cargada.
Línea 231: la clase MSDataListLib.DataCombo del control DtCOF no era una clase de control cargada.
Línea 246: la clase MSDataListLib.DataCombo del control DtcC no era una clase de control cargada.
Línea 261: la clase MSDataListLib.DataCombo del control DtCFF no era una clase de control cargada.
Línea 276: la clase MSDataListLib.DataCombo del control DtcOFD no era una clase de control cargada.
Línea 291: la clase MSDataListLib.DataCombo del control DtcCD no era una clase de control cargada.
Línea 306: la clase MSDataListLib.DataCombo del control DtcFFD no era una clase de control cargada.
Línea 321: la clase MSDataListLib.DataCombo del control DtCUT no era una clase de control cargada.
Línea 336: la clase MSDataListLib.DataCombo del control DtCUTD no era una clase de control cargada.
Línea 351: la clase MSDataListLib.DataCombo del control DtcConv2 no era una clase de control cargada.
Línea 367: la clase MSDataListLib.DataCombo del control DtcConvDes2 no era una clase de control cargada.
Línea 504: la clase MSAdodcLib.Adodc del control AdoRegularizacion no era una clase de control cargada.
Línea 567: la clase MSDataGridLib.DataGrid del control DtGDetalle no era una clase de control cargada.
Línea 809: la clase MSAdodcLib.Adodc del control AdoDetalle no era una clase de control cargada.
Línea 865: la clase Crystal.CrystalReport del control Cry no era una clase de control cargada.
Línea 979: la clase MSDataGridLib.DataGrid del control DtcRegularizacion no era una clase de control cargada.
Línea 1274: la clase MSDataListLib.DataCombo del control DtcTipoCod no era una clase de control cargada.
Línea 1316: la clase MSDataListLib.DataCombo del control DtcDcuDes no era una clase de control cargada.
Línea 1332: la clase MSDataListLib.DataCombo del control DtcDcu no era una clase de control cargada.
Línea 1449: la clase MSDataListLib.DataCombo del control DtcOrg no era una clase de control cargada.
Línea 1465: la clase MSDataListLib.DataCombo del control DtcCat no era una clase de control cargada.
Línea 1481: la clase MSDataListLib.DataCombo del control DTcFte no era una clase de control cargada.
Línea 1497: la clase MSDataListLib.DataCombo del control DtcDesOrg no era una clase de control cargada.
Línea 1513: la clase MSDataListLib.DataCombo del control DtcCatDes no era una clase de control cargada.
Línea 1529: la clase MSDataListLib.DataCombo del control DtcFteDes no era una clase de control cargada.
Línea 1545: la clase MSDataListLib.DataCombo del control DtCUnidad no era una clase de control cargada.
Línea 1561: la clase MSDataListLib.DataCombo del control DtCDesUnidad no era una clase de control cargada.
Línea 1577: la clase MSDataListLib.DataCombo del control DtcTipoDes no era una clase de control cargada.
Línea 1593: la clase MSDataListLib.DataCombo del control DtcConv no era una clase de control cargada.
Línea 1609: la clase MSDataListLib.DataCombo del control DtcConvDes no era una clase de control cargada.
Línea 1759: la clase MSDataGridLib.DataGrid del control DtGProyecto no era una clase de control cargada.
Línea 1926: la clase MSDataListLib.DataCombo del control DtcDesCta no era una clase de control cargada.
Línea 1942: la clase MSDataListLib.DataCombo del control DtcCodCta no era una clase de control cargada.
Línea 2270: la clase MSDataListLib.DataCombo del control dtcNombreRuc no era una clase de control cargada.
Línea 2286: la clase MSDataListLib.DataCombo del control dtcRuc no era una clase de control cargada.
Línea 2302: la clase MSDataListLib.DataCombo del control DtCPartida no era una clase de control cargada.
Línea 2318: la clase MSDataListLib.DataCombo del control DtCPartidaDes no era una clase de control cargada.
Línea 2334: la clase MSDataListLib.DataCombo del control DtCCuentaOrigen no era una clase de control cargada.
Línea 2351: la clase MSDataListLib.DataCombo del control DtCCuentaOrigenDes no era una clase de control cargada.
Línea 2368: la clase MSDataListLib.DataCombo del control DtcCtaTGN no era una clase de control cargada.
Línea 2707: la clase MSAdodcLib.Adodc del control AdoCategoria no era una clase de control cargada.
Línea 2753: la clase MSAdodcLib.Adodc del control AdoDocumento no era una clase de control cargada.
Línea 2799: la clase MSAdodcLib.Adodc del control AdoRuc no era una clase de control cargada.
Línea 2845: la clase MSAdodcLib.Adodc del control AdoFuente no era una clase de control cargada.
Línea 2892: la clase MSAdodcLib.Adodc del control AdoOrganismo no era una clase de control cargada.
Línea 2939: la clase MSAdodcLib.Adodc del control AdoProyecto no era una clase de control cargada.
Línea 2986: la clase MSAdodcLib.Adodc del control AdoFormulario no era una clase de control cargada.
Línea 3033: la clase MSAdodcLib.Adodc del control AdoUnidad no era una clase de control cargada.
Línea 3080: la clase MSAdodcLib.Adodc del control AdoTipoMoneda no era una clase de control cargada.
Línea 3127: la clase MSAdodcLib.Adodc del control AdoPartida no era una clase de control cargada.
Línea 3174: la clase MSAdodcLib.Adodc del control AdoCuenta no era una clase de control cargada.
Línea 3221: la clase MSAdodcLib.Adodc del control AdoTipo no era una clase de control cargada.
Línea 3267: la clase MSAdodcLib.Adodc del control AdoConvenio no era una clase de control cargada.
Línea 202: el nombre de la propiedad Bindings de DtCDRD no es válido.
Línea 209: el nombre de la propiedad _ExtentX de DtCDRD no es válido.
Línea 210: el nombre de la propiedad _ExtentY de DtCDRD no es válido.
Línea 211: el nombre de la propiedad _Version de DtCDRD no es válido.
Línea 212: el nombre de la propiedad ListField de DtCDRD no es válido.
Línea 213: el nombre de la propiedad BoundColumn de DtCDRD no es válido.
Línea 214: el nombre de la propiedad Text de DtCDRD no es válido.
Línea 217: el nombre de la propiedad Bindings de DtCDR no es válido.
Línea 224: el nombre de la propiedad _ExtentX de DtCDR no es válido.
Línea 225: el nombre de la propiedad _ExtentY de DtCDR no es válido.
Línea 226: el nombre de la propiedad _Version de DtCDR no es válido.
Línea 227: el nombre de la propiedad ListField de DtCDR no es válido.
Línea 228: el nombre de la propiedad BoundColumn de DtCDR no es válido.
Línea 229: el nombre de la propiedad Text de DtCDR no es válido.
Línea 232: el nombre de la propiedad Bindings de DtCOF no es válido.
Línea 239: el nombre de la propiedad _ExtentX de DtCOF no es válido.
Línea 240: el nombre de la propiedad _ExtentY de DtCOF no es válido.
Línea 241: el nombre de la propiedad _Version de DtCOF no es válido.
Línea 242: el nombre de la propiedad ListField de DtCOF no es válido.
Línea 243: el nombre de la propiedad BoundColumn de DtCOF no es válido.
Línea 244: el nombre de la propiedad Text de DtCOF no es válido.
Línea 247: el nombre de la propiedad Bindings de DtcC no es válido.
Línea 254: el nombre de la propiedad _ExtentX de DtcC no es válido.
Línea 255: el nombre de la propiedad _ExtentY de DtcC no es válido.
Línea 256: el nombre de la propiedad _Version de DtcC no es válido.
Línea 257: el nombre de la propiedad ListField de DtcC no es válido.
Línea 258: el nombre de la propiedad BoundColumn de DtcC no es válido.
Línea 259: el nombre de la propiedad Text de DtcC no es válido.
Línea 262: el nombre de la propiedad Bindings de DtCFF no es válido.
Línea 269: el nombre de la propiedad _ExtentX de DtCFF no es válido.
Línea 270: el nombre de la propiedad _ExtentY de DtCFF no es válido.
Línea 271: el nombre de la propiedad _Version de DtCFF no es válido.
Línea 272: el nombre de la propiedad ListField de DtCFF no es válido.
Línea 273: el nombre de la propiedad BoundColumn de DtCFF no es válido.
Línea 274: el nombre de la propiedad Text de DtCFF no es válido.
Línea 277: el nombre de la propiedad Bindings de DtcOFD no es válido.
Línea 284: el nombre de la propiedad _ExtentX de DtcOFD no es válido.
Línea 285: el nombre de la propiedad _ExtentY de DtcOFD no es válido.
Línea 286: el nombre de la propiedad _Version de DtcOFD no es válido.
Línea 287: el nombre de la propiedad ListField de DtcOFD no es válido.
Línea 288: el nombre de la propiedad BoundColumn de DtcOFD no es válido.
Línea 289: el nombre de la propiedad Text de DtcOFD no es válido.
Línea 292: el nombre de la propiedad Bindings de DtcCD no es válido.
Línea 299: el nombre de la propiedad _ExtentX de DtcCD no es válido.
Línea 300: el nombre de la propiedad _ExtentY de DtcCD no es válido.
Línea 301: el nombre de la propiedad _Version de DtcCD no es válido.
Línea 302: el nombre de la propiedad ListField de DtcCD no es válido.
Línea 303: el nombre de la propiedad BoundColumn de DtcCD no es válido.
Línea 304: el nombre de la propiedad Text de DtcCD no es válido.
Línea 307: el nombre de la propiedad Bindings de DtcFFD no es válido.
Línea 314: el nombre de la propiedad _ExtentX de DtcFFD no es válido.
Línea 315: el nombre de la propiedad _ExtentY de DtcFFD no es válido.
Línea 316: el nombre de la propiedad _Version de DtcFFD no es válido.
Línea 317: el nombre de la propiedad ListField de DtcFFD no es válido.
Línea 318: el nombre de la propiedad BoundColumn de DtcFFD no es válido.
Línea 319: el nombre de la propiedad Text de DtcFFD no es válido.
Línea 322: el nombre de la propiedad Bindings de DtCUT no es válido.
Línea 329: el nombre de la propiedad _ExtentX de DtCUT no es válido.
Línea 330: el nombre de la propiedad _ExtentY de DtCUT no es válido.
Línea 331: el nombre de la propiedad _Version de DtCUT no es válido.
Línea 332: el nombre de la propiedad ListField de DtCUT no es válido.
Línea 333: el nombre de la propiedad BoundColumn de DtCUT no es válido.
Línea 334: el nombre de la propiedad Text de DtCUT no es válido.
Línea 337: el nombre de la propiedad Bindings de DtCUTD no es válido.
Línea 344: el nombre de la propiedad _ExtentX de DtCUTD no es válido.
Línea 345: el nombre de la propiedad _ExtentY de DtCUTD no es válido.
Línea 346: el nombre de la propiedad _Version de DtCUTD no es válido.
Línea 347: el nombre de la propiedad ListField de DtCUTD no es válido.
Línea 348: el nombre de la propiedad BoundColumn de DtCUTD no es válido.
Línea 349: el nombre de la propiedad Text de DtCUTD no es válido.
Línea 352: el nombre de la propiedad Bindings de DtcConv2 no es válido.
Línea 360: el nombre de la propiedad _ExtentX de DtcConv2 no es válido.
Línea 361: el nombre de la propiedad _ExtentY de DtcConv2 no es válido.
Línea 362: el nombre de la propiedad _Version de DtcConv2 no es válido.
Línea 363: el nombre de la propiedad ListField de DtcConv2 no es válido.
Línea 364: el nombre de la propiedad BoundColumn de DtcConv2 no es válido.
Línea 365: el nombre de la propiedad Text de DtcConv2 no es válido.
Línea 368: el nombre de la propiedad Bindings de DtcConvDes2 no es válido.
Línea 376: el nombre de la propiedad _ExtentX de DtcConvDes2 no es válido.
Línea 377: el nombre de la propiedad _ExtentY de DtcConvDes2 no es válido.
Línea 378: el nombre de la propiedad _Version de DtcConvDes2 no es válido.
Línea 379: el nombre de la propiedad ListField de DtcConvDes2 no es válido.
Línea 380: el nombre de la propiedad BoundColumn de DtcConvDes2 no es válido.
Línea 381: el nombre de la propiedad Text de DtcConvDes2 no es válido.
Línea 509: el nombre de la propiedad _ExtentX de AdoRegularizacion no es válido.
Línea 510: el nombre de la propiedad _ExtentY de AdoRegularizacion no es válido.
Línea 511: el nombre de la propiedad ConnectMode de AdoRegularizacion no es válido.
Línea 512: el nombre de la propiedad CursorLocation de AdoRegularizacion no es válido.
Línea 513: el nombre de la propiedad IsolationLevel de AdoRegularizacion no es válido.
Línea 514: el nombre de la propiedad ConnectionTimeout de AdoRegularizacion no es válido.
Línea 515: el nombre de la propiedad CommandTimeout de AdoRegularizacion no es válido.
Línea 516: el nombre de la propiedad CursorType de AdoRegularizacion no es válido.
Línea 517: el nombre de la propiedad LockType de AdoRegularizacion no es válido.
Línea 518: el nombre de la propiedad CommandType de AdoRegularizacion no es válido.
Línea 519: el nombre de la propiedad CursorOptions de AdoRegularizacion no es válido.
Línea 520: el nombre de la propiedad CacheSize de AdoRegularizacion no es válido.
Línea 521: el nombre de la propiedad MaxRecords de AdoRegularizacion no es válido.
Línea 522: el nombre de la propiedad BOFAction de AdoRegularizacion no es válido.
Línea 523: el nombre de la propiedad EOFAction de AdoRegularizacion no es válido.
Línea 524: el nombre de la propiedad ConnectStringType de AdoRegularizacion no es válido.
Línea 528: el nombre de la propiedad Orientation de AdoRegularizacion no es válido.
Línea 530: el nombre de la propiedad Connect de AdoRegularizacion no es válido.
Línea 531: el nombre de la propiedad OLEDBString de AdoRegularizacion no es válido.
Línea 532: el nombre de la propiedad OLEDBFile de AdoRegularizacion no es válido.
Línea 533: el nombre de la propiedad DataSourceName de AdoRegularizacion no es válido.
Línea 534: el nombre de la propiedad OtherAttributes de AdoRegularizacion no es válido.
Línea 535: el nombre de la propiedad UserName de AdoRegularizacion no es válido.
Línea 536: el nombre de la propiedad Password de AdoRegularizacion no es válido.
Línea 537: el nombre de la propiedad RecordSource de AdoRegularizacion no es válido.
Línea 538: el nombre de la propiedad Caption de AdoRegularizacion no es válido.
Línea 548: el nombre de la propiedad _Version de AdoRegularizacion no es válido.
Línea 568: el nombre de la propiedad Bindings de DtGDetalle no es válido.
Línea 574: el nombre de la propiedad _ExtentX de DtGDetalle no es válido.
Línea 575: el nombre de la propiedad _ExtentY de DtGDetalle no es válido.
Línea 576: el nombre de la propiedad _Version de DtGDetalle no es válido.
Línea 577: el nombre de la propiedad AllowUpdate de DtGDetalle no es válido.
Línea 578: el nombre de la propiedad HeadLines de DtGDetalle no es válido.
Línea 579: el nombre de la propiedad RowHeight de DtGDetalle no es válido.
Línea 580: el nombre de la propiedad FormatLocked de DtGDetalle no es válido.
Línea 589: el nombre de la propiedad HeadFont de DtGDetalle no es válido.
Línea 599: el nombre de la propiedad ColumnCount de DtGDetalle no es válido.
Línea 612: el nombre de la propiedad Column00 de DtGDetalle no es válido.
Línea 625: el nombre de la propiedad Column01 de DtGDetalle no es válido.
Línea 638: el nombre de la propiedad Column02 de DtGDetalle no es válido.
Línea 651: el nombre de la propiedad Column03 de DtGDetalle no es válido.
Línea 664: el nombre de la propiedad Column04 de DtGDetalle no es válido.
Línea 677: el nombre de la propiedad Column05 de DtGDetalle no es válido.
Línea 690: el nombre de la propiedad Column06 de DtGDetalle no es válido.
Línea 703: el nombre de la propiedad Column07 de DtGDetalle no es válido.
Línea 716: el nombre de la propiedad Column08 de DtGDetalle no es válido.
Línea 729: el nombre de la propiedad Column09 de DtGDetalle no es válido.
Línea 742: el nombre de la propiedad Column10 de DtGDetalle no es válido.
Línea 755: el nombre de la propiedad Column11 de DtGDetalle no es válido.
Línea 756: el nombre de la propiedad SplitCount de DtGDetalle no es válido.
Línea 807: el nombre de la propiedad Split0 de DtGDetalle no es válido.
Línea 814: el nombre de la propiedad _ExtentX de AdoDetalle no es válido.
Línea 815: el nombre de la propiedad _ExtentY de AdoDetalle no es válido.
Línea 816: el nombre de la propiedad ConnectMode de AdoDetalle no es válido.
Línea 817: el nombre de la propiedad CursorLocation de AdoDetalle no es válido.
Línea 818: el nombre de la propiedad IsolationLevel de AdoDetalle no es válido.
Línea 819: el nombre de la propiedad ConnectionTimeout de AdoDetalle no es válido.
Línea 820: el nombre de la propiedad CommandTimeout de AdoDetalle no es válido.
Línea 821: el nombre de la propiedad CursorType de AdoDetalle no es válido.
Línea 822: el nombre de la propiedad LockType de AdoDetalle no es válido.
Línea 823: el nombre de la propiedad CommandType de AdoDetalle no es válido.
Línea 824: el nombre de la propiedad CursorOptions de AdoDetalle no es válido.
Línea 825: el nombre de la propiedad CacheSize de AdoDetalle no es válido.
Línea 826: el nombre de la propiedad MaxRecords de AdoDetalle no es válido.
Línea 827: el nombre de la propiedad BOFAction de AdoDetalle no es válido.
Línea 828: el nombre de la propiedad EOFAction de AdoDetalle no es válido.
Línea 829: el nombre de la propiedad ConnectStringType de AdoDetalle no es válido.
Línea 833: el nombre de la propiedad Orientation de AdoDetalle no es válido.
Línea 835: el nombre de la propiedad Connect de AdoDetalle no es válido.
Línea 836: el nombre de la propiedad OLEDBString de AdoDetalle no es válido.
Línea 837: el nombre de la propiedad OLEDBFile de AdoDetalle no es válido.
Línea 838: el nombre de la propiedad DataSourceName de AdoDetalle no es válido.
Línea 839: el nombre de la propiedad OtherAttributes de AdoDetalle no es válido.
Línea 840: el nombre de la propiedad UserName de AdoDetalle no es válido.
Línea 841: el nombre de la propiedad Password de AdoDetalle no es válido.
Línea 842: el nombre de la propiedad RecordSource de AdoDetalle no es válido.
Línea 843: el nombre de la propiedad Caption de AdoDetalle no es válido.
Línea 853: el nombre de la propiedad _Version de AdoDetalle no es válido.
Línea 868: el nombre de la propiedad _ExtentX de Cry no es válido.
Línea 869: el nombre de la propiedad _ExtentY de Cry no es válido.
Línea 870: el nombre de la propiedad _Version de Cry no es válido.
Línea 871: el nombre de la propiedad WindowControlBox de Cry no es válido.
Línea 872: el nombre de la propiedad WindowMaxButton de Cry no es válido.
Línea 873: el nombre de la propiedad WindowMinButton de Cry no es válido.
Línea 874: el nombre de la propiedad PrintFileLinesPerPage de Cry no es válido.
Línea 875: el nombre de la propiedad WindowShowGroupTree de Cry no es válido.
Línea 876: el nombre de la propiedad WindowAllowDrillDown de Cry no es válido.
Línea 877: el nombre de la propiedad WindowShowCloseBtn de Cry no es válido.
Línea 878: el nombre de la propiedad WindowShowSearchBtn de Cry no es válido.
Línea 879: el nombre de la propiedad WindowShowPrintSetupBtn de Cry no es válido.
Línea 880: el nombre de la propiedad WindowShowRefreshBtn de Cry no es válido.
Línea 980: el nombre de la propiedad Bindings de DtcRegularizacion no es válido.
Línea 986: el nombre de la propiedad _ExtentX de DtcRegularizacion no es válido.
Línea 987: el nombre de la propiedad _ExtentY de DtcRegularizacion no es válido.
Línea 988: el nombre de la propiedad _Version de DtcRegularizacion no es válido.
Línea 989: el nombre de la propiedad AllowUpdate de DtcRegularizacion no es válido.
Línea 990: el nombre de la propiedad HeadLines de DtcRegularizacion no es válido.
Línea 991: el nombre de la propiedad RowHeight de DtcRegularizacion no es válido.
Línea 992: el nombre de la propiedad FormatLocked de DtcRegularizacion no es válido.
Línea 1001: el nombre de la propiedad HeadFont de DtcRegularizacion no es válido.
Línea 1011: el nombre de la propiedad ColumnCount de DtcRegularizacion no es válido.
Línea 1024: el nombre de la propiedad Column00 de DtcRegularizacion no es válido.
Línea 1037: el nombre de la propiedad Column01 de DtcRegularizacion no es válido.
Línea 1050: el nombre de la propiedad Column02 de DtcRegularizacion no es válido.
Línea 1063: el nombre de la propiedad Column03 de DtcRegularizacion no es válido.
Línea 1076: el nombre de la propiedad Column04 de DtcRegularizacion no es válido.
Línea 1089: el nombre de la propiedad Column05 de DtcRegularizacion no es válido.
Línea 1102: el nombre de la propiedad Column06 de DtcRegularizacion no es válido.
Línea 1115: el nombre de la propiedad Column07 de DtcRegularizacion no es válido.
Línea 1128: el nombre de la propiedad Column08 de DtcRegularizacion no es válido.
Línea 1141: el nombre de la propiedad Column09 de DtcRegularizacion no es válido.
Línea 1154: el nombre de la propiedad Column10 de DtcRegularizacion no es válido.
Línea 1167: el nombre de la propiedad Column11 de DtcRegularizacion no es válido.
Línea 1180: el nombre de la propiedad Column12 de DtcRegularizacion no es válido.
Línea 1193: el nombre de la propiedad Column13 de DtcRegularizacion no es válido.
Línea 1206: el nombre de la propiedad Column14 de DtcRegularizacion no es válido.
Línea 1207: el nombre de la propiedad SplitCount de DtcRegularizacion no es válido.
Línea 1255: el nombre de la propiedad Split0 de DtcRegularizacion no es válido.
Línea 1275: el nombre de la propiedad Bindings de DtcTipoCod no es válido.
Línea 1284: el nombre de la propiedad _ExtentX de DtcTipoCod no es válido.
Línea 1285: el nombre de la propiedad _ExtentY de DtcTipoCod no es válido.
Línea 1286: el nombre de la propiedad _Version de DtcTipoCod no es válido.
Línea 1287: el nombre de la propiedad ListField de DtcTipoCod no es válido.
Línea 1288: el nombre de la propiedad Text de DtcTipoCod no es válido.
Línea 1317: el nombre de la propiedad Bindings de DtcDcuDes no es válido.
Línea 1325: el nombre de la propiedad _ExtentX de DtcDcuDes no es válido.
Línea 1326: el nombre de la propiedad _ExtentY de DtcDcuDes no es válido.
Línea 1327: el nombre de la propiedad _Version de DtcDcuDes no es válido.
Línea 1328: el nombre de la propiedad ListField de DtcDcuDes no es válido.
Línea 1329: el nombre de la propiedad BoundColumn de DtcDcuDes no es válido.
Línea 1330: el nombre de la propiedad Text de DtcDcuDes no es válido.
Línea 1333: el nombre de la propiedad Bindings de DtcDcu no es válido.
Línea 1341: el nombre de la propiedad _ExtentX de DtcDcu no es válido.
Línea 1342: el nombre de la propiedad _ExtentY de DtcDcu no es válido.
Línea 1343: el nombre de la propiedad _Version de DtcDcu no es válido.
Línea 1344: el nombre de la propiedad ListField de DtcDcu no es válido.
Línea 1345: el nombre de la propiedad BoundColumn de DtcDcu no es válido.
Línea 1346: el nombre de la propiedad Text de DtcDcu no es válido.
Línea 1450: el nombre de la propiedad Bindings de DtcOrg no es válido.
Línea 1458: el nombre de la propiedad _ExtentX de DtcOrg no es válido.
Línea 1459: el nombre de la propiedad _ExtentY de DtcOrg no es válido.
Línea 1460: el nombre de la propiedad _Version de DtcOrg no es válido.
Línea 1461: el nombre de la propiedad ListField de DtcOrg no es válido.
Línea 1462: el nombre de la propiedad BoundColumn de DtcOrg no es válido.
Línea 1463: el nombre de la propiedad Text de DtcOrg no es válido.
Línea 1466: el nombre de la propiedad Bindings de DtcCat no es válido.
Línea 1474: el nombre de la propiedad _ExtentX de DtcCat no es válido.
Línea 1475: el nombre de la propiedad _ExtentY de DtcCat no es válido.
Línea 1476: el nombre de la propiedad _Version de DtcCat no es válido.
Línea 1477: el nombre de la propiedad ListField de DtcCat no es válido.
Línea 1478: el nombre de la propiedad BoundColumn de DtcCat no es válido.
Línea 1479: el nombre de la propiedad Text de DtcCat no es válido.
Línea 1482: el nombre de la propiedad Bindings de DTcFte no es válido.
Línea 1490: el nombre de la propiedad _ExtentX de DTcFte no es válido.
Línea 1491: el nombre de la propiedad _ExtentY de DTcFte no es válido.
Línea 1492: el nombre de la propiedad _Version de DTcFte no es válido.
Línea 1493: el nombre de la propiedad ListField de DTcFte no es válido.
Línea 1494: el nombre de la propiedad BoundColumn de DTcFte no es válido.
Línea 1495: el nombre de la propiedad Text de DTcFte no es válido.
Línea 1498: el nombre de la propiedad Bindings de DtcDesOrg no es válido.
Línea 1506: el nombre de la propiedad _ExtentX de DtcDesOrg no es válido.
Línea 1507: el nombre de la propiedad _ExtentY de DtcDesOrg no es válido.
Línea 1508: el nombre de la propiedad _Version de DtcDesOrg no es válido.
Línea 1509: el nombre de la propiedad ListField de DtcDesOrg no es válido.
Línea 1510: el nombre de la propiedad BoundColumn de DtcDesOrg no es válido.
Línea 1511: el nombre de la propiedad Text de DtcDesOrg no es válido.
Línea 1514: el nombre de la propiedad Bindings de DtcCatDes no es válido.
Línea 1522: el nombre de la propiedad _ExtentX de DtcCatDes no es válido.
Línea 1523: el nombre de la propiedad _ExtentY de DtcCatDes no es válido.
Línea 1524: el nombre de la propiedad _Version de DtcCatDes no es válido.
Línea 1525: el nombre de la propiedad ListField de DtcCatDes no es válido.
Línea 1526: el nombre de la propiedad BoundColumn de DtcCatDes no es válido.
Línea 1527: el nombre de la propiedad Text de DtcCatDes no es válido.
Línea 1530: el nombre de la propiedad Bindings de DtcFteDes no es válido.
Línea 1538: el nombre de la propiedad _ExtentX de DtcFteDes no es válido.
Línea 1539: el nombre de la propiedad _ExtentY de DtcFteDes no es válido.
Línea 1540: el nombre de la propiedad _Version de DtcFteDes no es válido.
Línea 1541: el nombre de la propiedad ListField de DtcFteDes no es válido.
Línea 1542: el nombre de la propiedad BoundColumn de DtcFteDes no es válido.
Línea 1543: el nombre de la propiedad Text de DtcFteDes no es válido.
Línea 1546: el nombre de la propiedad Bindings de DtCUnidad no es válido.
Línea 1554: el nombre de la propiedad _ExtentX de DtCUnidad no es válido.
Línea 1555: el nombre de la propiedad _ExtentY de DtCUnidad no es válido.
Línea 1556: el nombre de la propiedad _Version de DtCUnidad no es válido.
Línea 1557: el nombre de la propiedad ListField de DtCUnidad no es válido.
Línea 1558: el nombre de la propiedad BoundColumn de DtCUnidad no es válido.
Línea 1559: el nombre de la propiedad Text de DtCUnidad no es válido.
Línea 1562: el nombre de la propiedad Bindings de DtCDesUnidad no es válido.
Línea 1570: el nombre de la propiedad _ExtentX de DtCDesUnidad no es válido.
Línea 1571: el nombre de la propiedad _ExtentY de DtCDesUnidad no es válido.
Línea 1572: el nombre de la propiedad _Version de DtCDesUnidad no es válido.
Línea 1573: el nombre de la propiedad ListField de DtCDesUnidad no es válido.
Línea 1574: el nombre de la propiedad BoundColumn de DtCDesUnidad no es válido.
Línea 1575: el nombre de la propiedad Text de DtCDesUnidad no es válido.
Línea 1578: el nombre de la propiedad Bindings de DtcTipoDes no es válido.
Línea 1586: el nombre de la propiedad _ExtentX de DtcTipoDes no es válido.
Línea 1587: el nombre de la propiedad _ExtentY de DtcTipoDes no es válido.
Línea 1588: el nombre de la propiedad _Version de DtcTipoDes no es válido.
Línea 1589: el nombre de la propiedad ListField de DtcTipoDes no es válido.
Línea 1590: el nombre de la propiedad BoundColumn de DtcTipoDes no es válido.
Línea 1591: el nombre de la propiedad Text de DtcTipoDes no es válido.
Línea 1594: el nombre de la propiedad Bindings de DtcConv no es válido.
Línea 1602: el nombre de la propiedad _ExtentX de DtcConv no es válido.
Línea 1603: el nombre de la propiedad _ExtentY de DtcConv no es válido.
Línea 1604: el nombre de la propiedad _Version de DtcConv no es válido.
Línea 1605: el nombre de la propiedad ListField de DtcConv no es válido.
Línea 1606: el nombre de la propiedad BoundColumn de DtcConv no es válido.
Línea 1607: el nombre de la propiedad Text de DtcConv no es válido.
Línea 1610: el nombre de la propiedad Bindings de DtcConvDes no es válido.
Línea 1618: el nombre de la propiedad _ExtentX de DtcConvDes no es válido.
Línea 1619: el nombre de la propiedad _ExtentY de DtcConvDes no es válido.
Línea 1620: el nombre de la propiedad _Version de DtcConvDes no es válido.
Línea 1621: el nombre de la propiedad ListField de DtcConvDes no es válido.
Línea 1622: el nombre de la propiedad BoundColumn de DtcConvDes no es válido.
Línea 1623: el nombre de la propiedad Text de DtcConvDes no es válido.
Línea 1760: el nombre de la propiedad Bindings de DtGProyecto no es válido.
Línea 1766: el nombre de la propiedad _ExtentX de DtGProyecto no es válido.
Línea 1767: el nombre de la propiedad _ExtentY de DtGProyecto no es válido.
Línea 1768: el nombre de la propiedad _Version de DtGProyecto no es válido.
Línea 1769: el nombre de la propiedad HeadLines de DtGProyecto no es válido.
Línea 1770: el nombre de la propiedad RowHeight de DtGProyecto no es válido.
Línea 1771: el nombre de la propiedad FormatLocked de DtGProyecto no es válido.
Línea 1780: el nombre de la propiedad HeadFont de DtGProyecto no es válido.
Línea 1790: el nombre de la propiedad ColumnCount de DtGProyecto no es válido.
Línea 1803: el nombre de la propiedad Column00 de DtGProyecto no es válido.
Línea 1816: el nombre de la propiedad Column01 de DtGProyecto no es válido.
Línea 1829: el nombre de la propiedad Column02 de DtGProyecto no es válido.
Línea 1842: el nombre de la propiedad Column03 de DtGProyecto no es válido.
Línea 1855: el nombre de la propiedad Column04 de DtGProyecto no es válido.
Línea 1856: el nombre de la propiedad SplitCount de DtGProyecto no es válido.
Línea 1868: el nombre de la propiedad Split0 de DtGProyecto no es válido.
Línea 1927: el nombre de la propiedad Bindings de DtcDesCta no es válido.
Línea 1935: el nombre de la propiedad _ExtentX de DtcDesCta no es válido.
Línea 1936: el nombre de la propiedad _ExtentY de DtcDesCta no es válido.
Línea 1937: el nombre de la propiedad _Version de DtcDesCta no es válido.
Línea 1938: el nombre de la propiedad ListField de DtcDesCta no es válido.
Línea 1939: el nombre de la propiedad BoundColumn de DtcDesCta no es válido.
Línea 1940: el nombre de la propiedad Text de DtcDesCta no es válido.
Línea 1943: el nombre de la propiedad Bindings de DtcCodCta no es válido.
Línea 1951: el nombre de la propiedad _ExtentX de DtcCodCta no es válido.
Línea 1952: el nombre de la propiedad _ExtentY de DtcCodCta no es válido.
Línea 1953: el nombre de la propiedad _Version de DtcCodCta no es válido.
Línea 1954: el nombre de la propiedad ListField de DtcCodCta no es válido.
Línea 1955: el nombre de la propiedad Text de DtcCodCta no es válido.
Línea 2271: el nombre de la propiedad Bindings de dtcNombreRuc no es válido.
Línea 2279: el nombre de la propiedad _ExtentX de dtcNombreRuc no es válido.
Línea 2280: el nombre de la propiedad _ExtentY de dtcNombreRuc no es válido.
Línea 2281: el nombre de la propiedad _Version de dtcNombreRuc no es válido.
Línea 2282: el nombre de la propiedad ListField de dtcNombreRuc no es válido.
Línea 2283: el nombre de la propiedad BoundColumn de dtcNombreRuc no es válido.
Línea 2284: el nombre de la propiedad Text de dtcNombreRuc no es válido.
Línea 2287: el nombre de la propiedad Bindings de dtcRuc no es válido.
Línea 2295: el nombre de la propiedad _ExtentX de dtcRuc no es válido.
Línea 2296: el nombre de la propiedad _ExtentY de dtcRuc no es válido.
Línea 2297: el nombre de la propiedad _Version de dtcRuc no es válido.
Línea 2298: el nombre de la propiedad ListField de dtcRuc no es válido.
Línea 2299: el nombre de la propiedad BoundColumn de dtcRuc no es válido.
Línea 2300: el nombre de la propiedad Text de dtcRuc no es válido.
Línea 2303: el nombre de la propiedad Bindings de DtCPartida no es válido.
Línea 2311: el nombre de la propiedad _ExtentX de DtCPartida no es válido.
Línea 2312: el nombre de la propiedad _ExtentY de DtCPartida no es válido.
Línea 2313: el nombre de la propiedad _Version de DtCPartida no es válido.
Línea 2314: el nombre de la propiedad ListField de DtCPartida no es válido.
Línea 2315: el nombre de la propiedad BoundColumn de DtCPartida no es válido.
Línea 2316: el nombre de la propiedad Text de DtCPartida no es válido.
Línea 2319: el nombre de la propiedad Bindings de DtCPartidaDes no es válido.
Línea 2327: el nombre de la propiedad _ExtentX de DtCPartidaDes no es válido.
Línea 2328: el nombre de la propiedad _ExtentY de DtCPartidaDes no es válido.
Línea 2329: el nombre de la propiedad _Version de DtCPartidaDes no es válido.
Línea 2330: el nombre de la propiedad ListField de DtCPartidaDes no es válido.
Línea 2331: el nombre de la propiedad BoundColumn de DtCPartidaDes no es válido.
Línea 2332: el nombre de la propiedad Text de DtCPartidaDes no es válido.
Línea 2335: el nombre de la propiedad Bindings de DtCCuentaOrigen no es válido.
Línea 2344: el nombre de la propiedad _ExtentX de DtCCuentaOrigen no es válido.
Línea 2345: el nombre de la propiedad _ExtentY de DtCCuentaOrigen no es válido.
Línea 2346: el nombre de la propiedad _Version de DtCCuentaOrigen no es válido.
Línea 2347: el nombre de la propiedad ListField de DtCCuentaOrigen no es válido.
Línea 2348: el nombre de la propiedad BoundColumn de DtCCuentaOrigen no es válido.
Línea 2349: el nombre de la propiedad Text de DtCCuentaOrigen no es válido.
Línea 2352: el nombre de la propiedad Bindings de DtCCuentaOrigenDes no es válido.
Línea 2361: el nombre de la propiedad _ExtentX de DtCCuentaOrigenDes no es válido.
Línea 2362: el nombre de la propiedad _ExtentY de DtCCuentaOrigenDes no es válido.
Línea 2363: el nombre de la propiedad _Version de DtCCuentaOrigenDes no es válido.
Línea 2364: el nombre de la propiedad ListField de DtCCuentaOrigenDes no es válido.
Línea 2365: el nombre de la propiedad BoundColumn de DtCCuentaOrigenDes no es válido.
Línea 2366: el nombre de la propiedad Text de DtCCuentaOrigenDes no es válido.
Línea 2369: el nombre de la propiedad Bindings de DtcCtaTGN no es válido.
Línea 2378: el nombre de la propiedad _ExtentX de DtcCtaTGN no es válido.
Línea 2379: el nombre de la propiedad _ExtentY de DtcCtaTGN no es válido.
Línea 2380: el nombre de la propiedad _Version de DtcCtaTGN no es válido.
Línea 2381: el nombre de la propiedad ListField de DtcCtaTGN no es válido.
Línea 2382: el nombre de la propiedad BoundColumn de DtcCtaTGN no es válido.
Línea 2383: el nombre de la propiedad Text de DtcCtaTGN no es válido.
Línea 2712: el nombre de la propiedad _ExtentX de AdoCategoria no es válido.
Línea 2713: el nombre de la propiedad _ExtentY de AdoCategoria no es válido.
Línea 2714: el nombre de la propiedad ConnectMode de AdoCategoria no es válido.
Línea 2715: el nombre de la propiedad CursorLocation de AdoCategoria no es válido.
Línea 2716: el nombre de la propiedad IsolationLevel de AdoCategoria no es válido.
Línea 2717: el nombre de la propiedad ConnectionTimeout de AdoCategoria no es válido.
Línea 2718: el nombre de la propiedad CommandTimeout de AdoCategoria no es válido.
Línea 2719: el nombre de la propiedad CursorType de AdoCategoria no es válido.
Línea 2720: el nombre de la propiedad LockType de AdoCategoria no es válido.
Línea 2721: el nombre de la propiedad CommandType de AdoCategoria no es válido.
Línea 2722: el nombre de la propiedad CursorOptions de AdoCategoria no es válido.
Línea 2723: el nombre de la propiedad CacheSize de AdoCategoria no es válido.
Línea 2724: el nombre de la propiedad MaxRecords de AdoCategoria no es válido.
Línea 2725: el nombre de la propiedad BOFAction de AdoCategoria no es válido.
Línea 2726: el nombre de la propiedad EOFAction de AdoCategoria no es válido.
Línea 2727: el nombre de la propiedad ConnectStringType de AdoCategoria no es válido.
Línea 2731: el nombre de la propiedad Orientation de AdoCategoria no es válido.
Línea 2733: el nombre de la propiedad Connect de AdoCategoria no es válido.
Línea 2734: el nombre de la propiedad OLEDBString de AdoCategoria no es válido.
Línea 2735: el nombre de la propiedad OLEDBFile de AdoCategoria no es válido.
Línea 2736: el nombre de la propiedad DataSourceName de AdoCategoria no es válido.
Línea 2737: el nombre de la propiedad OtherAttributes de AdoCategoria no es válido.
Línea 2738: el nombre de la propiedad UserName de AdoCategoria no es válido.
Línea 2739: el nombre de la propiedad Password de AdoCategoria no es válido.
Línea 2740: el nombre de la propiedad RecordSource de AdoCategoria no es válido.
Línea 2741: el nombre de la propiedad Caption de AdoCategoria no es válido.
Línea 2751: el nombre de la propiedad _Version de AdoCategoria no es válido.
Línea 2758: el nombre de la propiedad _ExtentX de AdoDocumento no es válido.
Línea 2759: el nombre de la propiedad _ExtentY de AdoDocumento no es válido.
Línea 2760: el nombre de la propiedad ConnectMode de AdoDocumento no es válido.
Línea 2761: el nombre de la propiedad CursorLocation de AdoDocumento no es válido.
Línea 2762: el nombre de la propiedad IsolationLevel de AdoDocumento no es válido.
Línea 2763: el nombre de la propiedad ConnectionTimeout de AdoDocumento no es válido.
Línea 2764: el nombre de la propiedad CommandTimeout de AdoDocumento no es válido.
Línea 2765: el nombre de la propiedad CursorType de AdoDocumento no es válido.
Línea 2766: el nombre de la propiedad LockType de AdoDocumento no es válido.
Línea 2767: el nombre de la propiedad CommandType de AdoDocumento no es válido.
Línea 2768: el nombre de la propiedad CursorOptions de AdoDocumento no es válido.
Línea 2769: el nombre de la propiedad CacheSize de AdoDocumento no es válido.
Línea 2770: el nombre de la propiedad MaxRecords de AdoDocumento no es válido.
Línea 2771: el nombre de la propiedad BOFAction de AdoDocumento no es válido.
Línea 2772: el nombre de la propiedad EOFAction de AdoDocumento no es válido.
Línea 2773: el nombre de la propiedad ConnectStringType de AdoDocumento no es válido.
Línea 2777: el nombre de la propiedad Orientation de AdoDocumento no es válido.
Línea 2779: el nombre de la propiedad Connect de AdoDocumento no es válido.
Línea 2780: el nombre de la propiedad OLEDBString de AdoDocumento no es válido.
Línea 2781: el nombre de la propiedad OLEDBFile de AdoDocumento no es válido.
Línea 2782: el nombre de la propiedad DataSourceName de AdoDocumento no es válido.
Línea 2783: el nombre de la propiedad OtherAttributes de AdoDocumento no es válido.
Línea 2784: el nombre de la propiedad UserName de AdoDocumento no es válido.
Línea 2785: el nombre de la propiedad Password de AdoDocumento no es válido.
Línea 2786: el nombre de la propiedad RecordSource de AdoDocumento no es válido.
Línea 2787: el nombre de la propiedad Caption de AdoDocumento no es válido.
Línea 2797: el nombre de la propiedad _Version de AdoDocumento no es válido.
Línea 2804: el nombre de la propiedad _ExtentX de AdoRuc no es válido.
Línea 2805: el nombre de la propiedad _ExtentY de AdoRuc no es válido.
Línea 2806: el nombre de la propiedad ConnectMode de AdoRuc no es válido.
Línea 2807: el nombre de la propiedad CursorLocation de AdoRuc no es válido.
Línea 2808: el nombre de la propiedad IsolationLevel de AdoRuc no es válido.
Línea 2809: el nombre de la propiedad ConnectionTimeout de AdoRuc no es válido.
Línea 2810: el nombre de la propiedad CommandTimeout de AdoRuc no es válido.
Línea 2811: el nombre de la propiedad CursorType de AdoRuc no es válido.
Línea 2812: el nombre de la propiedad LockType de AdoRuc no es válido.
Línea 2813: el nombre de la propiedad CommandType de AdoRuc no es válido.
Línea 2814: el nombre de la propiedad CursorOptions de AdoRuc no es válido.
Línea 2815: el nombre de la propiedad CacheSize de AdoRuc no es válido.
Línea 2816: el nombre de la propiedad MaxRecords de AdoRuc no es válido.
Línea 2817: el nombre de la propiedad BOFAction de AdoRuc no es válido.
Línea 2818: el nombre de la propiedad EOFAction de AdoRuc no es válido.
Línea 2819: el nombre de la propiedad ConnectStringType de AdoRuc no es válido.
Línea 2823: el nombre de la propiedad Orientation de AdoRuc no es válido.
Línea 2825: el nombre de la propiedad Connect de AdoRuc no es válido.
Línea 2826: el nombre de la propiedad OLEDBString de AdoRuc no es válido.
Línea 2827: el nombre de la propiedad OLEDBFile de AdoRuc no es válido.
Línea 2828: el nombre de la propiedad DataSourceName de AdoRuc no es válido.
Línea 2829: el nombre de la propiedad OtherAttributes de AdoRuc no es válido.
Línea 2830: el nombre de la propiedad UserName de AdoRuc no es válido.
Línea 2831: el nombre de la propiedad Password de AdoRuc no es válido.
Línea 2832: el nombre de la propiedad RecordSource de AdoRuc no es válido.
Línea 2833: el nombre de la propiedad Caption de AdoRuc no es válido.
Línea 2843: el nombre de la propiedad _Version de AdoRuc no es válido.
Línea 2851: el nombre de la propiedad _ExtentX de AdoFuente no es válido.
Línea 2852: el nombre de la propiedad _ExtentY de AdoFuente no es válido.
Línea 2853: el nombre de la propiedad ConnectMode de AdoFuente no es válido.
Línea 2854: el nombre de la propiedad CursorLocation de AdoFuente no es válido.
Línea 2855: el nombre de la propiedad IsolationLevel de AdoFuente no es válido.
Línea 2856: el nombre de la propiedad ConnectionTimeout de AdoFuente no es válido.
Línea 2857: el nombre de la propiedad CommandTimeout de AdoFuente no es válido.
Línea 2858: el nombre de la propiedad CursorType de AdoFuente no es válido.
Línea 2859: el nombre de la propiedad LockType de AdoFuente no es válido.
Línea 2860: el nombre de la propiedad CommandType de AdoFuente no es válido.
Línea 2861: el nombre de la propiedad CursorOptions de AdoFuente no es válido.
Línea 2862: el nombre de la propiedad CacheSize de AdoFuente no es válido.
Línea 2863: el nombre de la propiedad MaxRecords de AdoFuente no es válido.
Línea 2864: el nombre de la propiedad BOFAction de AdoFuente no es válido.
Línea 2865: el nombre de la propiedad EOFAction de AdoFuente no es válido.
Línea 2866: el nombre de la propiedad ConnectStringType de AdoFuente no es válido.
Línea 2870: el nombre de la propiedad Orientation de AdoFuente no es válido.
Línea 2872: el nombre de la propiedad Connect de AdoFuente no es válido.
Línea 2873: el nombre de la propiedad OLEDBString de AdoFuente no es válido.
Línea 2874: el nombre de la propiedad OLEDBFile de AdoFuente no es válido.
Línea 2875: el nombre de la propiedad DataSourceName de AdoFuente no es válido.
Línea 2876: el nombre de la propiedad OtherAttributes de AdoFuente no es válido.
Línea 2877: el nombre de la propiedad UserName de AdoFuente no es válido.
Línea 2878: el nombre de la propiedad Password de AdoFuente no es válido.
Línea 2879: el nombre de la propiedad RecordSource de AdoFuente no es válido.
Línea 2880: el nombre de la propiedad Caption de AdoFuente no es válido.
Línea 2890: el nombre de la propiedad _Version de AdoFuente no es válido.
Línea 2898: el nombre de la propiedad _ExtentX de AdoOrganismo no es válido.
Línea 2899: el nombre de la propiedad _ExtentY de AdoOrganismo no es válido.
Línea 2900: el nombre de la propiedad ConnectMode de AdoOrganismo no es válido.
Línea 2901: el nombre de la propiedad CursorLocation de AdoOrganismo no es válido.
Línea 2902: el nombre de la propiedad IsolationLevel de AdoOrganismo no es válido.
Línea 2903: el nombre de la propiedad ConnectionTimeout de AdoOrganismo no es válido.
Línea 2904: el nombre de la propiedad CommandTimeout de AdoOrganismo no es válido.
Línea 2905: el nombre de la propiedad CursorType de AdoOrganismo no es válido.
Línea 2906: el nombre de la propiedad LockType de AdoOrganismo no es válido.
Línea 2907: el nombre de la propiedad CommandType de AdoOrganismo no es válido.
Línea 2908: el nombre de la propiedad CursorOptions de AdoOrganismo no es válido.
Línea 2909: el nombre de la propiedad CacheSize de AdoOrganismo no es válido.
Línea 2910: el nombre de la propiedad MaxRecords de AdoOrganismo no es válido.
Línea 2911: el nombre de la propiedad BOFAction de AdoOrganismo no es válido.
Línea 2912: el nombre de la propiedad EOFAction de AdoOrganismo no es válido.
Línea 2913: el nombre de la propiedad ConnectStringType de AdoOrganismo no es válido.
Línea 2917: el nombre de la propiedad Orientation de AdoOrganismo no es válido.
Línea 2919: el nombre de la propiedad Connect de AdoOrganismo no es válido.
Línea 2920: el nombre de la propiedad OLEDBString de AdoOrganismo no es válido.
Línea 2921: el nombre de la propiedad OLEDBFile de AdoOrganismo no es válido.
Línea 2922: el nombre de la propiedad DataSourceName de AdoOrganismo no es válido.
Línea 2923: el nombre de la propiedad OtherAttributes de AdoOrganismo no es válido.
Línea 2924: el nombre de la propiedad UserName de AdoOrganismo no es válido.
Línea 2925: el nombre de la propiedad Password de AdoOrganismo no es válido.
Línea 2926: el nombre de la propiedad RecordSource de AdoOrganismo no es válido.
Línea 2927: el nombre de la propiedad Caption de AdoOrganismo no es válido.
Línea 2937: el nombre de la propiedad _Version de AdoOrganismo no es válido.
Línea 2945: el nombre de la propiedad _ExtentX de AdoProyecto no es válido.
Línea 2946: el nombre de la propiedad _ExtentY de AdoProyecto no es válido.
Línea 2947: el nombre de la propiedad ConnectMode de AdoProyecto no es válido.
Línea 2948: el nombre de la propiedad CursorLocation de AdoProyecto no es válido.
Línea 2949: el nombre de la propiedad IsolationLevel de AdoProyecto no es válido.
Línea 2950: el nombre de la propiedad ConnectionTimeout de AdoProyecto no es válido.
Línea 2951: el nombre de la propiedad CommandTimeout de AdoProyecto no es válido.
Línea 2952: el nombre de la propiedad CursorType de AdoProyecto no es válido.
Línea 2953: el nombre de la propiedad LockType de AdoProyecto no es válido.
Línea 2954: el nombre de la propiedad CommandType de AdoProyecto no es válido.
Línea 2955: el nombre de la propiedad CursorOptions de AdoProyecto no es válido.
Línea 2956: el nombre de la propiedad CacheSize de AdoProyecto no es válido.
Línea 2957: el nombre de la propiedad MaxRecords de AdoProyecto no es válido.
Línea 2958: el nombre de la propiedad BOFAction de AdoProyecto no es válido.
Línea 2959: el nombre de la propiedad EOFAction de AdoProyecto no es válido.
Línea 2960: el nombre de la propiedad ConnectStringType de AdoProyecto no es válido.
Línea 2964: el nombre de la propiedad Orientation de AdoProyecto no es válido.
Línea 2966: el nombre de la propiedad Connect de AdoProyecto no es válido.
Línea 2967: el nombre de la propiedad OLEDBString de AdoProyecto no es válido.
Línea 2968: el nombre de la propiedad OLEDBFile de AdoProyecto no es válido.
Línea 2969: el nombre de la propiedad DataSourceName de AdoProyecto no es válido.
Línea 2970: el nombre de la propiedad OtherAttributes de AdoProyecto no es válido.
Línea 2971: el nombre de la propiedad UserName de AdoProyecto no es válido.
Línea 2972: el nombre de la propiedad Password de AdoProyecto no es válido.
Línea 2973: el nombre de la propiedad RecordSource de AdoProyecto no es válido.
Línea 2974: el nombre de la propiedad Caption de AdoProyecto no es válido.
Línea 2984: el nombre de la propiedad _Version de AdoProyecto no es válido.
Línea 2992: el nombre de la propiedad _ExtentX de AdoFormulario no es válido.
Línea 2993: el nombre de la propiedad _ExtentY de AdoFormulario no es válido.
Línea 2994: el nombre de la propiedad ConnectMode de AdoFormulario no es válido.
Línea 2995: el nombre de la propiedad CursorLocation de AdoFormulario no es válido.
Línea 2996: el nombre de la propiedad IsolationLevel de AdoFormulario no es válido.
Línea 2997: el nombre de la propiedad ConnectionTimeout de AdoFormulario no es válido.
Línea 2998: el nombre de la propiedad CommandTimeout de AdoFormulario no es válido.
Línea 2999: el nombre de la propiedad CursorType de AdoFormulario no es válido.
Línea 3000: el nombre de la propiedad LockType de AdoFormulario no es válido.
Línea 3001: el nombre de la propiedad CommandType de AdoFormulario no es válido.
Línea 3002: el nombre de la propiedad CursorOptions de AdoFormulario no es válido.
Línea 3003: el nombre de la propiedad CacheSize de AdoFormulario no es válido.
Línea 3004: el nombre de la propiedad MaxRecords de AdoFormulario no es válido.
Línea 3005: el nombre de la propiedad BOFAction de AdoFormulario no es válido.
Línea 3006: el nombre de la propiedad EOFAction de AdoFormulario no es válido.
Línea 3007: el nombre de la propiedad ConnectStringType de AdoFormulario no es válido.
Línea 3011: el nombre de la propiedad Orientation de AdoFormulario no es válido.
Línea 3013: el nombre de la propiedad Connect de AdoFormulario no es válido.
Línea 3014: el nombre de la propiedad OLEDBString de AdoFormulario no es válido.
Línea 3015: el nombre de la propiedad OLEDBFile de AdoFormulario no es válido.
Línea 3016: el nombre de la propiedad DataSourceName de AdoFormulario no es válido.
Línea 3017: el nombre de la propiedad OtherAttributes de AdoFormulario no es válido.
Línea 3018: el nombre de la propiedad UserName de AdoFormulario no es válido.
Línea 3019: el nombre de la propiedad Password de AdoFormulario no es válido.
Línea 3020: el nombre de la propiedad RecordSource de AdoFormulario no es válido.
Línea 3021: el nombre de la propiedad Caption de AdoFormulario no es válido.
Línea 3031: el nombre de la propiedad _Version de AdoFormulario no es válido.
Línea 3039: el nombre de la propiedad _ExtentX de AdoUnidad no es válido.
Línea 3040: el nombre de la propiedad _ExtentY de AdoUnidad no es válido.
Línea 3041: el nombre de la propiedad ConnectMode de AdoUnidad no es válido.
Línea 3042: el nombre de la propiedad CursorLocation de AdoUnidad no es válido.
Línea 3043: el nombre de la propiedad IsolationLevel de AdoUnidad no es válido.
Línea 3044: el nombre de la propiedad ConnectionTimeout de AdoUnidad no es válido.
Línea 3045: el nombre de la propiedad CommandTimeout de AdoUnidad no es válido.
Línea 3046: el nombre de la propiedad CursorType de AdoUnidad no es válido.
Línea 3047: el nombre de la propiedad LockType de AdoUnidad no es válido.
Línea 3048: el nombre de la propiedad CommandType de AdoUnidad no es válido.
Línea 3049: el nombre de la propiedad CursorOptions de AdoUnidad no es válido.
Línea 3050: el nombre de la propiedad CacheSize de AdoUnidad no es válido.
Línea 3051: el nombre de la propiedad MaxRecords de AdoUnidad no es válido.
Línea 3052: el nombre de la propiedad BOFAction de AdoUnidad no es válido.
Línea 3053: el nombre de la propiedad EOFAction de AdoUnidad no es válido.
Línea 3054: el nombre de la propiedad ConnectStringType de AdoUnidad no es válido.
Línea 3058: el nombre de la propiedad Orientation de AdoUnidad no es válido.
Línea 3060: el nombre de la propiedad Connect de AdoUnidad no es válido.
Línea 3061: el nombre de la propiedad OLEDBString de AdoUnidad no es válido.
Línea 3062: el nombre de la propiedad OLEDBFile de AdoUnidad no es válido.
Línea 3063: el nombre de la propiedad DataSourceName de AdoUnidad no es válido.
Línea 3064: el nombre de la propiedad OtherAttributes de AdoUnidad no es válido.
Línea 3065: el nombre de la propiedad UserName de AdoUnidad no es válido.
Línea 3066: el nombre de la propiedad Password de AdoUnidad no es válido.
Línea 3067: el nombre de la propiedad RecordSource de AdoUnidad no es válido.
Línea 3068: el nombre de la propiedad Caption de AdoUnidad no es válido.
Línea 3078: el nombre de la propiedad _Version de AdoUnidad no es válido.
Línea 3086: el nombre de la propiedad _ExtentX de AdoTipoMoneda no es válido.
Línea 3087: el nombre de la propiedad _ExtentY de AdoTipoMoneda no es válido.
Línea 3088: el nombre de la propiedad ConnectMode de AdoTipoMoneda no es válido.
Línea 3089: el nombre de la propiedad CursorLocation de AdoTipoMoneda no es válido.
Línea 3090: el nombre de la propiedad IsolationLevel de AdoTipoMoneda no es válido.
Línea 3091: el nombre de la propiedad ConnectionTimeout de AdoTipoMoneda no es válido.
Línea 3092: el nombre de la propiedad CommandTimeout de AdoTipoMoneda no es válido.
Línea 3093: el nombre de la propiedad CursorType de AdoTipoMoneda no es válido.
Línea 3094: el nombre de la propiedad LockType de AdoTipoMoneda no es válido.
Línea 3095: el nombre de la propiedad CommandType de AdoTipoMoneda no es válido.
Línea 3096: el nombre de la propiedad CursorOptions de AdoTipoMoneda no es válido.
Línea 3097: el nombre de la propiedad CacheSize de AdoTipoMoneda no es válido.
Línea 3098: el nombre de la propiedad MaxRecords de AdoTipoMoneda no es válido.
Línea 3099: el nombre de la propiedad BOFAction de AdoTipoMoneda no es válido.
Línea 3100: el nombre de la propiedad EOFAction de AdoTipoMoneda no es válido.
Línea 3101: el nombre de la propiedad ConnectStringType de AdoTipoMoneda no es válido.
Línea 3105: el nombre de la propiedad Orientation de AdoTipoMoneda no es válido.
Línea 3107: el nombre de la propiedad Connect de AdoTipoMoneda no es válido.
Línea 3108: el nombre de la propiedad OLEDBString de AdoTipoMoneda no es válido.
Línea 3109: el nombre de la propiedad OLEDBFile de AdoTipoMoneda no es válido.
Línea 3110: el nombre de la propiedad DataSourceName de AdoTipoMoneda no es válido.
Línea 3111: el nombre de la propiedad OtherAttributes de AdoTipoMoneda no es válido.
Línea 3112: el nombre de la propiedad UserName de AdoTipoMoneda no es válido.
Línea 3113: el nombre de la propiedad Password de AdoTipoMoneda no es válido.
Línea 3114: el nombre de la propiedad RecordSource de AdoTipoMoneda no es válido.
Línea 3115: el nombre de la propiedad Caption de AdoTipoMoneda no es válido.
Línea 3125: el nombre de la propiedad _Version de AdoTipoMoneda no es válido.
Línea 3133: el nombre de la propiedad _ExtentX de AdoPartida no es válido.
Línea 3134: el nombre de la propiedad _ExtentY de AdoPartida no es válido.
Línea 3135: el nombre de la propiedad ConnectMode de AdoPartida no es válido.
Línea 3136: el nombre de la propiedad CursorLocation de AdoPartida no es válido.
Línea 3137: el nombre de la propiedad IsolationLevel de AdoPartida no es válido.
Línea 3138: el nombre de la propiedad ConnectionTimeout de AdoPartida no es válido.
Línea 3139: el nombre de la propiedad CommandTimeout de AdoPartida no es válido.
Línea 3140: el nombre de la propiedad CursorType de AdoPartida no es válido.
Línea 3141: el nombre de la propiedad LockType de AdoPartida no es válido.
Línea 3142: el nombre de la propiedad CommandType de AdoPartida no es válido.
Línea 3143: el nombre de la propiedad CursorOptions de AdoPartida no es válido.
Línea 3144: el nombre de la propiedad CacheSize de AdoPartida no es válido.
Línea 3145: el nombre de la propiedad MaxRecords de AdoPartida no es válido.
Línea 3146: el nombre de la propiedad BOFAction de AdoPartida no es válido.
Línea 3147: el nombre de la propiedad EOFAction de AdoPartida no es válido.
Línea 3148: el nombre de la propiedad ConnectStringType de AdoPartida no es válido.
Línea 3152: el nombre de la propiedad Orientation de AdoPartida no es válido.
Línea 3154: el nombre de la propiedad Connect de AdoPartida no es válido.
Línea 3155: el nombre de la propiedad OLEDBString de AdoPartida no es válido.
Línea 3156: el nombre de la propiedad OLEDBFile de AdoPartida no es válido.
Línea 3157: el nombre de la propiedad DataSourceName de AdoPartida no es válido.
Línea 3158: el nombre de la propiedad OtherAttributes de AdoPartida no es válido.
Línea 3159: el nombre de la propiedad UserName de AdoPartida no es válido.
Línea 3160: el nombre de la propiedad Password de AdoPartida no es válido.
Línea 3161: el nombre de la propiedad RecordSource de AdoPartida no es válido.
Línea 3162: el nombre de la propiedad Caption de AdoPartida no es válido.
Línea 3172: el nombre de la propiedad _Version de AdoPartida no es válido.
Línea 3180: el nombre de la propiedad _ExtentX de AdoCuenta no es válido.
Línea 3181: el nombre de la propiedad _ExtentY de AdoCuenta no es válido.
Línea 3182: el nombre de la propiedad ConnectMode de AdoCuenta no es válido.
Línea 3183: el nombre de la propiedad CursorLocation de AdoCuenta no es válido.
Línea 3184: el nombre de la propiedad IsolationLevel de AdoCuenta no es válido.
Línea 3185: el nombre de la propiedad ConnectionTimeout de AdoCuenta no es válido.
Línea 3186: el nombre de la propiedad CommandTimeout de AdoCuenta no es válido.
Línea 3187: el nombre de la propiedad CursorType de AdoCuenta no es válido.
Línea 3188: el nombre de la propiedad LockType de AdoCuenta no es válido.
Línea 3189: el nombre de la propiedad CommandType de AdoCuenta no es válido.
Línea 3190: el nombre de la propiedad CursorOptions de AdoCuenta no es válido.
Línea 3191: el nombre de la propiedad CacheSize de AdoCuenta no es válido.
Línea 3192: el nombre de la propiedad MaxRecords de AdoCuenta no es válido.
Línea 3193: el nombre de la propiedad BOFAction de AdoCuenta no es válido.
Línea 3194: el nombre de la propiedad EOFAction de AdoCuenta no es válido.
Línea 3195: el nombre de la propiedad ConnectStringType de AdoCuenta no es válido.
Línea 3199: el nombre de la propiedad Orientation de AdoCuenta no es válido.
Línea 3201: el nombre de la propiedad Connect de AdoCuenta no es válido.
Línea 3202: el nombre de la propiedad OLEDBString de AdoCuenta no es válido.
Línea 3203: el nombre de la propiedad OLEDBFile de AdoCuenta no es válido.
Línea 3204: el nombre de la propiedad DataSourceName de AdoCuenta no es válido.
Línea 3205: el nombre de la propiedad OtherAttributes de AdoCuenta no es válido.
Línea 3206: el nombre de la propiedad UserName de AdoCuenta no es válido.
Línea 3207: el nombre de la propiedad Password de AdoCuenta no es válido.
Línea 3208: el nombre de la propiedad RecordSource de AdoCuenta no es válido.
Línea 3209: el nombre de la propiedad Caption de AdoCuenta no es válido.
Línea 3219: el nombre de la propiedad _Version de AdoCuenta no es válido.
Línea 3226: el nombre de la propiedad _ExtentX de AdoTipo no es válido.
Línea 3227: el nombre de la propiedad _ExtentY de AdoTipo no es válido.
Línea 3228: el nombre de la propiedad ConnectMode de AdoTipo no es válido.
Línea 3229: el nombre de la propiedad CursorLocation de AdoTipo no es válido.
Línea 3230: el nombre de la propiedad IsolationLevel de AdoTipo no es válido.
Línea 3231: el nombre de la propiedad ConnectionTimeout de AdoTipo no es válido.
Línea 3232: el nombre de la propiedad CommandTimeout de AdoTipo no es válido.
Línea 3233: el nombre de la propiedad CursorType de AdoTipo no es válido.
Línea 3234: el nombre de la propiedad LockType de AdoTipo no es válido.
Línea 3235: el nombre de la propiedad CommandType de AdoTipo no es válido.
Línea 3236: el nombre de la propiedad CursorOptions de AdoTipo no es válido.
Línea 3237: el nombre de la propiedad CacheSize de AdoTipo no es válido.
Línea 3238: el nombre de la propiedad MaxRecords de AdoTipo no es válido.
Línea 3239: el nombre de la propiedad BOFAction de AdoTipo no es válido.
Línea 3240: el nombre de la propiedad EOFAction de AdoTipo no es válido.
Línea 3241: el nombre de la propiedad ConnectStringType de AdoTipo no es válido.
Línea 3245: el nombre de la propiedad Orientation de AdoTipo no es válido.
Línea 3247: el nombre de la propiedad Connect de AdoTipo no es válido.
Línea 3248: el nombre de la propiedad OLEDBString de AdoTipo no es válido.
Línea 3249: el nombre de la propiedad OLEDBFile de AdoTipo no es válido.
Línea 3250: el nombre de la propiedad DataSourceName de AdoTipo no es válido.
Línea 3251: el nombre de la propiedad OtherAttributes de AdoTipo no es válido.
Línea 3252: el nombre de la propiedad UserName de AdoTipo no es válido.
Línea 3253: el nombre de la propiedad Password de AdoTipo no es válido.
Línea 3254: el nombre de la propiedad RecordSource de AdoTipo no es válido.
Línea 3255: el nombre de la propiedad Caption de AdoTipo no es válido.
Línea 3265: el nombre de la propiedad _Version de AdoTipo no es válido.
Línea 3273: el nombre de la propiedad _ExtentX de AdoConvenio no es válido.
Línea 3274: el nombre de la propiedad _ExtentY de AdoConvenio no es válido.
Línea 3275: el nombre de la propiedad ConnectMode de AdoConvenio no es válido.
Línea 3276: el nombre de la propiedad CursorLocation de AdoConvenio no es válido.
Línea 3277: el nombre de la propiedad IsolationLevel de AdoConvenio no es válido.
Línea 3278: el nombre de la propiedad ConnectionTimeout de AdoConvenio no es válido.
Línea 3279: el nombre de la propiedad CommandTimeout de AdoConvenio no es válido.
Línea 3280: el nombre de la propiedad CursorType de AdoConvenio no es válido.
Línea 3281: el nombre de la propiedad LockType de AdoConvenio no es válido.
Línea 3282: el nombre de la propiedad CommandType de AdoConvenio no es válido.
Línea 3283: el nombre de la propiedad CursorOptions de AdoConvenio no es válido.
Línea 3284: el nombre de la propiedad CacheSize de AdoConvenio no es válido.
Línea 3285: el nombre de la propiedad MaxRecords de AdoConvenio no es válido.
Línea 3286: el nombre de la propiedad BOFAction de AdoConvenio no es válido.
Línea 3287: el nombre de la propiedad EOFAction de AdoConvenio no es válido.
Línea 3288: el nombre de la propiedad ConnectStringType de AdoConvenio no es válido.
Línea 3292: el nombre de la propiedad Orientation de AdoConvenio no es válido.
Línea 3294: el nombre de la propiedad Connect de AdoConvenio no es válido.
Línea 3295: el nombre de la propiedad OLEDBString de AdoConvenio no es válido.
Línea 3296: el nombre de la propiedad OLEDBFile de AdoConvenio no es válido.
Línea 3297: el nombre de la propiedad DataSourceName de AdoConvenio no es válido.
Línea 3298: el nombre de la propiedad OtherAttributes de AdoConvenio no es válido.
Línea 3299: el nombre de la propiedad UserName de AdoConvenio no es válido.
Línea 3300: el nombre de la propiedad Password de AdoConvenio no es válido.
Línea 3301: el nombre de la propiedad RecordSource de AdoConvenio no es válido.
Línea 3302: el nombre de la propiedad Caption de AdoConvenio no es válido.
Línea 3312: el nombre de la propiedad _Version de AdoConvenio no es válido.
