Línea 45: la propiedad Picture de CmdListaAnula tenía una referencia a archivo no válida.
Línea 57: la propiedad Picture de CmdListaMod tenía una referencia a archivo no válida.
Línea 69: la propiedad Picture de CmdLista tenía una referencia a archivo no válida.
Línea 77: la propiedad Bindings de DtGLista tenía una referencia a archivo no válida.
Línea 270: la propiedad TabPicture(0) de SSTab1 tenía una referencia a archivo no válida.
Línea 280: la propiedad TabPicture(1) de SSTab1 tenía una referencia a archivo no válida.
Línea 285: la propiedad TabPicture(2) de SSTab1 tenía una referencia a archivo no válida.
Línea 330: la propiedad Picture de CmdGrabaCobro tenía una referencia a archivo no válida.
Línea 341: la propiedad Picture de CmdCancelaCobro tenía una referencia a archivo no válida.
Línea 353: la propiedad Picture de CmdCobrador tenía una referencia a archivo no válida.
Línea 378: la propiedad Bindings de DtcCI tenía una referencia a archivo no válida.
Línea 398: la propiedad Bindings de DtcNombre tenía una referencia a archivo no válida.
Línea 417: la propiedad Bindings de DtcBenef tenía una referencia a archivo no válida.
Línea 589: la propiedad Bindings de DtgNomBenef tenía una referencia a archivo no válida.
Línea 609: la propiedad Bindings de DtcPaterno tenía una referencia a archivo no válida.
Línea 626: la propiedad Bindings de DtcMaterno tenía una referencia a archivo no válida.
Línea 883: la propiedad Bindings de DtcPrecioCompra tenía una referencia a archivo no válida.
Línea 925: la propiedad Picture de cmdElige tenía una referencia a archivo no válida.
Línea 937: la propiedad Picture de CmdGrabaDet tenía una referencia a archivo no válida.
Línea 948: la propiedad Picture de CmdCancelaDet tenía una referencia a archivo no válida.
Línea 977: la propiedad Bindings de DtcCodMontador tenía una referencia a archivo no válida.
Línea 1006: la propiedad Bindings de DtcGrupo tenía una referencia a archivo no válida.
Línea 1134: la propiedad Bindings de DtcPrecioSal tenía una referencia a archivo no válida.
Línea 1154: la propiedad Bindings de DtcPrecioCli tenía una referencia a archivo no válida.
Línea 1174: la propiedad Bindings de Dtccodbien tenía una referencia a archivo no válida.
Línea 1193: la propiedad Bindings de Dtcdesbien tenía una referencia a archivo no válida.
Línea 1209: la propiedad Bindings de DtcCorrelAdjDet tenía una referencia a archivo no válida.
Línea 1228: la propiedad Bindings de DtcTipoDscto tenía una referencia a archivo no válida.
Línea 1245: la propiedad Bindings de DtcPorcDscto tenía una referencia a archivo no válida.
Línea 1266: la propiedad Bindings de DtcAlmD tenía una referencia a archivo no válida.
Línea 1283: la propiedad Bindings de DtcUniMed tenía una referencia a archivo no válida.
Línea 1312: la propiedad Bindings de DtcNroAdjudica tenía una referencia a archivo no válida.
Línea 1341: la propiedad Bindings de DtcDscto tenía una referencia a archivo no válida.
Línea 1361: la propiedad Bindings de DtcAlm tenía una referencia a archivo no válida.
Línea 1729: la propiedad Picture de CmdImpCobro tenía una referencia a archivo no válida.
Línea 1740: la propiedad Picture de cmdAprueba tenía una referencia a archivo no válida.
Línea 1751: la propiedad Picture de CmdEnviar tenía una referencia a archivo no válida.
Línea 1762: la propiedad Picture de cmdDesaprueba tenía una referencia a archivo no válida.
Línea 1772: la propiedad Picture de CmdSalCabeza tenía una referencia a archivo no válida.
Línea 1783: la propiedad Picture de CmdImpCabeza tenía una referencia a archivo no válida.
Línea 1794: la propiedad Picture de CmdDelCabeza tenía una referencia a archivo no válida.
Línea 1805: la propiedad Picture de CmdBusCabeza tenía una referencia a archivo no válida.
Línea 1816: la propiedad Picture de CmdModCabeza tenía una referencia a archivo no válida.
Línea 1827: la propiedad Picture de CmdAddCabeza tenía una referencia a archivo no válida.
Línea 1838: la propiedad Picture de Command1 tenía una referencia a archivo no válida.
Línea 1883: la propiedad Picture de CmdCanCabeza tenía una referencia a archivo no válida.
Línea 1893: la propiedad Picture de CmdGraCabeza tenía una referencia a archivo no válida.
Línea 1919: la propiedad Bindings de dtccisol tenía una referencia a archivo no válida.
Línea 1972: la propiedad Picture de Cmd_PersNuevo tenía una referencia a archivo no válida.
Línea 1991: la propiedad Bindings de DtcdesNIT tenía una referencia a archivo no válida.
Línea 2007: la propiedad Bindings de DtcNIT tenía una referencia a archivo no válida.
Línea 2026: la propiedad Bindings de DtcDeudor tenía una referencia a archivo no válida.
Línea 2045: la propiedad Bindings de DtcTipoBen tenía una referencia a archivo no válida.
Línea 2080: la propiedad Bindings de Dtc_tipoV_Des tenía una referencia a archivo no válida.
Línea 2096: la propiedad Bindings de Dtc_tipoV tenía una referencia a archivo no válida.
Línea 2433: la propiedad Bindings de Dtcpaternosol tenía una referencia a archivo no válida.
Línea 2606: la propiedad Bindings de DtgVentas tenía una referencia a archivo no válida.
Línea 2783: la propiedad Picture de CmdCobroAnula tenía una referencia a archivo no válida.
Línea 2796: la propiedad Picture de CmdCobros tenía una referencia a archivo no válida.
Línea 2808: la propiedad Picture de CmdCobroMod tenía una referencia a archivo no válida.
Línea 2816: la propiedad Bindings de DtgCobro tenía una referencia a archivo no válida.
Línea 3596: la propiedad Picture de Image3 tenía una referencia a archivo no válida.
