Línea 8: no se pudo establecer la propiedad Icon de aw_almacen_salida.
Línea 47: no se pudo establecer la propiedad Picture de BtnImprimir2.
Línea 62: no se pudo establecer la propiedad Picture de BtnCancelar3.
Línea 165: no se pudo establecer la propiedad Picture de BtnImprimir1.
Línea 176: no se pudo establecer la propiedad Picture de BtnAnlDetalle.
Línea 187: no se pudo establecer la propiedad Picture de BtnModDetalle.
Línea 198: no se pudo establecer la propiedad Picture de BtnAddDetalle.
Línea 229: no se pudo establecer la propiedad Picture de BtnImprimir.
Línea 244: no se pudo establecer la propiedad Picture de BtnBuscar.
Línea 259: no se pudo establecer la propiedad Picture de BtnEliminar.
Línea 274: no se pudo establecer la propiedad Picture de BtnAprobar.
Línea 289: no se pudo establecer la propiedad Picture de BtnAñadir.
Línea 303: no se pudo establecer la propiedad Picture de BtnVer.
Línea 317: no se pudo establecer la propiedad Picture de BtnDesAprobar.
Línea 329: no se pudo establecer la propiedad Picture de BtnModificar.
Línea 344: no se pudo establecer la propiedad Picture de BtnSalir.
Línea 396: no se pudo establecer la propiedad Picture de BtnGrabar.
Línea 410: no se pudo establecer la propiedad Picture de BtnCancelar.
Línea 551: no se pudo establecer la propiedad Picture de CmdGrabaDet.
Línea 561: no se pudo establecer la propiedad Picture de CmdCancelaDet.
