Línea 19: la clase MSDataGridLib.DataGrid del control tdbgInventario no era una clase de control cargada.
Línea 264: la clase MSComCtl2.DTPicker del control DTP_Finicio no era una clase de control cargada.
Línea 277: la clase MSComCtl2.DTPicker del control DTP_Ffin no era una clase de control cargada.
Línea 449: la clase MSDataListLib.DataCombo del control dtc_desc1 no era una clase de control cargada.
Línea 465: la clase MSDataListLib.DataCombo del control dtc_codigo1 no era una clase de control cargada.
Línea 482: la clase MSDataListLib.DataCombo del control dtc_desc_2 no era una clase de control cargada.
Línea 496: la clase MSDataListLib.DataCombo del control dtc_cod_2 no era una clase de control cargada.
Línea 608: la clase MSAdodcLib.Adodc del control Ado_datos no era una clase de control cargada.
Línea 655: la clase MSAdodcLib.Adodc del control Ado_datos1 no era una clase de control cargada.
Línea 702: la clase Crystal.CrystalReport del control Cry no era una clase de control cargada.
Línea 719: la clase Crystal.CrystalReport del control CryV01 no era una clase de control cargada.
Línea 737: la clase MSAdodcLib.Adodc del control ado_datos_busq no era una clase de control cargada.
Línea 784: la clase MSDataGridLib.DataGrid del control tdbgInventarioaa no era una clase de control cargada.
Línea 20: el nombre de la propiedad Bindings de tdbgInventario no es válido.
Línea 26: el nombre de la propiedad _ExtentX de tdbgInventario no es válido.
Línea 27: el nombre de la propiedad _ExtentY de tdbgInventario no es válido.
Línea 28: el nombre de la propiedad _Version de tdbgInventario no es válido.
Línea 29: el nombre de la propiedad HeadLines de tdbgInventario no es válido.
Línea 30: el nombre de la propiedad RowHeight de tdbgInventario no es válido.
Línea 31: el nombre de la propiedad FormatLocked de tdbgInventario no es válido.
Línea 40: el nombre de la propiedad HeadFont de tdbgInventario no es válido.
Línea 50: el nombre de la propiedad ColumnCount de tdbgInventario no es válido.
Línea 63: el nombre de la propiedad Column00 de tdbgInventario no es válido.
Línea 76: el nombre de la propiedad Column01 de tdbgInventario no es válido.
Línea 89: el nombre de la propiedad Column02 de tdbgInventario no es válido.
Línea 102: el nombre de la propiedad Column03 de tdbgInventario no es válido.
Línea 115: el nombre de la propiedad Column04 de tdbgInventario no es válido.
Línea 128: el nombre de la propiedad Column05 de tdbgInventario no es válido.
Línea 141: el nombre de la propiedad Column06 de tdbgInventario no es válido.
Línea 154: el nombre de la propiedad Column07 de tdbgInventario no es válido.
Línea 167: el nombre de la propiedad Column08 de tdbgInventario no es válido.
Línea 168: el nombre de la propiedad SplitCount de tdbgInventario no es válido.
Línea 188: el nombre de la propiedad Split0 de tdbgInventario no es válido.
Línea 271: el nombre de la propiedad _ExtentX de DTP_Finicio no es válido.
Línea 272: el nombre de la propiedad _ExtentY de DTP_Finicio no es válido.
Línea 273: el nombre de la propiedad _Version de DTP_Finicio no es válido.
Línea 274: el nombre de la propiedad Format de DTP_Finicio no es válido.
Línea 275: el nombre de la propiedad CurrentDate de DTP_Finicio no es válido.
Línea 284: el nombre de la propiedad _ExtentX de DTP_Ffin no es válido.
Línea 285: el nombre de la propiedad _ExtentY de DTP_Ffin no es válido.
Línea 286: el nombre de la propiedad _Version de DTP_Ffin no es válido.
Línea 287: el nombre de la propiedad Format de DTP_Ffin no es válido.
Línea 288: el nombre de la propiedad CurrentDate de DTP_Ffin no es válido.
Línea 450: el nombre de la propiedad Bindings de dtc_desc1 no es válido.
Línea 458: el nombre de la propiedad _ExtentX de dtc_desc1 no es válido.
Línea 459: el nombre de la propiedad _ExtentY de dtc_desc1 no es válido.
Línea 460: el nombre de la propiedad _Version de dtc_desc1 no es válido.
Línea 461: el nombre de la propiedad ListField de dtc_desc1 no es válido.
Línea 462: el nombre de la propiedad BoundColumn de dtc_desc1 no es válido.
Línea 463: el nombre de la propiedad Text de dtc_desc1 no es válido.
Línea 466: el nombre de la propiedad Bindings de dtc_codigo1 no es válido.
Línea 475: el nombre de la propiedad _ExtentX de dtc_codigo1 no es válido.
Línea 476: el nombre de la propiedad _ExtentY de dtc_codigo1 no es válido.
Línea 477: el nombre de la propiedad _Version de dtc_codigo1 no es válido.
Línea 478: el nombre de la propiedad ListField de dtc_codigo1 no es válido.
Línea 479: el nombre de la propiedad BoundColumn de dtc_codigo1 no es válido.
Línea 480: el nombre de la propiedad Text de dtc_codigo1 no es válido.
Línea 483: el nombre de la propiedad Bindings de dtc_desc_2 no es válido.
Línea 489: el nombre de la propiedad _ExtentX de dtc_desc_2 no es válido.
Línea 490: el nombre de la propiedad _ExtentY de dtc_desc_2 no es válido.
Línea 491: el nombre de la propiedad _Version de dtc_desc_2 no es válido.
Línea 492: el nombre de la propiedad ListField de dtc_desc_2 no es válido.
Línea 493: el nombre de la propiedad BoundColumn de dtc_desc_2 no es válido.
Línea 494: el nombre de la propiedad Text de dtc_desc_2 no es válido.
Línea 497: el nombre de la propiedad Bindings de dtc_cod_2 no es válido.
Línea 504: el nombre de la propiedad _ExtentX de dtc_cod_2 no es válido.
Línea 505: el nombre de la propiedad _ExtentY de dtc_cod_2 no es válido.
Línea 506: el nombre de la propiedad _Version de dtc_cod_2 no es válido.
Línea 507: el nombre de la propiedad ListField de dtc_cod_2 no es válido.
Línea 508: el nombre de la propiedad BoundColumn de dtc_cod_2 no es válido.
Línea 509: el nombre de la propiedad Text de dtc_cod_2 no es válido.
Línea 614: el nombre de la propiedad _ExtentX de Ado_datos no es válido.
Línea 615: el nombre de la propiedad _ExtentY de Ado_datos no es válido.
Línea 616: el nombre de la propiedad ConnectMode de Ado_datos no es válido.
Línea 617: el nombre de la propiedad CursorLocation de Ado_datos no es válido.
Línea 618: el nombre de la propiedad IsolationLevel de Ado_datos no es válido.
Línea 619: el nombre de la propiedad ConnectionTimeout de Ado_datos no es válido.
Línea 620: el nombre de la propiedad CommandTimeout de Ado_datos no es válido.
Línea 621: el nombre de la propiedad CursorType de Ado_datos no es válido.
Línea 622: el nombre de la propiedad LockType de Ado_datos no es válido.
Línea 623: el nombre de la propiedad CommandType de Ado_datos no es válido.
Línea 624: el nombre de la propiedad CursorOptions de Ado_datos no es válido.
Línea 625: el nombre de la propiedad CacheSize de Ado_datos no es válido.
Línea 626: el nombre de la propiedad MaxRecords de Ado_datos no es válido.
Línea 627: el nombre de la propiedad BOFAction de Ado_datos no es válido.
Línea 628: el nombre de la propiedad EOFAction de Ado_datos no es válido.
Línea 629: el nombre de la propiedad ConnectStringType de Ado_datos no es válido.
Línea 633: el nombre de la propiedad Orientation de Ado_datos no es válido.
Línea 635: el nombre de la propiedad Connect de Ado_datos no es válido.
Línea 636: el nombre de la propiedad OLEDBString de Ado_datos no es válido.
Línea 637: el nombre de la propiedad OLEDBFile de Ado_datos no es válido.
Línea 638: el nombre de la propiedad DataSourceName de Ado_datos no es válido.
Línea 639: el nombre de la propiedad OtherAttributes de Ado_datos no es válido.
Línea 640: el nombre de la propiedad UserName de Ado_datos no es válido.
Línea 641: el nombre de la propiedad Password de Ado_datos no es válido.
Línea 642: el nombre de la propiedad RecordSource de Ado_datos no es válido.
Línea 643: el nombre de la propiedad Caption de Ado_datos no es válido.
Línea 653: el nombre de la propiedad _Version de Ado_datos no es válido.
Línea 661: el nombre de la propiedad _ExtentX de Ado_datos1 no es válido.
Línea 662: el nombre de la propiedad _ExtentY de Ado_datos1 no es válido.
Línea 663: el nombre de la propiedad ConnectMode de Ado_datos1 no es válido.
Línea 664: el nombre de la propiedad CursorLocation de Ado_datos1 no es válido.
Línea 665: el nombre de la propiedad IsolationLevel de Ado_datos1 no es válido.
Línea 666: el nombre de la propiedad ConnectionTimeout de Ado_datos1 no es válido.
Línea 667: el nombre de la propiedad CommandTimeout de Ado_datos1 no es válido.
Línea 668: el nombre de la propiedad CursorType de Ado_datos1 no es válido.
Línea 669: el nombre de la propiedad LockType de Ado_datos1 no es válido.
Línea 670: el nombre de la propiedad CommandType de Ado_datos1 no es válido.
Línea 671: el nombre de la propiedad CursorOptions de Ado_datos1 no es válido.
Línea 672: el nombre de la propiedad CacheSize de Ado_datos1 no es válido.
Línea 673: el nombre de la propiedad MaxRecords de Ado_datos1 no es válido.
Línea 674: el nombre de la propiedad BOFAction de Ado_datos1 no es válido.
Línea 675: el nombre de la propiedad EOFAction de Ado_datos1 no es válido.
Línea 676: el nombre de la propiedad ConnectStringType de Ado_datos1 no es válido.
Línea 680: el nombre de la propiedad Orientation de Ado_datos1 no es válido.
Línea 682: el nombre de la propiedad Connect de Ado_datos1 no es válido.
Línea 683: el nombre de la propiedad OLEDBString de Ado_datos1 no es válido.
Línea 684: el nombre de la propiedad OLEDBFile de Ado_datos1 no es válido.
Línea 685: el nombre de la propiedad DataSourceName de Ado_datos1 no es válido.
Línea 686: el nombre de la propiedad OtherAttributes de Ado_datos1 no es válido.
Línea 687: el nombre de la propiedad UserName de Ado_datos1 no es válido.
Línea 688: el nombre de la propiedad Password de Ado_datos1 no es válido.
Línea 689: el nombre de la propiedad RecordSource de Ado_datos1 no es válido.
Línea 690: el nombre de la propiedad Caption de Ado_datos1 no es válido.
Línea 700: el nombre de la propiedad _Version de Ado_datos1 no es válido.
Línea 705: el nombre de la propiedad _ExtentX de Cry no es válido.
Línea 706: el nombre de la propiedad _ExtentY de Cry no es válido.
Línea 707: el nombre de la propiedad _Version de Cry no es válido.
Línea 708: el nombre de la propiedad WindowControlBox de Cry no es válido.
Línea 709: el nombre de la propiedad WindowMaxButton de Cry no es válido.
Línea 710: el nombre de la propiedad WindowMinButton de Cry no es válido.
Línea 711: el nombre de la propiedad WindowState de Cry no es válido.
Línea 712: el nombre de la propiedad PrintFileLinesPerPage de Cry no es válido.
Línea 713: el nombre de la propiedad WindowAllowDrillDown de Cry no es válido.
Línea 714: el nombre de la propiedad WindowShowCloseBtn de Cry no es válido.
Línea 715: el nombre de la propiedad WindowShowSearchBtn de Cry no es válido.
Línea 716: el nombre de la propiedad WindowShowPrintSetupBtn de Cry no es válido.
Línea 717: el nombre de la propiedad WindowShowRefreshBtn de Cry no es válido.
Línea 722: el nombre de la propiedad _ExtentX de CryV01 no es válido.
Línea 723: el nombre de la propiedad _ExtentY de CryV01 no es válido.
Línea 724: el nombre de la propiedad _Version de CryV01 no es válido.
Línea 725: el nombre de la propiedad WindowControlBox de CryV01 no es válido.
Línea 726: el nombre de la propiedad WindowMaxButton de CryV01 no es válido.
Línea 727: el nombre de la propiedad WindowMinButton de CryV01 no es válido.
Línea 728: el nombre de la propiedad WindowState de CryV01 no es válido.
Línea 729: el nombre de la propiedad PrintFileLinesPerPage de CryV01 no es válido.
Línea 730: el nombre de la propiedad WindowShowGroupTree de CryV01 no es válido.
Línea 731: el nombre de la propiedad WindowAllowDrillDown de CryV01 no es válido.
Línea 732: el nombre de la propiedad WindowShowCloseBtn de CryV01 no es válido.
Línea 733: el nombre de la propiedad WindowShowSearchBtn de CryV01 no es válido.
Línea 734: el nombre de la propiedad WindowShowPrintSetupBtn de CryV01 no es válido.
Línea 735: el nombre de la propiedad WindowShowRefreshBtn de CryV01 no es válido.
Línea 743: el nombre de la propiedad _ExtentX de ado_datos_busq no es válido.
Línea 744: el nombre de la propiedad _ExtentY de ado_datos_busq no es válido.
Línea 745: el nombre de la propiedad ConnectMode de ado_datos_busq no es válido.
Línea 746: el nombre de la propiedad CursorLocation de ado_datos_busq no es válido.
Línea 747: el nombre de la propiedad IsolationLevel de ado_datos_busq no es válido.
Línea 748: el nombre de la propiedad ConnectionTimeout de ado_datos_busq no es válido.
Línea 749: el nombre de la propiedad CommandTimeout de ado_datos_busq no es válido.
Línea 750: el nombre de la propiedad CursorType de ado_datos_busq no es válido.
Línea 751: el nombre de la propiedad LockType de ado_datos_busq no es válido.
Línea 752: el nombre de la propiedad CommandType de ado_datos_busq no es válido.
Línea 753: el nombre de la propiedad CursorOptions de ado_datos_busq no es válido.
Línea 754: el nombre de la propiedad CacheSize de ado_datos_busq no es válido.
Línea 755: el nombre de la propiedad MaxRecords de ado_datos_busq no es válido.
Línea 756: el nombre de la propiedad BOFAction de ado_datos_busq no es válido.
Línea 757: el nombre de la propiedad EOFAction de ado_datos_busq no es válido.
Línea 758: el nombre de la propiedad ConnectStringType de ado_datos_busq no es válido.
Línea 762: el nombre de la propiedad Orientation de ado_datos_busq no es válido.
Línea 764: el nombre de la propiedad Connect de ado_datos_busq no es válido.
Línea 765: el nombre de la propiedad OLEDBString de ado_datos_busq no es válido.
Línea 766: el nombre de la propiedad OLEDBFile de ado_datos_busq no es válido.
Línea 767: el nombre de la propiedad DataSourceName de ado_datos_busq no es válido.
Línea 768: el nombre de la propiedad OtherAttributes de ado_datos_busq no es válido.
Línea 769: el nombre de la propiedad UserName de ado_datos_busq no es válido.
Línea 770: el nombre de la propiedad Password de ado_datos_busq no es válido.
Línea 771: el nombre de la propiedad RecordSource de ado_datos_busq no es válido.
Línea 772: el nombre de la propiedad Caption de ado_datos_busq no es válido.
Línea 782: el nombre de la propiedad _Version de ado_datos_busq no es válido.
Línea 792: el nombre de la propiedad _ExtentX de tdbgInventarioaa no es válido.
Línea 793: el nombre de la propiedad _ExtentY de tdbgInventarioaa no es válido.
Línea 794: el nombre de la propiedad _Version de tdbgInventarioaa no es válido.
Línea 795: el nombre de la propiedad AllowUpdate de tdbgInventarioaa no es válido.
Línea 797: el nombre de la propiedad HeadLines de tdbgInventarioaa no es válido.
Línea 798: el nombre de la propiedad RowHeight de tdbgInventarioaa no es válido.
Línea 799: el nombre de la propiedad FormatLocked de tdbgInventarioaa no es válido.
Línea 808: el nombre de la propiedad HeadFont de tdbgInventarioaa no es válido.
Línea 20: el nombre de la propiedad Bindings de tdbgInventario no es válido.
Línea 26: el nombre de la propiedad _ExtentX de tdbgInventario no es válido.
Línea 27: el nombre de la propiedad _ExtentY de tdbgInventario no es válido.
Línea 28: el nombre de la propiedad _Version de tdbgInventario no es válido.
Línea 29: el nombre de la propiedad HeadLines de tdbgInventario no es válido.
Línea 30: el nombre de la propiedad RowHeight de tdbgInventario no es válido.
Línea 31: el nombre de la propiedad FormatLocked de tdbgInventario no es válido.
Línea 40: el nombre de la propiedad HeadFont de tdbgInventario no es válido.
Línea 50: el nombre de la propiedad ColumnCount de tdbgInventario no es válido.
Línea 63: el nombre de la propiedad Column00 de tdbgInventario no es válido.
Línea 76: el nombre de la propiedad Column01 de tdbgInventario no es válido.
Línea 89: el nombre de la propiedad Column02 de tdbgInventario no es válido.
Línea 102: el nombre de la propiedad Column03 de tdbgInventario no es válido.
Línea 115: el nombre de la propiedad Column04 de tdbgInventario no es válido.
Línea 128: el nombre de la propiedad Column05 de tdbgInventario no es válido.
Línea 141: el nombre de la propiedad Column06 de tdbgInventario no es válido.
Línea 154: el nombre de la propiedad Column07 de tdbgInventario no es válido.
Línea 167: el nombre de la propiedad Column08 de tdbgInventario no es válido.
Línea 168: el nombre de la propiedad SplitCount de tdbgInventario no es válido.
Línea 188: el nombre de la propiedad Split0 de tdbgInventario no es válido.
Línea 271: el nombre de la propiedad _ExtentX de DTP_Finicio no es válido.
Línea 272: el nombre de la propiedad _ExtentY de DTP_Finicio no es válido.
Línea 273: el nombre de la propiedad _Version de DTP_Finicio no es válido.
Línea 274: el nombre de la propiedad Format de DTP_Finicio no es válido.
Línea 275: el nombre de la propiedad CurrentDate de DTP_Finicio no es válido.
Línea 284: el nombre de la propiedad _ExtentX de DTP_Ffin no es válido.
Línea 285: el nombre de la propiedad _ExtentY de DTP_Ffin no es válido.
Línea 286: el nombre de la propiedad _Version de DTP_Ffin no es válido.
Línea 287: el nombre de la propiedad Format de DTP_Ffin no es válido.
Línea 288: el nombre de la propiedad CurrentDate de DTP_Ffin no es válido.
Línea 450: el nombre de la propiedad Bindings de dtc_desc1 no es válido.
Línea 458: el nombre de la propiedad _ExtentX de dtc_desc1 no es válido.
Línea 459: el nombre de la propiedad _ExtentY de dtc_desc1 no es válido.
Línea 460: el nombre de la propiedad _Version de dtc_desc1 no es válido.
Línea 461: el nombre de la propiedad ListField de dtc_desc1 no es válido.
Línea 462: el nombre de la propiedad BoundColumn de dtc_desc1 no es válido.
Línea 463: el nombre de la propiedad Text de dtc_desc1 no es válido.
Línea 466: el nombre de la propiedad Bindings de dtc_codigo1 no es válido.
Línea 475: el nombre de la propiedad _ExtentX de dtc_codigo1 no es válido.
Línea 476: el nombre de la propiedad _ExtentY de dtc_codigo1 no es válido.
Línea 477: el nombre de la propiedad _Version de dtc_codigo1 no es válido.
Línea 478: el nombre de la propiedad ListField de dtc_codigo1 no es válido.
Línea 479: el nombre de la propiedad BoundColumn de dtc_codigo1 no es válido.
Línea 480: el nombre de la propiedad Text de dtc_codigo1 no es válido.
Línea 483: el nombre de la propiedad Bindings de dtc_desc_2 no es válido.
Línea 489: el nombre de la propiedad _ExtentX de dtc_desc_2 no es válido.
Línea 490: el nombre de la propiedad _ExtentY de dtc_desc_2 no es válido.
Línea 491: el nombre de la propiedad _Version de dtc_desc_2 no es válido.
Línea 492: el nombre de la propiedad ListField de dtc_desc_2 no es válido.
Línea 493: el nombre de la propiedad BoundColumn de dtc_desc_2 no es válido.
Línea 494: el nombre de la propiedad Text de dtc_desc_2 no es válido.
Línea 497: el nombre de la propiedad Bindings de dtc_cod_2 no es válido.
Línea 504: el nombre de la propiedad _ExtentX de dtc_cod_2 no es válido.
Línea 505: el nombre de la propiedad _ExtentY de dtc_cod_2 no es válido.
Línea 506: el nombre de la propiedad _Version de dtc_cod_2 no es válido.
Línea 507: el nombre de la propiedad ListField de dtc_cod_2 no es válido.
Línea 508: el nombre de la propiedad BoundColumn de dtc_cod_2 no es válido.
Línea 509: el nombre de la propiedad Text de dtc_cod_2 no es válido.
Línea 614: el nombre de la propiedad _ExtentX de Ado_datos no es válido.
Línea 615: el nombre de la propiedad _ExtentY de Ado_datos no es válido.
Línea 616: el nombre de la propiedad ConnectMode de Ado_datos no es válido.
Línea 617: el nombre de la propiedad CursorLocation de Ado_datos no es válido.
Línea 618: el nombre de la propiedad IsolationLevel de Ado_datos no es válido.
Línea 619: el nombre de la propiedad ConnectionTimeout de Ado_datos no es válido.
Línea 620: el nombre de la propiedad CommandTimeout de Ado_datos no es válido.
Línea 621: el nombre de la propiedad CursorType de Ado_datos no es válido.
Línea 622: el nombre de la propiedad LockType de Ado_datos no es válido.
Línea 623: el nombre de la propiedad CommandType de Ado_datos no es válido.
Línea 624: el nombre de la propiedad CursorOptions de Ado_datos no es válido.
Línea 625: el nombre de la propiedad CacheSize de Ado_datos no es válido.
Línea 626: el nombre de la propiedad MaxRecords de Ado_datos no es válido.
Línea 627: el nombre de la propiedad BOFAction de Ado_datos no es válido.
Línea 628: el nombre de la propiedad EOFAction de Ado_datos no es válido.
Línea 629: el nombre de la propiedad ConnectStringType de Ado_datos no es válido.
Línea 633: el nombre de la propiedad Orientation de Ado_datos no es válido.
Línea 635: el nombre de la propiedad Connect de Ado_datos no es válido.
Línea 636: el nombre de la propiedad OLEDBString de Ado_datos no es válido.
Línea 637: el nombre de la propiedad OLEDBFile de Ado_datos no es válido.
Línea 638: el nombre de la propiedad DataSourceName de Ado_datos no es válido.
Línea 639: el nombre de la propiedad OtherAttributes de Ado_datos no es válido.
Línea 640: el nombre de la propiedad UserName de Ado_datos no es válido.
Línea 641: el nombre de la propiedad Password de Ado_datos no es válido.
Línea 642: el nombre de la propiedad RecordSource de Ado_datos no es válido.
Línea 643: el nombre de la propiedad Caption de Ado_datos no es válido.
Línea 653: el nombre de la propiedad _Version de Ado_datos no es válido.
Línea 661: el nombre de la propiedad _ExtentX de Ado_datos1 no es válido.
Línea 662: el nombre de la propiedad _ExtentY de Ado_datos1 no es válido.
Línea 663: el nombre de la propiedad ConnectMode de Ado_datos1 no es válido.
Línea 664: el nombre de la propiedad CursorLocation de Ado_datos1 no es válido.
Línea 665: el nombre de la propiedad IsolationLevel de Ado_datos1 no es válido.
Línea 666: el nombre de la propiedad ConnectionTimeout de Ado_datos1 no es válido.
Línea 667: el nombre de la propiedad CommandTimeout de Ado_datos1 no es válido.
Línea 668: el nombre de la propiedad CursorType de Ado_datos1 no es válido.
Línea 669: el nombre de la propiedad LockType de Ado_datos1 no es válido.
Línea 670: el nombre de la propiedad CommandType de Ado_datos1 no es válido.
Línea 671: el nombre de la propiedad CursorOptions de Ado_datos1 no es válido.
Línea 672: el nombre de la propiedad CacheSize de Ado_datos1 no es válido.
Línea 673: el nombre de la propiedad MaxRecords de Ado_datos1 no es válido.
Línea 674: el nombre de la propiedad BOFAction de Ado_datos1 no es válido.
Línea 675: el nombre de la propiedad EOFAction de Ado_datos1 no es válido.
Línea 676: el nombre de la propiedad ConnectStringType de Ado_datos1 no es válido.
Línea 680: el nombre de la propiedad Orientation de Ado_datos1 no es válido.
Línea 682: el nombre de la propiedad Connect de Ado_datos1 no es válido.
Línea 683: el nombre de la propiedad OLEDBString de Ado_datos1 no es válido.
Línea 684: el nombre de la propiedad OLEDBFile de Ado_datos1 no es válido.
Línea 685: el nombre de la propiedad DataSourceName de Ado_datos1 no es válido.
Línea 686: el nombre de la propiedad OtherAttributes de Ado_datos1 no es válido.
Línea 687: el nombre de la propiedad UserName de Ado_datos1 no es válido.
Línea 688: el nombre de la propiedad Password de Ado_datos1 no es válido.
Línea 689: el nombre de la propiedad RecordSource de Ado_datos1 no es válido.
Línea 690: el nombre de la propiedad Caption de Ado_datos1 no es válido.
Línea 700: el nombre de la propiedad _Version de Ado_datos1 no es válido.
Línea 705: el nombre de la propiedad _ExtentX de Cry no es válido.
Línea 706: el nombre de la propiedad _ExtentY de Cry no es válido.
Línea 707: el nombre de la propiedad _Version de Cry no es válido.
Línea 708: el nombre de la propiedad WindowControlBox de Cry no es válido.
Línea 709: el nombre de la propiedad WindowMaxButton de Cry no es válido.
Línea 710: el nombre de la propiedad WindowMinButton de Cry no es válido.
Línea 711: el nombre de la propiedad WindowState de Cry no es válido.
Línea 712: el nombre de la propiedad PrintFileLinesPerPage de Cry no es válido.
Línea 713: el nombre de la propiedad WindowAllowDrillDown de Cry no es válido.
Línea 714: el nombre de la propiedad WindowShowCloseBtn de Cry no es válido.
Línea 715: el nombre de la propiedad WindowShowSearchBtn de Cry no es válido.
Línea 716: el nombre de la propiedad WindowShowPrintSetupBtn de Cry no es válido.
Línea 717: el nombre de la propiedad WindowShowRefreshBtn de Cry no es válido.
Línea 722: el nombre de la propiedad _ExtentX de CryV01 no es válido.
Línea 723: el nombre de la propiedad _ExtentY de CryV01 no es válido.
Línea 724: el nombre de la propiedad _Version de CryV01 no es válido.
Línea 725: el nombre de la propiedad WindowControlBox de CryV01 no es válido.
Línea 726: el nombre de la propiedad WindowMaxButton de CryV01 no es válido.
Línea 727: el nombre de la propiedad WindowMinButton de CryV01 no es válido.
Línea 728: el nombre de la propiedad WindowState de CryV01 no es válido.
Línea 729: el nombre de la propiedad PrintFileLinesPerPage de CryV01 no es válido.
Línea 730: el nombre de la propiedad WindowShowGroupTree de CryV01 no es válido.
Línea 731: el nombre de la propiedad WindowAllowDrillDown de CryV01 no es válido.
Línea 732: el nombre de la propiedad WindowShowCloseBtn de CryV01 no es válido.
Línea 733: el nombre de la propiedad WindowShowSearchBtn de CryV01 no es válido.
Línea 734: el nombre de la propiedad WindowShowPrintSetupBtn de CryV01 no es válido.
Línea 735: el nombre de la propiedad WindowShowRefreshBtn de CryV01 no es válido.
Línea 743: el nombre de la propiedad _ExtentX de ado_datos_busq no es válido.
Línea 744: el nombre de la propiedad _ExtentY de ado_datos_busq no es válido.
Línea 745: el nombre de la propiedad ConnectMode de ado_datos_busq no es válido.
Línea 746: el nombre de la propiedad CursorLocation de ado_datos_busq no es válido.
Línea 747: el nombre de la propiedad IsolationLevel de ado_datos_busq no es válido.
Línea 748: el nombre de la propiedad ConnectionTimeout de ado_datos_busq no es válido.
Línea 749: el nombre de la propiedad CommandTimeout de ado_datos_busq no es válido.
Línea 750: el nombre de la propiedad CursorType de ado_datos_busq no es válido.
Línea 751: el nombre de la propiedad LockType de ado_datos_busq no es válido.
Línea 752: el nombre de la propiedad CommandType de ado_datos_busq no es válido.
Línea 753: el nombre de la propiedad CursorOptions de ado_datos_busq no es válido.
Línea 754: el nombre de la propiedad CacheSize de ado_datos_busq no es válido.
Línea 755: el nombre de la propiedad MaxRecords de ado_datos_busq no es válido.
Línea 756: el nombre de la propiedad BOFAction de ado_datos_busq no es válido.
Línea 757: el nombre de la propiedad EOFAction de ado_datos_busq no es válido.
Línea 758: el nombre de la propiedad ConnectStringType de ado_datos_busq no es válido.
Línea 762: el nombre de la propiedad Orientation de ado_datos_busq no es válido.
Línea 764: el nombre de la propiedad Connect de ado_datos_busq no es válido.
Línea 765: el nombre de la propiedad OLEDBString de ado_datos_busq no es válido.
Línea 766: el nombre de la propiedad OLEDBFile de ado_datos_busq no es válido.
Línea 767: el nombre de la propiedad DataSourceName de ado_datos_busq no es válido.
Línea 768: el nombre de la propiedad OtherAttributes de ado_datos_busq no es válido.
Línea 769: el nombre de la propiedad UserName de ado_datos_busq no es válido.
Línea 770: el nombre de la propiedad Password de ado_datos_busq no es válido.
Línea 771: el nombre de la propiedad RecordSource de ado_datos_busq no es válido.
Línea 772: el nombre de la propiedad Caption de ado_datos_busq no es válido.
Línea 782: el nombre de la propiedad _Version de ado_datos_busq no es válido.
Línea 792: el nombre de la propiedad _ExtentX de tdbgInventarioaa no es válido.
Línea 793: el nombre de la propiedad _ExtentY de tdbgInventarioaa no es válido.
Línea 794: el nombre de la propiedad _Version de tdbgInventarioaa no es válido.
Línea 795: el nombre de la propiedad AllowUpdate de tdbgInventarioaa no es válido.
Línea 797: el nombre de la propiedad HeadLines de tdbgInventarioaa no es válido.
Línea 798: el nombre de la propiedad RowHeight de tdbgInventarioaa no es válido.
Línea 799: el nombre de la propiedad FormatLocked de tdbgInventarioaa no es válido.
Línea 808: el nombre de la propiedad HeadFont de tdbgInventarioaa no es válido.
