Línea 8: no se pudo establecer la propiedad Icon de aw_almacen_salida_herra.
Línea 47: no se pudo establecer la propiedad Picture de BtnImprimir2.
Línea 62: no se pudo establecer la propiedad Picture de BtnCancelar3.
Línea 165: no se pudo establecer la propiedad Picture de BtnImprimir1.
Línea 176: no se pudo establecer la propiedad Picture de BtnAnlDetalle.
Línea 187: no se pudo establecer la propiedad Picture de BtnModDetalle.
Línea 198: no se pudo establecer la propiedad Picture de BtnAddDetalle.
Línea 220: no se pudo establecer la propiedad Picture de Picture2.
Línea 235: no se pudo establecer la propiedad Picture de BtnImprimir.
Línea 250: no se pudo establecer la propiedad Picture de BtnBuscar.
Línea 265: no se pudo establecer la propiedad Picture de BtnEliminar.
Línea 280: no se pudo establecer la propiedad Picture de BtnAprobar.
Línea 295: no se pudo establecer la propiedad Picture de BtnAñadir.
Línea 309: no se pudo establecer la propiedad Picture de BtnVer.
Línea 323: no se pudo establecer la propiedad Picture de BtnDesAprobar.
Línea 335: no se pudo establecer la propiedad Picture de BtnModificar.
Línea 350: no se pudo establecer la propiedad Picture de BtnSalir.
Línea 402: no se pudo establecer la propiedad Picture de BtnGrabar.
Línea 416: no se pudo establecer la propiedad Picture de BtnCancelar.
Línea 567: no se pudo establecer la propiedad Picture de CmdGrabaDet.
Línea 577: no se pudo establecer la propiedad Picture de CmdCancelaDet.
Línea 2625: no se pudo establecer la propiedad Picture de Command1.
Línea 2644: no se pudo establecer la propiedad Picture de BtnAddDetalle3.
