Línea 7: no se pudo establecer la propiedad Icon de aw_requerimiento_compra.
Línea 21: no se pudo establecer la propiedad Picture de FrmABMDet3.
Línea 32: no se pudo establecer la propiedad Picture de Command5.
Línea 43: no se pudo establecer la propiedad Picture de Command3.
Línea 54: no se pudo establecer la propiedad Picture de Command2.
Línea 65: no se pudo establecer la propiedad Picture de Command1.
Línea 77: no se pudo establecer la propiedad Picture de FrmABMDet.
Línea 88: no se pudo establecer la propiedad Picture de BtnImprimir1.
Línea 99: no se pudo establecer la propiedad Picture de BtnAnlDetalle.
Línea 110: no se pudo establecer la propiedad Picture de BtnModDetalle.
Línea 121: no se pudo establecer la propiedad Picture de BtnAddDetalle.
Línea 133: no se pudo establecer la propiedad Picture de FrmABMDet2.
Línea 144: no se pudo establecer la propiedad Picture de Command4.
Línea 155: no se pudo establecer la propiedad Picture de BtnAnlDetalle2.
Línea 166: no se pudo establecer la propiedad Picture de BtnModDetalle2.
Línea 177: no se pudo establecer la propiedad Picture de BtnAddDetalle2.
Línea 199: no se pudo establecer la propiedad Picture de BtnDesAprobar.
Línea 210: no se pudo establecer la propiedad Picture de BtnSalir.
Línea 225: no se pudo establecer la propiedad Picture de BtnImprimir.
Línea 240: no se pudo establecer la propiedad Picture de BtnBuscar.
Línea 255: no se pudo establecer la propiedad Picture de BtnAprobar.
Línea 270: no se pudo establecer la propiedad Picture de BtnEliminar.
Línea 285: no se pudo establecer la propiedad Picture de BtnModificar.
Línea 300: no se pudo establecer la propiedad Picture de BtnAñadir.
Línea 315: no se pudo establecer la propiedad Picture de BtnVer.
Línea 365: no se pudo establecer la propiedad Picture de BtnGrabar.
Línea 379: no se pudo establecer la propiedad Picture de BtnCancelar.
Línea 434: no se pudo establecer la propiedad Picture de BtnCancelar3.
Línea 445: no se pudo establecer la propiedad Picture de btn_imprimir_reporte.
