Línea 8: no se pudo establecer la propiedad Icon de aw_salida_almacen_mant.
Línea 121: no se pudo establecer la propiedad Picture de BtnGraba3.
Línea 133: no se pudo establecer la propiedad Picture de BtnCancelar3.
Línea 336: no se pudo establecer la propiedad Picture de BtnImprimir4.
Línea 352: no se pudo establecer la propiedad Picture de BtnBuscar2.
Línea 367: no se pudo establecer la propiedad Picture de BtnImprimir2.
Línea 382: no se pudo establecer la propiedad Picture de BtnAprobarDet.
Línea 398: no se pudo establecer la propiedad Picture de BtnCancelarDet.
Línea 413: no se pudo establecer la propiedad Picture de BtnGrabarDet.
Línea 428: no se pudo establecer la propiedad Picture de BtnModDetalle.
Línea 442: no se pudo establecer la propiedad Picture de BtnAnlDetalle.
Línea 652: no se pudo establecer la propiedad Picture de BtnAñadir.
Línea 667: no se pudo establecer la propiedad Picture de BtnModificar.
Línea 682: no se pudo establecer la propiedad Picture de BtnEliminar.
Línea 697: no se pudo establecer la propiedad Picture de BtnAprobar.
Línea 712: no se pudo establecer la propiedad Picture de BtnBuscar.
Línea 726: no se pudo establecer la propiedad Picture de BtnImprimir.
Línea 740: no se pudo establecer la propiedad Picture de BtnSalir.
Línea 777: no se pudo establecer la propiedad Picture de BtnCancelar.
Línea 791: no se pudo establecer la propiedad Picture de BtnGrabar.
