Línea 120: la clase MSAdodcLib.Adodc del control AdoMontador no era una clase de control cargada.
Línea 167: la clase MSAdodcLib.Adodc del control AdoMedida no era una clase de control cargada.
Línea 214: la clase MSAdodcLib.Adodc del control AdoMarca no era una clase de control cargada.
Línea 261: la clase MSAdodcLib.Adodc del control AdoArt no era una clase de control cargada.
Línea 346: la clase TrueOleDBGrid60.TDBGrid del control tdbgArt no era una clase de control cargada.
Línea 458: la clase MSComctlLib.ImageList del control imlMaterial no era una clase de control cargada.
Línea 653: la clase MSComctlLib.TreeView del control trv no era una clase de control cargada.
Línea 696: la clase MSDataListLib.DataCombo del control TDBC_marcas no era una clase de control cargada.
Línea 713: la clase MSDataListLib.DataCombo del control marcas no era una clase de control cargada.
Línea 731: la clase MSDataListLib.DataCombo del control TDBC_Montador no era una clase de control cargada.
Línea 748: la clase MSDataListLib.DataCombo del control Montador no era una clase de control cargada.
Línea 766: la clase MSDataListLib.DataCombo del control TDBC_Unidad no era una clase de control cargada.
Línea 783: la clase MSDataListLib.DataCombo del control Unidad no era una clase de control cargada.
Línea 1019: la clase Crystal.CrystalReport del control CryBBSS no era una clase de control cargada.
Línea 1033: la clase Crystal.CrystalReport del control CryFis no era una clase de control cargada.
Línea 126: el nombre de la propiedad _ExtentX de AdoMontador no es válido.
Línea 127: el nombre de la propiedad _ExtentY de AdoMontador no es válido.
Línea 128: el nombre de la propiedad ConnectMode de AdoMontador no es válido.
Línea 129: el nombre de la propiedad CursorLocation de AdoMontador no es válido.
Línea 130: el nombre de la propiedad IsolationLevel de AdoMontador no es válido.
Línea 131: el nombre de la propiedad ConnectionTimeout de AdoMontador no es válido.
Línea 132: el nombre de la propiedad CommandTimeout de AdoMontador no es válido.
Línea 133: el nombre de la propiedad CursorType de AdoMontador no es válido.
Línea 134: el nombre de la propiedad LockType de AdoMontador no es válido.
Línea 135: el nombre de la propiedad CommandType de AdoMontador no es válido.
Línea 136: el nombre de la propiedad CursorOptions de AdoMontador no es válido.
Línea 137: el nombre de la propiedad CacheSize de AdoMontador no es válido.
Línea 138: el nombre de la propiedad MaxRecords de AdoMontador no es válido.
Línea 139: el nombre de la propiedad BOFAction de AdoMontador no es válido.
Línea 140: el nombre de la propiedad EOFAction de AdoMontador no es válido.
Línea 141: el nombre de la propiedad ConnectStringType de AdoMontador no es válido.
Línea 145: el nombre de la propiedad Orientation de AdoMontador no es válido.
Línea 147: el nombre de la propiedad Connect de AdoMontador no es válido.
Línea 148: el nombre de la propiedad OLEDBString de AdoMontador no es válido.
Línea 149: el nombre de la propiedad OLEDBFile de AdoMontador no es válido.
Línea 150: el nombre de la propiedad DataSourceName de AdoMontador no es válido.
Línea 151: el nombre de la propiedad OtherAttributes de AdoMontador no es válido.
Línea 152: el nombre de la propiedad UserName de AdoMontador no es válido.
Línea 153: el nombre de la propiedad Password de AdoMontador no es válido.
Línea 154: el nombre de la propiedad RecordSource de AdoMontador no es válido.
Línea 155: el nombre de la propiedad Caption de AdoMontador no es válido.
Línea 165: el nombre de la propiedad _Version de AdoMontador no es válido.
Línea 173: el nombre de la propiedad _ExtentX de AdoMedida no es válido.
Línea 174: el nombre de la propiedad _ExtentY de AdoMedida no es válido.
Línea 175: el nombre de la propiedad ConnectMode de AdoMedida no es válido.
Línea 176: el nombre de la propiedad CursorLocation de AdoMedida no es válido.
Línea 177: el nombre de la propiedad IsolationLevel de AdoMedida no es válido.
Línea 178: el nombre de la propiedad ConnectionTimeout de AdoMedida no es válido.
Línea 179: el nombre de la propiedad CommandTimeout de AdoMedida no es válido.
Línea 180: el nombre de la propiedad CursorType de AdoMedida no es válido.
Línea 181: el nombre de la propiedad LockType de AdoMedida no es válido.
Línea 182: el nombre de la propiedad CommandType de AdoMedida no es válido.
Línea 183: el nombre de la propiedad CursorOptions de AdoMedida no es válido.
Línea 184: el nombre de la propiedad CacheSize de AdoMedida no es válido.
Línea 185: el nombre de la propiedad MaxRecords de AdoMedida no es válido.
Línea 186: el nombre de la propiedad BOFAction de AdoMedida no es válido.
Línea 187: el nombre de la propiedad EOFAction de AdoMedida no es válido.
Línea 188: el nombre de la propiedad ConnectStringType de AdoMedida no es válido.
Línea 192: el nombre de la propiedad Orientation de AdoMedida no es válido.
Línea 194: el nombre de la propiedad Connect de AdoMedida no es válido.
Línea 195: el nombre de la propiedad OLEDBString de AdoMedida no es válido.
Línea 196: el nombre de la propiedad OLEDBFile de AdoMedida no es válido.
Línea 197: el nombre de la propiedad DataSourceName de AdoMedida no es válido.
Línea 198: el nombre de la propiedad OtherAttributes de AdoMedida no es válido.
Línea 199: el nombre de la propiedad UserName de AdoMedida no es válido.
Línea 200: el nombre de la propiedad Password de AdoMedida no es válido.
Línea 201: el nombre de la propiedad RecordSource de AdoMedida no es válido.
Línea 202: el nombre de la propiedad Caption de AdoMedida no es válido.
Línea 212: el nombre de la propiedad _Version de AdoMedida no es válido.
Línea 220: el nombre de la propiedad _ExtentX de AdoMarca no es válido.
Línea 221: el nombre de la propiedad _ExtentY de AdoMarca no es válido.
Línea 222: el nombre de la propiedad ConnectMode de AdoMarca no es válido.
Línea 223: el nombre de la propiedad CursorLocation de AdoMarca no es válido.
Línea 224: el nombre de la propiedad IsolationLevel de AdoMarca no es válido.
Línea 225: el nombre de la propiedad ConnectionTimeout de AdoMarca no es válido.
Línea 226: el nombre de la propiedad CommandTimeout de AdoMarca no es válido.
Línea 227: el nombre de la propiedad CursorType de AdoMarca no es válido.
Línea 228: el nombre de la propiedad LockType de AdoMarca no es válido.
Línea 229: el nombre de la propiedad CommandType de AdoMarca no es válido.
Línea 230: el nombre de la propiedad CursorOptions de AdoMarca no es válido.
Línea 231: el nombre de la propiedad CacheSize de AdoMarca no es válido.
Línea 232: el nombre de la propiedad MaxRecords de AdoMarca no es válido.
Línea 233: el nombre de la propiedad BOFAction de AdoMarca no es válido.
Línea 234: el nombre de la propiedad EOFAction de AdoMarca no es válido.
Línea 235: el nombre de la propiedad ConnectStringType de AdoMarca no es válido.
Línea 239: el nombre de la propiedad Orientation de AdoMarca no es válido.
Línea 241: el nombre de la propiedad Connect de AdoMarca no es válido.
Línea 242: el nombre de la propiedad OLEDBString de AdoMarca no es válido.
Línea 243: el nombre de la propiedad OLEDBFile de AdoMarca no es válido.
Línea 244: el nombre de la propiedad DataSourceName de AdoMarca no es válido.
Línea 245: el nombre de la propiedad OtherAttributes de AdoMarca no es válido.
Línea 246: el nombre de la propiedad UserName de AdoMarca no es válido.
Línea 247: el nombre de la propiedad Password de AdoMarca no es válido.
Línea 248: el nombre de la propiedad RecordSource de AdoMarca no es válido.
Línea 249: el nombre de la propiedad Caption de AdoMarca no es válido.
Línea 259: el nombre de la propiedad _Version de AdoMarca no es válido.
Línea 266: el nombre de la propiedad _ExtentX de AdoArt no es válido.
Línea 267: el nombre de la propiedad _ExtentY de AdoArt no es válido.
Línea 268: el nombre de la propiedad ConnectMode de AdoArt no es válido.
Línea 269: el nombre de la propiedad CursorLocation de AdoArt no es válido.
Línea 270: el nombre de la propiedad IsolationLevel de AdoArt no es válido.
Línea 271: el nombre de la propiedad ConnectionTimeout de AdoArt no es válido.
Línea 272: el nombre de la propiedad CommandTimeout de AdoArt no es válido.
Línea 273: el nombre de la propiedad CursorType de AdoArt no es válido.
Línea 274: el nombre de la propiedad LockType de AdoArt no es válido.
Línea 275: el nombre de la propiedad CommandType de AdoArt no es válido.
Línea 276: el nombre de la propiedad CursorOptions de AdoArt no es válido.
Línea 277: el nombre de la propiedad CacheSize de AdoArt no es válido.
Línea 278: el nombre de la propiedad MaxRecords de AdoArt no es válido.
Línea 279: el nombre de la propiedad BOFAction de AdoArt no es válido.
Línea 280: el nombre de la propiedad EOFAction de AdoArt no es válido.
Línea 281: el nombre de la propiedad ConnectStringType de AdoArt no es válido.
Línea 285: el nombre de la propiedad Orientation de AdoArt no es válido.
Línea 287: el nombre de la propiedad Connect de AdoArt no es válido.
Línea 288: el nombre de la propiedad OLEDBString de AdoArt no es válido.
Línea 289: el nombre de la propiedad OLEDBFile de AdoArt no es válido.
Línea 290: el nombre de la propiedad DataSourceName de AdoArt no es válido.
Línea 291: el nombre de la propiedad OtherAttributes de AdoArt no es válido.
Línea 292: el nombre de la propiedad UserName de AdoArt no es válido.
Línea 293: el nombre de la propiedad Password de AdoArt no es válido.
Línea 294: el nombre de la propiedad RecordSource de AdoArt no es válido.
Línea 295: el nombre de la propiedad Caption de AdoArt no es válido.
Línea 305: el nombre de la propiedad _Version de AdoArt no es válido.
Línea 347: el nombre de la propiedad Bindings de tdbgArt no es válido.
Línea 350: el nombre de la propiedad OleObjectBlob de tdbgArt no es válido.
Línea 461: el nombre de la propiedad _ExtentX de imlMaterial no es válido.
Línea 462: el nombre de la propiedad _ExtentY de imlMaterial no es válido.
Línea 464: el nombre de la propiedad ImageWidth de imlMaterial no es válido.
Línea 465: el nombre de la propiedad ImageHeight de imlMaterial no es válido.
Línea 466: el nombre de la propiedad MaskColor de imlMaterial no es válido.
Línea 467: el nombre de la propiedad _Version de imlMaterial no es válido.
Línea 482: el nombre de la propiedad Images de imlMaterial no es válido.
Línea 659: el nombre de la propiedad _ExtentX de trv no es válido.
Línea 660: el nombre de la propiedad _ExtentY de trv no es válido.
Línea 661: el nombre de la propiedad _Version de trv no es válido.
Línea 662: el nombre de la propiedad HideSelection de trv no es válido.
Línea 663: el nombre de la propiedad Indentation de trv no es válido.
Línea 664: el nombre de la propiedad LabelEdit de trv no es válido.
Línea 665: el nombre de la propiedad Style de trv no es válido.
Línea 666: el nombre de la propiedad ImageList de trv no es válido.
Línea 697: el nombre de la propiedad Bindings de TDBC_marcas no es válido.
Línea 705: el nombre de la propiedad _ExtentX de TDBC_marcas no es válido.
Línea 706: el nombre de la propiedad _ExtentY de TDBC_marcas no es válido.
Línea 707: el nombre de la propiedad _Version de TDBC_marcas no es válido.
Línea 709: el nombre de la propiedad ListField de TDBC_marcas no es válido.
Línea 710: el nombre de la propiedad BoundColumn de TDBC_marcas no es válido.
Línea 711: el nombre de la propiedad Text de TDBC_marcas no es válido.
Línea 714: el nombre de la propiedad Bindings de marcas no es válido.
Línea 723: el nombre de la propiedad _ExtentX de marcas no es válido.
Línea 724: el nombre de la propiedad _ExtentY de marcas no es válido.
Línea 725: el nombre de la propiedad _Version de marcas no es válido.
Línea 727: el nombre de la propiedad ListField de marcas no es válido.
Línea 728: el nombre de la propiedad BoundColumn de marcas no es válido.
Línea 729: el nombre de la propiedad Text de marcas no es válido.
Línea 732: el nombre de la propiedad Bindings de TDBC_Montador no es válido.
Línea 740: el nombre de la propiedad _ExtentX de TDBC_Montador no es válido.
Línea 741: el nombre de la propiedad _ExtentY de TDBC_Montador no es válido.
Línea 742: el nombre de la propiedad _Version de TDBC_Montador no es válido.
Línea 744: el nombre de la propiedad ListField de TDBC_Montador no es válido.
Línea 745: el nombre de la propiedad BoundColumn de TDBC_Montador no es válido.
Línea 746: el nombre de la propiedad Text de TDBC_Montador no es válido.
Línea 749: el nombre de la propiedad Bindings de Montador no es válido.
Línea 758: el nombre de la propiedad _ExtentX de Montador no es válido.
Línea 759: el nombre de la propiedad _ExtentY de Montador no es válido.
Línea 760: el nombre de la propiedad _Version de Montador no es válido.
Línea 762: el nombre de la propiedad ListField de Montador no es válido.
Línea 763: el nombre de la propiedad BoundColumn de Montador no es válido.
Línea 764: el nombre de la propiedad Text de Montador no es válido.
Línea 767: el nombre de la propiedad Bindings de TDBC_Unidad no es válido.
Línea 775: el nombre de la propiedad _ExtentX de TDBC_Unidad no es válido.
Línea 776: el nombre de la propiedad _ExtentY de TDBC_Unidad no es válido.
Línea 777: el nombre de la propiedad _Version de TDBC_Unidad no es válido.
Línea 779: el nombre de la propiedad ListField de TDBC_Unidad no es válido.
Línea 780: el nombre de la propiedad BoundColumn de TDBC_Unidad no es válido.
Línea 781: el nombre de la propiedad Text de TDBC_Unidad no es válido.
Línea 784: el nombre de la propiedad Bindings de Unidad no es válido.
Línea 792: el nombre de la propiedad _ExtentX de Unidad no es válido.
Línea 793: el nombre de la propiedad _ExtentY de Unidad no es válido.
Línea 794: el nombre de la propiedad _Version de Unidad no es válido.
Línea 796: el nombre de la propiedad ListField de Unidad no es válido.
Línea 797: el nombre de la propiedad BoundColumn de Unidad no es válido.
Línea 798: el nombre de la propiedad Text de Unidad no es válido.
Línea 1022: el nombre de la propiedad _ExtentX de CryBBSS no es válido.
Línea 1023: el nombre de la propiedad _ExtentY de CryBBSS no es válido.
Línea 1024: el nombre de la propiedad _Version de CryBBSS no es válido.
Línea 1025: el nombre de la propiedad WindowControlBox de CryBBSS no es válido.
Línea 1026: el nombre de la propiedad WindowMaxButton de CryBBSS no es válido.
Línea 1027: el nombre de la propiedad WindowMinButton de CryBBSS no es válido.
Línea 1028: el nombre de la propiedad WindowState de CryBBSS no es válido.
Línea 1029: el nombre de la propiedad PrintFileLinesPerPage de CryBBSS no es válido.
Línea 1030: el nombre de la propiedad WindowShowPrintSetupBtn de CryBBSS no es válido.
Línea 1031: el nombre de la propiedad WindowShowRefreshBtn de CryBBSS no es válido.
Línea 1036: el nombre de la propiedad _ExtentX de CryFis no es válido.
Línea 1037: el nombre de la propiedad _ExtentY de CryFis no es válido.
Línea 1038: el nombre de la propiedad _Version de CryFis no es válido.
Línea 1039: el nombre de la propiedad WindowControlBox de CryFis no es válido.
Línea 1040: el nombre de la propiedad WindowMaxButton de CryFis no es válido.
Línea 1041: el nombre de la propiedad WindowMinButton de CryFis no es válido.
Línea 1042: el nombre de la propiedad WindowState de CryFis no es válido.
Línea 1043: el nombre de la propiedad PrintFileLinesPerPage de CryFis no es válido.
Línea 1044: el nombre de la propiedad WindowShowPrintSetupBtn de CryFis no es válido.
Línea 1045: el nombre de la propiedad WindowShowRefreshBtn de CryFis no es válido.
