Línea 14: la propiedad Icon de frm_to_cronograma_zonas tenía una referencia a archivo no válida.
Línea 27: la propiedad Picture de FrmABMDet tenía una referencia a archivo no válida.
Línea 38: la propiedad Picture de Command1 tenía una referencia a archivo no válida.
Línea 51: la propiedad Picture de BtnAddDetalle tenía una referencia a archivo no válida.
Línea 64: la propiedad Picture de BtnModDetalle tenía una referencia a archivo no válida.
Línea 76: la propiedad Picture de BtnAnlDetalle tenía una referencia a archivo no válida.
Línea 88: la propiedad Picture de fraOpciones tenía una referencia a archivo no válida.
Línea 99: la propiedad Picture de BtnAprobar tenía una referencia a archivo no válida.
Línea 111: la propiedad Picture de BtnAñadir tenía una referencia a archivo no válida.
Línea 124: la propiedad Picture de BtnModificar tenía una referencia a archivo no válida.
Línea 136: la propiedad Picture de BtnEliminar tenía una referencia a archivo no válida.
Línea 149: la propiedad Picture de BtnSalir tenía una referencia a archivo no válida.
Línea 161: la propiedad Picture de BtnImprimir tenía una referencia a archivo no válida.
Línea 174: la propiedad Picture de BtnBuscar tenía una referencia a archivo no válida.
Línea 186: la propiedad Picture de BtnDesAprobar tenía una referencia a archivo no válida.
Línea 198: la propiedad Picture de BtnVer tenía una referencia a archivo no válida.
Línea 211: la propiedad Picture de BtnImprimir2 tenía una referencia a archivo no válida.
Línea 246: la propiedad Picture de FraGrabarCancelar tenía una referencia a archivo no válida.
Línea 257: la propiedad Picture de BtnGrabar tenía una referencia a archivo no válida.
Línea 269: la propiedad Picture de BtnCancelar tenía una referencia a archivo no válida.
Línea 308: la propiedad Bindings de dg_det1 tenía una referencia a archivo no válida.
Línea 553: la propiedad Text de Txt_campo2 tenía una referencia a archivo no válida.
Línea 664: la propiedad Bindings de dtc_codigo2 tenía una referencia a archivo no válida.
Línea 682: la propiedad Bindings de dtc_codigo9 tenía una referencia a archivo no válida.
Línea 700: la propiedad Bindings de dtc_desc9 tenía una referencia a archivo no válida.
Línea 717: la propiedad Bindings de dtc_desc2 tenía una referencia a archivo no válida.
