Línea 407: la clase MSDataGridLib.DataGrid del control dg_det1 no era una clase de control cargada.
Línea 610: la clase MSDataGridLib.DataGrid del control dg_det3 no era una clase de control cargada.
Línea 823: la clase MSDataGridLib.DataGrid del control dg_det2 no era una clase de control cargada.
Línea 1007: la clase MSDataGridLib.DataGrid del control dg_datos no era una clase de control cargada.
Línea 1186: la clase MSAdodcLib.Adodc del control Ado_datos no era una clase de control cargada.
Línea 1251: la clase MSComCtl2.DTPicker del control DTPfecha1 no era una clase de control cargada.
Línea 1308: la clase MSDataListLib.DataCombo del control dtc_aux11 no era una clase de control cargada.
Línea 1326: la clase MSDataListLib.DataCombo del control dtc_codigo11 no era una clase de control cargada.
Línea 1344: la clase MSDataListLib.DataCombo del control dtc_aux1 no era una clase de control cargada.
Línea 1362: la clase MSDataListLib.DataCombo del control dtc_codigo2 no era una clase de control cargada.
Línea 1379: la clase MSDataListLib.DataCombo del control dtc_desc10 no era una clase de control cargada.
Línea 1396: la clase MSDataListLib.DataCombo del control dtc_aux3 no era una clase de control cargada.
Línea 1414: la clase MSDataListLib.DataCombo del control dtc_codigo4 no era una clase de control cargada.
Línea 1432: la clase MSDataListLib.DataCombo del control dtc_codigo3 no era una clase de control cargada.
Línea 1462: la clase MSDataListLib.DataCombo del control dtc_desc3 no era una clase de control cargada.
Línea 1483: la clase MSDataListLib.DataCombo del control dtc_desc4 no era una clase de control cargada.
Línea 1504: la clase MSDataListLib.DataCombo del control dtc_codigo1 no era una clase de control cargada.
Línea 1522: la clase MSDataListLib.DataCombo del control dtc_desc2 no era una clase de control cargada.
Línea 1551: la clase MSDataListLib.DataCombo del control dtc_desc1 no era una clase de control cargada.
Línea 1572: la clase MSDataListLib.DataCombo del control dtc_codigo10 no era una clase de control cargada.
Línea 1591: la clase MSDataListLib.DataCombo del control dtc_desc11 no era una clase de control cargada.
Línea 2060: la clase MSAdodcLib.Adodc del control Ado_datos1 no era una clase de control cargada.
Línea 2107: la clase Crystal.CrystalReport del control CR01 no era una clase de control cargada.
Línea 2124: la clase MSAdodcLib.Adodc del control Ado_datos2 no era una clase de control cargada.
Línea 2171: la clase MSAdodcLib.Adodc del control Ado_datos3 no era una clase de control cargada.
Línea 2218: la clase MSAdodcLib.Adodc del control Ado_datos4 no era una clase de control cargada.
Línea 2265: la clase MSAdodcLib.Adodc del control Ado_datos5 no era una clase de control cargada.
Línea 2312: la clase MSAdodcLib.Adodc del control Ado_datos6 no era una clase de control cargada.
Línea 2359: la clase MSAdodcLib.Adodc del control Ado_datos7 no era una clase de control cargada.
Línea 2406: la clase MSAdodcLib.Adodc del control Ado_datos8 no era una clase de control cargada.
Línea 2453: la clase MSAdodcLib.Adodc del control Ado_datos9 no era una clase de control cargada.
Línea 2500: la clase MSAdodcLib.Adodc del control Ado_datos10 no era una clase de control cargada.
Línea 2547: la clase MSAdodcLib.Adodc del control Ado_detalle1 no era una clase de control cargada.
Línea 2594: la clase MSAdodcLib.Adodc del control Ado_detalle2 no era una clase de control cargada.
Línea 2641: la clase MSAdodcLib.Adodc del control Ado_datos11 no era una clase de control cargada.
Línea 2688: la clase MSAdodcLib.Adodc del control Ado_datos12 no era una clase de control cargada.
