Línea 351: la clase TabDlg.SSTab del control SSTab1 no era una clase de control cargada.
Línea 434: la clase MSComCtl2.DTPicker del control DTPFechaProg no era una clase de control cargada.
Línea 586: la clase MSDataListLib.DataCombo del control dtc_codigo4A no era una clase de control cargada.
Línea 734: la clase MSDataListLib.DataCombo del control dtc_codigo2A no era una clase de control cargada.
Línea 752: la clase MSDataListLib.DataCombo del control dtc_desc2A no era una clase de control cargada.
Línea 770: la clase MSDataListLib.DataCombo del control dtc_desc4A no era una clase de control cargada.
Línea 787: la clase MSComCtl2.DTPicker del control DTPFechaCobro no era una clase de control cargada.
Línea 815: la clase MSComCtl2.DTPicker del control DTPFechaConf no era una clase de control cargada.
Línea 1431: la clase MSDataListLib.DataCombo del control dtc_preciocompra15 no era una clase de control cargada.
Línea 1451: la clase MSDataListLib.DataCombo del control dtc_subgrupo15 no era una clase de control cargada.
Línea 1480: la clase MSDataListLib.DataCombo del control dtc_grupo15 no era una clase de control cargada.
Línea 1616: la clase MSDataListLib.DataCombo del control dtc_precioventafinal15 no era una clase de control cargada.
Línea 1636: la clase MSDataListLib.DataCombo del control dtc_codigo15 no era una clase de control cargada.
Línea 1654: la clase MSDataListLib.DataCombo del control dtc_desc15 no era una clase de control cargada.
Línea 1672: la clase MSDataListLib.DataCombo del control dtc_desc12 no era una clase de control cargada.
Línea 1689: la clase MSDataListLib.DataCombo del control Dtc_aux12 no era una clase de control cargada.
Línea 1709: la clase MSDataListLib.DataCombo del control dtc_desc13 no era una clase de control cargada.
Línea 1725: la clase MSDataListLib.DataCombo del control dtc_unimed15 no era una clase de control cargada.
Línea 1753: la clase MSDataListLib.DataCombo del control dtc_stocktotal15 no era una clase de control cargada.
Línea 1781: la clase MSDataListLib.DataCombo del control dtc_codigo12 no era una clase de control cargada.
Línea 1801: la clase MSDataListLib.DataCombo del control dtc_codigo13 no era una clase de control cargada.
Línea 1821: la clase MSDataListLib.DataCombo del control Dtc_Stock13 no era una clase de control cargada.
Línea 1839: la clase MSDataListLib.DataCombo del control Dtc_partida15 no era una clase de control cargada.
Línea 1857: la clase MSDataListLib.DataCombo del control dtc_precioventabase15 no era una clase de control cargada.
Línea 2381: la clase MSDataListLib.DataCombo del control dtc_codigo3 no era una clase de control cargada.
Línea 2401: la clase MSDataListLib.DataCombo del control dtc_desc3 no era una clase de control cargada.
Línea 2441: la clase MSDataListLib.DataCombo del control dtc_codigo2 no era una clase de control cargada.
Línea 2511: la clase MSComCtl2.DTPicker del control DTPFechaIni no era una clase de control cargada.
Línea 2560: la clase MSDataListLib.DataCombo del control dtc_desc4 no era una clase de control cargada.
Línea 2597: la clase MSComCtl2.DTPicker del control DTPfechasol no era una clase de control cargada.
Línea 2614: la clase MSDataListLib.DataCombo del control dtc_desc11 no era una clase de control cargada.
Línea 2629: la clase MSDataListLib.DataCombo del control dtc_codigo11 no era una clase de control cargada.
Línea 2645: la clase MSDataListLib.DataCombo del control dtc_codigo4 no era una clase de control cargada.
Línea 2661: la clase MSDataListLib.DataCombo del control dtc_aux4 no era una clase de control cargada.
Línea 2677: la clase MSDataListLib.DataCombo del control Dtc_deudor2 no era una clase de control cargada.
Línea 2696: la clase MSComCtl2.DTPicker del control DTPFechaFin no era una clase de control cargada.
Línea 3058: la clase MSDataListLib.DataCombo del control dtc_desc2 no era una clase de control cargada.
Línea 3077: la clase MSDataListLib.DataCombo del control dtc_codigo1 no era una clase de control cargada.
Línea 3094: la clase MSDataListLib.DataCombo del control dtc_desc1 no era una clase de control cargada.
Línea 3114: la clase MSDataListLib.DataCombo del control Dtc_aux2 no era una clase de control cargada.
Línea 3133: la clase MSDataListLib.DataCombo del control dtc_aux3 no era una clase de control cargada.
Línea 3498: la clase MSDataGridLib.DataGrid del control dg_datos no era una clase de control cargada.
Línea 3684: la clase MSAdodcLib.Adodc del control Ado_datos no era una clase de control cargada.
Línea 3749: la clase MSDataGridLib.DataGrid del control DtGLista no era una clase de control cargada.
Línea 3980: la clase MSDataGridLib.DataGrid del control DtgCobro no era una clase de control cargada.
Línea 4196: la clase Crystal.CrystalReport del control CryV01 no era una clase de control cargada.
Línea 4214: la clase MSAdodcLib.Adodc del control Ado_datos4 no era una clase de control cargada.
Línea 4261: la clase MSAdodcLib.Adodc del control Ado_datos2 no era una clase de control cargada.
Línea 4308: la clase MSAdodcLib.Adodc del control ado_datos14 no era una clase de control cargada.
Línea 4355: la clase MSAdodcLib.Adodc del control ado_datos17 no era una clase de control cargada.
Línea 4402: la clase MSAdodcLib.Adodc del control Ado_datos11 no era una clase de control cargada.
Línea 4449: la clase MSAdodcLib.Adodc del control Ado_datos16 no era una clase de control cargada.
Línea 4496: la clase MSAdodcLib.Adodc del control ado_datos15 no era una clase de control cargada.
Línea 4543: la clase MSAdodcLib.Adodc del control AdoDsctos no era una clase de control cargada.
Línea 4590: la clase MSAdodcLib.Adodc del control Ado_Datos12 no era una clase de control cargada.
Línea 4637: la clase MSAdodcLib.Adodc del control Ado_datos13 no era una clase de control cargada.
Línea 4684: la clase MSAdodcLib.Adodc del control AdoAux no era una clase de control cargada.
Línea 4731: la clase MSAdodcLib.Adodc del control Ado_datos3 no era una clase de control cargada.
Línea 4778: la clase MSAdodcLib.Adodc del control Ado_datos1 no era una clase de control cargada.
Línea 4825: la clase MSAdodcLib.Adodc del control ado_datos4A no era una clase de control cargada.
Línea 4872: la clase Crystal.CrystalReport del control CryR01 no era una clase de control cargada.
Línea 357: el nombre de la propiedad _ExtentX de SSTab1 no es válido.
Línea 358: el nombre de la propiedad _ExtentY de SSTab1 no es válido.
Línea 359: el nombre de la propiedad _Version de SSTab1 no es válido.
Línea 360: el nombre de la propiedad TabHeight de SSTab1 no es válido.
Línea 372: el nombre de la propiedad TabCaption(0) de SSTab1 no es válido.
Línea 373: el nombre de la propiedad Tab(0).ControlEnabled de SSTab1 no es válido.
Línea 374: el nombre de la propiedad Tab(0).Control(0) de SSTab1 no es válido.
Línea 375: el nombre de la propiedad Tab(0).Control(0).Enabled de SSTab1 no es válido.
Línea 376: el nombre de la propiedad Tab(0).ControlCount de SSTab1 no es válido.
Línea 377: el nombre de la propiedad TabCaption(1) de SSTab1 no es válido.
Línea 378: el nombre de la propiedad Tab(1).ControlEnabled de SSTab1 no es válido.
Línea 379: el nombre de la propiedad Tab(1).Control(0) de SSTab1 no es válido.
Línea 380: el nombre de la propiedad Tab(1).ControlCount de SSTab1 no es válido.
Línea 381: el nombre de la propiedad TabCaption(2) de SSTab1 no es válido.
Línea 382: el nombre de la propiedad Tab(2).ControlEnabled de SSTab1 no es válido.
Línea 383: el nombre de la propiedad Tab(2).Control(0) de SSTab1 no es válido.
Línea 384: el nombre de la propiedad Tab(2).ControlCount de SSTab1 no es válido.
Línea 442: el nombre de la propiedad _ExtentX de DTPFechaProg no es válido.
Línea 443: el nombre de la propiedad _ExtentY de DTPFechaProg no es válido.
Línea 444: el nombre de la propiedad _Version de DTPFechaProg no es válido.
Línea 445: el nombre de la propiedad CheckBox de DTPFechaProg no es válido.
Línea 446: el nombre de la propiedad Format de DTPFechaProg no es válido.
Línea 447: el nombre de la propiedad CurrentDate de DTPFechaProg no es válido.
Línea 448: el nombre de la propiedad MinDate de DTPFechaProg no es válido.
Línea 594: el nombre de la propiedad _ExtentX de dtc_codigo4A no es válido.
Línea 595: el nombre de la propiedad _ExtentY de dtc_codigo4A no es válido.
Línea 596: el nombre de la propiedad _Version de dtc_codigo4A no es válido.
Línea 598: el nombre de la propiedad Style de dtc_codigo4A no es válido.
Línea 601: el nombre de la propiedad ListField de dtc_codigo4A no es válido.
Línea 602: el nombre de la propiedad BoundColumn de dtc_codigo4A no es válido.
Línea 603: el nombre de la propiedad Text de dtc_codigo4A no es válido.
Línea 742: el nombre de la propiedad _ExtentX de dtc_codigo2A no es válido.
Línea 743: el nombre de la propiedad _ExtentY de dtc_codigo2A no es válido.
Línea 744: el nombre de la propiedad _Version de dtc_codigo2A no es válido.
Línea 748: el nombre de la propiedad ListField de dtc_codigo2A no es válido.
Línea 749: el nombre de la propiedad BoundColumn de dtc_codigo2A no es válido.
Línea 750: el nombre de la propiedad Text de dtc_codigo2A no es válido.
Línea 760: el nombre de la propiedad _ExtentX de dtc_desc2A no es válido.
Línea 761: el nombre de la propiedad _ExtentY de dtc_desc2A no es válido.
Línea 762: el nombre de la propiedad _Version de dtc_desc2A no es válido.
Línea 766: el nombre de la propiedad ListField de dtc_desc2A no es válido.
Línea 767: el nombre de la propiedad BoundColumn de dtc_desc2A no es válido.
Línea 768: el nombre de la propiedad Text de dtc_desc2A no es válido.
Línea 778: el nombre de la propiedad _ExtentX de dtc_desc4A no es válido.
Línea 779: el nombre de la propiedad _ExtentY de dtc_desc4A no es válido.
Línea 780: el nombre de la propiedad _Version de dtc_desc4A no es válido.
Línea 781: el nombre de la propiedad Style de dtc_desc4A no es válido.
Línea 783: el nombre de la propiedad ListField de dtc_desc4A no es válido.
Línea 784: el nombre de la propiedad BoundColumn de dtc_desc4A no es válido.
Línea 785: el nombre de la propiedad Text de dtc_desc4A no es válido.
Línea 796: el nombre de la propiedad _ExtentX de DTPFechaCobro no es válido.
Línea 797: el nombre de la propiedad _ExtentY de DTPFechaCobro no es válido.
Línea 798: el nombre de la propiedad _Version de DTPFechaCobro no es válido.
Línea 808: el nombre de la propiedad CalendarBackColor de DTPFechaCobro no es válido.
Línea 809: el nombre de la propiedad CustomFormat de DTPFechaCobro no es válido.
Línea 810: el nombre de la propiedad Format de DTPFechaCobro no es válido.
Línea 811: el nombre de la propiedad CurrentDate de DTPFechaCobro no es válido.
Línea 812: el nombre de la propiedad MaxDate de DTPFechaCobro no es válido.
Línea 813: el nombre de la propiedad MinDate de DTPFechaCobro no es válido.
Línea 823: el nombre de la propiedad _ExtentX de DTPFechaConf no es válido.
Línea 824: el nombre de la propiedad _ExtentY de DTPFechaConf no es válido.
Línea 825: el nombre de la propiedad _Version de DTPFechaConf no es válido.
Línea 826: el nombre de la propiedad CheckBox de DTPFechaConf no es válido.
Línea 827: el nombre de la propiedad Format de DTPFechaConf no es válido.
Línea 828: el nombre de la propiedad CurrentDate de DTPFechaConf no es válido.
Línea 829: el nombre de la propiedad MinDate de DTPFechaConf no es válido.
Línea 1440: el nombre de la propiedad _ExtentX de dtc_preciocompra15 no es válido.
Línea 1441: el nombre de la propiedad _ExtentY de dtc_preciocompra15 no es válido.
Línea 1442: el nombre de la propiedad _Version de dtc_preciocompra15 no es válido.
Línea 1443: el nombre de la propiedad Locked de dtc_preciocompra15 no es válido.
Línea 1447: el nombre de la propiedad ListField de dtc_preciocompra15 no es válido.
Línea 1448: el nombre de la propiedad BoundColumn de dtc_preciocompra15 no es válido.
Línea 1449: el nombre de la propiedad Text de dtc_preciocompra15 no es válido.
Línea 1461: el nombre de la propiedad _ExtentX de dtc_subgrupo15 no es válido.
Línea 1462: el nombre de la propiedad _ExtentY de dtc_subgrupo15 no es válido.
Línea 1463: el nombre de la propiedad _Version de dtc_subgrupo15 no es válido.
Línea 1467: el nombre de la propiedad ListField de dtc_subgrupo15 no es válido.
Línea 1468: el nombre de la propiedad BoundColumn de dtc_subgrupo15 no es válido.
Línea 1469: el nombre de la propiedad Text de dtc_subgrupo15 no es válido.
Línea 1489: el nombre de la propiedad _ExtentX de dtc_grupo15 no es válido.
Línea 1490: el nombre de la propiedad _ExtentY de dtc_grupo15 no es válido.
Línea 1491: el nombre de la propiedad _Version de dtc_grupo15 no es válido.
Línea 1492: el nombre de la propiedad Locked de dtc_grupo15 no es válido.
Línea 1496: el nombre de la propiedad ListField de dtc_grupo15 no es válido.
Línea 1497: el nombre de la propiedad BoundColumn de dtc_grupo15 no es válido.
Línea 1498: el nombre de la propiedad Text de dtc_grupo15 no es válido.
Línea 1625: el nombre de la propiedad _ExtentX de dtc_precioventafinal15 no es válido.
Línea 1626: el nombre de la propiedad _ExtentY de dtc_precioventafinal15 no es válido.
Línea 1627: el nombre de la propiedad _Version de dtc_precioventafinal15 no es válido.
Línea 1628: el nombre de la propiedad Locked de dtc_precioventafinal15 no es válido.
Línea 1632: el nombre de la propiedad ListField de dtc_precioventafinal15 no es válido.
Línea 1633: el nombre de la propiedad BoundColumn de dtc_precioventafinal15 no es válido.
Línea 1634: el nombre de la propiedad Text de dtc_precioventafinal15 no es válido.
Línea 1644: el nombre de la propiedad _ExtentX de dtc_codigo15 no es válido.
Línea 1645: el nombre de la propiedad _ExtentY de dtc_codigo15 no es válido.
Línea 1646: el nombre de la propiedad _Version de dtc_codigo15 no es válido.
Línea 1650: el nombre de la propiedad ListField de dtc_codigo15 no es válido.
Línea 1651: el nombre de la propiedad BoundColumn de dtc_codigo15 no es válido.
Línea 1652: el nombre de la propiedad Text de dtc_codigo15 no es válido.
Línea 1662: el nombre de la propiedad _ExtentX de dtc_desc15 no es válido.
Línea 1663: el nombre de la propiedad _ExtentY de dtc_desc15 no es válido.
Línea 1664: el nombre de la propiedad _Version de dtc_desc15 no es válido.
Línea 1668: el nombre de la propiedad ListField de dtc_desc15 no es válido.
Línea 1669: el nombre de la propiedad BoundColumn de dtc_desc15 no es válido.
Línea 1670: el nombre de la propiedad Text de dtc_desc15 no es válido.
Línea 1681: el nombre de la propiedad _ExtentX de dtc_desc12 no es válido.
Línea 1682: el nombre de la propiedad _ExtentY de dtc_desc12 no es válido.
Línea 1683: el nombre de la propiedad _Version de dtc_desc12 no es válido.
Línea 1685: el nombre de la propiedad ListField de dtc_desc12 no es válido.
Línea 1686: el nombre de la propiedad BoundColumn de dtc_desc12 no es válido.
Línea 1687: el nombre de la propiedad Text de dtc_desc12 no es válido.
Línea 1698: el nombre de la propiedad _ExtentX de Dtc_aux12 no es válido.
Línea 1699: el nombre de la propiedad _ExtentY de Dtc_aux12 no es válido.
Línea 1700: el nombre de la propiedad _Version de Dtc_aux12 no es válido.
Línea 1705: el nombre de la propiedad ListField de Dtc_aux12 no es válido.
Línea 1706: el nombre de la propiedad BoundColumn de Dtc_aux12 no es válido.
Línea 1707: el nombre de la propiedad Text de Dtc_aux12 no es válido.
Línea 1717: el nombre de la propiedad _ExtentX de dtc_desc13 no es válido.
Línea 1718: el nombre de la propiedad _ExtentY de dtc_desc13 no es válido.
Línea 1719: el nombre de la propiedad _Version de dtc_desc13 no es válido.
Línea 1721: el nombre de la propiedad ListField de dtc_desc13 no es válido.
Línea 1722: el nombre de la propiedad BoundColumn de dtc_desc13 no es válido.
Línea 1723: el nombre de la propiedad Text de dtc_desc13 no es válido.
Línea 1733: el nombre de la propiedad _ExtentX de dtc_unimed15 no es válido.
Línea 1734: el nombre de la propiedad _ExtentY de dtc_unimed15 no es válido.
Línea 1735: el nombre de la propiedad _Version de dtc_unimed15 no es válido.
Línea 1736: el nombre de la propiedad Locked de dtc_unimed15 no es válido.
Línea 1740: el nombre de la propiedad ListField de dtc_unimed15 no es válido.
Línea 1741: el nombre de la propiedad BoundColumn de dtc_unimed15 no es válido.
Línea 1742: el nombre de la propiedad Text de dtc_unimed15 no es válido.
Línea 1761: el nombre de la propiedad _ExtentX de dtc_stocktotal15 no es válido.
Línea 1762: el nombre de la propiedad _ExtentY de dtc_stocktotal15 no es válido.
Línea 1763: el nombre de la propiedad _Version de dtc_stocktotal15 no es válido.
Línea 1764: el nombre de la propiedad Locked de dtc_stocktotal15 no es válido.
Línea 1768: el nombre de la propiedad ListField de dtc_stocktotal15 no es válido.
Línea 1769: el nombre de la propiedad BoundColumn de dtc_stocktotal15 no es válido.
Línea 1770: el nombre de la propiedad Text de dtc_stocktotal15 no es válido.
Línea 1790: el nombre de la propiedad _ExtentX de dtc_codigo12 no es válido.
Línea 1791: el nombre de la propiedad _ExtentY de dtc_codigo12 no es válido.
Línea 1792: el nombre de la propiedad _Version de dtc_codigo12 no es válido.
Línea 1797: el nombre de la propiedad ListField de dtc_codigo12 no es válido.
Línea 1798: el nombre de la propiedad BoundColumn de dtc_codigo12 no es válido.
Línea 1799: el nombre de la propiedad Text de dtc_codigo12 no es válido.
Línea 1810: el nombre de la propiedad _ExtentX de dtc_codigo13 no es válido.
Línea 1811: el nombre de la propiedad _ExtentY de dtc_codigo13 no es válido.
Línea 1812: el nombre de la propiedad _Version de dtc_codigo13 no es válido.
Línea 1817: el nombre de la propiedad ListField de dtc_codigo13 no es válido.
Línea 1818: el nombre de la propiedad BoundColumn de dtc_codigo13 no es válido.
Línea 1819: el nombre de la propiedad Text de dtc_codigo13 no es válido.
Línea 1829: el nombre de la propiedad _ExtentX de Dtc_Stock13 no es válido.
Línea 1830: el nombre de la propiedad _ExtentY de Dtc_Stock13 no es válido.
Línea 1831: el nombre de la propiedad _Version de Dtc_Stock13 no es válido.
Línea 1835: el nombre de la propiedad ListField de Dtc_Stock13 no es válido.
Línea 1836: el nombre de la propiedad BoundColumn de Dtc_Stock13 no es válido.
Línea 1837: el nombre de la propiedad Text de Dtc_Stock13 no es válido.
Línea 1847: el nombre de la propiedad _ExtentX de Dtc_partida15 no es válido.
Línea 1848: el nombre de la propiedad _ExtentY de Dtc_partida15 no es válido.
Línea 1849: el nombre de la propiedad _Version de Dtc_partida15 no es válido.
Línea 1853: el nombre de la propiedad ListField de Dtc_partida15 no es válido.
Línea 1854: el nombre de la propiedad BoundColumn de Dtc_partida15 no es válido.
Línea 1855: el nombre de la propiedad Text de Dtc_partida15 no es válido.
Línea 1866: el nombre de la propiedad _ExtentX de dtc_precioventabase15 no es válido.
Línea 1867: el nombre de la propiedad _ExtentY de dtc_precioventabase15 no es válido.
Línea 1868: el nombre de la propiedad _Version de dtc_precioventabase15 no es válido.
Línea 1869: el nombre de la propiedad Locked de dtc_precioventabase15 no es válido.
Línea 1873: el nombre de la propiedad ListField de dtc_precioventabase15 no es válido.
Línea 1874: el nombre de la propiedad BoundColumn de dtc_precioventabase15 no es válido.
Línea 1875: el nombre de la propiedad Text de dtc_precioventabase15 no es válido.
Línea 2389: el nombre de la propiedad _ExtentX de dtc_codigo3 no es válido.
Línea 2390: el nombre de la propiedad _ExtentY de dtc_codigo3 no es válido.
Línea 2391: el nombre de la propiedad _Version de dtc_codigo3 no es válido.
Línea 2392: el nombre de la propiedad Locked de dtc_codigo3 no es válido.
Línea 2394: el nombre de la propiedad Style de dtc_codigo3 no es válido.
Línea 2397: el nombre de la propiedad ListField de dtc_codigo3 no es válido.
Línea 2398: el nombre de la propiedad BoundColumn de dtc_codigo3 no es válido.
Línea 2399: el nombre de la propiedad Text de dtc_codigo3 no es válido.
Línea 2409: el nombre de la propiedad _ExtentX de dtc_desc3 no es válido.
Línea 2410: el nombre de la propiedad _ExtentY de dtc_desc3 no es válido.
Línea 2411: el nombre de la propiedad _Version de dtc_desc3 no es válido.
Línea 2412: el nombre de la propiedad Locked de dtc_desc3 no es válido.
Línea 2414: el nombre de la propiedad Style de dtc_desc3 no es válido.
Línea 2417: el nombre de la propiedad ListField de dtc_desc3 no es válido.
Línea 2418: el nombre de la propiedad BoundColumn de dtc_desc3 no es válido.
Línea 2419: el nombre de la propiedad Text de dtc_desc3 no es válido.
Línea 2449: el nombre de la propiedad _ExtentX de dtc_codigo2 no es válido.
Línea 2450: el nombre de la propiedad _ExtentY de dtc_codigo2 no es válido.
Línea 2451: el nombre de la propiedad _Version de dtc_codigo2 no es válido.
Línea 2452: el nombre de la propiedad Locked de dtc_codigo2 no es válido.
Línea 2456: el nombre de la propiedad ListField de dtc_codigo2 no es válido.
Línea 2457: el nombre de la propiedad BoundColumn de dtc_codigo2 no es válido.
Línea 2458: el nombre de la propiedad Text de dtc_codigo2 no es válido.
Línea 2519: el nombre de la propiedad _ExtentX de DTPFechaIni no es válido.
Línea 2520: el nombre de la propiedad _ExtentY de DTPFechaIni no es válido.
Línea 2521: el nombre de la propiedad _Version de DTPFechaIni no es válido.
Línea 2522: el nombre de la propiedad CheckBox de DTPFechaIni no es válido.
Línea 2523: el nombre de la propiedad Format de DTPFechaIni no es válido.
Línea 2524: el nombre de la propiedad CurrentDate de DTPFechaIni no es válido.
Línea 2525: el nombre de la propiedad MaxDate de DTPFechaIni no es válido.
Línea 2526: el nombre de la propiedad MinDate de DTPFechaIni no es válido.
Línea 2568: el nombre de la propiedad _ExtentX de dtc_desc4 no es válido.
Línea 2569: el nombre de la propiedad _ExtentY de dtc_desc4 no es válido.
Línea 2570: el nombre de la propiedad _Version de dtc_desc4 no es válido.
Línea 2571: el nombre de la propiedad ListField de dtc_desc4 no es válido.
Línea 2572: el nombre de la propiedad BoundColumn de dtc_desc4 no es válido.
Línea 2573: el nombre de la propiedad Text de dtc_desc4 no es válido.
Línea 2606: el nombre de la propiedad _ExtentX de DTPfechasol no es válido.
Línea 2607: el nombre de la propiedad _ExtentY de DTPfechasol no es válido.
Línea 2608: el nombre de la propiedad _Version de DTPfechasol no es válido.
Línea 2609: el nombre de la propiedad CheckBox de DTPfechasol no es válido.
Línea 2610: el nombre de la propiedad Format de DTPfechasol no es válido.
Línea 2611: el nombre de la propiedad CurrentDate de DTPfechasol no es válido.
Línea 2612: el nombre de la propiedad MinDate de DTPfechasol no es válido.
Línea 2622: el nombre de la propiedad _ExtentX de dtc_desc11 no es válido.
Línea 2623: el nombre de la propiedad _ExtentY de dtc_desc11 no es válido.
Línea 2624: el nombre de la propiedad _Version de dtc_desc11 no es válido.
Línea 2625: el nombre de la propiedad ListField de dtc_desc11 no es válido.
Línea 2626: el nombre de la propiedad BoundColumn de dtc_desc11 no es válido.
Línea 2627: el nombre de la propiedad Text de dtc_desc11 no es válido.
Línea 2638: el nombre de la propiedad _ExtentX de dtc_codigo11 no es válido.
Línea 2639: el nombre de la propiedad _ExtentY de dtc_codigo11 no es válido.
Línea 2640: el nombre de la propiedad _Version de dtc_codigo11 no es válido.
Línea 2641: el nombre de la propiedad ListField de dtc_codigo11 no es válido.
Línea 2642: el nombre de la propiedad BoundColumn de dtc_codigo11 no es válido.
Línea 2643: el nombre de la propiedad Text de dtc_codigo11 no es válido.
Línea 2654: el nombre de la propiedad _ExtentX de dtc_codigo4 no es válido.
Línea 2655: el nombre de la propiedad _ExtentY de dtc_codigo4 no es válido.
Línea 2656: el nombre de la propiedad _Version de dtc_codigo4 no es válido.
Línea 2657: el nombre de la propiedad ListField de dtc_codigo4 no es válido.
Línea 2658: el nombre de la propiedad BoundColumn de dtc_codigo4 no es válido.
Línea 2659: el nombre de la propiedad Text de dtc_codigo4 no es válido.
Línea 2670: el nombre de la propiedad _ExtentX de dtc_aux4 no es válido.
Línea 2671: el nombre de la propiedad _ExtentY de dtc_aux4 no es válido.
Línea 2672: el nombre de la propiedad _Version de dtc_aux4 no es válido.
Línea 2673: el nombre de la propiedad ListField de dtc_aux4 no es válido.
Línea 2674: el nombre de la propiedad BoundColumn de dtc_aux4 no es válido.
Línea 2675: el nombre de la propiedad Text de dtc_aux4 no es válido.
Línea 2686: el nombre de la propiedad _ExtentX de Dtc_deudor2 no es válido.
Línea 2687: el nombre de la propiedad _ExtentY de Dtc_deudor2 no es válido.
Línea 2688: el nombre de la propiedad _Version de Dtc_deudor2 no es válido.
Línea 2692: el nombre de la propiedad ListField de Dtc_deudor2 no es válido.
Línea 2693: el nombre de la propiedad BoundColumn de Dtc_deudor2 no es válido.
Línea 2694: el nombre de la propiedad Text de Dtc_deudor2 no es válido.
Línea 2704: el nombre de la propiedad _ExtentX de DTPFechaFin no es válido.
Línea 2705: el nombre de la propiedad _ExtentY de DTPFechaFin no es válido.
Línea 2706: el nombre de la propiedad _Version de DTPFechaFin no es válido.
Línea 2707: el nombre de la propiedad CheckBox de DTPFechaFin no es válido.
Línea 2708: el nombre de la propiedad Format de DTPFechaFin no es válido.
Línea 2709: el nombre de la propiedad CurrentDate de DTPFechaFin no es válido.
Línea 2710: el nombre de la propiedad MinDate de DTPFechaFin no es válido.
Línea 3066: el nombre de la propiedad _ExtentX de dtc_desc2 no es válido.
Línea 3067: el nombre de la propiedad _ExtentY de dtc_desc2 no es válido.
Línea 3068: el nombre de la propiedad _Version de dtc_desc2 no es válido.
Línea 3069: el nombre de la propiedad Locked de dtc_desc2 no es válido.
Línea 3073: el nombre de la propiedad ListField de dtc_desc2 no es válido.
Línea 3074: el nombre de la propiedad BoundColumn de dtc_desc2 no es válido.
Línea 3075: el nombre de la propiedad Text de dtc_desc2 no es válido.
Línea 3086: el nombre de la propiedad _ExtentX de dtc_codigo1 no es válido.
Línea 3087: el nombre de la propiedad _ExtentY de dtc_codigo1 no es válido.
Línea 3088: el nombre de la propiedad _Version de dtc_codigo1 no es válido.
Línea 3089: el nombre de la propiedad Style de dtc_codigo1 no es válido.
Línea 3090: el nombre de la propiedad ListField de dtc_codigo1 no es válido.
Línea 3091: el nombre de la propiedad BoundColumn de dtc_codigo1 no es válido.
Línea 3092: el nombre de la propiedad Text de dtc_codigo1 no es válido.
Línea 3102: el nombre de la propiedad _ExtentX de dtc_desc1 no es válido.
Línea 3103: el nombre de la propiedad _ExtentY de dtc_desc1 no es válido.
Línea 3104: el nombre de la propiedad _Version de dtc_desc1 no es válido.
Línea 3105: el nombre de la propiedad Locked de dtc_desc1 no es válido.
Línea 3107: el nombre de la propiedad Style de dtc_desc1 no es válido.
Línea 3110: el nombre de la propiedad ListField de dtc_desc1 no es válido.
Línea 3111: el nombre de la propiedad BoundColumn de dtc_desc1 no es válido.
Línea 3112: el nombre de la propiedad Text de dtc_desc1 no es válido.
Línea 3123: el nombre de la propiedad _ExtentX de Dtc_aux2 no es válido.
Línea 3124: el nombre de la propiedad _ExtentY de Dtc_aux2 no es válido.
Línea 3125: el nombre de la propiedad _Version de Dtc_aux2 no es válido.
Línea 3129: el nombre de la propiedad ListField de Dtc_aux2 no es válido.
Línea 3130: el nombre de la propiedad BoundColumn de Dtc_aux2 no es válido.
Línea 3131: el nombre de la propiedad Text de Dtc_aux2 no es válido.
Línea 3142: el nombre de la propiedad _ExtentX de dtc_aux3 no es válido.
Línea 3143: el nombre de la propiedad _ExtentY de dtc_aux3 no es válido.
Línea 3144: el nombre de la propiedad _Version de dtc_aux3 no es válido.
Línea 3145: el nombre de la propiedad Style de dtc_aux3 no es válido.
Línea 3146: el nombre de la propiedad ListField de dtc_aux3 no es válido.
Línea 3147: el nombre de la propiedad BoundColumn de dtc_aux3 no es válido.
Línea 3148: el nombre de la propiedad Text de dtc_aux3 no es válido.
Línea 3504: el nombre de la propiedad _ExtentX de dg_datos no es válido.
Línea 3505: el nombre de la propiedad _ExtentY de dg_datos no es válido.
Línea 3506: el nombre de la propiedad _Version de dg_datos no es válido.
Línea 3507: el nombre de la propiedad AllowUpdate de dg_datos no es válido.
Línea 3509: el nombre de la propiedad HeadLines de dg_datos no es válido.
Línea 3510: el nombre de la propiedad RowHeight de dg_datos no es válido.
Línea 3511: el nombre de la propiedad FormatLocked de dg_datos no es válido.
Línea 3520: el nombre de la propiedad HeadFont de dg_datos no es válido.
Línea 3530: el nombre de la propiedad ColumnCount de dg_datos no es válido.
Línea 3543: el nombre de la propiedad Column00 de dg_datos no es válido.
Línea 3556: el nombre de la propiedad Column01 de dg_datos no es válido.
Línea 3569: el nombre de la propiedad Column02 de dg_datos no es válido.
Línea 3582: el nombre de la propiedad Column03 de dg_datos no es válido.
Línea 3595: el nombre de la propiedad Column04 de dg_datos no es válido.
Línea 3608: el nombre de la propiedad Column05 de dg_datos no es válido.
Línea 3621: el nombre de la propiedad Column06 de dg_datos no es válido.
Línea 3634: el nombre de la propiedad Column07 de dg_datos no es válido.
Línea 3647: el nombre de la propiedad Column08 de dg_datos no es válido.
Línea 3648: el nombre de la propiedad SplitCount de dg_datos no es válido.
Línea 3682: el nombre de la propiedad Split0 de dg_datos no es válido.
Línea 3689: el nombre de la propiedad _ExtentX de Ado_datos no es válido.
Línea 3690: el nombre de la propiedad _ExtentY de Ado_datos no es válido.
Línea 3691: el nombre de la propiedad ConnectMode de Ado_datos no es válido.
Línea 3692: el nombre de la propiedad CursorLocation de Ado_datos no es válido.
Línea 3693: el nombre de la propiedad IsolationLevel de Ado_datos no es válido.
Línea 3694: el nombre de la propiedad ConnectionTimeout de Ado_datos no es válido.
Línea 3695: el nombre de la propiedad CommandTimeout de Ado_datos no es válido.
Línea 3696: el nombre de la propiedad CursorType de Ado_datos no es válido.
Línea 3697: el nombre de la propiedad LockType de Ado_datos no es válido.
Línea 3698: el nombre de la propiedad CommandType de Ado_datos no es válido.
Línea 3699: el nombre de la propiedad CursorOptions de Ado_datos no es válido.
Línea 3700: el nombre de la propiedad CacheSize de Ado_datos no es válido.
Línea 3701: el nombre de la propiedad MaxRecords de Ado_datos no es válido.
Línea 3702: el nombre de la propiedad BOFAction de Ado_datos no es válido.
Línea 3703: el nombre de la propiedad EOFAction de Ado_datos no es válido.
Línea 3704: el nombre de la propiedad ConnectStringType de Ado_datos no es válido.
Línea 3708: el nombre de la propiedad Orientation de Ado_datos no es válido.
Línea 3710: el nombre de la propiedad Connect de Ado_datos no es válido.
Línea 3711: el nombre de la propiedad OLEDBString de Ado_datos no es válido.
Línea 3712: el nombre de la propiedad OLEDBFile de Ado_datos no es válido.
Línea 3713: el nombre de la propiedad DataSourceName de Ado_datos no es válido.
Línea 3714: el nombre de la propiedad OtherAttributes de Ado_datos no es válido.
Línea 3715: el nombre de la propiedad UserName de Ado_datos no es válido.
Línea 3716: el nombre de la propiedad Password de Ado_datos no es válido.
Línea 3717: el nombre de la propiedad RecordSource de Ado_datos no es válido.
Línea 3718: el nombre de la propiedad Caption de Ado_datos no es válido.
Línea 3728: el nombre de la propiedad _Version de Ado_datos no es válido.
Línea 3755: el nombre de la propiedad _ExtentX de DtGLista no es válido.
Línea 3756: el nombre de la propiedad _ExtentY de DtGLista no es válido.
Línea 3757: el nombre de la propiedad _Version de DtGLista no es válido.
Línea 3758: el nombre de la propiedad AllowUpdate de DtGLista no es válido.
Línea 3761: el nombre de la propiedad HeadLines de DtGLista no es válido.
Línea 3762: el nombre de la propiedad RowHeight de DtGLista no es válido.
Línea 3763: el nombre de la propiedad FormatLocked de DtGLista no es válido.
Línea 3772: el nombre de la propiedad HeadFont de DtGLista no es válido.
Línea 3782: el nombre de la propiedad ColumnCount de DtGLista no es válido.
Línea 3795: el nombre de la propiedad Column00 de DtGLista no es válido.
Línea 3808: el nombre de la propiedad Column01 de DtGLista no es válido.
Línea 3821: el nombre de la propiedad Column02 de DtGLista no es válido.
Línea 3834: el nombre de la propiedad Column03 de DtGLista no es válido.
Línea 3847: el nombre de la propiedad Column04 de DtGLista no es válido.
Línea 3860: el nombre de la propiedad Column05 de DtGLista no es válido.
Línea 3873: el nombre de la propiedad Column06 de DtGLista no es válido.
Línea 3886: el nombre de la propiedad Column07 de DtGLista no es válido.
Línea 3899: el nombre de la propiedad Column08 de DtGLista no es válido.
Línea 3912: el nombre de la propiedad Column09 de DtGLista no es válido.
Línea 3913: el nombre de la propiedad SplitCount de DtGLista no es válido.
Línea 3959: el nombre de la propiedad Split0 de DtGLista no es válido.
Línea 3986: el nombre de la propiedad _ExtentX de DtgCobro no es válido.
Línea 3987: el nombre de la propiedad _ExtentY de DtgCobro no es válido.
Línea 3988: el nombre de la propiedad _Version de DtgCobro no es válido.
Línea 3989: el nombre de la propiedad AllowUpdate de DtgCobro no es válido.
Línea 3992: el nombre de la propiedad HeadLines de DtgCobro no es válido.
Línea 3993: el nombre de la propiedad RowHeight de DtgCobro no es válido.
Línea 3994: el nombre de la propiedad FormatLocked de DtgCobro no es válido.
Línea 4003: el nombre de la propiedad HeadFont de DtgCobro no es válido.
Línea 4013: el nombre de la propiedad ColumnCount de DtgCobro no es válido.
Línea 4026: el nombre de la propiedad Column00 de DtgCobro no es válido.
Línea 4039: el nombre de la propiedad Column01 de DtgCobro no es válido.
Línea 4052: el nombre de la propiedad Column02 de DtgCobro no es válido.
Línea 4065: el nombre de la propiedad Column03 de DtgCobro no es válido.
Línea 4078: el nombre de la propiedad Column04 de DtgCobro no es válido.
Línea 4091: el nombre de la propiedad Column05 de DtgCobro no es válido.
Línea 4104: el nombre de la propiedad Column06 de DtgCobro no es válido.
Línea 4117: el nombre de la propiedad Column07 de DtgCobro no es válido.
Línea 4130: el nombre de la propiedad Column08 de DtgCobro no es válido.
Línea 4143: el nombre de la propiedad Column09 de DtgCobro no es válido.
Línea 4144: el nombre de la propiedad SplitCount de DtgCobro no es válido.
Línea 4193: el nombre de la propiedad Split0 de DtgCobro no es válido.
Línea 4199: el nombre de la propiedad _ExtentX de CryV01 no es válido.
Línea 4200: el nombre de la propiedad _ExtentY de CryV01 no es válido.
Línea 4201: el nombre de la propiedad _Version de CryV01 no es válido.
Línea 4202: el nombre de la propiedad WindowControlBox de CryV01 no es válido.
Línea 4203: el nombre de la propiedad WindowMaxButton de CryV01 no es válido.
Línea 4204: el nombre de la propiedad WindowMinButton de CryV01 no es válido.
Línea 4205: el nombre de la propiedad WindowState de CryV01 no es válido.
Línea 4206: el nombre de la propiedad PrintFileLinesPerPage de CryV01 no es válido.
Línea 4207: el nombre de la propiedad WindowShowGroupTree de CryV01 no es válido.
Línea 4208: el nombre de la propiedad WindowAllowDrillDown de CryV01 no es válido.
Línea 4209: el nombre de la propiedad WindowShowCloseBtn de CryV01 no es válido.
Línea 4210: el nombre de la propiedad WindowShowSearchBtn de CryV01 no es válido.
Línea 4211: el nombre de la propiedad WindowShowPrintSetupBtn de CryV01 no es válido.
Línea 4212: el nombre de la propiedad WindowShowRefreshBtn de CryV01 no es válido.
Línea 4220: el nombre de la propiedad _ExtentX de Ado_datos4 no es válido.
Línea 4221: el nombre de la propiedad _ExtentY de Ado_datos4 no es válido.
Línea 4222: el nombre de la propiedad ConnectMode de Ado_datos4 no es válido.
Línea 4223: el nombre de la propiedad CursorLocation de Ado_datos4 no es válido.
Línea 4224: el nombre de la propiedad IsolationLevel de Ado_datos4 no es válido.
Línea 4225: el nombre de la propiedad ConnectionTimeout de Ado_datos4 no es válido.
Línea 4226: el nombre de la propiedad CommandTimeout de Ado_datos4 no es válido.
Línea 4227: el nombre de la propiedad CursorType de Ado_datos4 no es válido.
Línea 4228: el nombre de la propiedad LockType de Ado_datos4 no es válido.
Línea 4229: el nombre de la propiedad CommandType de Ado_datos4 no es válido.
Línea 4230: el nombre de la propiedad CursorOptions de Ado_datos4 no es válido.
Línea 4231: el nombre de la propiedad CacheSize de Ado_datos4 no es válido.
Línea 4232: el nombre de la propiedad MaxRecords de Ado_datos4 no es válido.
Línea 4233: el nombre de la propiedad BOFAction de Ado_datos4 no es válido.
Línea 4234: el nombre de la propiedad EOFAction de Ado_datos4 no es válido.
Línea 4235: el nombre de la propiedad ConnectStringType de Ado_datos4 no es válido.
Línea 4239: el nombre de la propiedad Orientation de Ado_datos4 no es válido.
Línea 4241: el nombre de la propiedad Connect de Ado_datos4 no es válido.
Línea 4242: el nombre de la propiedad OLEDBString de Ado_datos4 no es válido.
Línea 4243: el nombre de la propiedad OLEDBFile de Ado_datos4 no es válido.
Línea 4244: el nombre de la propiedad DataSourceName de Ado_datos4 no es válido.
Línea 4245: el nombre de la propiedad OtherAttributes de Ado_datos4 no es válido.
Línea 4246: el nombre de la propiedad UserName de Ado_datos4 no es válido.
Línea 4247: el nombre de la propiedad Password de Ado_datos4 no es válido.
Línea 4248: el nombre de la propiedad RecordSource de Ado_datos4 no es válido.
Línea 4249: el nombre de la propiedad Caption de Ado_datos4 no es válido.
Línea 4259: el nombre de la propiedad _Version de Ado_datos4 no es válido.
Línea 4267: el nombre de la propiedad _ExtentX de Ado_datos2 no es válido.
Línea 4268: el nombre de la propiedad _ExtentY de Ado_datos2 no es válido.
Línea 4269: el nombre de la propiedad ConnectMode de Ado_datos2 no es válido.
Línea 4270: el nombre de la propiedad CursorLocation de Ado_datos2 no es válido.
Línea 4271: el nombre de la propiedad IsolationLevel de Ado_datos2 no es válido.
Línea 4272: el nombre de la propiedad ConnectionTimeout de Ado_datos2 no es válido.
Línea 4273: el nombre de la propiedad CommandTimeout de Ado_datos2 no es válido.
Línea 4274: el nombre de la propiedad CursorType de Ado_datos2 no es válido.
Línea 4275: el nombre de la propiedad LockType de Ado_datos2 no es válido.
Línea 4276: el nombre de la propiedad CommandType de Ado_datos2 no es válido.
Línea 4277: el nombre de la propiedad CursorOptions de Ado_datos2 no es válido.
Línea 4278: el nombre de la propiedad CacheSize de Ado_datos2 no es válido.
Línea 4279: el nombre de la propiedad MaxRecords de Ado_datos2 no es válido.
Línea 4280: el nombre de la propiedad BOFAction de Ado_datos2 no es válido.
Línea 4281: el nombre de la propiedad EOFAction de Ado_datos2 no es válido.
Línea 4282: el nombre de la propiedad ConnectStringType de Ado_datos2 no es válido.
Línea 4286: el nombre de la propiedad Orientation de Ado_datos2 no es válido.
Línea 4288: el nombre de la propiedad Connect de Ado_datos2 no es válido.
Línea 4289: el nombre de la propiedad OLEDBString de Ado_datos2 no es válido.
Línea 4290: el nombre de la propiedad OLEDBFile de Ado_datos2 no es válido.
Línea 4291: el nombre de la propiedad DataSourceName de Ado_datos2 no es válido.
Línea 4292: el nombre de la propiedad OtherAttributes de Ado_datos2 no es válido.
Línea 4293: el nombre de la propiedad UserName de Ado_datos2 no es válido.
Línea 4294: el nombre de la propiedad Password de Ado_datos2 no es válido.
Línea 4295: el nombre de la propiedad RecordSource de Ado_datos2 no es válido.
Línea 4296: el nombre de la propiedad Caption de Ado_datos2 no es válido.
Línea 4306: el nombre de la propiedad _Version de Ado_datos2 no es válido.
Línea 4314: el nombre de la propiedad _ExtentX de ado_datos14 no es válido.
Línea 4315: el nombre de la propiedad _ExtentY de ado_datos14 no es válido.
Línea 4316: el nombre de la propiedad ConnectMode de ado_datos14 no es válido.
Línea 4317: el nombre de la propiedad CursorLocation de ado_datos14 no es válido.
Línea 4318: el nombre de la propiedad IsolationLevel de ado_datos14 no es válido.
Línea 4319: el nombre de la propiedad ConnectionTimeout de ado_datos14 no es válido.
Línea 4320: el nombre de la propiedad CommandTimeout de ado_datos14 no es válido.
Línea 4321: el nombre de la propiedad CursorType de ado_datos14 no es válido.
Línea 4322: el nombre de la propiedad LockType de ado_datos14 no es válido.
Línea 4323: el nombre de la propiedad CommandType de ado_datos14 no es válido.
Línea 4324: el nombre de la propiedad CursorOptions de ado_datos14 no es válido.
Línea 4325: el nombre de la propiedad CacheSize de ado_datos14 no es válido.
Línea 4326: el nombre de la propiedad MaxRecords de ado_datos14 no es válido.
Línea 4327: el nombre de la propiedad BOFAction de ado_datos14 no es válido.
Línea 4328: el nombre de la propiedad EOFAction de ado_datos14 no es válido.
Línea 4329: el nombre de la propiedad ConnectStringType de ado_datos14 no es válido.
Línea 4333: el nombre de la propiedad Orientation de ado_datos14 no es válido.
Línea 4335: el nombre de la propiedad Connect de ado_datos14 no es válido.
Línea 4336: el nombre de la propiedad OLEDBString de ado_datos14 no es válido.
Línea 4337: el nombre de la propiedad OLEDBFile de ado_datos14 no es válido.
Línea 4338: el nombre de la propiedad DataSourceName de ado_datos14 no es válido.
Línea 4339: el nombre de la propiedad OtherAttributes de ado_datos14 no es válido.
Línea 4340: el nombre de la propiedad UserName de ado_datos14 no es válido.
Línea 4341: el nombre de la propiedad Password de ado_datos14 no es válido.
Línea 4342: el nombre de la propiedad RecordSource de ado_datos14 no es válido.
Línea 4343: el nombre de la propiedad Caption de ado_datos14 no es válido.
Línea 4353: el nombre de la propiedad _Version de ado_datos14 no es válido.
Línea 4361: el nombre de la propiedad _ExtentX de ado_datos17 no es válido.
Línea 4362: el nombre de la propiedad _ExtentY de ado_datos17 no es válido.
Línea 4363: el nombre de la propiedad ConnectMode de ado_datos17 no es válido.
Línea 4364: el nombre de la propiedad CursorLocation de ado_datos17 no es válido.
Línea 4365: el nombre de la propiedad IsolationLevel de ado_datos17 no es válido.
Línea 4366: el nombre de la propiedad ConnectionTimeout de ado_datos17 no es válido.
Línea 4367: el nombre de la propiedad CommandTimeout de ado_datos17 no es válido.
Línea 4368: el nombre de la propiedad CursorType de ado_datos17 no es válido.
Línea 4369: el nombre de la propiedad LockType de ado_datos17 no es válido.
Línea 4370: el nombre de la propiedad CommandType de ado_datos17 no es válido.
Línea 4371: el nombre de la propiedad CursorOptions de ado_datos17 no es válido.
Línea 4372: el nombre de la propiedad CacheSize de ado_datos17 no es válido.
Línea 4373: el nombre de la propiedad MaxRecords de ado_datos17 no es válido.
Línea 4374: el nombre de la propiedad BOFAction de ado_datos17 no es válido.
Línea 4375: el nombre de la propiedad EOFAction de ado_datos17 no es válido.
Línea 4376: el nombre de la propiedad ConnectStringType de ado_datos17 no es válido.
Línea 4380: el nombre de la propiedad Orientation de ado_datos17 no es válido.
Línea 4382: el nombre de la propiedad Connect de ado_datos17 no es válido.
Línea 4383: el nombre de la propiedad OLEDBString de ado_datos17 no es válido.
Línea 4384: el nombre de la propiedad OLEDBFile de ado_datos17 no es válido.
Línea 4385: el nombre de la propiedad DataSourceName de ado_datos17 no es válido.
Línea 4386: el nombre de la propiedad OtherAttributes de ado_datos17 no es válido.
Línea 4387: el nombre de la propiedad UserName de ado_datos17 no es válido.
Línea 4388: el nombre de la propiedad Password de ado_datos17 no es válido.
Línea 4389: el nombre de la propiedad RecordSource de ado_datos17 no es válido.
Línea 4390: el nombre de la propiedad Caption de ado_datos17 no es válido.
Línea 4400: el nombre de la propiedad _Version de ado_datos17 no es válido.
Línea 4408: el nombre de la propiedad _ExtentX de Ado_datos11 no es válido.
Línea 4409: el nombre de la propiedad _ExtentY de Ado_datos11 no es válido.
Línea 4410: el nombre de la propiedad ConnectMode de Ado_datos11 no es válido.
Línea 4411: el nombre de la propiedad CursorLocation de Ado_datos11 no es válido.
Línea 4412: el nombre de la propiedad IsolationLevel de Ado_datos11 no es válido.
Línea 4413: el nombre de la propiedad ConnectionTimeout de Ado_datos11 no es válido.
Línea 4414: el nombre de la propiedad CommandTimeout de Ado_datos11 no es válido.
Línea 4415: el nombre de la propiedad CursorType de Ado_datos11 no es válido.
Línea 4416: el nombre de la propiedad LockType de Ado_datos11 no es válido.
Línea 4417: el nombre de la propiedad CommandType de Ado_datos11 no es válido.
Línea 4418: el nombre de la propiedad CursorOptions de Ado_datos11 no es válido.
Línea 4419: el nombre de la propiedad CacheSize de Ado_datos11 no es válido.
Línea 4420: el nombre de la propiedad MaxRecords de Ado_datos11 no es válido.
Línea 4421: el nombre de la propiedad BOFAction de Ado_datos11 no es válido.
Línea 4422: el nombre de la propiedad EOFAction de Ado_datos11 no es válido.
Línea 4423: el nombre de la propiedad ConnectStringType de Ado_datos11 no es válido.
Línea 4427: el nombre de la propiedad Orientation de Ado_datos11 no es válido.
Línea 4429: el nombre de la propiedad Connect de Ado_datos11 no es válido.
Línea 4430: el nombre de la propiedad OLEDBString de Ado_datos11 no es válido.
Línea 4431: el nombre de la propiedad OLEDBFile de Ado_datos11 no es válido.
Línea 4432: el nombre de la propiedad DataSourceName de Ado_datos11 no es válido.
Línea 4433: el nombre de la propiedad OtherAttributes de Ado_datos11 no es válido.
Línea 4434: el nombre de la propiedad UserName de Ado_datos11 no es válido.
Línea 4435: el nombre de la propiedad Password de Ado_datos11 no es válido.
Línea 4436: el nombre de la propiedad RecordSource de Ado_datos11 no es válido.
Línea 4437: el nombre de la propiedad Caption de Ado_datos11 no es válido.
Línea 4447: el nombre de la propiedad _Version de Ado_datos11 no es válido.
Línea 4455: el nombre de la propiedad _ExtentX de Ado_datos16 no es válido.
Línea 4456: el nombre de la propiedad _ExtentY de Ado_datos16 no es válido.
Línea 4457: el nombre de la propiedad ConnectMode de Ado_datos16 no es válido.
Línea 4458: el nombre de la propiedad CursorLocation de Ado_datos16 no es válido.
Línea 4459: el nombre de la propiedad IsolationLevel de Ado_datos16 no es válido.
Línea 4460: el nombre de la propiedad ConnectionTimeout de Ado_datos16 no es válido.
Línea 4461: el nombre de la propiedad CommandTimeout de Ado_datos16 no es válido.
Línea 4462: el nombre de la propiedad CursorType de Ado_datos16 no es válido.
Línea 4463: el nombre de la propiedad LockType de Ado_datos16 no es válido.
Línea 4464: el nombre de la propiedad CommandType de Ado_datos16 no es válido.
Línea 4465: el nombre de la propiedad CursorOptions de Ado_datos16 no es válido.
Línea 4466: el nombre de la propiedad CacheSize de Ado_datos16 no es válido.
Línea 4467: el nombre de la propiedad MaxRecords de Ado_datos16 no es válido.
Línea 4468: el nombre de la propiedad BOFAction de Ado_datos16 no es válido.
Línea 4469: el nombre de la propiedad EOFAction de Ado_datos16 no es válido.
Línea 4470: el nombre de la propiedad ConnectStringType de Ado_datos16 no es válido.
Línea 4474: el nombre de la propiedad Orientation de Ado_datos16 no es válido.
Línea 4476: el nombre de la propiedad Connect de Ado_datos16 no es válido.
Línea 4477: el nombre de la propiedad OLEDBString de Ado_datos16 no es válido.
Línea 4478: el nombre de la propiedad OLEDBFile de Ado_datos16 no es válido.
Línea 4479: el nombre de la propiedad DataSourceName de Ado_datos16 no es válido.
Línea 4480: el nombre de la propiedad OtherAttributes de Ado_datos16 no es válido.
Línea 4481: el nombre de la propiedad UserName de Ado_datos16 no es válido.
Línea 4482: el nombre de la propiedad Password de Ado_datos16 no es válido.
Línea 4483: el nombre de la propiedad RecordSource de Ado_datos16 no es válido.
Línea 4484: el nombre de la propiedad Caption de Ado_datos16 no es válido.
Línea 4494: el nombre de la propiedad _Version de Ado_datos16 no es válido.
Línea 4502: el nombre de la propiedad _ExtentX de ado_datos15 no es válido.
Línea 4503: el nombre de la propiedad _ExtentY de ado_datos15 no es válido.
Línea 4504: el nombre de la propiedad ConnectMode de ado_datos15 no es válido.
Línea 4505: el nombre de la propiedad CursorLocation de ado_datos15 no es válido.
Línea 4506: el nombre de la propiedad IsolationLevel de ado_datos15 no es válido.
Línea 4507: el nombre de la propiedad ConnectionTimeout de ado_datos15 no es válido.
Línea 4508: el nombre de la propiedad CommandTimeout de ado_datos15 no es válido.
Línea 4509: el nombre de la propiedad CursorType de ado_datos15 no es válido.
Línea 4510: el nombre de la propiedad LockType de ado_datos15 no es válido.
Línea 4511: el nombre de la propiedad CommandType de ado_datos15 no es válido.
Línea 4512: el nombre de la propiedad CursorOptions de ado_datos15 no es válido.
Línea 4513: el nombre de la propiedad CacheSize de ado_datos15 no es válido.
Línea 4514: el nombre de la propiedad MaxRecords de ado_datos15 no es válido.
Línea 4515: el nombre de la propiedad BOFAction de ado_datos15 no es válido.
Línea 4516: el nombre de la propiedad EOFAction de ado_datos15 no es válido.
Línea 4517: el nombre de la propiedad ConnectStringType de ado_datos15 no es válido.
Línea 4521: el nombre de la propiedad Orientation de ado_datos15 no es válido.
Línea 4523: el nombre de la propiedad Connect de ado_datos15 no es válido.
Línea 4524: el nombre de la propiedad OLEDBString de ado_datos15 no es válido.
Línea 4525: el nombre de la propiedad OLEDBFile de ado_datos15 no es válido.
Línea 4526: el nombre de la propiedad DataSourceName de ado_datos15 no es válido.
Línea 4527: el nombre de la propiedad OtherAttributes de ado_datos15 no es válido.
Línea 4528: el nombre de la propiedad UserName de ado_datos15 no es válido.
Línea 4529: el nombre de la propiedad Password de ado_datos15 no es válido.
Línea 4530: el nombre de la propiedad RecordSource de ado_datos15 no es válido.
Línea 4531: el nombre de la propiedad Caption de ado_datos15 no es válido.
Línea 4541: el nombre de la propiedad _Version de ado_datos15 no es válido.
Línea 4549: el nombre de la propiedad _ExtentX de AdoDsctos no es válido.
Línea 4550: el nombre de la propiedad _ExtentY de AdoDsctos no es válido.
Línea 4551: el nombre de la propiedad ConnectMode de AdoDsctos no es válido.
Línea 4552: el nombre de la propiedad CursorLocation de AdoDsctos no es válido.
Línea 4553: el nombre de la propiedad IsolationLevel de AdoDsctos no es válido.
Línea 4554: el nombre de la propiedad ConnectionTimeout de AdoDsctos no es válido.
Línea 4555: el nombre de la propiedad CommandTimeout de AdoDsctos no es válido.
Línea 4556: el nombre de la propiedad CursorType de AdoDsctos no es válido.
Línea 4557: el nombre de la propiedad LockType de AdoDsctos no es válido.
Línea 4558: el nombre de la propiedad CommandType de AdoDsctos no es válido.
Línea 4559: el nombre de la propiedad CursorOptions de AdoDsctos no es válido.
Línea 4560: el nombre de la propiedad CacheSize de AdoDsctos no es válido.
Línea 4561: el nombre de la propiedad MaxRecords de AdoDsctos no es válido.
Línea 4562: el nombre de la propiedad BOFAction de AdoDsctos no es válido.
Línea 4563: el nombre de la propiedad EOFAction de AdoDsctos no es válido.
Línea 4564: el nombre de la propiedad ConnectStringType de AdoDsctos no es válido.
Línea 4568: el nombre de la propiedad Orientation de AdoDsctos no es válido.
Línea 4570: el nombre de la propiedad Connect de AdoDsctos no es válido.
Línea 4571: el nombre de la propiedad OLEDBString de AdoDsctos no es válido.
Línea 4572: el nombre de la propiedad OLEDBFile de AdoDsctos no es válido.
Línea 4573: el nombre de la propiedad DataSourceName de AdoDsctos no es válido.
Línea 4574: el nombre de la propiedad OtherAttributes de AdoDsctos no es válido.
Línea 4575: el nombre de la propiedad UserName de AdoDsctos no es válido.
Línea 4576: el nombre de la propiedad Password de AdoDsctos no es válido.
Línea 4577: el nombre de la propiedad RecordSource de AdoDsctos no es válido.
Línea 4578: el nombre de la propiedad Caption de AdoDsctos no es válido.
Línea 4588: el nombre de la propiedad _Version de AdoDsctos no es válido.
Línea 4596: el nombre de la propiedad _ExtentX de Ado_Datos12 no es válido.
Línea 4597: el nombre de la propiedad _ExtentY de Ado_Datos12 no es válido.
Línea 4598: el nombre de la propiedad ConnectMode de Ado_Datos12 no es válido.
Línea 4599: el nombre de la propiedad CursorLocation de Ado_Datos12 no es válido.
Línea 4600: el nombre de la propiedad IsolationLevel de Ado_Datos12 no es válido.
Línea 4601: el nombre de la propiedad ConnectionTimeout de Ado_Datos12 no es válido.
Línea 4602: el nombre de la propiedad CommandTimeout de Ado_Datos12 no es válido.
Línea 4603: el nombre de la propiedad CursorType de Ado_Datos12 no es válido.
Línea 4604: el nombre de la propiedad LockType de Ado_Datos12 no es válido.
Línea 4605: el nombre de la propiedad CommandType de Ado_Datos12 no es válido.
Línea 4606: el nombre de la propiedad CursorOptions de Ado_Datos12 no es válido.
Línea 4607: el nombre de la propiedad CacheSize de Ado_Datos12 no es válido.
Línea 4608: el nombre de la propiedad MaxRecords de Ado_Datos12 no es válido.
Línea 4609: el nombre de la propiedad BOFAction de Ado_Datos12 no es válido.
Línea 4610: el nombre de la propiedad EOFAction de Ado_Datos12 no es válido.
Línea 4611: el nombre de la propiedad ConnectStringType de Ado_Datos12 no es válido.
Línea 4615: el nombre de la propiedad Orientation de Ado_Datos12 no es válido.
Línea 4617: el nombre de la propiedad Connect de Ado_Datos12 no es válido.
Línea 4618: el nombre de la propiedad OLEDBString de Ado_Datos12 no es válido.
Línea 4619: el nombre de la propiedad OLEDBFile de Ado_Datos12 no es válido.
Línea 4620: el nombre de la propiedad DataSourceName de Ado_Datos12 no es válido.
Línea 4621: el nombre de la propiedad OtherAttributes de Ado_Datos12 no es válido.
Línea 4622: el nombre de la propiedad UserName de Ado_Datos12 no es válido.
Línea 4623: el nombre de la propiedad Password de Ado_Datos12 no es válido.
Línea 4624: el nombre de la propiedad RecordSource de Ado_Datos12 no es válido.
Línea 4625: el nombre de la propiedad Caption de Ado_Datos12 no es válido.
Línea 4635: el nombre de la propiedad _Version de Ado_Datos12 no es válido.
Línea 4643: el nombre de la propiedad _ExtentX de Ado_datos13 no es válido.
Línea 4644: el nombre de la propiedad _ExtentY de Ado_datos13 no es válido.
Línea 4645: el nombre de la propiedad ConnectMode de Ado_datos13 no es válido.
Línea 4646: el nombre de la propiedad CursorLocation de Ado_datos13 no es válido.
Línea 4647: el nombre de la propiedad IsolationLevel de Ado_datos13 no es válido.
Línea 4648: el nombre de la propiedad ConnectionTimeout de Ado_datos13 no es válido.
Línea 4649: el nombre de la propiedad CommandTimeout de Ado_datos13 no es válido.
Línea 4650: el nombre de la propiedad CursorType de Ado_datos13 no es válido.
Línea 4651: el nombre de la propiedad LockType de Ado_datos13 no es válido.
Línea 4652: el nombre de la propiedad CommandType de Ado_datos13 no es válido.
Línea 4653: el nombre de la propiedad CursorOptions de Ado_datos13 no es válido.
Línea 4654: el nombre de la propiedad CacheSize de Ado_datos13 no es válido.
Línea 4655: el nombre de la propiedad MaxRecords de Ado_datos13 no es válido.
Línea 4656: el nombre de la propiedad BOFAction de Ado_datos13 no es válido.
Línea 4657: el nombre de la propiedad EOFAction de Ado_datos13 no es válido.
Línea 4658: el nombre de la propiedad ConnectStringType de Ado_datos13 no es válido.
Línea 4662: el nombre de la propiedad Orientation de Ado_datos13 no es válido.
Línea 4664: el nombre de la propiedad Connect de Ado_datos13 no es válido.
Línea 4665: el nombre de la propiedad OLEDBString de Ado_datos13 no es válido.
Línea 4666: el nombre de la propiedad OLEDBFile de Ado_datos13 no es válido.
Línea 4667: el nombre de la propiedad DataSourceName de Ado_datos13 no es válido.
Línea 4668: el nombre de la propiedad OtherAttributes de Ado_datos13 no es válido.
Línea 4669: el nombre de la propiedad UserName de Ado_datos13 no es válido.
Línea 4670: el nombre de la propiedad Password de Ado_datos13 no es válido.
Línea 4671: el nombre de la propiedad RecordSource de Ado_datos13 no es válido.
Línea 4672: el nombre de la propiedad Caption de Ado_datos13 no es válido.
Línea 4682: el nombre de la propiedad _Version de Ado_datos13 no es válido.
Línea 4690: el nombre de la propiedad _ExtentX de AdoAux no es válido.
Línea 4691: el nombre de la propiedad _ExtentY de AdoAux no es válido.
Línea 4692: el nombre de la propiedad ConnectMode de AdoAux no es válido.
Línea 4693: el nombre de la propiedad CursorLocation de AdoAux no es válido.
Línea 4694: el nombre de la propiedad IsolationLevel de AdoAux no es válido.
Línea 4695: el nombre de la propiedad ConnectionTimeout de AdoAux no es válido.
Línea 4696: el nombre de la propiedad CommandTimeout de AdoAux no es válido.
Línea 4697: el nombre de la propiedad CursorType de AdoAux no es válido.
Línea 4698: el nombre de la propiedad LockType de AdoAux no es válido.
Línea 4699: el nombre de la propiedad CommandType de AdoAux no es válido.
Línea 4700: el nombre de la propiedad CursorOptions de AdoAux no es válido.
Línea 4701: el nombre de la propiedad CacheSize de AdoAux no es válido.
Línea 4702: el nombre de la propiedad MaxRecords de AdoAux no es válido.
Línea 4703: el nombre de la propiedad BOFAction de AdoAux no es válido.
Línea 4704: el nombre de la propiedad EOFAction de AdoAux no es válido.
Línea 4705: el nombre de la propiedad ConnectStringType de AdoAux no es válido.
Línea 4709: el nombre de la propiedad Orientation de AdoAux no es válido.
Línea 4711: el nombre de la propiedad Connect de AdoAux no es válido.
Línea 4712: el nombre de la propiedad OLEDBString de AdoAux no es válido.
Línea 4713: el nombre de la propiedad OLEDBFile de AdoAux no es válido.
Línea 4714: el nombre de la propiedad DataSourceName de AdoAux no es válido.
Línea 4715: el nombre de la propiedad OtherAttributes de AdoAux no es válido.
Línea 4716: el nombre de la propiedad UserName de AdoAux no es válido.
Línea 4717: el nombre de la propiedad Password de AdoAux no es válido.
Línea 4718: el nombre de la propiedad RecordSource de AdoAux no es válido.
Línea 4719: el nombre de la propiedad Caption de AdoAux no es válido.
Línea 4729: el nombre de la propiedad _Version de AdoAux no es válido.
Línea 4737: el nombre de la propiedad _ExtentX de Ado_datos3 no es válido.
Línea 4738: el nombre de la propiedad _ExtentY de Ado_datos3 no es válido.
Línea 4739: el nombre de la propiedad ConnectMode de Ado_datos3 no es válido.
Línea 4740: el nombre de la propiedad CursorLocation de Ado_datos3 no es válido.
Línea 4741: el nombre de la propiedad IsolationLevel de Ado_datos3 no es válido.
Línea 4742: el nombre de la propiedad ConnectionTimeout de Ado_datos3 no es válido.
Línea 4743: el nombre de la propiedad CommandTimeout de Ado_datos3 no es válido.
Línea 4744: el nombre de la propiedad CursorType de Ado_datos3 no es válido.
Línea 4745: el nombre de la propiedad LockType de Ado_datos3 no es válido.
Línea 4746: el nombre de la propiedad CommandType de Ado_datos3 no es válido.
Línea 4747: el nombre de la propiedad CursorOptions de Ado_datos3 no es válido.
Línea 4748: el nombre de la propiedad CacheSize de Ado_datos3 no es válido.
Línea 4749: el nombre de la propiedad MaxRecords de Ado_datos3 no es válido.
Línea 4750: el nombre de la propiedad BOFAction de Ado_datos3 no es válido.
Línea 4751: el nombre de la propiedad EOFAction de Ado_datos3 no es válido.
Línea 4752: el nombre de la propiedad ConnectStringType de Ado_datos3 no es válido.
Línea 4756: el nombre de la propiedad Orientation de Ado_datos3 no es válido.
Línea 4758: el nombre de la propiedad Connect de Ado_datos3 no es válido.
Línea 4759: el nombre de la propiedad OLEDBString de Ado_datos3 no es válido.
Línea 4760: el nombre de la propiedad OLEDBFile de Ado_datos3 no es válido.
Línea 4761: el nombre de la propiedad DataSourceName de Ado_datos3 no es válido.
Línea 4762: el nombre de la propiedad OtherAttributes de Ado_datos3 no es válido.
Línea 4763: el nombre de la propiedad UserName de Ado_datos3 no es válido.
Línea 4764: el nombre de la propiedad Password de Ado_datos3 no es válido.
Línea 4765: el nombre de la propiedad RecordSource de Ado_datos3 no es válido.
Línea 4766: el nombre de la propiedad Caption de Ado_datos3 no es válido.
Línea 4776: el nombre de la propiedad _Version de Ado_datos3 no es válido.
Línea 4784: el nombre de la propiedad _ExtentX de Ado_datos1 no es válido.
Línea 4785: el nombre de la propiedad _ExtentY de Ado_datos1 no es válido.
Línea 4786: el nombre de la propiedad ConnectMode de Ado_datos1 no es válido.
Línea 4787: el nombre de la propiedad CursorLocation de Ado_datos1 no es válido.
Línea 4788: el nombre de la propiedad IsolationLevel de Ado_datos1 no es válido.
Línea 4789: el nombre de la propiedad ConnectionTimeout de Ado_datos1 no es válido.
Línea 4790: el nombre de la propiedad CommandTimeout de Ado_datos1 no es válido.
Línea 4791: el nombre de la propiedad CursorType de Ado_datos1 no es válido.
Línea 4792: el nombre de la propiedad LockType de Ado_datos1 no es válido.
Línea 4793: el nombre de la propiedad CommandType de Ado_datos1 no es válido.
Línea 4794: el nombre de la propiedad CursorOptions de Ado_datos1 no es válido.
Línea 4795: el nombre de la propiedad CacheSize de Ado_datos1 no es válido.
Línea 4796: el nombre de la propiedad MaxRecords de Ado_datos1 no es válido.
Línea 4797: el nombre de la propiedad BOFAction de Ado_datos1 no es válido.
Línea 4798: el nombre de la propiedad EOFAction de Ado_datos1 no es válido.
Línea 4799: el nombre de la propiedad ConnectStringType de Ado_datos1 no es válido.
Línea 4803: el nombre de la propiedad Orientation de Ado_datos1 no es válido.
Línea 4805: el nombre de la propiedad Connect de Ado_datos1 no es válido.
Línea 4806: el nombre de la propiedad OLEDBString de Ado_datos1 no es válido.
Línea 4807: el nombre de la propiedad OLEDBFile de Ado_datos1 no es válido.
Línea 4808: el nombre de la propiedad DataSourceName de Ado_datos1 no es válido.
Línea 4809: el nombre de la propiedad OtherAttributes de Ado_datos1 no es válido.
Línea 4810: el nombre de la propiedad UserName de Ado_datos1 no es válido.
Línea 4811: el nombre de la propiedad Password de Ado_datos1 no es válido.
Línea 4812: el nombre de la propiedad RecordSource de Ado_datos1 no es válido.
Línea 4813: el nombre de la propiedad Caption de Ado_datos1 no es válido.
Línea 4823: el nombre de la propiedad _Version de Ado_datos1 no es válido.
Línea 4831: el nombre de la propiedad _ExtentX de ado_datos4A no es válido.
Línea 4832: el nombre de la propiedad _ExtentY de ado_datos4A no es válido.
Línea 4833: el nombre de la propiedad ConnectMode de ado_datos4A no es válido.
Línea 4834: el nombre de la propiedad CursorLocation de ado_datos4A no es válido.
Línea 4835: el nombre de la propiedad IsolationLevel de ado_datos4A no es válido.
Línea 4836: el nombre de la propiedad ConnectionTimeout de ado_datos4A no es válido.
Línea 4837: el nombre de la propiedad CommandTimeout de ado_datos4A no es válido.
Línea 4838: el nombre de la propiedad CursorType de ado_datos4A no es válido.
Línea 4839: el nombre de la propiedad LockType de ado_datos4A no es válido.
Línea 4840: el nombre de la propiedad CommandType de ado_datos4A no es válido.
Línea 4841: el nombre de la propiedad CursorOptions de ado_datos4A no es válido.
Línea 4842: el nombre de la propiedad CacheSize de ado_datos4A no es válido.
Línea 4843: el nombre de la propiedad MaxRecords de ado_datos4A no es válido.
Línea 4844: el nombre de la propiedad BOFAction de ado_datos4A no es válido.
Línea 4845: el nombre de la propiedad EOFAction de ado_datos4A no es válido.
Línea 4846: el nombre de la propiedad ConnectStringType de ado_datos4A no es válido.
Línea 4850: el nombre de la propiedad Orientation de ado_datos4A no es válido.
Línea 4852: el nombre de la propiedad Connect de ado_datos4A no es válido.
Línea 4853: el nombre de la propiedad OLEDBString de ado_datos4A no es válido.
Línea 4854: el nombre de la propiedad OLEDBFile de ado_datos4A no es válido.
Línea 4855: el nombre de la propiedad DataSourceName de ado_datos4A no es válido.
Línea 4856: el nombre de la propiedad OtherAttributes de ado_datos4A no es válido.
Línea 4857: el nombre de la propiedad UserName de ado_datos4A no es válido.
Línea 4858: el nombre de la propiedad Password de ado_datos4A no es válido.
Línea 4859: el nombre de la propiedad RecordSource de ado_datos4A no es válido.
Línea 4860: el nombre de la propiedad Caption de ado_datos4A no es válido.
Línea 4870: el nombre de la propiedad _Version de ado_datos4A no es válido.
Línea 4875: el nombre de la propiedad _ExtentX de CryR01 no es válido.
Línea 4876: el nombre de la propiedad _ExtentY de CryR01 no es válido.
Línea 4877: el nombre de la propiedad _Version de CryR01 no es válido.
Línea 4878: el nombre de la propiedad WindowControlBox de CryR01 no es válido.
Línea 4879: el nombre de la propiedad WindowMaxButton de CryR01 no es válido.
Línea 4880: el nombre de la propiedad WindowMinButton de CryR01 no es válido.
Línea 4881: el nombre de la propiedad WindowState de CryR01 no es válido.
Línea 4882: el nombre de la propiedad PrintFileLinesPerPage de CryR01 no es válido.
Línea 4883: el nombre de la propiedad WindowShowGroupTree de CryR01 no es válido.
Línea 4884: el nombre de la propiedad WindowAllowDrillDown de CryR01 no es válido.
Línea 4885: el nombre de la propiedad WindowShowCloseBtn de CryR01 no es válido.
Línea 4886: el nombre de la propiedad WindowShowSearchBtn de CryR01 no es válido.
Línea 4887: el nombre de la propiedad WindowShowPrintSetupBtn de CryR01 no es válido.
Línea 4888: el nombre de la propiedad WindowShowRefreshBtn de CryR01 no es válido.
