04/29/15, 16:53:44, 4, 0, \\servidor\UPDATES\Reportes\Clasificadores\ar_bienes.rpt:Server has not yet been opened.
05/06/15, 01:56:35, 4, 0, D:\Jorge\SIGCGI\reportes\ventas\ar_R103_recibo_cobranza_grp.rpt:Error detected by database DLL.
05/06/15, 02:02:15, 4, 0, D:\Jorge\SIGCGI\reportes\ventas\ar_R103_recibo_cobranza_grp.rpt:Error detected by database DLL.
22/05/2015, 03:58:27 p.m., 4, 0, D:\SIGCGI\Reportes\comercial\R222_ar_cotiza_venta_cliente.rpt:SQL server error.
05/24/15, 16:25:03, 4, 0, D:\Jorge\SIGCGI\reportes\ventas\ar_lista_de_ventas.rpt:Error detected by database DLL.
02/06/2015, 11:34:40 a.m., 4, 0, :File not found.
02/06/2015, 11:34:40 a.m., 4, 0, :File not found.
03/06/2015, 04:16:35 p.m., 4, 0, :File not found.
03/06/2015, 04:16:35 p.m., 4, 0, :File not found.
03/06/2015, 04:20:27 p.m., 4, 0, :File not found.
03/06/2015, 04:20:27 p.m., 4, 0, :File not found.
03/06/2015, 04:23:11 p.m., 4, 0, :File not found.
03/06/2015, 04:23:11 p.m., 4, 0, :File not found.
04/08/2015, 03:13:04 p.m., 4, 0, D:\SIGCGI\reportes\ventas\ar_nota_de_venta.rpt:Error detected by database DLL.
08/16/15, 19:46:30, 4, 0, D:\Jorge\SIGCGI\reportes\ventas\ar_nota_de_venta.rpt:Error detected by database DLL.
24/08/2015, 09:07:35 a.m., 4, 0, D:\SIGCGI\Reportes\Ventas\ar_libro_ventas.rpt:Error detected by database DLL.
09/02/15, 09:07:45, 4, 0, D:\Jorge\SIGCGI\reportes\ventas\ar_nota_de_venta.rpt:Error detected by database DLL.
10/10/15, 15:54:20, 4, 0, D:\Jorge\SIGCGI\Reportes\comercial\ar_lista_etapa1_id_cliente.rpt:Error detected by database DLL.
10/22/15, 10:47:17, 4, 0, D:\Jorge\SIGCGI\Reportes\comercial\ar_lista_etapa1_id_cliente.rpt:Error detected by database DLL.
11/08/15, 18:36:56, 4, 0, C:\Jorge\SIGCGI\Reportes\comercial\R224_ar_cotiza_venta_cliente.rpt:Error detected by database DLL.
11/09/15, 14:49:20, 4, 0, C:\Jorge\SIGCGI\Reportes\comercial\R222_ar_cotiza_venta_cliente_ame.rpt:Error detected by database DLL.
11/09/15, 14:49:26, 4, 0, C:\Jorge\SIGCGI\Reportes\comercial\R222_ar_cotiza_venta_cliente_ame.rpt:Error detected by database DLL.
11/10/15, 08:39:10, 4, 0, C:\Jorge\SIGCGI\Reportes\comercial\R222_ar_cotiza_venta_cliente_ame.rpt:Error detected by database DLL.
11/10/15, 18:25:59, 4, 0, C:\Jorge\SIGCGI\Reportes\comercial\R222_ar_cotiza_venta_cliente_asia.rpt:SQL server error.
11/22/15, 16:19:17, 4, 0, C:\Jorge\SIGCGI\Reportes\Comercial\ar_identificacion_cliente.rpt:SQL server error.
11/22/15, 17:31:51, 4, 0, C:\Jorge\SIGCGI\Reportes\Comercial\ar_identificacion_cliente.rpt:SQL server error.
11/22/15, 17:32:23, 4, 0, C:\Jorge\SIGCGI\Reportes\Comercial\ar_identificacion_cliente.rpt:SQL server error.
11/29/15, 00:41:48, 4, 0, C:\Jorge\SIGCGI\Reportes\comercial\ar_lista_etapa1_id_cliente.rpt:Error detected by database DLL.
11/29/15, 00:54:26, 4, 0, C:\Jorge\SIGCGI\Reportes\comercial\ar_lista_etapa1_id_cliente.rpt:Error detected by database DLL.
12/07/15, 08:33:46, 4, 0, C:\Jorge\SIGCGI\REPORTES\clasificadores\gr_departamento.rpt:Error detected by database DLL.
12/07/15, 08:34:05, 4, 0, C:\Jorge\SIGCGI\REPORTES\clasificadores\gr_provincias.rpt:Error detected by database DLL.
12/07/15, 11:39:16, 4, 0, :Invalid directory.
12/07/15, 11:39:16, 4, 0, :Invalid directory.
12/07/15, 11:39:29, 4, 0, :Invalid directory.
12/07/15, 11:39:48, 4, 0, :Invalid directory.
12/07/15, 11:39:48, 4, 0, :Invalid directory.
12/08/15, 18:05:50, 4, 0, :Invalid directory.
12/08/15, 18:05:50, 4, 0, :Invalid directory.
12/10/15, 16:13:48, 4, 0, :File not found.
12/10/15, 16:13:49, 4, 0, :File not found.
12/10/15, 17:28:59, 4, 0, :Invalid directory.
12/10/15, 17:28:59, 4, 0, :Invalid directory.
12/10/15, 17:38:08, 4, 0, :File not found.
12/10/15, 17:38:08, 4, 0, :File not found.
12/10/15, 17:38:12, 4, 0, :File not found.
12/11/15, 15:06:41, 4, 0, C:\Jorge\SIGCGI\Reportes\poa\pr_poa_objetivo_especifico.rpt:Error detected by database DLL.
12/11/15, 15:13:29, 4, 0, :File not found.
12/11/15, 15:13:29, 4, 0, :File not found.
12/11/15, 16:00:45, 4, 0, C:\Jorge\SIGCGI\Reportes\poa\pr_poa_objetivo_especifico.rpt:Error detected by database DLL.
12/11/15, 16:55:07, 4, 0, C:\Jorge\SIGCGI\Reportes\poa\pr_poa_objetivo_especifico.rpt:Error detected by database DLL.
12/12/15, 11:28:22, 4, 0, :File not found.
12/12/15, 11:28:22, 4, 0, :File not found.
12/12/15, 11:31:40, 4, 0, :File not found.
12/17/15, 16:10:36, 4, 0, :File not found.
12/17/15, 16:10:37, 4, 0, :File not found.
12/18/15, 14:44:54, 4, 0, :File not found.
12/18/15, 14:44:54, 4, 0, :File not found.
12/18/15, 14:48:55, 4, 0, :Invalid directory.
12/18/15, 14:48:55, 4, 0, :Invalid directory.
12/18/15, 14:49:18, 4, 0, :Invalid directory.
12/18/15, 14:49:18, 4, 0, :Invalid directory.
12/18/15, 14:49:51, 4, 0, :Invalid directory.
12/18/15, 16:34:02, 4, 0, :Invalid directory.
12/18/15, 16:34:02, 4, 0, :Invalid directory.
12/18/15, 16:34:05, 4, 0, :Invalid directory.
12/18/15, 16:34:37, 4, 0, :Invalid directory.
12/18/15, 16:34:37, 4, 0, :Invalid directory.
12/18/15, 16:36:46, 4, 0, :Invalid directory.
12/18/15, 16:36:46, 4, 0, :Invalid directory.
12/18/15, 16:39:44, 4, 0, :Invalid directory.
12/18/15, 16:39:44, 4, 0, :Invalid directory.
12/18/15, 16:40:05, 4, 0, :Invalid directory.
12/18/15, 16:40:05, 4, 0, :Invalid directory.
12/18/15, 16:58:52, 4, 0, :Invalid directory.
12/18/15, 16:58:52, 4, 0, :Invalid directory.
12/18/15, 17:05:01, 4, 0, :Invalid directory.
12/18/15, 17:05:01, 4, 0, :Invalid directory.
12/18/15, 17:05:21, 4, 0, :Invalid directory.
12/18/15, 17:05:21, 4, 0, :Invalid directory.
12/18/15, 17:05:37, 4, 0, :Invalid directory.
12/18/15, 17:05:37, 4, 0, :Invalid directory.
12/18/15, 17:39:22, 4, 0, :Invalid directory.
12/18/15, 17:39:22, 4, 0, :Invalid directory.
12/18/15, 17:42:11, 4, 0, :Invalid directory.
12/18/15, 17:42:11, 4, 0, :Invalid directory.
12/23/15, 11:57:57, 4, 0, C:\Jorge\SIGCGI\reportes\ventas\ar_lista_cobranzas_facturadas.rpt:The summary / running total field could not be created.
12/23/15, 12:03:18, 4, 0, C:\Jorge\SIGCGI\reportes\ventas\ar_lista_cobranzas_facturadas.rpt:The summary / running total field could not be created.
02/15/16, 16:08:02, 4, 0, C:\Jorge\SIGCGI\Reportes\comercial\R222_ar_cotiza_venta_cliente_europa.rpt:SQL server error.
02/15/16, 16:08:23, 4, 0, C:\Jorge\SIGCGI\Reportes\comercial\R222_ar_cotiza_venta_cliente_europa.rpt:SQL server error.
03/24/16, 10:43:27, 4, 0, C:\Jorge\SIGCGI\REPORTES\clasificadores\fr_ingreso_rubro.rpt:Error detected by database DLL.
03/24/16, 10:43:38, 4, 0, C:\Jorge\SIGCGI\REPORTES\clasificadores\fr_ingreso_rubro.rpt:Error detected by database DLL.
06/05/16, 02:33:14, 4, 0, :File not found.
06/20/16, 21:37:38, 4, 0, :File not found.
06/23/16, 11:45:30, 4, 0, C:\Jorge\SIGCGI\Reportes\comercial\ar_listar_id_cliente_com.rpt:Error detected by database DLL.
07/19/16, 16:32:55, 4, 0, C:\Jorge\SIGCGI\Reportes\tecnico\tr_carta_servicio.rpt:SQL server error.
07/27/16, 12:41:33, 4, 0, C:\JOSE_RODRIGUEZ\SIGCGI\Reportes\RRHH\rr_planilla_por_financiamiento.rpt:Server has not yet been opened.
08/03/16, 13:22:11, 4, 0, C:\Jorge\SIGCGI\REPORTES\RRHH\rr_boleta_pago.rpt:Server has not yet been opened.
08/03/16, 17:03:55, 4, 0, C:\Jorge\SIGCGI\REPORTES\RRHH\rr_boleta_pago.rpt:Server has not yet been opened.
08/03/16, 17:05:32, 4, 0, C:\Jorge\SIGCGI\REPORTES\RRHH\rr_boleta_pago.rpt:Server has not yet been opened.
08/03/16, 18:57:40, 4, 0, C:\Jorge\SIGCGI\REPORTES\RRHH\rr_boleta_pago.rpt:Server has not yet been opened.
08/04/16, 17:55:27, 4, 0, C:\Jorge\SIGCGI\REPORTES\RRHH\rr_planilla_ministerio_migrar.rpt:SQL server error.
08/04/16, 17:57:10, 4, 0, C:\Jorge\SIGCGI\REPORTES\RRHH\rr_planilla_prevision.rpt:SQL server error.
08/04/16, 17:57:28, 4, 0, C:\Jorge\SIGCGI\REPORTES\RRHH\rr_planilla_futuro.rpt:SQL server error.
08/04/16, 18:03:50, 4, 0, C:\Jorge\SIGCGI\REPORTES\RRHH\rr_planilla_rciva.rpt:SQL server error.
08/04/16, 18:04:12, 4, 0, C:\Jorge\SIGCGI\REPORTES\RRHH\rr_planilla_por_financiamiento.rpt:Error detected by database DLL.
08/04/16, 18:04:39, 4, 0, C:\Jorge\SIGCGI\REPORTES\RRHH\rr_envio_banco_mercantil.rpt:Error detected by database DLL.
08/04/16, 18:44:56, 4, 0, C:\Jorge\SIGCGI\REPORTES\RRHH\rr_planilla_prevision.rpt:SQL server error.
08/04/16, 18:45:58, 4, 0, C:\Jorge\SIGCGI\REPORTES\RRHH\rr_planilla_prevision.rpt:SQL server error.
08/04/16, 19:44:45, 4, 0, C:\Jorge\SIGCGI\REPORTES\RRHH\rr_fondo_pensiones.rpt:SQL server error.
08/05/16, 12:27:21, 4, 0, C:\Jorge\SIGCGI\REPORTES\RRHH\rr_envio_banco_mercantil.rpt:DB Error: Invalid parameter values
08/05/16, 12:30:27, 4, 0, C:\Jorge\SIGCGI\REPORTES\RRHH\rr_envio_banco_mercantil.rpt:DB Error: Invalid parameter values
08/05/16, 12:30:35, 4, 0, C:\Jorge\SIGCGI\REPORTES\RRHH\rr_envio_banco_mercantil.rpt:DB Error: Invalid parameter values
08/05/16, 12:31:29, 4, 0, C:\Jorge\SIGCGI\REPORTES\RRHH\rr_envio_banco_mercantil.rpt:DB Error: Invalid parameter values
08/05/16, 12:38:28, 4, 0, C:\Jorge\SIGCGI\REPORTES\RRHH\rr_envio_banco_mercantil.rpt:DB Error: Invalid parameter values
08/05/16, 12:38:48, 4, 0, C:\Jorge\SIGCGI\REPORTES\RRHH\rr_envio_banco_mercantil.rpt:DB Error: Invalid parameter values
08/05/16, 12:51:19, 4, 0, C:\Jorge\SIGCGI\REPORTES\RRHH\rr_envio_banco_mercantil.rpt:DB Error: Invalid parameter values
08/05/16, 13:06:56, 4, 0, C:\Jorge\SIGCGI\REPORTES\RRHH\rr_envio_banco_mercantil.rpt:DB Error: Invalid parameter values
08/05/16, 13:44:36, 4, 0, C:\Jorge\SIGCGI\REPORTES\RRHH\rr_envio_banco_mercantil.rpt:DB Error: Invalid parameter values
09/22/16, 18:57:48, 4, 0, :File not found.
09/22/16, 18:57:48, 4, 0, :File not found.
10/13/16, 15:17:58, 4, 0, :File not found.
10/13/16, 15:18:33, 4, 0, :File not found.
10/14/16, 10:07:14, 4, 0, :File not found.
10/14/16, 10:07:14, 4, 0, :File not found.
10/14/16, 10:08:10, 4, 0, :File not found.
10/14/16, 10:12:34, 4, 0, :File not found.
10/14/16, 10:12:38, 4, 0, :File not found.
11/07/16, 08:46:22, 4, 0, C:\Jorge\SIGCGI\Reportes\Comercial\ar_bitacora_negociaciones.rpt:Error detected by database DLL.
11/21/16, 09:35:12, 4, 0, C:\Jorge\SIGCGI\Reportes\Ventas\ar_libro_ventas.rpt:Error detected by database DLL.
11/30/16, 13:28:19, 4, 0, :File not found.
11/30/16, 13:28:19, 4, 0, :File not found.
11/30/16, 13:28:35, 4, 0, :File not found.
11/30/16, 13:28:35, 4, 0, :File not found.
12/01/16, 08:31:15, 4, 0, :File not found.
12/01/16, 08:31:15, 4, 0, :File not found.
12/08/16, 14:48:05, 4, 0, C:\Jorge\SIGCGI\REPORTES\CLASIFICADORES\fr_ingresos_grupo.rpt:Server has not yet been opened.
12/08/16, 14:48:21, 4, 0, C:\Jorge\SIGCGI\REPORTES\CLASIFICADORES\fr_ingresos_grupo.rpt:Server has not yet been opened.
12/08/16, 15:09:58, 4, 0, C:\Jorge\SIGCGI\REPORTES\CLASIFICADORES\fr_ingresos_grupo.rpt:Server has not yet been opened.
12/08/16, 15:11:24, 4, 0, C:\Jorge\SIGCGI\REPORTES\clasificadores\fr_ingresos_grupo.rpt:Server has not yet been opened.
12/08/16, 15:26:59, 4, 0, C:\Jorge\SIGCGI\REPORTES\clasificadores\fr_Relacionador_Ingresos.rpt:Server has not yet been opened.
12/08/16, 15:35:18, 4, 0, C:\Jorge\SIGCGI\REPORTES\clasificadores\fr_Relacionador_Ingresos.rpt:Server has not yet been opened.
12/15/16, 18:40:10, 4, 0, :File not found.
12/15/16, 18:40:10, 4, 0, :File not found.
01/06/17, 15:38:30, 4, 0, C:\Jorge\SIGCGI\Reportes\tecnico\tr_carta_servicio.rpt:SQL server error.
01/06/17, 19:55:46, 4, 0, C:\Jorge\SIGCGI\Reportes\comercial\R222_ar_cotiza_venta_cliente_europa.rpt:SQL server error.
01/17/17, 17:34:19, 4, 0, C:\Jorge\SIGCGI\REPORTES\Contabilidad\cr_mayor_auxiliar.rpt:The remaining text does not appear to be part of the formula.
01/18/17, 16:00:21, 4, 0, C:\Jorge\SIGCGI\REPORTES\Contabilidad\cr_mayor_auxiliar.rpt:Error detected by database DLL.
01/20/17, 17:53:42, 4, 0, :File not found.
01/20/17, 17:53:42, 4, 0, :File not found.
01/20/17, 18:10:21, 4, 0, C:\Jorge\SIGCGI\Reportes\Almacenes\ar_salida_almacen_mant.rpt:Server has not yet been opened.
02/01/17, 18:28:52, 4, 0, C:\Jorge\SIGCGI\Reportes\Almacenes\ar_salida_almacen_mant.rpt:Error detected by database DLL.
02/11/17, 16:36:45, 4, 0, C:\Jorge\SIGCGI\Reportes\Almacenes\ar_salida_almacen_mant.rpt:Server has not yet been opened.
02/13/17, 11:00:38, 4, 0, C:\Jorge\SIGCGI\Reportes\Almacenes\ar_salida_almacen_mant.rpt:Server has not yet been opened.
02/14/17, 08:36:33, 4, 0, C:\Jorge\SIGCGI\Reportes\Almacenes\ar_salida_almacen_mant.rpt:Server has not yet been opened.
02/14/17, 08:36:40, 4, 0, C:\Jorge\SIGCGI\Reportes\Almacenes\ar_salida_almacen_mant.rpt:Server has not yet been opened.
02/16/17, 15:32:11, 4, 0, C:\Jorge\SIGCGI\reportes\ventas\ar_nota_de_venta.rpt:Error detected by database DLL.
02/20/17, 12:28:24, 4, 0, C:\Jorge\SIGCGI\reportes\ventas\ar_lista_diaria_facturas.rpt:Error detected by database DLL.
21/02/2017, 10:45:32, 4, 0, C:\Jorge\SIGCGI\Reportes\Ventas\fr_cobranzas_facturadas_mes_txt.rpt:The file is in use by another application.
03/01/17, 15:31:02, 4, 0, C:\Jorge\SIGCGI\reportes\ventas\ar_R103_recibo_cobranza.rpt:The matching " for this string is missing.
03/01/17, 15:31:17, 4, 0, C:\Jorge\SIGCGI\reportes\ventas\ar_R103_recibo_cobranza.rpt:The matching " for this string is missing.
03/01/17, 18:34:12, 4, 0, C:\Jorge\SIGCGI\Reportes\Almacenes\ar_salida_almacen_mant_lista.rpt:Server has not yet been opened.
03/02/17, 16:57:43, 4, 0, C:\Jorge\SIGCGI\Reportes\Almacenes\ar_salida_almacen_mant_lista.rpt:Server has not yet been opened.
03/20/17, 12:25:57, 4, 0, C:\Jorge\SIGCGI\Reportes\comercial\R222_ar_cotiza_venta_cliente_europa.rpt:SQL server error.
03/20/17, 16:30:27, 4, 0, C:\Jorge\SIGCGI\Reportes\Almacenes\ar_salida_almacenes.rpt:Error detected by database DLL.
03/20/17, 17:03:49, 4, 0, C:\Jorge\SIGCGI\Reportes\Almacenes\ar_salida_almacenes.rpt:Error detected by database DLL.
03/21/17, 18:56:54, 4, 0, C:\Jorge\SIGCGI\Reportes\Almacenes\ar_salida_almacenes_trf.rpt:Server has not yet been opened.
03/23/17, 15:20:31, 4, 0, C:\Jorge\SIGCGI\Reportes\Almacenes\ar_almacen_kardex.rpt:Server has not yet been opened.
03/23/17, 15:21:26, 4, 0, C:\Jorge\SIGCGI\Reportes\Almacenes\ar_almacen_kardex.rpt:Server has not yet been opened.
04/03/17, 15:12:43, 4, 0, C:\Jorge\SIGCGI\REPORTES\RRHH\rr_planilla_ministerio.rpt:SQL server error.
04/03/17, 15:12:51, 4, 0, C:\Jorge\SIGCGI\REPORTES\RRHH\rr_planilla_ministerio_migrar_2.rpt:SQL server error.
04/10/17, 17:02:50, 4, 0, D:\Jorge\SIGCGI\REPORTES\Contabilidad\cr_mayor_auxiliar.rpt:Server has not yet been opened.
04/10/17, 17:03:22, 4, 0, D:\Jorge\SIGCGI\REPORTES\Contabilidad\cr_mayor_auxiliar.rpt:Server has not yet been opened.
04/10/17, 17:03:42, 4, 0, D:\Jorge\SIGCGI\REPORTES\Contabilidad\cr_mayor_auxiliar.rpt:Server has not yet been opened.
04/10/17, 17:17:44, 4, 0, D:\Jorge\SIGCGI\REPORTES\Contabilidad\cr_mayor_auxiliar.rpt:Server has not yet been opened.
04/10/17, 17:17:47, 4, 0, D:\Jorge\SIGCGI\REPORTES\Contabilidad\cr_mayor_auxiliar.rpt:Server has not yet been opened.
04/10/17, 17:33:23, 4, 0, D:\Jorge\SIGCGI\REPORTES\Contabilidad\cr_mayor_auxiliar.rpt:Server has not yet been opened.
04/10/17, 17:42:09, 4, 0, D:\Jorge\SIGCGI\REPORTES\Contabilidad\cr_mayor_auxiliar.rpt:Server has not yet been opened.
04/10/17, 17:42:53, 4, 0, D:\Jorge\SIGCGI\REPORTES\Contabilidad\cr_mayor_auxiliar.rpt:Server has not yet been opened.
04/10/17, 17:49:47, 4, 0, D:\Jorge\SIGCGI\REPORTES\Contabilidad\cr_mayor_auxiliar.rpt:Server has not yet been opened.
04/10/17, 17:52:27, 4, 0, D:\Jorge\SIGCGI\REPORTES\Contabilidad\cr_mayor_auxiliar.rpt:Server has not yet been opened.
04/10/17, 17:54:35, 4, 0, D:\Jorge\SIGCGI\REPORTES\Contabilidad\cr_mayor_auxiliar.rpt:Server has not yet been opened.
04/10/17, 17:54:43, 4, 0, D:\Jorge\SIGCGI\REPORTES\Contabilidad\cr_mayor_auxiliar.rpt:Server has not yet been opened.
04/10/17, 18:24:32, 4, 0, D:\Jorge\SIGCGI\REPORTES\Contabilidad\cr_mayor_auxiliar.rpt:Server has not yet been opened.
05/18/17, 16:27:17, 4, 0, D:\Jorge\SIGCGI\reportes\ventas\ar_nota_de_venta.rpt:Error detected by database DLL.
05/18/17, 17:23:33, 4, 0, D:\Jorge\SIGCGI\Reportes\Almacenes\ar_almacen_kardex.rpt:Error detected by database DLL.
05/18/17, 17:23:41, 4, 0, D:\Jorge\SIGCGI\Reportes\Almacenes\ar_almacen_kardex.rpt:Error detected by database DLL.
05/18/17, 17:25:24, 4, 0, D:\Jorge\SIGCGI\Reportes\Almacenes\ar_almacen_kardex.rpt:Error detected by database DLL.
05/19/17, 15:10:28, 4, 0, :File not found.
05/19/17, 15:10:40, 4, 0, :File not found.
05/23/17, 15:45:24, 4, 0, :File not found.
05/23/17, 15:45:24, 4, 0, :File not found.
05/23/17, 15:46:59, 4, 0, :File not found.
05/23/17, 15:46:59, 4, 0, :File not found.
05/23/17, 15:48:19, 4, 0, :File not found.
05/23/17, 15:48:19, 4, 0, :File not found.
05/23/17, 15:48:32, 4, 0, :File not found.
05/23/17, 15:48:32, 4, 0, :File not found.
05/23/17, 15:48:45, 4, 0, :File not found.
05/23/17, 15:48:45, 4, 0, :File not found.
05/23/17, 15:49:27, 4, 0, :File not found.
05/23/17, 15:49:27, 4, 0, :File not found.
05/23/17, 15:49:46, 4, 0, :File not found.
05/23/17, 15:49:46, 4, 0, :File not found.
05/23/17, 15:57:53, 4, 0, :File not found.
05/23/17, 15:57:53, 4, 0, :File not found.
05/23/17, 16:01:34, 4, 0, :File not found.
05/23/17, 16:01:34, 4, 0, :File not found.
05/23/17, 16:01:45, 4, 0, :File not found.
05/23/17, 16:01:45, 4, 0, :File not found.
05/23/17, 16:02:01, 4, 0, :File not found.
05/23/17, 16:02:01, 4, 0, :File not found.
05/23/17, 16:43:03, 4, 0, :File not found.
05/23/17, 16:43:03, 4, 0, :File not found.
05/25/17, 12:29:42, 4, 0, :Invalid directory.
05/25/17, 12:29:42, 4, 0, :Invalid directory.
05/25/17, 12:30:04, 4, 0, D:\Jorge\SIGCGI\Reportes\Almacenes\ar_almacen_kardex_tot_alm.rpt:This field name is not known.
05/30/17, 18:32:26, 4, 0, D:\Jorge\SIGCGI\Reportes\Almacenes\ar_kardex_almacen_acumulado.rpt:DB Error: Invalid parameter values
05/30/17, 19:02:13, 4, 0, D:\Jorge\SIGCGI\Reportes\Almacenes\ar_kardex_almacen_acumulado.rpt:DB Error: Invalid parameter values
05/30/17, 19:05:13, 4, 0, D:\Jorge\SIGCGI\Reportes\Almacenes\ar_kardex_almacen_acumulado.rpt:DB Error: Invalid parameter values
05/30/17, 19:08:10, 4, 0, D:\Jorge\SIGCGI\Reportes\Almacenes\ar_kardex_almacen_acumulado.rpt:DB Error: Invalid parameter values
05/30/17, 19:09:50, 4, 0, D:\Jorge\SIGCGI\Reportes\Almacenes\ar_kardex_almacen_acumulado.rpt:DB Error: Invalid parameter values
05/30/17, 19:11:20, 4, 0, D:\Jorge\SIGCGI\Reportes\Almacenes\ar_kardex_almacen_acumulado.rpt:DB Error: Invalid parameter values
05/30/17, 19:17:08, 4, 0, D:\Jorge\SIGCGI\Reportes\Almacenes\ar_kardex_almacen_acumulado.rpt:DB Error: Invalid parameter values
05/30/17, 19:20:53, 4, 0, D:\Jorge\SIGCGI\Reportes\Almacenes\ar_kardex_almacen_acumulado.rpt:DB Error: Invalid parameter values
05/30/17, 19:25:43, 4, 0, D:\Jorge\SIGCGI\Reportes\Almacenes\ar_kardex_almacen_acumulado.rpt:DB Error: Invalid parameter values
05/31/17, 12:16:16, 4, 0, D:\Jorge\SIGCGI\Reportes\Almacenes\ar_kardex_almacen_acumulado.rpt:DB Error: Invalid parameter values
05/31/17, 12:18:16, 4, 0, D:\Jorge\SIGCGI\Reportes\Almacenes\ar_kardex_almacen_acumulado.rpt:DB Error: Invalid parameter values
05/31/17, 12:20:16, 4, 0, D:\Jorge\SIGCGI\Reportes\Almacenes\ar_kardex_almacen_acumulado.rpt:DB Error: Invalid parameter values
05/31/17, 12:21:04, 4, 0, D:\Jorge\SIGCGI\Reportes\Almacenes\ar_kardex_almacen_acumulado.rpt:DB Error: Invalid parameter values
05/31/17, 17:53:39, 4, 0, D:\Jorge\SIGCGI\Reportes\Almacenes\ar_kardex_almacen_acumulado.rpt:Error detected by database DLL.
05/31/17, 17:53:42, 4, 0, D:\Jorge\SIGCGI\Reportes\Almacenes\ar_kardex_almacen_acumulado.rpt:Error detected by database DLL.
05/31/17, 17:54:52, 4, 0, D:\Jorge\SIGCGI\Reportes\Almacenes\ar_kardex_almacen_acumulado.rpt:Error detected by database DLL.
05/31/17, 17:56:00, 4, 0, D:\Jorge\SIGCGI\Reportes\Almacenes\ar_kardex_almacen_acumulado.rpt:Error detected by database DLL.
05/31/17, 17:56:58, 4, 0, D:\Jorge\SIGCGI\Reportes\Almacenes\ar_kardex_almacen_acumulado.rpt:Error detected by database DLL.
06/06/17, 12:21:25, 4, 0, D:\Jorge\SIGCGI\Reportes\Ventas\fr_cobranzas_facturadas_mes_eqp.rpt:The string in non-numeric.
06/06/17, 12:25:13, 4, 0, D:\Jorge\SIGCGI\Reportes\Ventas\fr_cobranzas_facturadas_mes_eqp.rpt:The string in non-numeric.
06/06/17, 17:06:22, 4, 0, :File not found.
06/06/17, 17:06:22, 4, 0, :File not found.
06/07/17, 09:22:28, 4, 0, :File not found.
06/07/17, 09:22:28, 4, 0, :File not found.
06/20/17, 10:32:36, 4, 0, D:\Jorge\SIGCGI\Reportes\Almacenes\ar_salida_almacen_mant.rpt:Error detected by database DLL.
06/20/17, 10:32:51, 4, 0, D:\Jorge\SIGCGI\Reportes\Almacenes\ar_salida_almacen_mant.rpt:Error detected by database DLL.
13/07/2017, 15:19:36, 4, 0, D:\Jorge\SIGCGI\Reportes\Ventas\fr_cobranzas_facturadas_mes_lm.rpt:The file is in use by another application.
13/07/2017, 15:54:17, 4, 0, D:\Jorge\SIGCGI\Reportes\Ventas\fr_cobranzas_facturadas_mes_lm.rpt:The file is in use by another application.
13/07/2017, 16:18:25, 4, 0, D:\Jorge\SIGCGI\Reportes\Ventas\fr_cobranzas_facturadas_mes_lm.rpt:The file is in use by another application.
07/25/17, 10:23:40, 4, 0, D:\Jorge\SIGCGI\Reportes\Almacenes\ar_salida_almacen_mant.rpt:Error detected by database DLL.
07/25/17, 10:34:13, 4, 0, D:\Jorge\SIGCGI\Reportes\Almacenes\ar_salida_almacen_mant.rpt:Error detected by database DLL.
07/25/17, 10:35:05, 4, 0, D:\Jorge\SIGCGI\Reportes\Almacenes\ar_salida_almacen_mant.rpt:Error detected by database DLL.
07/25/17, 10:37:42, 4, 0, D:\Jorge\SIGCGI\Reportes\Almacenes\ar_salida_almacen_mant.rpt:Error detected by database DLL.
07/25/17, 10:38:39, 4, 0, D:\Jorge\SIGCGI\Reportes\Almacenes\ar_salida_almacen_mant.rpt:Error detected by database DLL.
07/25/17, 10:44:38, 4, 0, D:\Jorge\SIGCGI\Reportes\Almacenes\ar_salida_almacen_mant.rpt:Error detected by database DLL.
07/25/17, 10:45:33, 4, 0, D:\Jorge\SIGCGI\Reportes\Almacenes\ar_salida_almacen_mant.rpt:Error detected by database DLL.
07/25/17, 10:46:34, 4, 0, D:\Jorge\SIGCGI\Reportes\Almacenes\ar_salida_almacen_mant.rpt:Error detected by database DLL.
07/25/17, 14:50:09, 4, 0, D:\Jorge\SIGCGI\Reportes\Almacenes\ar_salida_almacen_mant.rpt:Error detected by database DLL.
07/25/17, 14:51:28, 4, 0, D:\Jorge\SIGCGI\Reportes\Almacenes\ar_salida_almacen_mant.rpt:Error detected by database DLL.
08/04/17, 10:19:05, 4, 0, :File not found.
08/04/17, 10:19:05, 4, 0, :File not found.
08/04/17, 10:19:12, 4, 0, D:\Jorge\SIGCGI\Reportes\Almacenes\ar_salida_almacenes_herramientas.rpt:Error detected by database DLL.
08/04/17, 10:20:54, 4, 0, D:\Jorge\SIGCGI\Reportes\Almacenes\ar_salida_almacenes_herramientas.rpt:Error detected by database DLL.
08/08/17, 09:29:13, 4, 0, :File not found.
08/08/17, 09:29:13, 4, 0, :File not found.
08/08/17, 17:42:30, 4, 0, :File not found.
08/08/17, 17:42:30, 4, 0, :File not found.
08/08/17, 17:42:35, 4, 0, :File not found.
08/08/17, 17:42:35, 4, 0, :File not found.
08/16/17, 15:29:58, 4, 0, :File not found.
08/16/17, 15:29:58, 4, 0, :File not found.
08/16/17, 15:30:20, 4, 0, :File not found.
08/16/17, 15:30:20, 4, 0, :File not found.
08/16/17, 15:32:07, 4, 0, :File not found.
08/16/17, 15:32:08, 4, 0, :File not found.
10/05/17, 17:49:04, 4, 0, D:\Jorge\SIGCGI\Reportes\comercial\R222_ar_cotiza_venta_cliente_europa.rpt:SQL server error.
10/10/17, 16:35:43, 4, 0, D:\Jorge\SIGCGI\Reportes\tecnico\tr_cronograma_mensual_ejecucion.rpt:Error detected by database DLL.
11/09/17, 14:45:11, 4, 0, D:\Jorge\SIGCGI\Reportes\Ventas\fr_seguimiento_cobranza_concilia.rpt:SQL server error.
11/09/17, 14:45:28, 4, 0, D:\Jorge\SIGCGI\Reportes\Ventas\fr_seguimiento_cobranza_concilia.rpt:SQL server error.
11/09/17, 14:45:54, 4, 0, D:\Jorge\SIGCGI\Reportes\Ventas\fr_seguimiento_cobranza_concilia.rpt:SQL server error.
11/09/17, 14:46:21, 4, 0, D:\Jorge\SIGCGI\Reportes\Ventas\fr_seguimiento_cobranza_concilia.rpt:SQL server error.
09/11/2017, 15:50:38, 4, 0, D:\Jorge\SIGCGI\Reportes\Ventas\ar_libro_ventas.rpt:Error detected by database DLL.
11/16/17, 16:19:53, 4, 0, D:\Jorge\SIGCGI\Reportes\comercial\R222_ar_cotiza_venta_cliente_europa.rpt:SQL server error.
07/12/2017, 12:33:25, 4, 0, D:\Jorge\SOFIA\SIGCGI\Reportes\Gerenciales\gr_ventas_por_proceso_y_mes_Bs.rpt:The file is in use by another application.
07/12/2017, 12:34:35, 4, 0, D:\Jorge\SOFIA\SIGCGI\Reportes\Gerenciales\gr_ventas_por_depto_y_mes_Bs.rpt:The file is in use by another application.
12/21/17, 19:49:07, 4, 0, D:\Jorge\SOFIA\SIGCGI\reportes\Contabilidad\cr_registro_diario.rpt:Error starting print job. Please check your printer or network connection.
12/27/17, 16:05:48, 4, 0, D:\Jorge\SOFIA\SIGCGI\Reportes\Gerenciales\gr_ventas_por_proceso_y_mes_Bs.rpt:Error detected by database DLL.
28/12/2017, 09:01:08, 4, 0, D:\Jorge\SOFIA\SIGCGI\Reportes\Gerenciales\gr_ventas_por_proceso_y_mes_Bs.rpt:Error detected by database DLL.
28/12/2017, 09:02:03, 4, 0, D:\Jorge\SOFIA\SIGCGI\Reportes\Gerenciales\gr_ventas_por_proceso_y_mes_Bs.rpt:Error detected by database DLL.
28/12/2017, 09:03:06, 4, 0, D:\Jorge\SOFIA\SIGCGI\Reportes\Gerenciales\gr_ventas_por_proceso_y_mes_Bs.rpt:Error detected by database DLL.
28/12/2017, 16:02:20, 4, 0, :File not found.
28/12/2017, 16:02:20, 4, 0, :File not found.
04/20/18, 11:47:12, 4, 0, C:\Users\desarrollo\Desktop\FUENTE_CGI\SIGCGI\Reportes\Ventas\ar_libro_ventas.rpt:Error detected by database DLL.
04/20/18, 11:47:44, 4, 0, C:\Users\desarrollo\Desktop\FUENTE_CGI\SIGCGI\Reportes\Ventas\ar_libro_ventas.rpt:Error detected by database DLL.
04/20/18, 11:49:50, 4, 0, C:\Users\desarrollo\Desktop\FUENTE_CGI\SIGCGI\Reportes\Ventas\ar_libro_ventas.rpt:Error detected by database DLL.
05/22/18, 11:27:50, 4, 0, D:\datos_gsalinas_cgi\FUENTE_CGI\SIGCGI\Reportes\tecnico\tr_R302_cronograma_mensual_eqp.rpt:Error detected by database DLL.
05/22/18, 11:28:02, 4, 0, D:\datos_gsalinas_cgi\FUENTE_CGI\SIGCGI\Reportes\tecnico\tr_R302_cronograma_mensual_eqp.rpt:Error detected by database DLL.
05/22/18, 11:28:12, 4, 0, D:\datos_gsalinas_cgi\FUENTE_CGI\SIGCGI\Reportes\tecnico\tr_R302_cronograma_mensual_eqp.rpt:Error detected by database DLL.
05/22/18, 11:34:50, 4, 0, D:\datos_gsalinas_cgi\FUENTE_CGI\SIGCGI\Reportes\tecnico\tr_R302_cronograma_mensual_eqp.rpt:Error detected by database DLL.
05/22/18, 11:39:22, 4, 0, D:\datos_gsalinas_cgi\FUENTE_CGI\SIGCGI\Reportes\tecnico\tr_R302_cronograma_mensual_eqp.rpt:Error detected by database DLL.
05/22/18, 14:48:19, 4, 0, D:\datos_gsalinas_cgi\FUENTE_CGI\SIGCGI\Reportes\tecnico\tr_R302_cronograma_mensual_eqp.rpt:Error detected by database DLL.
06/06/2018, 18:02:42, 4, 0, D:\datos_gsalinas_cgi\FUENTE_CGI\SIGCGI\REPORTES\RRHH\rr_planilla_ministerio_migrar.rpt:The file is in use by another application.
08/03/18, 11:45:34, 4, 0, :File not found.
08/03/18, 11:45:34, 4, 0, :File not found.
08/14/18, 11:41:26, 4, 0, D:\datos_gsalinas_cgi\FUENTE_CGI\SIGCGI\REPORTES\RRHH\rr_boleta_pago_general.rpt:Error detected by database DLL.
08/14/18, 11:42:04, 4, 0, D:\datos_gsalinas_cgi\FUENTE_CGI\SIGCGI\REPORTES\RRHH\rr_boleta_pago_general.rpt:Error detected by database DLL.
08/14/18, 11:42:50, 4, 0, D:\datos_gsalinas_cgi\FUENTE_CGI\SIGCGI\REPORTES\RRHH\rr_boleta_pago_general.rpt:Error detected by database DLL.
08/14/18, 11:43:04, 4, 0, D:\datos_gsalinas_cgi\FUENTE_CGI\SIGCGI\REPORTES\RRHH\rr_boleta_pago_general.rpt:Error detected by database DLL.
11/20/18, 09:09:08, 4, 0, D:\datos_gsalinas_cgi\FUENTE_CGI\SIGCGI\REPORTES\RRHH\rr_boleta_pago.rpt:Error detected by database DLL.
05/23/19, 09:31:10, 4, 0, F:\JORGE\GAMEA\SIGCGI\SIGCGI\REPORTES\RRHH\rr_planilla_ministerio_retroactivo_migrar.rpt:Server has not yet been opened.
05/23/19, 09:33:09, 4, 0, F:\JORGE\GAMEA\SIGCGI\SIGCGI\REPORTES\RRHH\rr_planilla_ministerio_retroactivo_migrar.rpt:Server has not yet been opened.
05/23/19, 09:34:21, 4, 0, F:\JORGE\GAMEA\SIGCGI\SIGCGI\REPORTES\RRHH\rr_altas.rpt:Server has not yet been opened.
05/23/19, 09:36:37, 4, 0, F:\JORGE\GAMEA\SIGCGI\SIGCGI\REPORTES\RRHH\rr_planilla_ministerio_retroactivo_migrar.rpt:Server has not yet been opened.
02/20/20, 12:01:48, 4, 0, F:\JORGE\GAMEA\SIGCGI\SIGCGI\reportes\ventas\ar_R101_factura.rpt:Server has not yet been opened.
02/20/20, 12:15:55, 4, 0, F:\JORGE\GAMEA\SIGCGI\SIGCGI\reportes\ventas\ar_R101_factura.rpt:Server has not yet been opened.
02/27/20, 12:08:13, 4, 0, F:\JORGE\GAMEA\SIGCGI\SIGCGI\REPORTES\RRHH\rr_boleta_pago.rpt:Server has not yet been opened.
02/27/20, 12:11:26, 4, 0, F:\JORGE\GAMEA\SIGCGI\SIGCGI\REPORTES\RRHH\rr_planilla_ministerio.rpt:Server has not yet been opened.
02/27/20, 12:14:46, 4, 0, F:\JORGE\GAMEA\SIGCGI\SIGCGI\REPORTES\RRHH\rr_planilla_ministerio.rpt:Server has not yet been opened.
02/27/20, 12:15:36, 4, 0, F:\JORGE\GAMEA\SIGCGI\SIGCGI\REPORTES\RRHH\rr_planilla_ministerio_cge.rpt:Server has not yet been opened.
02/27/20, 12:52:04, 4, 0, F:\JORGE\GAMEA\SIGCGI\SIGCGI\REPORTES\RRHH\rr_planilla_ministerio.rpt:Server has not yet been opened.
02/27/20, 18:34:58, 4, 0, F:\JORGE\GAMEA\SIGCGI\SIGCGI\REPORTES\RRHH\rr_boleta_pago.rpt:Server has not yet been opened.
02/27/20, 18:42:03, 4, 0, F:\JORGE\GAMEA\SIGCGI\SIGCGI\REPORTES\RRHH\rr_refrigerio.rpt:Server has not yet been opened.
02/27/20, 18:50:54, 4, 0, F:\JORGE\GAMEA\SIGCGI\SIGCGI\REPORTES\RRHH\rr_planilla_ministerio.rpt:Server has not yet been opened.
03/19/20, 11:58:58, 4, 0, F:\JORGE\GAMEA\SIGCGI\SIGCGI\Reportes\Clasificadores\ar_bienes_equipos.rpt:Server has not yet been opened.
03/19/20, 11:59:17, 4, 0, F:\JORGE\GAMEA\SIGCGI\SIGCGI\REPORTES\clasificadores\gr_edificaciones.rpt:Server has not yet been opened.
03/19/20, 12:06:05, 4, 0, F:\JORGE\GAMEA\SIGCGI\SIGCGI\Reportes\Ventas\fr_seguimiento_venta_fac_cobro_txt.rpt:Server has not yet been opened.
03/19/20, 12:08:21, 4, 0, F:\JORGE\GAMEA\SIGCGI\SIGCGI\reportes\ventas\ar_lista_diaria_facturas.rpt:Server has not yet been opened.
03/19/20, 12:10:24, 4, 0, F:\JORGE\GAMEA\SIGCGI\SIGCGI\Reportes\Ventas\fr_cobranzas_solo_facturadas.rpt:Server has not yet been opened.
05/05/20, 21:19:45, 4, 0, F:\JORGE\GAMEA\SIGCGI\SIGCGI\Reportes\Ventas\fr_cobranzas_facturadas_unidad.rpt:Server has not yet been opened.
05/05/20, 21:21:41, 4, 0, F:\JORGE\GAMEA\SIGCGI\SIGCGI\Reportes\Ventas\ar_libro_ventas.rpt:Server has not yet been opened.
05/05/20, 21:22:53, 4, 0, F:\JORGE\GAMEA\SIGCGI\SIGCGI\Reportes\Ventas\fr_cobranzas_solo_facturadas.rpt:Server has not yet been opened.
05/05/20, 21:25:04, 4, 0, F:\JORGE\GAMEA\SIGCGI\SIGCGI\Reportes\Gerenciales\gr_Fac_por_depto_y_mes_Bs.rpt:Server has not yet been opened.
05/06/20, 01:22:18, 4, 0, F:\JORGE\GAMEA\SIGCGI\SIGCGI\Reportes\Ventas\ar_lista_cobranzas_facturadas_Cobrador.rpt:Error detected by database DLL.
05/06/20, 03:05:29, 4, 0, :File not found.
05/06/20, 03:05:29, 4, 0, :File not found.
02/06/2020, 21:50:35 p.m., 4, 0, :File not found.
02/06/2020, 21:50:35 p.m., 4, 0, :File not found.
02/06/2020, 21:50:41 p.m., 4, 0, :File not found.
02/06/2020, 21:50:41 p.m., 4, 0, :File not found.
02/06/2020, 21:50:47 p.m., 4, 0, :File not found.
02/06/2020, 21:50:47 p.m., 4, 0, :File not found.
02/06/2020, 21:50:51 p.m., 4, 0, :File not found.
02/06/2020, 21:50:51 p.m., 4, 0, :File not found.
02/06/2020, 21:50:55 p.m., 4, 0, :File not found.
02/06/2020, 21:50:55 p.m., 4, 0, :File not found.
02/06/2020, 22:08:13 p.m., 4, 0, :File not found.
02/06/2020, 22:08:16 p.m., 4, 0, :File not found.
02/06/2020, 22:37:25 p.m., 4, 0, F:\JORGE\GAMEA\SIGCGI\SIGCGI\Reportes\Gerenciales\gr_Fac_por_proceso_y_mes_Bs.rpt:Error detected by database DLL.
12/08/2020, 10:20:53 p.m., 4, 0, C:\Users\Administrador.gerrrhh\Music\fuentes\SIGCGI\Reportes\Gerenciales\gr_Fac_por_proceso_y_mes_Bs.rpt:Error detected by database DLL.
08/13/20, 00:13:34, 4, 0, C:\Users\Administrador.gerrrhh\Music\fuentes\SIGCGI\Reportes\Gerenciales\gr_Fac_por_proceso_y_mes_Bs.rpt:Error detected by database DLL.
08/13/20, 00:46:46, 4, 0, C:\Users\Administrador.gerrrhh\Music\fuentes\SIGCGI\Reportes\Gerenciales\gr_Fac_por_proceso_y_mes_Bs.rpt:Error detected by database DLL.
08/29/20, 21:48:42, 4, 0, C:\Users\Administrador.gerrrhh\Music\fuentes\SIGCGI\Reportes\tecnico\tr_zonas_vs_edificios.rpt:Error detected by database DLL.
08/29/20, 22:03:29, 4, 0, C:\Users\Administrador.gerrrhh\Music\fuentes\SIGCGI\Reportes\tecnico\tr_zonas_vs_edificios.rpt:Error detected by database DLL.
08/29/20, 22:05:48, 4, 0, C:\Users\Administrador.gerrrhh\Music\fuentes\SIGCGI\Reportes\tecnico\tr_zonas_vs_edificios.rpt:Error detected by database DLL.
09/17/20, 23:20:35, 4, 0, :File not found.
09/17/20, 23:20:35, 4, 0, :File not found.
10/08/20, 15:32:53, 4, 0, D:\fuentes\SIGCGI\Reportes\tecnico\tr_cotizacion_reparacion.rpt:SQL server error.
10/14/20, 19:26:28, 4, 0, D:\fuentes\SIGCGI\Reportes\tecnico\tr_cotizacion_reparacion.rpt:The remaining text does not appear to be part of the formula.
10/14/20, 19:26:49, 4, 0, D:\fuentes\SIGCGI\Reportes\tecnico\tr_cotizacion_reparacion.rpt:The remaining text does not appear to be part of the formula.
10/14/20, 19:28:54, 4, 0, D:\fuentes\SIGCGI\Reportes\tecnico\tr_cotizacion_reparacion.rpt:The remaining text does not appear to be part of the formula.
11/11/20, 16:17:40, 4, 0, D:\fuentes\SIGCGI\Reportes\Ventas\fr_cobranzas_solo_facturadas.rpt:Error detected by database DLL.
11/11/2020, 04:26:48 p.m., 4, 0, D:\fuentes\SIGCGI\Reportes\Ventas\ar_libro_ventas_txt.rpt:Error detected by database DLL.
17/11/2020, 12:01:26 p.m., 4, 0, D:\fuentes\SIGCGI\Reportes\Ventas\fr_cobranzas_solo_facturadas.rpt:Error detected by database DLL.
11/26/20, 16:29:24, 4, 0, D:\fuentes\SIGCGI\Reportes\Ventas\ar_lista_cobranzas_facturadas_Cobrador.rpt:Error detected by database DLL.
12/03/20, 16:08:05, 4, 0, D:\fuentes\SIGCGI\REPORTES\RRHH\rr_planilla_ministerio.rpt:Error detected by database DLL.
12/03/20, 16:08:21, 4, 0, D:\fuentes\SIGCGI\REPORTES\RRHH\rr_planilla_ministerio.rpt:Error detected by database DLL.
12/15/20, 15:45:20, 4, 0, D:\fuentes\SIGCGI\Reportes\Ventas\fr_cobranzas_solo_facturadas.rpt:Error detected by database DLL.
12/17/20, 10:42:46, 4, 0, D:\fuentes\SIGCGI\Reportes\Ventas\mr_cobrado.rpt:Error detected by database DLL.
12/18/20, 13:04:43, 4, 0, D:\fuentes\SIGCGI\Reportes\Almacenes\ar_kardex_almacen_acumulado.rpt:Error detected by database DLL.
12/18/20, 13:05:54, 4, 0, D:\fuentes\SIGCGI\Reportes\Almacenes\ar_kardex_almacen_acumulado.rpt:Error detected by database DLL.
12/28/20, 12:56:39, 4, 0, D:\fuentes\SIGCGI\Reportes\Tesoreria\fr_traspasos_tesoreria.rpt:SQL server error.
12/28/20, 12:57:02, 4, 0, D:\fuentes\SIGCGI\Reportes\Tesoreria\fr_traspasos_tesoreria.rpt:SQL server error.
12/29/20, 00:05:55, 4, 0, D:\fuentes\SIGCGI\Reportes\Gerenciales\gr_Fac_por_proceso_y_mes_Bs.rpt:Error detected by database DLL.
12/29/20, 11:27:43, 4, 0, :File not found.
12/29/20, 11:27:43, 4, 0, :File not found.
01/06/21, 13:32:52, 4, 0, D:\fuentes\SIGCGI\Reportes\Almacenes\ar_salida_almacen_mant_prueba.rpt:Server has not yet been opened.
01/08/21, 12:36:23, 4, 0, D:\fuentes\SIGCGI\REPORTES\RRHH\rr_boleta_pago.rpt:Error detected by database DLL.
01/20/21, 19:54:37, 4, 0, D:\fuentes\SIGCGI\REPORTES\clasificadores\gr_beneficiario_Persona.rpt:Server has not yet been opened.
01/20/21, 19:54:50, 4, 0, D:\fuentes\SIGCGI\REPORTES\clasificadores\gr_edificaciones.rpt:Server has not yet been opened.
01/20/21, 19:58:11, 4, 0, D:\fuentes\SIGCGI\REPORTES\clasificadores\gr_beneficiario_Persona.rpt:Server has not yet been opened.
01/20/21, 19:58:14, 4, 0, D:\fuentes\SIGCGI\REPORTES\clasificadores\gr_beneficiario_Persona.rpt:Server has not yet been opened.
01/20/21, 20:00:10, 4, 0, D:\fuentes\SIGCGI\Reportes\Ventas\fr_cobranzas_control_diario.rpt:Server has not yet been opened.
01/21/21, 00:35:48, 4, 0, D:\fuentes\SIGCGI\Reportes\Tesoreria\fr_tesoreria_regional_seg.rpt:Server has not yet been opened.
01/21/21, 00:37:02, 4, 0, D:\fuentes\SIGCGI\reportes\ventas\fr_contrato_kardex_cliente.rpt:Server has not yet been opened.
01/21/21, 00:37:09, 4, 0, D:\fuentes\SIGCGI\reportes\ventas\ar_R103_recibo_cobranza.rpt:Server has not yet been opened.
01/21/21, 08:30:21, 4, 0, D:\fuentes\SIGCGI\Reportes\Ventas\fr_cobranzas_control_diario.rpt:Server has not yet been opened.
01/21/21, 08:31:37, 4, 0, D:\fuentes\SIGCGI\Reportes\Ventas\fr_cobranzas_control_diario.rpt:Server has not yet been opened.
01/21/21, 08:35:38, 4, 0, D:\fuentes\SIGCGI\Reportes\Ventas\fr_cobranzas_control_diario.rpt:Server has not yet been opened.
01/21/21, 08:39:59, 4, 0, D:\fuentes\SIGCGI\Reportes\Ventas\fr_cobranzas_control_diario.rpt:Server has not yet been opened.
01/21/21, 12:21:34, 4, 0, D:\fuentes\SIGCGI\Reportes\Tesoreria\fr_recibos_oficiales_tesoreria.rpt:Server has not yet been opened.
01/22/21, 21:24:44, 4, 0, D:\fuentes\SIGCGI\REPORTES\clasificadores\gr_beneficiario_Persona.rpt:Server has not yet been opened.
01/22/21, 21:34:27, 4, 0, D:\fuentes\SIGCGI\REPORTES\clasificadores\gr_beneficiario_Persona.rpt:Server has not yet been opened.
01/22/21, 21:38:08, 4, 0, D:\fuentes\SIGCGI\REPORTES\clasificadores\gr_beneficiario_Persona.rpt:Server has not yet been opened.
01/22/21, 21:54:56, 4, 0, D:\fuentes\SIGCGI\REPORTES\clasificadores\gr_beneficiario_Persona.rpt:Server has not yet been opened.
01/22/21, 21:56:48, 4, 0, D:\fuentes\SIGCGI\REPORTES\clasificadores\gr_beneficiario_Persona.rpt:Server has not yet been opened.
01/22/21, 22:15:59, 4, 0, D:\fuentes\SIGCGI\REPORTES\clasificadores\gr_beneficiario_Persona.rpt:Server has not yet been opened.
01/22/21, 22:26:20, 4, 0, D:\fuentes\SIGCGI\REPORTES\clasificadores\gr_beneficiario_Persona.rpt:Server has not yet been opened.
01/22/21, 22:33:22, 4, 0, D:\fuentes\SIGCGI\REPORTES\clasificadores\gr_beneficiario_Persona.rpt:Server has not yet been opened.
01/22/21, 23:32:59, 4, 0, D:\fuentes\SIGCGI\REPORTES\clasificadores\gr_beneficiario_Persona.rpt:Server has not yet been opened.
01/22/21, 23:33:57, 4, 0, D:\fuentes\SIGCGI\REPORTES\clasificadores\gr_beneficiario_Persona.rpt:Server has not yet been opened.
01/23/21, 00:23:03, 4, 0, D:\fuentes\SIGCGI\REPORTES\clasificadores\gr_beneficiario_Persona_OLDB.rpt:Server has not yet been opened.
01/23/21, 00:23:39, 4, 0, D:\fuentes\SIGCGI\REPORTES\clasificadores\gr_beneficiario_Persona_OLDB.rpt:Server has not yet been opened.
01/23/21, 00:53:35, 4, 0, D:\fuentes\SIGCGI\REPORTES\clasificadores\gr_beneficiario_Persona_OLDB.rpt:Server has not yet been opened.
01/23/21, 00:53:35, 4, 0, D:\fuentes\SIGCGI\REPORTES\clasificadores\gr_beneficiario_Persona_OLDB.rpt:Server has not yet been opened.
01/23/21, 03:00:42, 4, 0, D:\fuentes\SIGCGI\REPORTES\clasificadores\gr_beneficiario_Persona_OLDB.rpt:Server has not yet been opened.
01/23/21, 03:00:42, 4, 0, D:\fuentes\SIGCGI\REPORTES\clasificadores\gr_beneficiario_Persona_OLDB.rpt:Server has not yet been opened.
01/23/21, 03:03:05, 4, 0, D:\fuentes\SIGCGI\REPORTES\clasificadores\gr_beneficiario_Persona_OLDB.rpt:Server has not yet been opened.
01/23/21, 22:17:46, 4, 0, D:\fuentes\SIGCGI\REPORTES\clasificadores\gr_beneficiario_Persona_OLDB.rpt:Server has not yet been opened.
01/23/21, 22:17:46, 4, 0, D:\fuentes\SIGCGI\REPORTES\clasificadores\gr_beneficiario_Persona_OLDB.rpt:Server has not yet been opened.
01/23/21, 22:28:04, 4, 0, D:\fuentes\SIGCGI\REPORTES\clasificadores\gr_beneficiario_Persona_OLDB.rpt:Server has not yet been opened.
01/23/21, 22:28:04, 4, 0, D:\fuentes\SIGCGI\REPORTES\clasificadores\gr_beneficiario_Persona_OLDB.rpt:Server has not yet been opened.
01/23/21, 22:28:46, 4, 0, D:\fuentes\SIGCGI\REPORTES\clasificadores\gr_beneficiario_Persona_OLDB.rpt:Server has not yet been opened.
01/23/21, 22:28:46, 4, 0, D:\fuentes\SIGCGI\REPORTES\clasificadores\gr_beneficiario_Persona_OLDB.rpt:Server has not yet been opened.
01/23/21, 22:33:17, 4, 0, D:\fuentes\SIGCGI\REPORTES\clasificadores\gr_beneficiario_Persona_OLDB.rpt:Server has not yet been opened.
01/23/21, 22:33:17, 4, 0, D:\fuentes\SIGCGI\REPORTES\clasificadores\gr_beneficiario_Persona_OLDB.rpt:Server has not yet been opened.
01/23/21, 22:33:22, 4, 0, D:\fuentes\SIGCGI\REPORTES\clasificadores\gr_beneficiario_Persona_OLDB.rpt:Server has not yet been opened.
01/23/21, 22:33:22, 4, 0, D:\fuentes\SIGCGI\REPORTES\clasificadores\gr_beneficiario_Persona_OLDB.rpt:Server has not yet been opened.
01/23/21, 22:34:21, 4, 0, D:\fuentes\SIGCGI\REPORTES\clasificadores\gr_beneficiario_Persona_OLDB.rpt:Server has not yet been opened.
01/23/21, 22:34:32, 4, 0, D:\fuentes\SIGCGI\REPORTES\clasificadores\gr_beneficiario_Persona_OLDB.rpt:Server has not yet been opened.
01/23/21, 23:13:55, 4, 0, D:\fuentes\SIGCGI\REPORTES\clasificadores\gr_beneficiario_Persona_OLDB.rpt:Server has not yet been opened.
01/23/21, 23:16:14, 4, 0, D:\fuentes\SIGCGI\REPORTES\clasificadores\gr_beneficiario_Persona_OLDB.rpt:Server has not yet been opened.
01/23/21, 23:16:36, 4, 0, D:\fuentes\SIGCGI\REPORTES\clasificadores\gr_beneficiario_Persona_OLDB.rpt:Server has not yet been opened.
01/25/21, 21:08:38, 4, 0, D:\fuentes\SIGCGI\REPORTES\RRHH\rr_planilla_ministerio.rpt:Server has not yet been opened.
01/25/21, 21:08:56, 4, 0, D:\fuentes\SIGCGI\REPORTES\RRHH\rr_planilla_ministerio.rpt:Server has not yet been opened.
02/04/21, 13:50:01, 4, 0, D:\fuentes\SIGCGI\Reportes\tecnico\tr_cotizacion_reparacion.rpt:SQL server error.
02/04/21, 13:50:22, 4, 0, D:\fuentes\SIGCGI\Reportes\tecnico\tr_cotizacion_reparacion.rpt:SQL server error.
02/04/21, 13:51:02, 4, 0, D:\fuentes\SIGCGI\Reportes\tecnico\tr_cotizacion_reparacion.rpt:SQL server error.
02/04/21, 13:51:56, 4, 0, D:\fuentes\SIGCGI\Reportes\tecnico\tr_cotizacion_reparacion.rpt:SQL server error.
02/08/21, 15:58:49, 4, 0, :File not found.
02/08/21, 15:58:49, 4, 0, :File not found.
02/08/21, 15:58:58, 4, 0, :File not found.
02/08/21, 15:58:58, 4, 0, :File not found.
02/20/21, 17:58:53, 4, 0, :File not found.
02/20/21, 17:58:53, 4, 0, :File not found.
02/24/21, 17:06:36, 4, 0, :File not found.
02/24/21, 17:06:36, 4, 0, :File not found.
02/26/21, 12:47:13, 4, 0, :File not found.
02/26/21, 12:47:13, 4, 0, :File not found.
02/26/21, 12:47:22, 4, 0, :File not found.
02/26/21, 12:47:22, 4, 0, :File not found.
02/26/21, 12:48:41, 4, 0, :File not found.
02/26/21, 12:48:41, 4, 0, :File not found.
02/26/21, 13:07:14, 4, 0, :File not found.
02/26/21, 13:07:16, 4, 0, :File not found.
02/26/21, 13:07:45, 4, 0, :File not found.
03/03/21, 13:55:21, 4, 0, D:\fuentes\SIGCGI\Reportes\Tesoreria\fr_tesoreria_regional_detalle_tipo.rpt:Error detected by database DLL.
03/03/21, 13:57:56, 4, 0, D:\fuentes\SIGCGI\Reportes\Tesoreria\fr_tesoreria_regional_detalle_tipo.rpt:Error detected by database DLL.
03/03/21, 15:04:26, 4, 0, D:\fuentes\SIGCGI\Reportes\Tesoreria\fr_tesoreria_regional_detalle_tipo.rpt:Error detected by database DLL.
03/07/21, 02:31:06, 4, 0, D:\fuentes\SIGCGI\Reportes\Tesoreria\fr_traspasos_tesoreria.rpt:Server has not yet been opened.
03/07/21, 02:38:16, 4, 0, D:\fuentes\SIGCGI\Reportes\Tesoreria\fr_traspasos_tesoreria.rpt:Server has not yet been opened.
03/09/21, 12:35:42, 4, 0, D:\fuentes\SIGCGI\reportes\ventas\fr_seguimiento_cobranza_kardex_det.rpt:Server has not yet been opened.
03/17/21, 15:59:35, 4, 0, D:\fuentes\SIGCGI\Reportes\Gerenciales\gr_Fac_por_proceso_y_mes_Bs.rpt:Error detected by database DLL.
03/22/21, 01:13:07, 4, 0, D:\fuentes\SIGCGI\Reportes\Gerenciales\gr_Fac_por_proceso_y_mes_Bs.rpt:Error detected by database DLL.
03/23/21, 12:55:15, 4, 0, D:\fuentes\SIGCGI\Reportes\Gerenciales\gr_Fac_por_proceso_y_mes_Bs.rpt:Server has not yet been opened.
04/24/21, 03:13:45, 4, 0, :File not found.
04/24/21, 03:13:45, 4, 0, :File not found.
04/24/21, 03:14:17, 4, 0, D:\SOFIA_fuentes\SOFIA_Fuentes\Reportes\tecnico\tr_cronograma_mensual_ejecucion_eqp.rpt:Server has not yet been opened.
04/26/21, 14:52:14, 4, 0, D:\SOFIA_fuentes\SOFIA_Fuentes\reportes\ventas\fr_contrato_kardex_cliente.rpt:Server has not yet been opened.
04/26/21, 16:36:31, 4, 0, :File not found.
04/26/21, 16:36:31, 4, 0, :File not found.
04/26/21, 16:37:37, 4, 0, :File not found.
26/04/2021, 16:38:20, 4, 0, :File not found.
26/04/2021, 16:38:20, 4, 0, :File not found.
06/04/21, 14:35:29, 4, 0, :File not found.
06/04/21, 14:35:29, 4, 0, :File not found.
06/04/21, 14:35:52, 4, 0, :File not found.
06/04/21, 14:36:14, 4, 0, :File not found.
06/04/21, 14:36:14, 4, 0, :File not found.
06/18/21, 16:30:14, 4, 0, :File not found.
06/18/21, 16:30:14, 4, 0, :File not found.
07/01/21, 08:22:47, 4, 0, D:\SOFIA_TODO\SOFIA_Fuentes\Reportes\Almacenes\ar_salida_almacen_mant_prueba.rpt:Server has not yet been opened.
07/11/21, 20:54:47, 4, 0, D:\SOFIA_TODO\SOFIA_Fuentes\reportes\ventas\fr_contrato_kardex.rpt:Error detected by database DLL.
07/20/21, 03:03:51, 4, 0, :File not found.
07/20/21, 03:03:51, 4, 0, :File not found.
07/20/21, 03:04:20, 4, 0, :File not found.
08/02/21, 15:13:08, 4, 0, D:\SOFIA_TODO\SOFIA_Fuentes\reportes\Contabilidad\cr_registro_diario_prueba.rpt:Server has not yet been opened.
08/02/21, 15:13:14, 4, 0, D:\SOFIA_TODO\SOFIA_Fuentes\reportes\Contabilidad\cr_registro_diario_prueba.rpt:Server has not yet been opened.
08/02/21, 15:13:27, 4, 0, D:\SOFIA_TODO\SOFIA_Fuentes\reportes\Contabilidad\cr_registro_diario_prueba.rpt:Server has not yet been opened.
08/02/21, 15:13:48, 4, 0, D:\SOFIA_TODO\SOFIA_Fuentes\reportes\Contabilidad\cr_registro_diario_prueba.rpt:Server has not yet been opened.
08/02/21, 15:13:54, 4, 0, D:\SOFIA_TODO\SOFIA_Fuentes\REPORTES\Contabilidad\cr_mayor_auxiliar_bs.rpt:Bad date format string.
08/02/21, 15:13:59, 4, 0, D:\SOFIA_TODO\SOFIA_Fuentes\reportes\Contabilidad\cr_registro_diario_prueba.rpt:Server has not yet been opened.
08/02/21, 15:14:35, 4, 0, D:\SOFIA_TODO\SOFIA_Fuentes\reportes\Contabilidad\cr_registro_diario_prueba.rpt:Server has not yet been opened.
08/02/21, 15:15:02, 4, 0, D:\SOFIA_TODO\SOFIA_Fuentes\reportes\Contabilidad\cr_registro_diario_prueba.rpt:Server has not yet been opened.
08/02/21, 15:15:06, 4, 0, D:\SOFIA_TODO\SOFIA_Fuentes\reportes\Contabilidad\cr_registro_diario_prueba.rpt:Server has not yet been opened.
08/10/21, 23:43:03, 4, 0, :File not found.
08/10/21, 23:43:03, 4, 0, :File not found.
08/10/21, 23:52:19, 4, 0, :File not found.
08/10/21, 23:52:19, 4, 0, :File not found.
08/11/21, 00:14:51, 4, 0, :File not found.
08/11/21, 00:14:51, 4, 0, :File not found.
09/14/21, 14:39:55, 4, 0, D:\SOFIA_TODO\SOFIA_Fuentes\Reportes\Ventas\ar_recibo_oficial_OC.rpt:Page Header plus Page Footer is too large for the page.
09/14/21, 19:52:05, 4, 0, :File not found.
09/14/21, 19:52:05, 4, 0, :File not found.
09/16/21, 09:26:56, 4, 0, D:\SOFIA_TODO\SOFIA_Fuentes\Reportes\Tesoreria\fr_tesoreria_regional_seg.rpt:Error detected by database DLL.
09/16/21, 11:16:06, 4, 0, D:\SOFIA_TODO\SOFIA_Fuentes\Reportes\Ventas\ar_recibo_oficial_OC.rpt:Page Header plus Page Footer is too large for the page.
09/21/21, 09:40:46, 4, 0, D:\SOFIA_TODO\SOFIA_Fuentes\Reportes\Tesoreria\fr_recibos_oficiales_tesoreria_pag1.rpt:This field name is not known.
09/21/21, 09:42:06, 4, 0, D:\SOFIA_TODO\SOFIA_Fuentes\Reportes\Tesoreria\fr_recibos_oficiales_tesoreria_pag1.rpt:This field name is not known.
09/21/21, 09:42:52, 4, 0, D:\SOFIA_TODO\SOFIA_Fuentes\Reportes\Tesoreria\fr_recibos_oficiales_tesoreria_pag1.rpt:This field name is not known.
09/21/21, 14:57:20, 4, 0, D:\SOFIA_TODO\SOFIA_Fuentes\Reportes\Ventas\ar_lista_ventas_servicio_acum.rpt:Error detected by database DLL.
09/21/21, 15:08:38, 4, 0, D:\SOFIA_TODO\SOFIA_Fuentes\Reportes\Ventas\ar_lista_de_ventas_servicio_regional.rpt:Error detected by database DLL.
09/21/21, 15:22:45, 4, 0, D:\SOFIA_TODO\SOFIA_Fuentes\Reportes\Ventas\ar_lista_ventas_servicio_acum.rpt:Error detected by database DLL.
09/21/21, 16:09:53, 4, 0, D:\SOFIA_TODO\SOFIA_Fuentes\Reportes\Ventas\ar_lista_de_ventas_servicio_regional.rpt:Error detected by database DLL.
09/21/21, 16:10:00, 4, 0, D:\SOFIA_TODO\SOFIA_Fuentes\Reportes\Ventas\ar_lista_ventas_servicio_acum.rpt:Error detected by database DLL.
09/24/21, 17:59:10, 4, 0, D:\SOFIA_TODO\SOFIA_Fuentes\Reportes\Ventas\ar_lista_ventas_servicio_acum.rpt:Error detected by database DLL.
09/24/21, 17:59:18, 4, 0, D:\SOFIA_TODO\SOFIA_Fuentes\Reportes\Ventas\ar_lista_de_ventas_servicio_regional.rpt:Error detected by database DLL.
09/24/21, 17:59:35, 4, 0, D:\SOFIA_TODO\SOFIA_Fuentes\Reportes\Ventas\ar_lista_ventas_servicio_acum.rpt:Error detected by database DLL.
10/20/21, 15:09:11, 4, 0, D:\SOFIA_TODO\SOFIA_Fuentes\Reportes\comercial\R222_ar_cotiza_venta_cliente_europa.rpt:SQL server error.
10/20/21, 16:11:48, 4, 0, D:\SOFIA_TODO\SOFIA_Fuentes\Reportes\Ventas\ar_recibo_oficial_OC.rpt:Memory full.
10/20/21, 16:11:48, 4, 0, D:\SOFIA_TODO\SOFIA_Fuentes\Reportes\Ventas\ar_recibo_oficial_OC.rpt:Memory full.
04/11/2021, 12:42:39, 4, 0, D:\SOFIA_TODO\SOFIA_Fuentes\Reportes\Ventas\ar_libro_ventas.rpt:Error detected by database DLL.
05/11/2021, 13:37:17, 4, 0, D:\SOFIA_TODO\SOFIA_Fuentes\Reportes\Ventas\fr_cobranzas_facturadas_mes_eqp.rpt:The file is in use by another application.
11/27/21, 23:03:31, 4, 0, :File not found.
11/28/21, 01:46:30, 4, 0, D:\SOFIA_TODO\SSOFIA_new\Reportes\COMEX\ar_compra_solicitud.rpt:Error detected by database DLL.
11/28/21, 01:47:56, 4, 0, D:\SOFIA_TODO\SSOFIA_new\Reportes\COMEX\ar_compra_solicitud.rpt:Error detected by database DLL.
11/28/21, 21:26:40, 4, 0, D:\SOFIA_TODO\SSOFIA_new\Reportes\COMEX\ar_compra_solicitud.rpt:Memory full.
11/28/21, 21:26:43, 4, 0, D:\SOFIA_TODO\SSOFIA_new\Reportes\COMEX\ar_compra_solicitud.rpt:Memory full.
11/28/21, 21:27:25, 4, 0, D:\SOFIA_TODO\SSOFIA_new\Reportes\COMEX\ar_compra_solicitud.rpt:Memory full.
11/28/21, 21:27:34, 4, 0, D:\SOFIA_TODO\SSOFIA_new\Reportes\COMEX\ar_compra_solicitud.rpt:Memory full.
11/29/21, 01:52:13, 4, 0, D:\SOFIA_TODO\SSOFIA_new\Reportes\COMEX\ar_compra_solicitud.rpt:Memory full.
11/29/21, 01:53:23, 4, 0, D:\SOFIA_TODO\SSOFIA_new\Reportes\COMEX\ar_compra_solicitud.rpt:Memory full.
12/15/21, 14:12:45, 4, 0, :File not found.
12/15/21, 14:12:45, 4, 0, :File not found.
12/15/21, 15:50:18, 4, 0, D:\SOFIA_TODO\SSOFIA_new\REPORTES\RRHH\rr_planilla_prevision_retro.rpt:Error detected by database DLL.
12/15/21, 15:50:22, 4, 0, D:\SOFIA_TODO\SSOFIA_new\REPORTES\RRHH\rr_planilla_futuro_retro.rpt:Error detected by database DLL.
30/12/2021, 14:18:13, 4, 0, D:\SOFIA_TODO\SSOFIA_new\Reportes\Almacenes\ar_ingreso_almacenes.rpt:This field name is not known.
01/05/22, 12:06:20, 4, 0, D:\SOFIA_TODO\SSOFIA_new\Reportes\Tesoreria\fr_tesoreria_servicio_regional_detalle.rpt:Error detected by database DLL.
01/07/22, 13:57:21, 4, 0, D:\SOFIA_TODO\SSOFIA_new\Reportes\Almacenes\ar_ingreso_almacenes.rpt:Error detected by database DLL.
01/07/22, 13:57:27, 4, 0, D:\SOFIA_TODO\SSOFIA_new\Reportes\Almacenes\ar_ingreso_almacenes.rpt:Error detected by database DLL.
01/07/22, 13:57:33, 4, 0, D:\SOFIA_TODO\SSOFIA_new\Reportes\Almacenes\ar_ingreso_almacenes.rpt:Error detected by database DLL.
01/13/22, 14:14:51, 4, 0, D:\SOFIA_TODO\SSOFIA_new\Reportes\Almacenes\ar_ingreso_almacenes.rpt:Error detected by database DLL.
01/27/22, 15:14:06, 4, 0, :File not found.
01/27/22, 15:14:06, 4, 0, :File not found.
02/16/22, 09:32:12, 4, 0, D:\SOFIA_TODO\SSOFIA_new\reportes\ventas\ar_cronograma_para_cobranza.rpt:This field name is not known.
02/18/22, 08:48:50, 4, 0, D:\SOFIA_TODO\SSOFIA_new\Reportes\Ventas\fr_solicitud_factura_cobrador.rpt:This field name is not known.
23/02/2022, 12:37:18, 4, 0, :File not found.
23/02/2022, 12:37:18, 4, 0, :File not found.
23/02/2022, 12:37:27, 4, 0, :File not found.
23/02/2022, 12:37:44, 4, 0, :File not found.
23/02/2022, 12:37:44, 4, 0, :File not found.
23/02/2022, 12:39:13, 4, 0, :File not found.
23/02/2022, 12:39:13, 4, 0, :File not found.
23/02/2022, 13:01:02, 4, 0, D:\SOFIA_TODO\SSOFIA_new\Reportes\Gerenciales\gr_Cobro_por_proceso_y_mes_Bs.rpt:Error detected by database DLL.
07/03/2022, 15:50:05, 4, 0, D:\SOFIA_TODO\SSOFIA_new\Reportes\Almacenes\ar_kardex_almacen_acumulado_valorado_todo.rpt:Error detected by database DLL.
07/03/2022, 15:53:26, 4, 0, D:\SOFIA_TODO\SSOFIA_new\Reportes\Almacenes\ar_kardex_almacen_acumulado_valorado_todo.rpt:Error detected by database DLL.
03/10/22, 13:03:01, 4, 0, D:\SOFIA_TODO\SSOFIA_new\Reportes\Almacenes\ar_ingreso_almacenes.rpt:Error detected by database DLL.
03/10/22, 13:14:22, 4, 0, D:\SOFIA_TODO\SSOFIA_new\Reportes\Almacenes\ar_ingreso_almacenes.rpt:Error detected by database DLL.
03/10/22, 13:14:39, 4, 0, D:\SOFIA_TODO\SSOFIA_new\Reportes\Almacenes\ar_ingreso_almacenes.rpt:Error detected by database DLL.
03/10/22, 13:15:28, 4, 0, D:\SOFIA_TODO\SSOFIA_new\Reportes\Almacenes\ar_ingreso_almacenes.rpt:Error detected by database DLL.
03/10/22, 13:15:42, 4, 0, D:\SOFIA_TODO\SSOFIA_new\Reportes\Almacenes\ar_ingreso_almacenes.rpt:Error detected by database DLL.
03/10/22, 13:15:50, 4, 0, D:\SOFIA_TODO\SSOFIA_new\Reportes\Almacenes\ar_ingreso_almacenes.rpt:Error detected by database DLL.
03/10/22, 13:16:08, 4, 0, D:\SOFIA_TODO\SSOFIA_new\Reportes\Almacenes\ar_ingreso_almacenes.rpt:Error detected by database DLL.
03/10/22, 14:33:03, 4, 0, D:\SOFIA_TODO\SSOFIA_new\Reportes\Almacenes\ar_ingreso_almacenes.rpt:Error detected by database DLL.
03/10/22, 21:52:54, 4, 0, D:\SOFIA_TODO\SSOFIA_new\Reportes\Almacenes\ar_ingreso_almacenes.rpt:Error detected by database DLL.
03/15/22, 17:45:13, 4, 0, D:\SOFIA_TODO\SSOFIA_new\Reportes\Gerenciales\gr_ventas_por_depto_y_mes.rpt:Error detected by database DLL.
03/15/22, 18:08:11, 4, 0, D:\SOFIA_TODO\SSOFIA_new\Reportes\Ventas\mr_devengado.rpt:SQL server error.
03/15/22, 18:09:59, 4, 0, D:\SOFIA_TODO\SSOFIA_new\Reportes\Ventas\mr_devengado.rpt:SQL server error.
03/25/22, 15:01:43, 4, 0, D:\SOFIA_TODO\SSOFIA_new\Reportes\Almacenes\ar_salida_almacenes_trf.rpt:The page size was not large enough to format the contents of an object in the report.
03/25/22, 15:01:44, 4, 0, D:\SOFIA_TODO\SSOFIA_new\Reportes\Almacenes\ar_salida_almacenes_trf.rpt:The page size was not large enough to format the contents of an object in the report.
03/25/22, 15:01:45, 4, 0, D:\SOFIA_TODO\SSOFIA_new\Reportes\Almacenes\ar_salida_almacenes_trf.rpt:The page size was not large enough to format the contents of an object in the report.
03/25/22, 15:01:46, 4, 0, D:\SOFIA_TODO\SSOFIA_new\Reportes\Almacenes\ar_salida_almacenes_trf.rpt:The page size was not large enough to format the contents of an object in the report.
03/25/22, 15:01:52, 4, 0, D:\SOFIA_TODO\SSOFIA_new\Reportes\Almacenes\ar_salida_almacenes_trf.rpt:The page size was not large enough to format the contents of an object in the report.
03/25/22, 15:01:53, 4, 0, D:\SOFIA_TODO\SSOFIA_new\Reportes\Almacenes\ar_salida_almacenes_trf.rpt:The page size was not large enough to format the contents of an object in the report.
03/31/22, 14:36:44, 4, 0, D:\SOFIA_TODO\SSOFIA_new\Reportes\Ventas\ar_lista_de_ventas_servicio_regional.rpt:Error detected by database DLL.
03/31/22, 14:36:53, 4, 0, D:\SOFIA_TODO\SSOFIA_new\Reportes\Ventas\ar_lista_de_ventas_servicio_regional.rpt:Error detected by database DLL.
03/31/22, 14:36:57, 4, 0, D:\SOFIA_TODO\SSOFIA_new\Reportes\Ventas\ar_lista_de_ventas_unidad.rpt:Error detected by database DLL.
03/31/22, 14:37:04, 4, 0, D:\SOFIA_TODO\SSOFIA_new\Reportes\Ventas\ar_lista_ventas_servicio_acum.rpt:Error detected by database DLL.
03/31/22, 14:37:08, 4, 0, D:\SOFIA_TODO\SSOFIA_new\Reportes\Ventas\ar_lista_ventas_unidad_acum.rpt:Error detected by database DLL.
04/03/22, 23:06:50, 4, 0, :File not found.
04/03/22, 23:06:50, 4, 0, :File not found.
04/04/22, 23:23:09, 4, 0, D:\SOFIA_TODO\SSOFIA_new\REPORTES\clasificadores\gr_beneficiario_Persona.rpt:Server has not yet been opened.
04/04/22, 23:23:20, 4, 0, D:\SOFIA_TODO\SSOFIA_new\REPORTES\clasificadores\gr_beneficiario_Persona.rpt:Server has not yet been opened.
04/04/22, 23:23:55, 4, 0, D:\SOFIA_TODO\SSOFIA_new\REPORTES\clasificadores\gr_beneficiario_Persona.rpt:Server has not yet been opened.
04/06/22, 16:34:01, 4, 0, D:\SOFIA_TODO\SSOFIA_new\Reportes\Ventas\ar_libro_ventas.rpt:Error detected by database DLL.
05/23/22, 15:29:09, 4, 0, :File not found.
05/23/22, 15:29:09, 4, 0, :File not found.
06/01/22, 11:06:06, 4, 0, :File not found.
06/01/22, 11:06:06, 4, 0, :File not found.
06/01/22, 11:06:29, 4, 0, :File not found.
06/01/22, 11:06:29, 4, 0, :File not found.
13/06/2022, 13:29:55, 4, 0, D:\SOFIA_TODO\SSOFIA_new\Reportes\Ventas\fr_cobranzas_control_diario.rpt:The file is in use by another application.
06/23/22, 09:59:52, 4, 0, D:\SOFIA_TODO\SSOFIA_new\Reportes\Tesoreria\fr_recibos_oficiales_tesoreria_egresosPrueba.rpt:Error detected by database DLL.
06/23/22, 10:00:43, 4, 0, D:\SOFIA_TODO\SSOFIA_new\Reportes\Tesoreria\fr_recibos_oficiales_tesoreria_egresosPrueba.rpt:Error detected by database DLL.
07/07/22, 15:59:39, 4, 0, D:\SOFIA_TODO\SSOFIA_new\Reportes\Tesoreria\fr_tesoreria_regional_detalle_concilia.rpt:Error detected by database DLL.
08/10/22, 14:48:23, 4, 0, D:\SOFIA_TODO\SOFIA_NEW\REPORTES\RRHH\rr_planilla_futuro_retro.rpt:Error detected by database DLL.
08/16/22, 10:40:40, 4, 0, :File not found.
08/16/22, 10:40:40, 4, 0, :File not found.
08/16/22, 14:03:20, 4, 0, :File not found.
08/16/22, 14:03:20, 4, 0, :File not found.
08/16/22, 14:21:11, 4, 0, :File not found.
08/16/22, 14:21:11, 4, 0, :File not found.
08/16/22, 14:46:12, 4, 0, :File not found.
08/16/22, 14:46:12, 4, 0, :File not found.
08/16/22, 16:41:25, 4, 0, :File not found.
08/16/22, 16:41:25, 4, 0, :File not found.
08/17/22, 21:30:25, 4, 0, :File not found.
08/17/22, 21:30:27, 4, 0, :File not found.
08/22/22, 23:34:34, 4, 0, :File not found.
08/22/22, 23:34:34, 4, 0, :File not found.
08/26/22, 15:11:13, 4, 0, :File not found.
08/26/22, 15:11:13, 4, 0, :File not found.
08/26/22, 15:35:18, 4, 0, :File not found.
08/26/22, 15:35:23, 4, 0, :File not found.
08/26/22, 17:17:56, 4, 0, :File not found.
08/26/22, 17:17:56, 4, 0, :File not found.
08/28/22, 01:39:24, 4, 0, :File not found.
08/28/22, 01:39:58, 4, 0, :File not found.
08/29/22, 15:13:19, 4, 0, :File not found.
08/29/22, 15:13:19, 4, 0, :File not found.
08/29/22, 16:00:10, 4, 0, :File not found.
08/29/22, 16:02:35, 4, 0, :File not found.
08/30/22, 15:54:17, 4, 0, :File not found.
08/30/22, 15:54:17, 4, 0, :File not found.
09/01/22, 17:09:00, 4, 0, D:\SOFIA_TODO\SOFIA_NEW\reportes\ventas\ar_solicita_ANL_factura_PRUEBA.rpt:Server has not yet been opened.
09/01/22, 17:11:14, 4, 0, D:\SOFIA_TODO\SOFIA_NEW\reportes\ventas\ar_solicita_ANL_factura_PRUEBA.rpt:Server has not yet been opened.
09/26/22, 17:47:13, 4, 0, :File not found.
09/26/22, 17:47:13, 4, 0, :File not found.
09/26/22, 23:54:04, 4, 0, :File not found.
09/26/22, 23:54:04, 4, 0, :File not found.
10/11/22, 12:03:04, 4, 0, D:\SOFIA_TODO\SOFIA_NEW\Reportes\Ventas\ar_lista_de_ventas_servicio_regional.rpt:Error detected by database DLL.
10/11/22, 12:03:23, 4, 0, D:\SOFIA_TODO\SOFIA_NEW\Reportes\Ventas\ar_lista_ventas_servicio_acum.rpt:Error detected by database DLL.
10/13/22, 13:57:01, 4, 0, D:\SOFIA_TODO\SOFIA_NEW\Reportes\Almacenes\ar_salida_almacen_mant.rpt:Error detected by database DLL.
11/14/22, 10:33:15, 4, 0, :File not found.
11/14/22, 10:35:39, 4, 0, :File not found.
11/14/22, 10:37:10, 4, 0, :File not found.
11/19/22, 19:20:24, 4, 0, :File not found.
11/19/22, 19:20:24, 4, 0, :File not found.
11/19/22, 19:23:08, 4, 0, :File not found.
12/08/22, 15:10:00, 4, 0, D:\SOFIA_TODO\SOFIA_NEW\Reportes\Ventas\ar_lista_de_ventas_servicio_regional.rpt:Error detected by database DLL.
12/08/22, 15:10:18, 4, 0, D:\SOFIA_TODO\SOFIA_NEW\Reportes\Ventas\ar_lista_ventas_servicio_acum.rpt:Error detected by database DLL.
12/26/22, 23:48:05, 4, 0, D:\SOFIA_TODO\SOFIA_NEW\reportes\ventas\ar_R101_factura.rpt:Error detected by database DLL.
01/05/23, 10:48:06, 4, 0, D:\SOFIA_TODO\SOFIA_NEW\REPORTES\RRHH\rr_boleta_pago.rpt:Error detected by database DLL.
01/18/23, 15:43:06, 4, 0, D:\SOFIA_TODO\SOFIA_NEW\reportes\ventas\ar_R101_factura.rpt:Error detected by database DLL.
01/18/23, 15:43:49, 4, 0, D:\SOFIA_TODO\SOFIA_NEW\reportes\ventas\ar_R101_factura.rpt:Error detected by database DLL.
01/18/23, 15:50:46, 4, 0, D:\SOFIA_TODO\SOFIA_NEW\reportes\ventas\ar_R101_factura.rpt:Error detected by database DLL.
01/19/23, 07:36:48, 4, 0, D:\SOFIA_TODO\SOFIA_NEW\reportes\ventas\ar_R101_factura_PDF_ANTIGUO.rpt:SQL server error.
01/19/23, 07:38:52, 4, 0, D:\SOFIA_TODO\SOFIA_NEW\reportes\ventas\ar_R101_factura_PDF_ANTIGUO.rpt:SQL server error.
01/19/23, 07:46:11, 4, 0, D:\SOFIA_TODO\SOFIA_NEW\reportes\ventas\ar_R101_factura_PDF_ANTIGUO.rpt:SQL server error.
01/19/23, 07:46:20, 4, 0, D:\SOFIA_TODO\SOFIA_NEW\reportes\ventas\ar_R101_factura.rpt:SQL server error.
01/19/23, 07:46:40, 4, 0, D:\SOFIA_TODO\SOFIA_NEW\reportes\ventas\ar_R101_factura_PDF_ANTIGUO.rpt:SQL server error.
01/19/23, 07:46:46, 4, 0, D:\SOFIA_TODO\SOFIA_NEW\reportes\ventas\ar_R101_factura.rpt:SQL server error.
01/19/23, 07:48:24, 4, 0, D:\SOFIA_TODO\SOFIA_NEW\reportes\ventas\ar_R101_factura_PDF_ANTIGUO.rpt:SQL server error.
01/19/23, 08:07:07, 4, 0, D:\SOFIA_TODO\SOFIA_NEW\reportes\ventas\ar_R101_factura_PDF_ANTIGUO.rpt:SQL server error.
01/19/23, 08:51:08, 4, 0, D:\SOFIA_TODO\SOFIA_NEW\reportes\ventas\ar_R101_factura_PDF_ANTIGUO.rpt:SQL server error.
01/19/23, 08:51:16, 4, 0, D:\SOFIA_TODO\SOFIA_NEW\reportes\ventas\ar_R101_factura.rpt:SQL server error.
01/19/23, 10:04:36, 4, 0, D:\SOFIA_TODO\SOFIA_NEW\reportes\ventas\ar_R101_factura_PDF_ANTIGUO.rpt:SQL server error.
01/19/23, 11:20:30, 4, 0, D:\SOFIA_TODO\SOFIA_NEW\reportes\ventas\ar_R101_factura_PDF_ANTIGUO2.rpt:Memory full.
01/19/23, 11:20:30, 4, 0, D:\SOFIA_TODO\SOFIA_NEW\reportes\ventas\ar_R101_factura_PDF_ANTIGUO2.rpt:Memory full.
01/19/23, 11:22:44, 4, 0, D:\SOFIA_TODO\SOFIA_NEW\reportes\ventas\ar_R101_factura_PDF_ANTIGUO2.rpt:Memory full.
02/12/23, 22:57:04, 4, 0, :File not found.
02/12/23, 23:00:15, 4, 0, :File not found.
02/12/23, 23:05:17, 4, 0, :File not found.
02/13/23, 01:29:53, 4, 0, :File not found.
02/13/23, 01:32:55, 4, 0, :File not found.
02/13/23, 10:03:16, 4, 0, :File not found.
02/13/23, 10:52:32, 4, 0, :File not found.
02/13/23, 11:33:07, 4, 0, :File not found.
13/02/2023, 11:39:10, 4, 0, :File not found.
13/02/2023, 12:00:35, 4, 0, :File not found.
13/02/2023, 12:04:31, 4, 0, :File not found.
02/14/23, 11:14:18, 4, 0, :File not found.
02/22/23, 17:41:51, 4, 0, :File not found.
02/24/23, 16:40:03, 4, 0, :File not found.
03/08/23, 15:27:08, 4, 0, D:\SOFIA_TODO\SOFIA_NEW\Reportes\Tesoreria\fr_recibos_oficiales_tesoreria_egresosPrueba.rpt:Server has not yet been opened.
03/10/23, 00:06:51, 4, 0, :File not found.
03/10/23, 00:11:59, 4, 0, :File not found.
03/10/23, 16:04:56, 4, 0, :File not found.
03/16/23, 00:51:24, 4, 0, :Dos error.
03/16/23, 00:51:24, 4, 0, :Dos error.
03/16/23, 00:52:03, 4, 0, :Dos error.
03/16/23, 00:54:05, 4, 0, :Dos error.
03/16/23, 11:34:03, 4, 0, :File not found.
03/16/23, 11:34:23, 4, 0, :Dos error.
03/16/23, 11:34:23, 4, 0, :Dos error.
03/16/23, 11:34:25, 4, 0, :Dos error.
03/16/23, 11:34:25, 4, 0, :Dos error.
03/16/23, 11:34:26, 4, 0, :Dos error.
03/16/23, 11:34:26, 4, 0, :Dos error.
03/16/23, 11:34:27, 4, 0, :Dos error.
03/16/23, 11:34:27, 4, 0, :Dos error.
03/16/23, 16:08:41, 4, 0, :Dos error.
03/16/23, 16:08:41, 4, 0, :Dos error.
03/16/23, 16:28:40, 4, 0, :Dos error.
03/16/23, 16:28:40, 4, 0, :Dos error.
03/16/23, 16:33:15, 4, 0, :Dos error.
03/16/23, 16:33:15, 4, 0, :Dos error.
03/17/23, 16:48:58, 4, 0, :File not found.
03/17/23, 17:01:11, 4, 0, :File not found.
03/24/23, 10:20:02, 4, 0, :File not found.
03/24/23, 20:54:25, 4, 0, :File not found.
03/26/23, 09:34:23, 4, 0, :File not found.
03/27/23, 02:36:33, 4, 0, :File not found.
03/27/23, 02:52:45, 4, 0, :File not found.
03/27/23, 15:15:10, 4, 0, :File not found.
03/27/23, 15:17:12, 4, 0, :File not found.
03/27/23, 15:27:31, 4, 0, :File not found.
03/28/23, 14:43:59, 4, 0, :File not found.
03/28/23, 22:03:36, 4, 0, :File not found.
03/28/23, 23:15:44, 4, 0, :File not found.
03/29/23, 09:15:34, 4, 0, :File not found.
03/29/23, 09:26:04, 4, 0, :File not found.
03/29/23, 10:20:15, 4, 0, :File not found.
03/29/23, 10:27:46, 4, 0, :File not found.
03/29/23, 10:31:59, 4, 0, :File not found.
03/29/23, 10:33:47, 4, 0, :File not found.
03/29/23, 11:38:14, 4, 0, :File not found.
03/29/23, 11:39:58, 4, 0, :File not found.
03/29/23, 11:40:33, 4, 0, :File not found.
03/29/23, 11:41:21, 4, 0, :File not found.
03/29/23, 16:23:38, 4, 0, :File not found.
03/29/23, 16:28:05, 4, 0, :File not found.
03/29/23, 16:28:43, 4, 0, :File not found.
03/29/23, 16:31:42, 4, 0, :File not found.
03/29/23, 16:35:46, 4, 0, :File not found.
03/29/23, 16:45:26, 4, 0, :File not found.
03/29/23, 16:47:51, 4, 0, :File not found.
03/29/23, 16:49:13, 4, 0, :File not found.
03/29/23, 17:23:37, 4, 0, :File not found.
03/29/23, 17:24:07, 4, 0, :File not found.
04/03/23, 15:32:43, 4, 0, :File not found.
04/03/23, 15:36:29, 4, 0, :File not found.
04/03/23, 15:39:47, 4, 0, :File not found.
04/18/23, 15:29:02, 4, 0, :File not found.
