Línea 17: la clase Crystal.CrystalReport del control CryTr no era una clase de control cargada.
Línea 86: la clase MSDataGridLib.DataGrid del control DtGTransferenciasImprimir no era una clase de control cargada.
Línea 156: la clase ComctlLib.Toolbar del control Toolbar1 no era una clase de control cargada.
Línea 424: la clase MSDataGridLib.DataGrid del control DtgTransferencias no era una clase de control cargada.
Línea 488: la clase Crystal.CrystalReport del control CryCh no era una clase de control cargada.
Línea 20: el nombre de la propiedad _ExtentX de CryTr no es válido.
Línea 21: el nombre de la propiedad _ExtentY de CryTr no es válido.
Línea 22: el nombre de la propiedad _Version de CryTr no es válido.
Línea 23: el nombre de la propiedad WindowControlBox de CryTr no es válido.
Línea 24: el nombre de la propiedad WindowMaxButton de CryTr no es válido.
Línea 25: el nombre de la propiedad WindowMinButton de CryTr no es válido.
Línea 26: el nombre de la propiedad PrintFileLinesPerPage de CryTr no es válido.
Línea 27: el nombre de la propiedad WindowShowPrintSetupBtn de CryTr no es válido.
Línea 92: el nombre de la propiedad _ExtentX de DtGTransferenciasImprimir no es válido.
Línea 93: el nombre de la propiedad _ExtentY de DtGTransferenciasImprimir no es válido.
Línea 94: el nombre de la propiedad _Version de DtGTransferenciasImprimir no es válido.
Línea 95: el nombre de la propiedad HeadLines de DtGTransferenciasImprimir no es válido.
Línea 96: el nombre de la propiedad RowHeight de DtGTransferenciasImprimir no es válido.
Línea 105: el nombre de la propiedad HeadFont de DtGTransferenciasImprimir no es válido.
Línea 115: el nombre de la propiedad ColumnCount de DtGTransferenciasImprimir no es válido.
Línea 128: el nombre de la propiedad Column00 de DtGTransferenciasImprimir no es válido.
Línea 141: el nombre de la propiedad Column01 de DtGTransferenciasImprimir no es válido.
Línea 142: el nombre de la propiedad SplitCount de DtGTransferenciasImprimir no es válido.
Línea 148: el nombre de la propiedad Split0 de DtGTransferenciasImprimir no es válido.
Línea 162: el nombre de la propiedad _ExtentX de Toolbar1 no es válido.
Línea 163: el nombre de la propiedad _ExtentY de Toolbar1 no es válido.
Línea 165: el nombre de la propiedad _Version de Toolbar1 no es válido.
Línea 430: el nombre de la propiedad _ExtentX de DtgTransferencias no es válido.
Línea 431: el nombre de la propiedad _ExtentY de DtgTransferencias no es válido.
Línea 432: el nombre de la propiedad _Version de DtgTransferencias no es válido.
Línea 433: el nombre de la propiedad HeadLines de DtgTransferencias no es válido.
Línea 434: el nombre de la propiedad RowHeight de DtgTransferencias no es válido.
Línea 443: el nombre de la propiedad HeadFont de DtgTransferencias no es válido.
Línea 453: el nombre de la propiedad ColumnCount de DtgTransferencias no es válido.
Línea 466: el nombre de la propiedad Column00 de DtgTransferencias no es válido.
Línea 479: el nombre de la propiedad Column01 de DtgTransferencias no es válido.
Línea 480: el nombre de la propiedad SplitCount de DtgTransferencias no es válido.
Línea 486: el nombre de la propiedad Split0 de DtgTransferencias no es válido.
Línea 491: el nombre de la propiedad _ExtentX de CryCh no es válido.
Línea 492: el nombre de la propiedad _ExtentY de CryCh no es válido.
Línea 493: el nombre de la propiedad _Version de CryCh no es válido.
Línea 494: el nombre de la propiedad WindowControlBox de CryCh no es válido.
Línea 495: el nombre de la propiedad WindowMaxButton de CryCh no es válido.
Línea 496: el nombre de la propiedad WindowMinButton de CryCh no es válido.
Línea 497: el nombre de la propiedad PrintFileLinesPerPage de CryCh no es válido.
Línea 498: el nombre de la propiedad WindowShowRefreshBtn de CryCh no es válido.
