Línea 14: la propiedad Icon de frm_ao_compra_servicio tenía una referencia a archivo no válida.
Línea 36: la propiedad Picture de BtnVer tenía una referencia a archivo no válida.
Línea 48: la propiedad Picture de BtnDesAprobar tenía una referencia a archivo no válida.
Línea 62: la propiedad Picture de BtnAñadir tenía una referencia a archivo no válida.
Línea 77: la propiedad Picture de BtnModificar tenía una referencia a archivo no válida.
Línea 91: la propiedad Picture de BtnEliminar tenía una referencia a archivo no válida.
Línea 105: la propiedad Picture de BtnAprobar tenía una referencia a archivo no válida.
Línea 119: la propiedad Picture de BtnBuscar tenía una referencia a archivo no válida.
Línea 133: la propiedad Picture de BtnImprimir tenía una referencia a archivo no válida.
Línea 147: la propiedad Picture de BtnSalir tenía una referencia a archivo no válida.
Línea 251: la propiedad Bindings de dtc_codigo11 tenía una referencia a archivo no válida.
Línea 269: la propiedad Bindings de dtc_aux1 tenía una referencia a archivo no válida.
Línea 287: la propiedad Bindings de dtc_codigo2 tenía una referencia a archivo no válida.
Línea 318: la propiedad Bindings de dtc_desc10 tenía una referencia a archivo no válida.
Línea 335: la propiedad Bindings de dtc_aux3 tenía una referencia a archivo no válida.
Línea 353: la propiedad Bindings de dtc_codigo4 tenía una referencia a archivo no válida.
Línea 371: la propiedad Bindings de dtc_codigo3 tenía una referencia a archivo no válida.
Línea 389: la propiedad Bindings de dtc_desc3 tenía una referencia a archivo no válida.
Línea 410: la propiedad Bindings de dtc_desc4 tenía una referencia a archivo no válida.
Línea 431: la propiedad Bindings de dtc_codigo1 tenía una referencia a archivo no válida.
Línea 449: la propiedad Bindings de dtc_desc2 tenía una referencia a archivo no válida.
Línea 477: la propiedad Bindings de dtc_desc1 tenía una referencia a archivo no válida.
Línea 498: la propiedad Bindings de dtc_codigo10 tenía una referencia a archivo no válida.
Línea 518: la propiedad Bindings de dtc_desc11 tenía una referencia a archivo no válida.
Línea 908: la propiedad Picture de BtnAnlDetalle1 tenía una referencia a archivo no válida.
Línea 921: la propiedad Picture de BtnAddDetalle1 tenía una referencia a archivo no válida.
Línea 934: la propiedad Picture de Command5 tenía una referencia a archivo no válida.
Línea 947: la propiedad Picture de BtnModDetalle1 tenía una referencia a archivo no válida.
Línea 956: la propiedad Bindings de dg_det1 tenía una referencia a archivo no válida.
Línea 1207: la propiedad Picture de BtnImprimir1 tenía una referencia a archivo no válida.
Línea 1219: la propiedad Picture de BtnModDetalle tenía una referencia a archivo no válida.
Línea 1230: la propiedad Picture de BtnAprobar2 tenía una referencia a archivo no válida.
Línea 1241: la propiedad Picture de BtnAddDetalle tenía una referencia a archivo no válida.
Línea 1250: la propiedad Bindings de dg_det3 tenía una referencia a archivo no válida.
Línea 1463: la propiedad Picture de BtnModDetalle2 tenía una referencia a archivo no válida.
Línea 1475: la propiedad Picture de Command4 tenía una referencia a archivo no válida.
Línea 1488: la propiedad Picture de BtnAnlDetalle2 tenía una referencia a archivo no válida.
Línea 1501: la propiedad Picture de BtnAddDetalle2 tenía una referencia a archivo no válida.
Línea 1510: la propiedad Bindings de dg_det2 tenía una referencia a archivo no válida.
Línea 2723: la propiedad Picture de BtnGrabar tenía una referencia a archivo no válida.
Línea 2737: la propiedad Picture de BtnCancelar tenía una referencia a archivo no válida.
