Línea 7: no se pudo establecer la propiedad Icon de fw_solicitud_compras.
Línea 30: no se pudo establecer la propiedad Picture de BtnAnlDetalle.
Línea 41: no se pudo establecer la propiedad Picture de BtnModDetalle.
Línea 52: no se pudo establecer la propiedad Picture de BtnAddDetalle.
Línea 63: no se pudo establecer la propiedad Picture de BtnImprimir1.
Línea 84: no se pudo establecer la propiedad Picture de BtnAddDetalle2.
Línea 95: no se pudo establecer la propiedad Picture de BtnModDetalle2.
Línea 106: no se pudo establecer la propiedad Picture de BtnAnlDetalle2.
Línea 117: no se pudo establecer la propiedad Picture de BtnImprimir2.
Línea 139: no se pudo establecer la propiedad Picture de BtnDesAprobar.
Línea 150: no se pudo establecer la propiedad Picture de BtnSalir.
Línea 165: no se pudo establecer la propiedad Picture de BtnImprimir.
Línea 180: no se pudo establecer la propiedad Picture de BtnBuscar.
Línea 195: no se pudo establecer la propiedad Picture de BtnAprobar.
Línea 210: no se pudo establecer la propiedad Picture de BtnEliminar.
Línea 225: no se pudo establecer la propiedad Picture de BtnModificar.
Línea 240: no se pudo establecer la propiedad Picture de BtnAñadir.
Línea 255: no se pudo establecer la propiedad Picture de BtnVer.
Línea 305: no se pudo establecer la propiedad Picture de BtnGrabar.
Línea 319: no se pudo establecer la propiedad Picture de BtnCancelar.
