Línea 20: no se pudo establecer la propiedad Picture de FrmABMDet.
Línea 32: no se pudo establecer la propiedad Picture de BtnImprimir1.
Línea 43: no se pudo establecer la propiedad Picture de BtnAddDetalle.
Línea 54: no se pudo establecer la propiedad Picture de BtnModDetalle.
Línea 65: no se pudo establecer la propiedad Picture de BtnAnlDetalle.
Línea 77: no se pudo establecer la propiedad Picture de FrmABMDet2.
Línea 88: no se pudo establecer la propiedad Picture de BtnImprimir2.
Línea 99: no se pudo establecer la propiedad Picture de BtnAnlDetalle2.
Línea 110: no se pudo establecer la propiedad Picture de BtnModDetalle2.
Línea 121: no se pudo establecer la propiedad Picture de BtnAddDetalle2.
Línea 143: no se pudo establecer la propiedad Picture de BtnDesAprobar.
Línea 154: no se pudo establecer la propiedad Picture de BtnSalir.
Línea 169: no se pudo establecer la propiedad Picture de BtnImprimir.
Línea 184: no se pudo establecer la propiedad Picture de BtnBuscar.
Línea 199: no se pudo establecer la propiedad Picture de BtnAprobar.
Línea 214: no se pudo establecer la propiedad Picture de BtnEliminar.
Línea 229: no se pudo establecer la propiedad Picture de BtnModificar.
Línea 244: no se pudo establecer la propiedad Picture de BtnAñadir.
Línea 259: no se pudo establecer la propiedad Picture de BtnVer.
Línea 309: no se pudo establecer la propiedad Picture de BtnGrabar.
Línea 323: no se pudo establecer la propiedad Picture de BtnCancelar.
