Línea 26: la propiedad Picture de FrmABMDet tenía una referencia a archivo no válida.
Línea 37: la propiedad Picture de BtnAnlDetalle tenía una referencia a archivo no válida.
Línea 49: la propiedad Picture de BtnModDetalle tenía una referencia a archivo no válida.
Línea 61: la propiedad Picture de BtnAddDetalle tenía una referencia a archivo no válida.
Línea 79: la propiedad Bindings de dg_det1 tenía una referencia a archivo no válida.
Línea 443: la propiedad Bindings de dtc_codigo3 tenía una referencia a archivo no válida.
Línea 461: la propiedad Bindings de dtc_codigo1 tenía una referencia a archivo no válida.
Línea 479: la propiedad Bindings de dtc_desc1 tenía una referencia a archivo no válida.
Línea 544: la propiedad Bindings de dtc_desc3 tenía una referencia a archivo no válida.
Línea 573: la propiedad Bindings de dtc_aux3 tenía una referencia a archivo no válida.
Línea 671: la propiedad Caption de Label4 debe ser una cadena encerrada entre comillas
Línea 1220: la propiedad Caption de FraModelo debe ser una cadena encerrada entre comillas
Línea 1232: la propiedad Picture de CmdVolver tenía una referencia a archivo no válida.
Línea 1250: la propiedad Bindings de dtc_desc54 tenía una referencia a archivo no válida.
Línea 1268: la propiedad Bindings de dtc_desc44 tenía una referencia a archivo no válida.
Línea 1295: la propiedad Bindings de dtc_desc34 tenía una referencia a archivo no válida.
Línea 1313: la propiedad Bindings de dtc_desc53 tenía una referencia a archivo no válida.
Línea 1331: la propiedad Bindings de dtc_desc43 tenía una referencia a archivo no válida.
Línea 1358: la propiedad Bindings de dtc_desc33 tenía una referencia a archivo no válida.
Línea 1376: la propiedad Bindings de dtc_desc51 tenía una referencia a archivo no válida.
Línea 1394: la propiedad Bindings de dtc_desc41 tenía una referencia a archivo no válida.
Línea 1412: la propiedad Bindings de dtc_desc31 tenía una referencia a archivo no válida.
Línea 1430: la propiedad Bindings de dtc_desc52 tenía una referencia a archivo no válida.
Línea 1448: la propiedad Bindings de dtc_desc42 tenía una referencia a archivo no válida.
Línea 1475: la propiedad Bindings de dtc_desc32 tenía una referencia a archivo no válida.
Línea 1493: la propiedad Bindings de dtc_codigo51 tenía una referencia a archivo no válida.
Línea 1511: la propiedad Bindings de dtc_codigo41 tenía una referencia a archivo no válida.
Línea 1538: la propiedad Bindings de dtc_codigo31 tenía una referencia a archivo no válida.
Línea 1751: la propiedad Bindings de dtc_desc11 tenía una referencia a archivo no válida.
Línea 1771: la propiedad Bindings de dtc_desc12 tenía una referencia a archivo no válida.
Línea 1791: la propiedad Bindings de dtc_desc13 tenía una referencia a archivo no válida.
Línea 1811: la propiedad Bindings de dtc_desc14 tenía una referencia a archivo no válida.
Línea 1831: la propiedad Bindings de dtc_desc21 tenía una referencia a archivo no válida.
Línea 1851: la propiedad Bindings de dtc_desc22 tenía una referencia a archivo no válida.
Línea 1869: la propiedad Bindings de dtc_desc23 tenía una referencia a archivo no válida.
Línea 1887: la propiedad Bindings de dtc_desc24 tenía una referencia a archivo no válida.
Línea 1905: la propiedad Bindings de dtc_desc61 tenía una referencia a archivo no válida.
Línea 1922: la propiedad Bindings de dtc_desc62 tenía una referencia a archivo no válida.
Línea 1942: la propiedad Bindings de dtc_codigo11 tenía una referencia a archivo no válida.
Línea 1960: la propiedad Bindings de dtc_codigo21 tenía una referencia a archivo no válida.
Línea 1989: la propiedad Bindings de dtc_codigo61 tenía una referencia a archivo no válida.
Línea 2445: la propiedad Bindings de dg_datos tenía una referencia a archivo no válida.
Línea 2603: la propiedad Picture de fraOpciones tenía una referencia a archivo no válida.
Línea 2614: la propiedad Picture de BtnImprimir2 tenía una referencia a archivo no válida.
Línea 2626: la propiedad Picture de BtnAprobar tenía una referencia a archivo no válida.
Línea 2638: la propiedad Picture de BtnVer tenía una referencia a archivo no válida.
Línea 2650: la propiedad Picture de BtnDesAprobar tenía una referencia a archivo no válida.
Línea 2662: la propiedad Picture de BtnBuscar tenía una referencia a archivo no válida.
Línea 2674: la propiedad Picture de BtnImprimir tenía una referencia a archivo no válida.
Línea 2686: la propiedad Picture de BtnSalir tenía una referencia a archivo no válida.
Línea 2698: la propiedad Picture de BtnEliminar tenía una referencia a archivo no válida.
Línea 2710: la propiedad Picture de BtnModificar tenía una referencia a archivo no válida.
Línea 2722: la propiedad Picture de BtnAñadir tenía una referencia a archivo no válida.
Línea 2757: la propiedad Picture de FraGrabarCancelar tenía una referencia a archivo no válida.
Línea 2769: la propiedad Picture de BtnCancelar tenía una referencia a archivo no válida.
Línea 2781: la propiedad Picture de BtnGrabar tenía una referencia a archivo no válida.
