Línea 14: la propiedad Icon de aw_p_ao_solicitud tenía una referencia a archivo no válida.
Línea 26: la propiedad Picture de FrmABMDet2 tenía una referencia a archivo no válida.
Línea 38: la propiedad Picture de Command3 tenía una referencia a archivo no válida.
Línea 50: la propiedad Picture de Command2 tenía una referencia a archivo no válida.
Línea 62: la propiedad Picture de Command1 tenía una referencia a archivo no válida.
Línea 75: la propiedad Picture de FrmABMDet tenía una referencia a archivo no válida.
Línea 86: la propiedad Picture de BtnAddDetalle tenía una referencia a archivo no válida.
Línea 98: la propiedad Picture de BtnModDetalle tenía una referencia a archivo no válida.
Línea 110: la propiedad Picture de BtnAnlDetalle tenía una referencia a archivo no válida.
Línea 129: la propiedad Bindings de dg_det2 tenía una referencia a archivo no válida.
Línea 340: la propiedad Bindings de dg_det1 tenía una referencia a archivo no válida.
Línea 558: la propiedad Picture de fraOpciones tenía una referencia a archivo no válida.
Línea 569: la propiedad Picture de BtnAprobar tenía una referencia a archivo no válida.
Línea 581: la propiedad Picture de BtnAñadir tenía una referencia a archivo no válida.
Línea 594: la propiedad Picture de BtnModificar tenía una referencia a archivo no válida.
Línea 606: la propiedad Picture de BtnEliminar tenía una referencia a archivo no válida.
Línea 618: la propiedad Picture de BtnSalir tenía una referencia a archivo no válida.
Línea 630: la propiedad Picture de BtnImprimir tenía una referencia a archivo no válida.
Línea 642: la propiedad Picture de BtnBuscar tenía una referencia a archivo no válida.
Línea 654: la propiedad Picture de BtnDesAprobar tenía una referencia a archivo no válida.
Línea 666: la propiedad Picture de BtnVer tenía una referencia a archivo no válida.
Línea 700: la propiedad Picture de FraGrabarCancelar tenía una referencia a archivo no válida.
Línea 711: la propiedad Picture de BtnGrabar tenía una referencia a archivo no válida.
Línea 723: la propiedad Picture de BtnCancelar tenía una referencia a archivo no válida.
Línea 762: la propiedad Bindings de dg_datos tenía una referencia a archivo no válida.
Línea 1045: la propiedad Bindings de dtc_aux11 tenía una referencia a archivo no válida.
Línea 1063: la propiedad Bindings de dtc_codigo11 tenía una referencia a archivo no válida.
Línea 1113: la propiedad Bindings de dtc_aux1 tenía una referencia a archivo no válida.
Línea 1141: la propiedad Bindings de dtc_codigo2 tenía una referencia a archivo no válida.
Línea 1172: la propiedad Bindings de dtc_desc10 tenía una referencia a archivo no válida.
Línea 1189: la propiedad Bindings de dtc_aux3 tenía una referencia a archivo no válida.
Línea 1207: la propiedad Bindings de dtc_codigo8 tenía una referencia a archivo no válida.
Línea 1225: la propiedad Bindings de dtc_codigo4 tenía una referencia a archivo no válida.
Línea 1243: la propiedad Bindings de dtc_codigo7 tenía una referencia a archivo no válida.
Línea 1261: la propiedad Bindings de dtc_codigo6 tenía una referencia a archivo no válida.
Línea 1279: la propiedad Bindings de dtc_codigo5 tenía una referencia a archivo no válida.
Línea 1297: la propiedad Bindings de dtc_codigo3 tenía una referencia a archivo no válida.
Línea 1327: la propiedad Bindings de dtc_desc5 tenía una referencia a archivo no válida.
Línea 1347: la propiedad Bindings de dtc_desc3 tenía una referencia a archivo no válida.
Línea 1367: la propiedad Bindings de dtc_desc7 tenía una referencia a archivo no válida.
Línea 1387: la propiedad Bindings de dtc_desc6 tenía una referencia a archivo no válida.
Línea 1407: la propiedad Bindings de dtc_desc4 tenía una referencia a archivo no válida.
Línea 1427: la propiedad Bindings de dtc_desc8 tenía una referencia a archivo no válida.
Línea 1447: la propiedad Bindings de dtc_codigo1 tenía una referencia a archivo no válida.
Línea 1465: la propiedad Bindings de dtc_desc2 tenía una referencia a archivo no válida.
Línea 1494: la propiedad Bindings de dtc_codigo9 tenía una referencia a archivo no válida.
Línea 1515: la propiedad Bindings de dtc_desc9 tenía una referencia a archivo no válida.
Línea 1535: la propiedad Bindings de dtc_desc1 tenía una referencia a archivo no válida.
Línea 1555: la propiedad Bindings de dtc_codigo10 tenía una referencia a archivo no válida.
Línea 1574: la propiedad Bindings de dtc_desc11 tenía una referencia a archivo no válida.
