Línea 122: la clase MSDataListLib.DataCombo del control dtc_codigo2 no era una clase de control cargada.
Línea 142: la clase MSDataListLib.DataCombo del control dtc_desc2 no era una clase de control cargada.
Línea 436: la clase MSDataListLib.DataCombo del control dtc_codigo1 no era una clase de control cargada.
Línea 455: la clase MSDataListLib.DataCombo del control Txt_campo4 no era una clase de control cargada.
Línea 475: la clase MSDataListLib.DataCombo del control Txt_campo2 no era una clase de control cargada.
Línea 495: la clase MSDataListLib.DataCombo del control Txt_campo3 no era una clase de control cargada.
Línea 515: la clase MSDataListLib.DataCombo del control Txt_campo18 no era una clase de control cargada.
Línea 535: la clase MSDataListLib.DataCombo del control dtc_desc5 no era una clase de control cargada.
Línea 552: la clase MSDataListLib.DataCombo del control dtc_codigo5 no era una clase de control cargada.
Línea 571: la clase MSDataListLib.DataCombo del control dtc_desc1 no era una clase de control cargada.
Línea 733: la clase MSDataListLib.DataCombo del control dtc_aux3 no era una clase de control cargada.
Línea 775: la clase MSDataListLib.DataCombo del control dtc_aux2 no era una clase de control cargada.
Línea 833: la clase MSDataListLib.DataCombo del control dtc_aux1 no era una clase de control cargada.
Línea 1101: la clase MSAdodcLib.Adodc del control Ado_datos1 no era una clase de control cargada.
Línea 1148: la clase MSAdodcLib.Adodc del control Ado_datos2 no era una clase de control cargada.
Línea 1195: la clase MSAdodcLib.Adodc del control Ado_datos3 no era una clase de control cargada.
Línea 123: el nombre de la propiedad Bindings de dtc_codigo2 no es válido.
Línea 132: el nombre de la propiedad _ExtentX de dtc_codigo2 no es válido.
Línea 133: el nombre de la propiedad _ExtentY de dtc_codigo2 no es válido.
Línea 134: el nombre de la propiedad _Version de dtc_codigo2 no es válido.
Línea 135: el nombre de la propiedad Style de dtc_codigo2 no es válido.
Línea 138: el nombre de la propiedad ListField de dtc_codigo2 no es válido.
Línea 139: el nombre de la propiedad BoundColumn de dtc_codigo2 no es válido.
Línea 140: el nombre de la propiedad Text de dtc_codigo2 no es válido.
Línea 143: el nombre de la propiedad Bindings de dtc_desc2 no es válido.
Línea 151: el nombre de la propiedad _ExtentX de dtc_desc2 no es válido.
Línea 152: el nombre de la propiedad _ExtentY de dtc_desc2 no es válido.
Línea 153: el nombre de la propiedad _Version de dtc_desc2 no es válido.
Línea 155: el nombre de la propiedad ListField de dtc_desc2 no es válido.
Línea 156: el nombre de la propiedad BoundColumn de dtc_desc2 no es válido.
Línea 157: el nombre de la propiedad Text de dtc_desc2 no es válido.
Línea 437: el nombre de la propiedad Bindings de dtc_codigo1 no es válido.
Línea 445: el nombre de la propiedad _ExtentX de dtc_codigo1 no es válido.
Línea 446: el nombre de la propiedad _ExtentY de dtc_codigo1 no es válido.
Línea 447: el nombre de la propiedad _Version de dtc_codigo1 no es válido.
Línea 448: el nombre de la propiedad Style de dtc_codigo1 no es válido.
Línea 451: el nombre de la propiedad ListField de dtc_codigo1 no es válido.
Línea 452: el nombre de la propiedad BoundColumn de dtc_codigo1 no es válido.
Línea 453: el nombre de la propiedad Text de dtc_codigo1 no es válido.
Línea 456: el nombre de la propiedad Bindings de Txt_campo4 no es válido.
Línea 464: el nombre de la propiedad _ExtentX de Txt_campo4 no es válido.
Línea 465: el nombre de la propiedad _ExtentY de Txt_campo4 no es válido.
Línea 466: el nombre de la propiedad _Version de Txt_campo4 no es válido.
Línea 468: el nombre de la propiedad Style de Txt_campo4 no es válido.
Línea 471: el nombre de la propiedad ListField de Txt_campo4 no es válido.
Línea 472: el nombre de la propiedad BoundColumn de Txt_campo4 no es válido.
Línea 473: el nombre de la propiedad Text de Txt_campo4 no es válido.
Línea 476: el nombre de la propiedad Bindings de Txt_campo2 no es válido.
Línea 484: el nombre de la propiedad _ExtentX de Txt_campo2 no es válido.
Línea 485: el nombre de la propiedad _ExtentY de Txt_campo2 no es válido.
Línea 486: el nombre de la propiedad _Version de Txt_campo2 no es válido.
Línea 488: el nombre de la propiedad Style de Txt_campo2 no es válido.
Línea 491: el nombre de la propiedad ListField de Txt_campo2 no es válido.
Línea 492: el nombre de la propiedad BoundColumn de Txt_campo2 no es válido.
Línea 493: el nombre de la propiedad Text de Txt_campo2 no es válido.
Línea 496: el nombre de la propiedad Bindings de Txt_campo3 no es válido.
Línea 504: el nombre de la propiedad _ExtentX de Txt_campo3 no es válido.
Línea 505: el nombre de la propiedad _ExtentY de Txt_campo3 no es válido.
Línea 506: el nombre de la propiedad _Version de Txt_campo3 no es válido.
Línea 508: el nombre de la propiedad Style de Txt_campo3 no es válido.
Línea 511: el nombre de la propiedad ListField de Txt_campo3 no es válido.
Línea 512: el nombre de la propiedad BoundColumn de Txt_campo3 no es válido.
Línea 513: el nombre de la propiedad Text de Txt_campo3 no es válido.
Línea 516: el nombre de la propiedad Bindings de Txt_campo18 no es válido.
Línea 524: el nombre de la propiedad _ExtentX de Txt_campo18 no es válido.
Línea 525: el nombre de la propiedad _ExtentY de Txt_campo18 no es válido.
Línea 526: el nombre de la propiedad _Version de Txt_campo18 no es válido.
Línea 528: el nombre de la propiedad Style de Txt_campo18 no es válido.
Línea 531: el nombre de la propiedad ListField de Txt_campo18 no es válido.
Línea 532: el nombre de la propiedad BoundColumn de Txt_campo18 no es válido.
Línea 533: el nombre de la propiedad Text de Txt_campo18 no es válido.
Línea 536: el nombre de la propiedad Bindings de dtc_desc5 no es válido.
Línea 544: el nombre de la propiedad _ExtentX de dtc_desc5 no es válido.
Línea 545: el nombre de la propiedad _ExtentY de dtc_desc5 no es válido.
Línea 546: el nombre de la propiedad _Version de dtc_desc5 no es válido.
Línea 548: el nombre de la propiedad ListField de dtc_desc5 no es válido.
Línea 549: el nombre de la propiedad BoundColumn de dtc_desc5 no es válido.
Línea 550: el nombre de la propiedad Text de dtc_desc5 no es válido.
Línea 553: el nombre de la propiedad Bindings de dtc_codigo5 no es válido.
Línea 562: el nombre de la propiedad _ExtentX de dtc_codigo5 no es válido.
Línea 563: el nombre de la propiedad _ExtentY de dtc_codigo5 no es válido.
Línea 564: el nombre de la propiedad _Version de dtc_codigo5 no es válido.
Línea 567: el nombre de la propiedad ListField de dtc_codigo5 no es válido.
Línea 568: el nombre de la propiedad BoundColumn de dtc_codigo5 no es válido.
Línea 569: el nombre de la propiedad Text de dtc_codigo5 no es válido.
Línea 572: el nombre de la propiedad Bindings de dtc_desc1 no es válido.
Línea 580: el nombre de la propiedad _ExtentX de dtc_desc1 no es válido.
Línea 581: el nombre de la propiedad _ExtentY de dtc_desc1 no es válido.
Línea 582: el nombre de la propiedad _Version de dtc_desc1 no es válido.
Línea 584: el nombre de la propiedad ListField de dtc_desc1 no es válido.
Línea 585: el nombre de la propiedad BoundColumn de dtc_desc1 no es válido.
Línea 586: el nombre de la propiedad Text de dtc_desc1 no es válido.
Línea 734: el nombre de la propiedad Bindings de dtc_aux3 no es válido.
Línea 743: el nombre de la propiedad _ExtentX de dtc_aux3 no es válido.
Línea 744: el nombre de la propiedad _ExtentY de dtc_aux3 no es válido.
Línea 745: el nombre de la propiedad _Version de dtc_aux3 no es válido.
Línea 747: el nombre de la propiedad Style de dtc_aux3 no es válido.
Línea 749: el nombre de la propiedad ListField de dtc_aux3 no es válido.
Línea 750: el nombre de la propiedad BoundColumn de dtc_aux3 no es válido.
Línea 751: el nombre de la propiedad Text de dtc_aux3 no es válido.
Línea 776: el nombre de la propiedad Bindings de dtc_aux2 no es válido.
Línea 785: el nombre de la propiedad _ExtentX de dtc_aux2 no es válido.
Línea 786: el nombre de la propiedad _ExtentY de dtc_aux2 no es válido.
Línea 787: el nombre de la propiedad _Version de dtc_aux2 no es válido.
Línea 789: el nombre de la propiedad Style de dtc_aux2 no es válido.
Línea 791: el nombre de la propiedad ListField de dtc_aux2 no es válido.
Línea 792: el nombre de la propiedad BoundColumn de dtc_aux2 no es válido.
Línea 793: el nombre de la propiedad Text de dtc_aux2 no es válido.
Línea 834: el nombre de la propiedad Bindings de dtc_aux1 no es válido.
Línea 843: el nombre de la propiedad _ExtentX de dtc_aux1 no es válido.
Línea 844: el nombre de la propiedad _ExtentY de dtc_aux1 no es válido.
Línea 845: el nombre de la propiedad _Version de dtc_aux1 no es válido.
Línea 846: el nombre de la propiedad Style de dtc_aux1 no es válido.
Línea 849: el nombre de la propiedad ListField de dtc_aux1 no es válido.
Línea 850: el nombre de la propiedad BoundColumn de dtc_aux1 no es válido.
Línea 851: el nombre de la propiedad Text de dtc_aux1 no es válido.
Línea 1107: el nombre de la propiedad _ExtentX de Ado_datos1 no es válido.
Línea 1108: el nombre de la propiedad _ExtentY de Ado_datos1 no es válido.
Línea 1109: el nombre de la propiedad ConnectMode de Ado_datos1 no es válido.
Línea 1110: el nombre de la propiedad CursorLocation de Ado_datos1 no es válido.
Línea 1111: el nombre de la propiedad IsolationLevel de Ado_datos1 no es válido.
Línea 1112: el nombre de la propiedad ConnectionTimeout de Ado_datos1 no es válido.
Línea 1113: el nombre de la propiedad CommandTimeout de Ado_datos1 no es válido.
Línea 1114: el nombre de la propiedad CursorType de Ado_datos1 no es válido.
Línea 1115: el nombre de la propiedad LockType de Ado_datos1 no es válido.
Línea 1116: el nombre de la propiedad CommandType de Ado_datos1 no es válido.
Línea 1117: el nombre de la propiedad CursorOptions de Ado_datos1 no es válido.
Línea 1118: el nombre de la propiedad CacheSize de Ado_datos1 no es válido.
Línea 1119: el nombre de la propiedad MaxRecords de Ado_datos1 no es válido.
Línea 1120: el nombre de la propiedad BOFAction de Ado_datos1 no es válido.
Línea 1121: el nombre de la propiedad EOFAction de Ado_datos1 no es válido.
Línea 1122: el nombre de la propiedad ConnectStringType de Ado_datos1 no es válido.
Línea 1126: el nombre de la propiedad Orientation de Ado_datos1 no es válido.
Línea 1128: el nombre de la propiedad Connect de Ado_datos1 no es válido.
Línea 1129: el nombre de la propiedad OLEDBString de Ado_datos1 no es válido.
Línea 1130: el nombre de la propiedad OLEDBFile de Ado_datos1 no es válido.
Línea 1131: el nombre de la propiedad DataSourceName de Ado_datos1 no es válido.
Línea 1132: el nombre de la propiedad OtherAttributes de Ado_datos1 no es válido.
Línea 1133: el nombre de la propiedad UserName de Ado_datos1 no es válido.
Línea 1134: el nombre de la propiedad Password de Ado_datos1 no es válido.
Línea 1135: el nombre de la propiedad RecordSource de Ado_datos1 no es válido.
Línea 1136: el nombre de la propiedad Caption de Ado_datos1 no es válido.
Línea 1146: el nombre de la propiedad _Version de Ado_datos1 no es válido.
Línea 1154: el nombre de la propiedad _ExtentX de Ado_datos2 no es válido.
Línea 1155: el nombre de la propiedad _ExtentY de Ado_datos2 no es válido.
Línea 1156: el nombre de la propiedad ConnectMode de Ado_datos2 no es válido.
Línea 1157: el nombre de la propiedad CursorLocation de Ado_datos2 no es válido.
Línea 1158: el nombre de la propiedad IsolationLevel de Ado_datos2 no es válido.
Línea 1159: el nombre de la propiedad ConnectionTimeout de Ado_datos2 no es válido.
Línea 1160: el nombre de la propiedad CommandTimeout de Ado_datos2 no es válido.
Línea 1161: el nombre de la propiedad CursorType de Ado_datos2 no es válido.
Línea 1162: el nombre de la propiedad LockType de Ado_datos2 no es válido.
Línea 1163: el nombre de la propiedad CommandType de Ado_datos2 no es válido.
Línea 1164: el nombre de la propiedad CursorOptions de Ado_datos2 no es válido.
Línea 1165: el nombre de la propiedad CacheSize de Ado_datos2 no es válido.
Línea 1166: el nombre de la propiedad MaxRecords de Ado_datos2 no es válido.
Línea 1167: el nombre de la propiedad BOFAction de Ado_datos2 no es válido.
Línea 1168: el nombre de la propiedad EOFAction de Ado_datos2 no es válido.
Línea 1169: el nombre de la propiedad ConnectStringType de Ado_datos2 no es válido.
Línea 1173: el nombre de la propiedad Orientation de Ado_datos2 no es válido.
Línea 1175: el nombre de la propiedad Connect de Ado_datos2 no es válido.
Línea 1176: el nombre de la propiedad OLEDBString de Ado_datos2 no es válido.
Línea 1177: el nombre de la propiedad OLEDBFile de Ado_datos2 no es válido.
Línea 1178: el nombre de la propiedad DataSourceName de Ado_datos2 no es válido.
Línea 1179: el nombre de la propiedad OtherAttributes de Ado_datos2 no es válido.
Línea 1180: el nombre de la propiedad UserName de Ado_datos2 no es válido.
Línea 1181: el nombre de la propiedad Password de Ado_datos2 no es válido.
Línea 1182: el nombre de la propiedad RecordSource de Ado_datos2 no es válido.
Línea 1183: el nombre de la propiedad Caption de Ado_datos2 no es válido.
Línea 1193: el nombre de la propiedad _Version de Ado_datos2 no es válido.
Línea 1201: el nombre de la propiedad _ExtentX de Ado_datos3 no es válido.
Línea 1202: el nombre de la propiedad _ExtentY de Ado_datos3 no es válido.
Línea 1203: el nombre de la propiedad ConnectMode de Ado_datos3 no es válido.
Línea 1204: el nombre de la propiedad CursorLocation de Ado_datos3 no es válido.
Línea 1205: el nombre de la propiedad IsolationLevel de Ado_datos3 no es válido.
Línea 1206: el nombre de la propiedad ConnectionTimeout de Ado_datos3 no es válido.
Línea 1207: el nombre de la propiedad CommandTimeout de Ado_datos3 no es válido.
Línea 1208: el nombre de la propiedad CursorType de Ado_datos3 no es válido.
Línea 1209: el nombre de la propiedad LockType de Ado_datos3 no es válido.
Línea 1210: el nombre de la propiedad CommandType de Ado_datos3 no es válido.
Línea 1211: el nombre de la propiedad CursorOptions de Ado_datos3 no es válido.
Línea 1212: el nombre de la propiedad CacheSize de Ado_datos3 no es válido.
Línea 1213: el nombre de la propiedad MaxRecords de Ado_datos3 no es válido.
Línea 1214: el nombre de la propiedad BOFAction de Ado_datos3 no es válido.
Línea 1215: el nombre de la propiedad EOFAction de Ado_datos3 no es válido.
Línea 1216: el nombre de la propiedad ConnectStringType de Ado_datos3 no es válido.
Línea 1220: el nombre de la propiedad Orientation de Ado_datos3 no es válido.
Línea 1222: el nombre de la propiedad Connect de Ado_datos3 no es válido.
Línea 1223: el nombre de la propiedad OLEDBString de Ado_datos3 no es válido.
Línea 1224: el nombre de la propiedad OLEDBFile de Ado_datos3 no es válido.
Línea 1225: el nombre de la propiedad DataSourceName de Ado_datos3 no es válido.
Línea 1226: el nombre de la propiedad OtherAttributes de Ado_datos3 no es válido.
Línea 1227: el nombre de la propiedad UserName de Ado_datos3 no es válido.
Línea 1228: el nombre de la propiedad Password de Ado_datos3 no es válido.
Línea 1229: el nombre de la propiedad RecordSource de Ado_datos3 no es válido.
Línea 1230: el nombre de la propiedad Caption de Ado_datos3 no es válido.
Línea 1240: el nombre de la propiedad _Version de Ado_datos3 no es válido.
