Línea 13: la propiedad Icon de frm_to_cronograma_zonas tenía una referencia a archivo no válida.
Línea 77: la propiedad ItemData de cmd_campo2 tenía una referencia a archivo no válida.
Línea 79: la propiedad List de cmd_campo2 tenía una referencia a archivo no válida.
Línea 104: la propiedad Text de Txt_campo1 tenía una referencia a archivo no válida.
Línea 133: la propiedad Bindings de dtc_desc6 tenía una referencia a archivo no válida.
Línea 149: la propiedad Bindings de dtc_codigo6 tenía una referencia a archivo no válida.
Línea 167: la propiedad Bindings de dtc_desc5 tenía una referencia a archivo no válida.
Línea 183: la propiedad Bindings de dtc_codigo5 tenía una referencia a archivo no válida.
Línea 202: la propiedad Bindings de dtc_desc7 tenía una referencia a archivo no válida.
Línea 218: la propiedad Bindings de dtc_desc8 tenía una referencia a archivo no válida.
Línea 234: la propiedad Bindings de dtc_codigo7 tenía una referencia a archivo no válida.
Línea 252: la propiedad Bindings de dtc_codigo8 tenía una referencia a archivo no válida.
Línea 457: la propiedad Picture de BtnVer tenía una referencia a archivo no válida.
Línea 469: la propiedad Picture de BtnDesAprobar tenía una referencia a archivo no válida.
Línea 478: la propiedad DownPicture de Command1 tenía una referencia a archivo no válida.
Línea 482: la propiedad Picture de Command1 tenía una referencia a archivo no válida.
Línea 497: la propiedad Picture de BtnAñadir tenía una referencia a archivo no válida.
Línea 512: la propiedad Picture de BtnModificar tenía una referencia a archivo no válida.
Línea 527: la propiedad Picture de BtnEliminar tenía una referencia a archivo no válida.
Línea 542: la propiedad Picture de BtnAprobar tenía una referencia a archivo no válida.
Línea 557: la propiedad Picture de BtnBuscar tenía una referencia a archivo no válida.
Línea 572: la propiedad Picture de BtnImprimir tenía una referencia a archivo no válida.
Línea 587: la propiedad Picture de BtnSalir tenía una referencia a archivo no válida.
Línea 639: la propiedad Picture de BtnGrabar tenía una referencia a archivo no válida.
Línea 653: la propiedad Picture de BtnCancelar tenía una referencia a archivo no válida.
Línea 717: la propiedad Picture de BtnCancelarDet tenía una referencia a archivo no válida.
Línea 732: la propiedad Picture de BtnGrabarDet tenía una referencia a archivo no válida.
Línea 747: la propiedad Picture de BtnAddDetalle tenía una referencia a archivo no válida.
Línea 761: la propiedad Picture de BtnModDetalle tenía una referencia a archivo no válida.
Línea 775: la propiedad Picture de BtnAnlDetalle tenía una referencia a archivo no válida.
Línea 784: la propiedad Bindings de dg_det1 tenía una referencia a archivo no válida.
Línea 1092: la propiedad Text de Txt_campo2 tenía una referencia a archivo no válida.
Línea 1143: la propiedad Bindings de dtc_codigo3 tenía una referencia a archivo no válida.
Línea 1161: la propiedad Bindings de dtc_codigo2 tenía una referencia a archivo no válida.
Línea 1179: la propiedad Bindings de dtc_desc2 tenía una referencia a archivo no válida.
Línea 1196: la propiedad Bindings de dtc_desc3 tenía una referencia a archivo no válida.
Línea 1213: la propiedad Bindings de dtc_desc4 tenía una referencia a archivo no válida.
Línea 1230: la propiedad Bindings de dtc_codigo4 tenía una referencia a archivo no válida.
Línea 1248: la propiedad Bindings de dtc_desc1 tenía una referencia a archivo no válida.
Línea 1265: la propiedad Bindings de dtc_codigo1 tenía una referencia a archivo no válida.
Línea 1283: la propiedad Bindings de dtc_desc9 tenía una referencia a archivo no válida.
Línea 1300: la propiedad Bindings de dtc_codigo9 tenía una referencia a archivo no válida.
