Línea 16: la propiedad Icon de Frm_to_tecnico_venta tenía una referencia a archivo no válida.
Línea 37: la propiedad DownPicture de Command1 tenía una referencia a archivo no válida.
Línea 62: la propiedad Picture de BtnVer2 tenía una referencia a archivo no válida.
Línea 84: la propiedad Picture de BtnVer3 tenía una referencia a archivo no válida.
Línea 107: la propiedad Picture de BtnAñadir tenía una referencia a archivo no válida.
Línea 122: la propiedad Picture de BtnSalir tenía una referencia a archivo no válida.
Línea 137: la propiedad Picture de BtnImprimir tenía una referencia a archivo no válida.
Línea 152: la propiedad Picture de BtnBuscar tenía una referencia a archivo no válida.
Línea 167: la propiedad Picture de BtnAprobar tenía una referencia a archivo no válida.
Línea 182: la propiedad Picture de BtnEliminar tenía una referencia a archivo no válida.
Línea 197: la propiedad Picture de BtnModificar tenía una referencia a archivo no válida.
Línea 209: la propiedad Picture de BtnDesAprobar tenía una referencia a archivo no válida.
Línea 221: la propiedad Picture de BtnVer tenía una referencia a archivo no válida.
Línea 255: la propiedad Picture de BtnImprimir2 tenía una referencia a archivo no válida.
Línea 267: la propiedad Picture de FrmABMDet2 tenía una referencia a archivo no válida.
Línea 277: la propiedad Picture de BtnAprobar2 tenía una referencia a archivo no válida.
Línea 289: la propiedad Picture de BtnAnlDetalle2 tenía una referencia a archivo no válida.
Línea 301: la propiedad Picture de BtnModDetalle2 tenía una referencia a archivo no válida.
Línea 313: la propiedad Picture de BtnAddDetalle2 tenía una referencia a archivo no válida.
Línea 328: la propiedad Picture de FrmABMDet tenía una referencia a archivo no válida.
Línea 339: la propiedad Picture de BtnModDetalle tenía una referencia a archivo no válida.
Línea 351: la propiedad Picture de BtnImprimir1 tenía una referencia a archivo no válida.
Línea 363: la propiedad Picture de BtnAddDetalle tenía una referencia a archivo no válida.
Línea 377: la propiedad Picture de BtnAnlDetalle tenía una referencia a archivo no válida.
Línea 408: la propiedad TabPicture(0) de SSTab1 tenía una referencia a archivo no válida.
Línea 414: la propiedad TabPicture(1) de SSTab1 tenía una referencia a archivo no válida.
Línea 419: la propiedad TabPicture(2) de SSTab1 tenía una referencia a archivo no válida.
Línea 524: la propiedad Picture de Frame7 tenía una referencia a archivo no válida.
Línea 534: la propiedad Picture de CmdGrabaCobro tenía una referencia a archivo no válida.
Línea 545: la propiedad Picture de CmdCancelaCobro tenía una referencia a archivo no válida.
Línea 558: la propiedad Picture de CmdCobrador tenía una referencia a archivo no válida.
Línea 627: la propiedad Bindings de dtc_codigo4A tenía una referencia a archivo no válida.
Línea 776: la propiedad Bindings de dtc_codigo2A tenía una referencia a archivo no válida.
Línea 795: la propiedad Bindings de dtc_desc2A tenía una referencia a archivo no válida.
Línea 814: la propiedad Bindings de dtc_desc4A tenía una referencia a archivo no válida.
Línea 1275: la propiedad Picture de FraGrabarDet tenía una referencia a archivo no válida.
Línea 1287: la propiedad Picture de cmdElige tenía una referencia a archivo no válida.
Línea 1299: la propiedad Picture de CmdGrabaDet tenía una referencia a archivo no válida.
Línea 1311: la propiedad Picture de CmdCancelaDet tenía una referencia a archivo no válida.
Línea 1506: la propiedad Bindings de dtc_subgrupo15 tenía una referencia a archivo no válida.
Línea 1536: la propiedad Bindings de dtc_grupo15 tenía una referencia a archivo no válida.
Línea 1693: la propiedad Bindings de dtc_codigo15 tenía una referencia a archivo no válida.
Línea 1713: la propiedad Bindings de dtc_desc15 tenía una referencia a archivo no válida.
Línea 1770: la propiedad Bindings de dtc_desc13 tenía una referencia a archivo no válida.
Línea 1788: la propiedad Bindings de dtc_unimed15 tenía una referencia a archivo no válida.
Línea 1817: la propiedad Bindings de dtc_stocktotal15 tenía una referencia a archivo no válida.
Línea 1866: la propiedad Bindings de dtc_codigo13 tenía una referencia a archivo no válida.
Línea 1887: la propiedad Bindings de Dtc_Stock13 tenía una referencia a archivo no válida.
Línea 1906: la propiedad Bindings de Dtc_partida15 tenía una referencia a archivo no válida.
Línea 2476: la propiedad Bindings de dtc_codigo3 tenía una referencia a archivo no válida.
Línea 2497: la propiedad Bindings de dtc_desc3 tenía una referencia a archivo no válida.
Línea 2538: la propiedad Bindings de dtc_codigo2 tenía una referencia a archivo no válida.
Línea 2579: la propiedad ItemData de cmd_unimed2 tenía una referencia a archivo no válida.
Línea 2581: la propiedad List de cmd_unimed2 tenía una referencia a archivo no válida.
Línea 2631: la propiedad ItemData de cmb_mes_ini tenía una referencia a archivo no válida.
Línea 2633: la propiedad List de cmb_mes_ini tenía una referencia a archivo no válida.
Línea 2651: la propiedad Bindings de dtc_desc4 tenía una referencia a archivo no válida.
Línea 2689: la propiedad Bindings de dtc_desc11 tenía una referencia a archivo no válida.
Línea 2705: la propiedad Bindings de dtc_codigo11 tenía una referencia a archivo no válida.
Línea 2722: la propiedad Bindings de dtc_codigo4 tenía una referencia a archivo no válida.
Línea 2739: la propiedad Bindings de dtc_aux4 tenía una referencia a archivo no válida.
Línea 2756: la propiedad Bindings de Dtc_deudor2 tenía una referencia a archivo no válida.
Línea 2792: la propiedad Bindings de dtc_desc5 tenía una referencia a archivo no válida.
Línea 2808: la propiedad Bindings de dtc_codigo5 tenía una referencia a archivo no válida.
Línea 2977: la propiedad Caption de Fra_Total debe ser una cadena encerrada entre comillas
Línea 3192: la propiedad Bindings de dtc_desc2 tenía una referencia a archivo no válida.
Línea 3212: la propiedad Bindings de dtc_codigo1 tenía una referencia a archivo no válida.
Línea 3230: la propiedad Bindings de dtc_desc1 tenía una referencia a archivo no válida.
Línea 3251: la propiedad Bindings de Dtc_aux2 tenía una referencia a archivo no válida.
Línea 3271: la propiedad Bindings de dtc_aux3 tenía una referencia a archivo no válida.
Línea 3884: la propiedad Bindings de DtGLista tenía una referencia a archivo no válida.
Línea 4116: la propiedad Bindings de DtgCobro tenía una referencia a archivo no válida.
Línea 5049: la propiedad Picture de BtnCancelar tenía una referencia a archivo no válida.
Línea 5063: la propiedad Picture de BtnGrabar tenía una referencia a archivo no válida.
