Línea 18: la propiedad Icon de tw_tecnico_cronograma tenía una referencia a archivo no válida.
Línea 85: la propiedad Picture de BtnImprimir3 tenía una referencia a archivo no válida.
Línea 100: la propiedad Picture de BtnSalir tenía una referencia a archivo no válida.
Línea 113: la propiedad Picture de BtnImprimir0 tenía una referencia a archivo no válida.
Línea 125: la propiedad Picture de BtnDesAprobar tenía una referencia a archivo no válida.
Línea 137: la propiedad Picture de BtnVer tenía una referencia a archivo no válida.
Línea 152: la propiedad Picture de BtnAñadir tenía una referencia a archivo no válida.
Línea 167: la propiedad Picture de BtnModificar tenía una referencia a archivo no válida.
Línea 182: la propiedad Picture de BtnEliminar tenía una referencia a archivo no válida.
Línea 197: la propiedad Picture de BtnAprobar tenía una referencia a archivo no válida.
Línea 212: la propiedad Picture de BtnBuscar tenía una referencia a archivo no válida.
Línea 227: la propiedad Picture de BtnImprimir tenía una referencia a archivo no válida.
Línea 279: la propiedad Picture de BtnGrabar tenía una referencia a archivo no válida.
Línea 293: la propiedad Picture de BtnCancelar tenía una referencia a archivo no válida.
Línea 342: la propiedad Picture de BtnAnlDetalle2 tenía una referencia a archivo no válida.
Línea 357: la propiedad Picture de BtnAddDetalle2 tenía una referencia a archivo no válida.
Línea 370: la propiedad Picture de Command2 tenía una referencia a archivo no válida.
Línea 383: la propiedad Picture de BtnAprobar2 tenía una referencia a archivo no válida.
Línea 396: la propiedad Picture de BtnAnlDetalle2AA tenía una referencia a archivo no válida.
Línea 409: la propiedad Picture de BtnModDetalle2 tenía una referencia a archivo no válida.
Línea 437: la propiedad Bindings de dg_det1 tenía una referencia a archivo no válida.
Línea 707: la propiedad Picture de BtnModDetalle tenía una referencia a archivo no válida.
Línea 720: la propiedad Picture de BtnImprimir2 tenía una referencia a archivo no válida.
Línea 733: la propiedad Picture de BtnAddDetalle tenía una referencia a archivo no válida.
Línea 746: la propiedad Picture de BtnAnlDetalle tenía una referencia a archivo no válida.
Línea 779: la propiedad TabPicture(0) de SSTab1 tenía una referencia a archivo no válida.
Línea 785: la propiedad TabPicture(1) de SSTab1 tenía una referencia a archivo no válida.
Línea 828: la propiedad ItemData de txt_carta tenía una referencia a archivo no válida.
Línea 830: la propiedad List de txt_carta tenía una referencia a archivo no válida.
Línea 975: la propiedad Bindings de dtc_codigo6 tenía una referencia a archivo no válida.
Línea 996: la propiedad Bindings de dtc_codigo6A tenía una referencia a archivo no válida.
Línea 1017: la propiedad Bindings de dtc_codigo6B tenía una referencia a archivo no válida.
Línea 1038: la propiedad Bindings de dtc_codigo6C tenía una referencia a archivo no válida.
Línea 1059: la propiedad Bindings de dtc_codigo6D tenía una referencia a archivo no válida.
Línea 1080: la propiedad Bindings de dtc_desc6 tenía una referencia a archivo no válida.
Línea 1099: la propiedad Bindings de dtc_desc6A tenía una referencia a archivo no válida.
Línea 1118: la propiedad Bindings de dtc_desc6B tenía una referencia a archivo no válida.
Línea 1137: la propiedad Bindings de dtc_desc6C tenía una referencia a archivo no válida.
Línea 1156: la propiedad Bindings de dtc_desc6D tenía una referencia a archivo no válida.
Línea 1299: la propiedad Picture de CmdCancelaDet tenía una referencia a archivo no válida.
Línea 1313: la propiedad Picture de CmdGrabaDet tenía una referencia a archivo no válida.
Línea 1326: la propiedad Picture de cmdElige tenía una referencia a archivo no válida.
Línea 1366: la propiedad Bindings de dtc_subgrupo15 tenía una referencia a archivo no válida.
Línea 1396: la propiedad Bindings de dtc_grupo15 tenía una referencia a archivo no válida.
Línea 1449: la propiedad Bindings de dtc_desc15 tenía una referencia a archivo no válida.
Línea 1495: la propiedad Bindings de Dtc_partida15 tenía una referencia a archivo no válida.
Línea 1567: la propiedad Bindings de dtc_codigo15 tenía una referencia a archivo no válida.
Línea 1763: la propiedad Bindings de dtc_codigo2 tenía una referencia a archivo no válida.
Línea 1801: la propiedad Bindings de dtc_desc7 tenía una referencia a archivo no válida.
Línea 1817: la propiedad Bindings de dtc_desc4 tenía una referencia a archivo no válida.
Línea 1844: la propiedad Bindings de dtc_codigo4 tenía una referencia a archivo no válida.
Línea 1861: la propiedad Bindings de dtc_aux4 tenía una referencia a archivo no válida.
Línea 1878: la propiedad Bindings de dtc_codigo7 tenía una referencia a archivo no válida.
Línea 1941: la propiedad ItemData de cmb_primero tenía una referencia a archivo no válida.
Línea 1943: la propiedad List de cmb_primero tenía una referencia a archivo no válida.
Línea 1956: la propiedad ItemData de cmb_lunes tenía una referencia a archivo no válida.
Línea 1958: la propiedad List de cmb_lunes tenía una referencia a archivo no válida.
Línea 1969: la propiedad ItemData de cmb_dia tenía una referencia a archivo no válida.
Línea 1971: la propiedad List de cmb_dia tenía una referencia a archivo no válida.
Línea 1988: la propiedad Bindings de dtc_desc5 tenía una referencia a archivo no válida.
Línea 2012: la propiedad ItemData de cmd_unimed2 tenía una referencia a archivo no válida.
Línea 2014: la propiedad List de cmd_unimed2 tenía una referencia a archivo no válida.
Línea 2037: la propiedad ItemData de cmb_mes_ini tenía una referencia a archivo no válida.
Línea 2039: la propiedad List de cmb_mes_ini tenía una referencia a archivo no válida.
Línea 2097: la propiedad Bindings de dtc_horaD5 tenía una referencia a archivo no válida.
Línea 2116: la propiedad Bindings de dtc_horaC5 tenía una referencia a archivo no válida.
Línea 2135: la propiedad Bindings de dtc_horaB5 tenía una referencia a archivo no válida.
Línea 2154: la propiedad Bindings de dtc_horaA5 tenía una referencia a archivo no válida.
Línea 2173: la propiedad Bindings de dtc_codigo5 tenía una referencia a archivo no válida.
Línea 2328: la propiedad Bindings de dtc_desc2 tenía una referencia a archivo no válida.
Línea 2347: la propiedad Bindings de dtc_codigo1 tenía una referencia a archivo no válida.
Línea 2365: la propiedad Bindings de dtc_desc1 tenía una referencia a archivo no válida.
Línea 2385: la propiedad Bindings de Dtc_aux2 tenía una referencia a archivo no válida.
Línea 2405: la propiedad Bindings de dtc_aux3 tenía una referencia a archivo no válida.
Línea 2423: la propiedad Bindings de dtc_codigo3 tenía una referencia a archivo no válida.
Línea 2443: la propiedad Bindings de dtc_desc3 tenía una referencia a archivo no válida.
Línea 2894: la propiedad Bindings de dg_datos tenía una referencia a archivo no válida.
Línea 3242: la propiedad Bindings de DtGLista tenía una referencia a archivo no válida.
