Línea 1053: la propiedad ColumnWidth de Column01 tenía un valor no válido.
Línea 1062: la propiedad ColumnWidth de Column03 tenía un valor no válido.
Línea 1067: la propiedad ColumnWidth de Column04 tenía un valor no válido.
Línea 1072: la propiedad ColumnWidth de Column05 tenía un valor no válido.
Línea 1078: la propiedad ColumnWidth de Column06 tenía un valor no válido.
Línea 1082: la propiedad ColumnWidth de Column07 tenía un valor no válido.
Línea 1320: error de sintaxis: a la propiedad <<<<<<< de DTPFechaProg le falta un '='.
Línea 1324: error de sintaxis: a la propiedad >>>>>>> de DTPFechaProg le falta un '='.
Línea 1588: error de sintaxis: a la propiedad <<<<<<< de DTPFechaCobro le falta un '='.
Línea 1592: error de sintaxis: a la propiedad >>>>>>> de DTPFechaCobro le falta un '='.
Línea 1620: error de sintaxis: a la propiedad <<<<<<< de DTPFechaConf le falta un '='.
Línea 1624: error de sintaxis: a la propiedad >>>>>>> de DTPFechaConf le falta un '='.
Línea 2122: error de sintaxis: a la propiedad <<<<<<< de lbl_fecha_ini le falta un '='.
Línea 2126: error de sintaxis: a la propiedad >>>>>>> de lbl_fecha_ini le falta un '='.
Línea 2151: error de sintaxis: a la propiedad <<<<<<< de lbl_fecha_fin le falta un '='.
Línea 2155: error de sintaxis: a la propiedad >>>>>>> de lbl_fecha_fin le falta un '='.
Línea 2599: error de sintaxis: a la propiedad <<<<<<< de DTPFechaIni le falta un '='.
Línea 2603: error de sintaxis: a la propiedad >>>>>>> de DTPFechaIni le falta un '='.
Línea 2686: error de sintaxis: a la propiedad <<<<<<< de DTPFechaFin le falta un '='.
Línea 2690: error de sintaxis: a la propiedad >>>>>>> de DTPFechaFin le falta un '='.
Línea 3416: error de sintaxis: a la propiedad <<<<<<< de DTPfechasol le falta un '='.
Línea 3420: error de sintaxis: a la propiedad >>>>>>> de DTPfechasol le falta un '='.
Línea 3912: la propiedad ColumnWidth de Column01 tenía un valor no válido.
Línea 3915: la propiedad ColumnWidth de Column02 tenía un valor no válido.
Línea 3919: la propiedad ColumnWidth de Column03 tenía un valor no válido.
Línea 3922: la propiedad ColumnWidth de Column04 tenía un valor no válido.
Línea 3926: la propiedad ColumnWidth de Column05 tenía un valor no válido.
Línea 3930: la propiedad ColumnWidth de Column06 tenía un valor no válido.
Línea 3939: la propiedad ColumnWidth de Column09 tenía un valor no válido.
Línea 4194: la propiedad ColumnWidth de Column01 tenía un valor no válido.
Línea 4198: la propiedad ColumnWidth de Column02 tenía un valor no válido.
Línea 4207: la propiedad ColumnWidth de Column04 tenía un valor no válido.
Línea 4216: la propiedad ColumnWidth de Column06 tenía un valor no válido.
Línea 4224: la propiedad ColumnWidth de Column08 tenía un valor no válido.
Línea 4228: la propiedad ColumnWidth de Column09 tenía un valor no válido.
Línea 4231: la propiedad ColumnWidth de Column10 tenía un valor no válido.
Línea 4463: la propiedad ColumnWidth de Column00 tenía un valor no válido.
Línea 4467: la propiedad ColumnWidth de Column01 tenía un valor no válido.
Línea 4472: la propiedad ColumnWidth de Column02 tenía un valor no válido.
Línea 4481: la propiedad ColumnWidth de Column04 tenía un valor no válido.
Línea 4487: la propiedad ColumnWidth de Column05 tenía un valor no válido.
Línea 4491: la propiedad ColumnWidth de Column06 tenía un valor no válido.
Línea 4498: la propiedad ColumnWidth de Column08 tenía un valor no válido.
Línea 4512: la propiedad ColumnWidth de Column12 tenía un valor no válido.
