Línea 36: la clase MSDataListLib.DataCombo del control dtc_orgDes no era una clase de control cargada.
Línea 62: la clase MSDataListLib.DataCombo del control dtc_org no era una clase de control cargada.
Línea 90: la clase MSAdodcLib.Adodc del control Ado_org no era una clase de control cargada.
Línea 187: la clase MSComCtl2.DTPicker del control DTp_FCarga no era una clase de control cargada.
Línea 199: la clase MSComCtl2.DTPicker del control DTP_Fvigencia no era una clase de control cargada.
Línea 211: la clase MSDataListLib.DataCombo del control dtc_ctades no era una clase de control cargada.
Línea 238: la clase MSDataListLib.DataCombo del control dtc_cta no era una clase de control cargada.
Línea 263: la clase MSAdodcLib.Adodc del control Ado_cuenta no era una clase de control cargada.
Línea 420: la clase MSComCtl2.DTPicker del control dtpFecha1 no era una clase de control cargada.
Línea 433: la clase MSComCtl2.DTPicker del control dtpFecha2 no era una clase de control cargada.
Línea 446: la clase MSDataListLib.DataCombo del control dtc_rep_det no era una clase de control cargada.
Línea 471: la clase MSDataListLib.DataCombo del control dtc_rep_cod no era una clase de control cargada.
Línea 496: la clase MSAdodcLib.Adodc del control Ado_datos_rep no era una clase de control cargada.
Línea 1061: la clase MSDataListLib.DataCombo del control DtcProvCod no era una clase de control cargada.
Línea 1076: la clase MSDataListLib.DataCombo del control DtcCliCod no era una clase de control cargada.
Línea 1091: la clase MSDataListLib.DataCombo del control DtcVenCod no era una clase de control cargada.
Línea 1106: la clase MSDataListLib.DataCombo del control DtcCbrCod no era una clase de control cargada.
Línea 1121: la clase MSDataListLib.DataCombo del control DtcCbrDes no era una clase de control cargada.
Línea 1135: la clase MSDataListLib.DataCombo del control DtcProvDes no era una clase de control cargada.
Línea 1149: la clase MSDataListLib.DataCombo del control DtcCliDes no era una clase de control cargada.
Línea 1163: la clase MSDataListLib.DataCombo del control DtcVenDes no era una clase de control cargada.
Línea 1177: la clase MSAdodcLib.Adodc del control Ado_proveedor no era una clase de control cargada.
Línea 1224: la clase MSAdodcLib.Adodc del control ado_Cliente no era una clase de control cargada.
Línea 1271: la clase MSAdodcLib.Adodc del control Ado_vendedor no era una clase de control cargada.
Línea 1318: la clase MSAdodcLib.Adodc del control Ado_Cobrador no era una clase de control cargada.
Línea 1365: la clase MSDataListLib.DataCombo del control DtcTipo no era una clase de control cargada.
Línea 1380: la clase MSDataListLib.DataCombo del control DtcTipoDes no era una clase de control cargada.
Línea 1394: la clase MSAdodcLib.Adodc del control Ado_Tipo no era una clase de control cargada.
Línea 1441: la clase MSDataListLib.DataCombo del control DtcTipoCli no era una clase de control cargada.
Línea 1456: la clase MSDataListLib.DataCombo del control DtcDepto no era una clase de control cargada.
Línea 1471: la clase MSDataListLib.DataCombo del control DtcTipoCliDes no era una clase de control cargada.
Línea 1485: la clase MSDataListLib.DataCombo del control DtcCiu no era una clase de control cargada.
Línea 1500: la clase MSAdodcLib.Adodc del control Ado_TipoBenef no era una clase de control cargada.
Línea 1547: la clase MSAdodcLib.Adodc del control Ado_Ciudad no era una clase de control cargada.
Línea 1594: la clase MSDataListLib.DataCombo del control DtcMesC no era una clase de control cargada.
Línea 1610: la clase MSDataListLib.DataCombo del control DtcProdC no era una clase de control cargada.
Línea 1625: la clase MSDataListLib.DataCombo del control DtcProd no era una clase de control cargada.
Línea 1640: la clase MSDataListLib.DataCombo del control DtcMes no era una clase de control cargada.
Línea 1656: la clase MSAdodcLib.Adodc del control Ado_Meses no era una clase de control cargada.
Línea 1703: la clase MSAdodcLib.Adodc del control Ado_Producto no era una clase de control cargada.
Línea 1974: la clase MSDataListLib.DataCombo del control DataCombo1 no era una clase de control cargada.
Línea 1988: la clase Crystal.CrystalReport del control CryReporte no era una clase de control cargada.
Línea 2006: la clase Crystal.CrystalReport del control CryReporte4 no era una clase de control cargada.
Línea 2024: la clase Crystal.CrystalReport del control CryDetalle no era una clase de control cargada.
Línea 2036: la clase Crystal.CrystalReport del control CryReporte3 no era una clase de control cargada.
Línea 2052: la clase Crystal.CrystalReport del control CryReporte2 no era una clase de control cargada.
Línea 2070: la clase Crystal.CrystalReport del control CryReporte5 no era una clase de control cargada.
Línea 2088: la clase Crystal.CrystalReport del control CryReporte6 no era una clase de control cargada.
