Línea 7: no se pudo establecer la propiedad Icon de aw_bienes.
Línea 45: no se pudo establecer la propiedad Picture de BtnGrabar4.
Línea 55: no se pudo establecer la propiedad Picture de BtnCancelar4.
Línea 136: no se pudo establecer la propiedad Picture de BtnCancelar3.
Línea 150: no se pudo establecer la propiedad Picture de Picture3.
Línea 356: no se pudo establecer la propiedad Picture de BtnCancelar2.
Línea 370: no se pudo establecer la propiedad Picture de BtnImprimir2.
Línea 418: no se pudo establecer la propiedad Picture de BtnImprimir1.
Línea 433: no se pudo establecer la propiedad Picture de BtnVer.
Línea 446: no se pudo establecer la propiedad Picture de BtnAñadir.
Línea 460: no se pudo establecer la propiedad Picture de BtnModificar.
Línea 474: no se pudo establecer la propiedad Picture de BtnEliminar.
Línea 488: no se pudo establecer la propiedad Picture de BtnAprobar.
Línea 502: no se pudo establecer la propiedad Picture de BtnBuscar.
Línea 516: no se pudo establecer la propiedad Picture de BtnImprimir.
Línea 530: no se pudo establecer la propiedad Picture de BtnSalir.
Línea 545: no se pudo establecer la propiedad Picture de BtnDesAprobar.
Línea 593: no se pudo establecer la propiedad Picture de BtnGrabar.
Línea 607: no se pudo establecer la propiedad Picture de BtnCancelar.
Línea 944: no se pudo establecer la propiedad Picture de BtnAux1.
