Línea 15: la propiedad Icon de frm_ac_bienes tenía una referencia a archivo no válida.
Línea 53: la propiedad Picture de Picture2 tenía una referencia a archivo no válida.
Línea 68: la propiedad Picture de Picture1 tenía una referencia a archivo no válida.
Línea 82: la propiedad Picture de Picture39 tenía una referencia a archivo no válida.
Línea 115: la propiedad Picture de Image1 tenía una referencia a archivo no válida.
Línea 162: la propiedad Picture de Picture36 tenía una referencia a archivo no válida.
Línea 177: la propiedad Picture de Picture37 tenía una referencia a archivo no válida.
Línea 352: la propiedad ItemData de cmb_gestion_rep tenía una referencia a archivo no válida.
Línea 354: la propiedad List de cmb_gestion_rep tenía una referencia a archivo no válida.
Línea 361: la propiedad ItemData de cbo_mes_rep tenía una referencia a archivo no válida.
Línea 363: la propiedad List de cbo_mes_rep tenía una referencia a archivo no válida.
Línea 379: la propiedad Bindings de dtc_rep_det tenía una referencia a archivo no válida.
Línea 403: la propiedad Bindings de dtc_rep_cod tenía una referencia a archivo no válida.
Línea 473: la propiedad Picture de BtnDesAprobar tenía una referencia a archivo no válida.
Línea 487: la propiedad Picture de BtnSalir tenía una referencia a archivo no válida.
Línea 502: la propiedad Picture de BtnImprimir tenía una referencia a archivo no válida.
Línea 516: la propiedad Picture de BtnBuscar tenía una referencia a archivo no válida.
Línea 530: la propiedad Picture de BtnAprobar tenía una referencia a archivo no válida.
Línea 544: la propiedad Picture de BtnEliminar tenía una referencia a archivo no válida.
Línea 558: la propiedad Picture de BtnModificar tenía una referencia a archivo no válida.
Línea 572: la propiedad Picture de BtnAñadir tenía una referencia a archivo no válida.
Línea 584: la propiedad Picture de BtnVer tenía una referencia a archivo no válida.
Línea 636: la propiedad Picture de BtnGrabar tenía una referencia a archivo no válida.
Línea 650: la propiedad Picture de BtnCancelar tenía una referencia a archivo no válida.
Línea 728: la propiedad Bindings de dg_datos tenía una referencia a archivo no válida.
Línea 1019: la propiedad ItemData de cmd_rotacion tenía una referencia a archivo no válida.
Línea 1021: la propiedad List de cmd_rotacion tenía una referencia a archivo no válida.
Línea 1038: la propiedad Bindings de dtc_partida tenía una referencia a archivo no válida.
Línea 1056: la propiedad Bindings de dtc_desc10 tenía una referencia a archivo no válida.
Línea 1177: la propiedad Bindings de Montador tenía una referencia a archivo no válida.
Línea 1243: la propiedad Bindings de TDBC_marcas tenía una referencia a archivo no válida.
Línea 1260: la propiedad Bindings de marcas tenía una referencia a archivo no válida.
Línea 1278: la propiedad Bindings de TDBC_Montador tenía una referencia a archivo no válida.
Línea 1304: la propiedad Bindings de TDBC_Unidad tenía una referencia a archivo no válida.
Línea 1321: la propiedad Bindings de Unidad tenía una referencia a archivo no válida.
Línea 1339: la propiedad Bindings de DtcGrupoCod tenía una referencia a archivo no válida.
Línea 1357: la propiedad Bindings de DtcGrupoDes tenía una referencia a archivo no válida.
Línea 1397: la propiedad Bindings de DtcPaisD tenía una referencia a archivo no válida.
Línea 1414: la propiedad Bindings de DtcPais tenía una referencia a archivo no válida.
Línea 1432: la propiedad Bindings de DtcGrupoUni tenía una referencia a archivo no válida.
Línea 1450: la propiedad Bindings de dtc_codigo10 tenía una referencia a archivo no válida.
Línea 1470: la propiedad Bindings de dtc_partida_des tenía una referencia a archivo no válida.
Línea 1496: la propiedad Bindings de dtc_desc6 tenía una referencia a archivo no válida.
Línea 1515: la propiedad Bindings de dtc_codigo6 tenía una referencia a archivo no válida.
Línea 1532: la propiedad Bindings de dtc_codigo8 tenía una referencia a archivo no válida.
Línea 1550: la propiedad Bindings de dtc_desc8 tenía una referencia a archivo no válida.
Línea 2555: la propiedad Picture de ListImage1 tenía una referencia a archivo no válida.
Línea 2559: la propiedad Picture de ListImage2 tenía una referencia a archivo no válida.
Línea 2563: la propiedad Picture de ListImage3 tenía una referencia a archivo no válida.
