Línea 70: la clase MSDataGridLib.DataGrid del control dg_datos no era una clase de control cargada.
Línea 254: la clase MSAdodcLib.Adodc del control Ado_datos no era una clase de control cargada.
Línea 598: la clase MSDataListLib.DataCombo del control dtc_partida no era una clase de control cargada.
Línea 616: la clase MSDataListLib.DataCombo del control dtc_desc10 no era una clase de control cargada.
Línea 687: la clase MSComCtl2.DTPicker del control DTPicker1 no era una clase de control cargada.
Línea 737: la clase MSDataListLib.DataCombo del control Montador no era una clase de control cargada.
Línea 803: la clase MSDataListLib.DataCombo del control TDBC_marcas no era una clase de control cargada.
Línea 820: la clase MSDataListLib.DataCombo del control marcas no era una clase de control cargada.
Línea 838: la clase MSDataListLib.DataCombo del control TDBC_Montador no era una clase de control cargada.
Línea 864: la clase MSDataListLib.DataCombo del control TDBC_Unidad no era una clase de control cargada.
Línea 881: la clase MSDataListLib.DataCombo del control Unidad no era una clase de control cargada.
Línea 899: la clase MSDataListLib.DataCombo del control DtcGrupoCod no era una clase de control cargada.
Línea 917: la clase MSDataListLib.DataCombo del control DtcGrupoDes no era una clase de control cargada.
Línea 943: la clase MSComCtl2.DTPicker del control DTPicker2 no era una clase de control cargada.
Línea 957: la clase MSDataListLib.DataCombo del control DtcPaisD no era una clase de control cargada.
Línea 974: la clase MSDataListLib.DataCombo del control DtcPais no era una clase de control cargada.
Línea 992: la clase MSDataListLib.DataCombo del control DtcGrupoUni no era una clase de control cargada.
Línea 1010: la clase MSDataListLib.DataCombo del control dtc_codigo10 no era una clase de control cargada.
Línea 1030: la clase MSDataListLib.DataCombo del control dtc_partida_des no era una clase de control cargada.
Línea 1056: la clase MSDataListLib.DataCombo del control dtc_desc6 no era una clase de control cargada.
Línea 1075: la clase MSDataListLib.DataCombo del control dtc_codigo6 no era una clase de control cargada.
Línea 1092: la clase MSDataListLib.DataCombo del control dtc_codigo8 no era una clase de control cargada.
Línea 1110: la clase MSDataListLib.DataCombo del control dtc_desc8 no era una clase de control cargada.
Línea 1923: la clase MSAdodcLib.Adodc del control AdoMontador no era una clase de control cargada.
Línea 1970: la clase MSAdodcLib.Adodc del control AdoMedida no era una clase de control cargada.
Línea 2017: la clase MSAdodcLib.Adodc del control AdoMarca no era una clase de control cargada.
Línea 2103: la clase MSComctlLib.ImageList del control imlMaterial no era una clase de control cargada.
Línea 2129: la clase MSAdodcLib.Adodc del control AdoPais no era una clase de control cargada.
Línea 2176: la clase MSAdodcLib.Adodc del control AdoGrupo no era una clase de control cargada.
Línea 2223: la clase Crystal.CrystalReport del control CryLista no era una clase de control cargada.
Línea 2237: la clase Crystal.CrystalReport del control CryBBSS no era una clase de control cargada.
Línea 2251: la clase Crystal.CrystalReport del control CryFis no era una clase de control cargada.
Línea 2265: la clase MSAdodcLib.Adodc del control Ado_datos10 no era una clase de control cargada.
Línea 2312: la clase MSAdodcLib.Adodc del control Ado_datos6 no era una clase de control cargada.
Línea 2359: la clase MSAdodcLib.Adodc del control Ado_datos7 no era una clase de control cargada.
Línea 2406: la clase MSAdodcLib.Adodc del control Ado_datos8 no era una clase de control cargada.
