Línea 122: la clase MSDataListLib.DataCombo del control dtc_codigo2 no era una clase de control cargada.
Línea 142: la clase MSDataListLib.DataCombo del control dtc_desc2 no era una clase de control cargada.
Línea 439: la clase MSDataListLib.DataCombo del control dtc_codigo1 no era una clase de control cargada.
Línea 458: la clase MSDataListLib.DataCombo del control Txt_campo4 no era una clase de control cargada.
Línea 477: la clase MSDataListLib.DataCombo del control Txt_campo2 no era una clase de control cargada.
Línea 497: la clase MSDataListLib.DataCombo del control Txt_campo3 no era una clase de control cargada.
Línea 517: la clase MSDataListLib.DataCombo del control Txt_campo18 no era una clase de control cargada.
Línea 537: la clase MSDataListLib.DataCombo del control dtc_desc5 no era una clase de control cargada.
Línea 554: la clase MSDataListLib.DataCombo del control dtc_codigo5 no era una clase de control cargada.
Línea 573: la clase MSDataListLib.DataCombo del control dtc_desc1 no era una clase de control cargada.
Línea 696: la clase MSDataListLib.DataCombo del control dtc_aux3 no era una clase de control cargada.
Línea 738: la clase MSDataListLib.DataCombo del control dtc_aux2 no era una clase de control cargada.
Línea 798: la clase MSDataListLib.DataCombo del control dtc_aux1 no era una clase de control cargada.
Línea 1066: la clase MSAdodcLib.Adodc del control Ado_datos1 no era una clase de control cargada.
Línea 1113: la clase MSAdodcLib.Adodc del control Ado_datos2 no era una clase de control cargada.
Línea 1160: la clase MSAdodcLib.Adodc del control Ado_datos3 no era una clase de control cargada.
Línea 123: el nombre de la propiedad Bindings de dtc_codigo2 no es válido.
Línea 132: el nombre de la propiedad _ExtentX de dtc_codigo2 no es válido.
Línea 133: el nombre de la propiedad _ExtentY de dtc_codigo2 no es válido.
Línea 134: el nombre de la propiedad _Version de dtc_codigo2 no es válido.
Línea 135: el nombre de la propiedad Style de dtc_codigo2 no es válido.
Línea 138: el nombre de la propiedad ListField de dtc_codigo2 no es válido.
Línea 139: el nombre de la propiedad BoundColumn de dtc_codigo2 no es válido.
Línea 140: el nombre de la propiedad Text de dtc_codigo2 no es válido.
Línea 143: el nombre de la propiedad Bindings de dtc_desc2 no es válido.
Línea 151: el nombre de la propiedad _ExtentX de dtc_desc2 no es válido.
Línea 152: el nombre de la propiedad _ExtentY de dtc_desc2 no es válido.
Línea 153: el nombre de la propiedad _Version de dtc_desc2 no es válido.
Línea 155: el nombre de la propiedad ListField de dtc_desc2 no es válido.
Línea 156: el nombre de la propiedad BoundColumn de dtc_desc2 no es válido.
Línea 157: el nombre de la propiedad Text de dtc_desc2 no es válido.
Línea 440: el nombre de la propiedad Bindings de dtc_codigo1 no es válido.
Línea 448: el nombre de la propiedad _ExtentX de dtc_codigo1 no es válido.
Línea 449: el nombre de la propiedad _ExtentY de dtc_codigo1 no es válido.
Línea 450: el nombre de la propiedad _Version de dtc_codigo1 no es válido.
Línea 451: el nombre de la propiedad Style de dtc_codigo1 no es válido.
Línea 454: el nombre de la propiedad ListField de dtc_codigo1 no es válido.
Línea 455: el nombre de la propiedad BoundColumn de dtc_codigo1 no es válido.
Línea 456: el nombre de la propiedad Text de dtc_codigo1 no es válido.
Línea 459: el nombre de la propiedad Bindings de Txt_campo4 no es válido.
Línea 467: el nombre de la propiedad _ExtentX de Txt_campo4 no es válido.
Línea 468: el nombre de la propiedad _ExtentY de Txt_campo4 no es válido.
Línea 469: el nombre de la propiedad _Version de Txt_campo4 no es válido.
Línea 471: el nombre de la propiedad Style de Txt_campo4 no es válido.
Línea 473: el nombre de la propiedad ListField de Txt_campo4 no es válido.
Línea 474: el nombre de la propiedad BoundColumn de Txt_campo4 no es válido.
Línea 475: el nombre de la propiedad Text de Txt_campo4 no es válido.
Línea 478: el nombre de la propiedad Bindings de Txt_campo2 no es válido.
Línea 487: el nombre de la propiedad _ExtentX de Txt_campo2 no es válido.
Línea 488: el nombre de la propiedad _ExtentY de Txt_campo2 no es válido.
Línea 489: el nombre de la propiedad _Version de Txt_campo2 no es válido.
Línea 491: el nombre de la propiedad Style de Txt_campo2 no es válido.
Línea 493: el nombre de la propiedad ListField de Txt_campo2 no es válido.
Línea 494: el nombre de la propiedad BoundColumn de Txt_campo2 no es válido.
Línea 495: el nombre de la propiedad Text de Txt_campo2 no es válido.
Línea 498: el nombre de la propiedad Bindings de Txt_campo3 no es válido.
Línea 507: el nombre de la propiedad _ExtentX de Txt_campo3 no es válido.
Línea 508: el nombre de la propiedad _ExtentY de Txt_campo3 no es válido.
Línea 509: el nombre de la propiedad _Version de Txt_campo3 no es válido.
Línea 511: el nombre de la propiedad Style de Txt_campo3 no es válido.
Línea 513: el nombre de la propiedad ListField de Txt_campo3 no es válido.
Línea 514: el nombre de la propiedad BoundColumn de Txt_campo3 no es válido.
Línea 515: el nombre de la propiedad Text de Txt_campo3 no es válido.
Línea 518: el nombre de la propiedad Bindings de Txt_campo18 no es válido.
Línea 527: el nombre de la propiedad _ExtentX de Txt_campo18 no es válido.
Línea 528: el nombre de la propiedad _ExtentY de Txt_campo18 no es válido.
Línea 529: el nombre de la propiedad _Version de Txt_campo18 no es válido.
Línea 531: el nombre de la propiedad Style de Txt_campo18 no es válido.
Línea 533: el nombre de la propiedad ListField de Txt_campo18 no es válido.
Línea 534: el nombre de la propiedad BoundColumn de Txt_campo18 no es válido.
Línea 535: el nombre de la propiedad Text de Txt_campo18 no es válido.
Línea 538: el nombre de la propiedad Bindings de dtc_desc5 no es válido.
Línea 546: el nombre de la propiedad _ExtentX de dtc_desc5 no es válido.
Línea 547: el nombre de la propiedad _ExtentY de dtc_desc5 no es válido.
Línea 548: el nombre de la propiedad _Version de dtc_desc5 no es válido.
Línea 550: el nombre de la propiedad ListField de dtc_desc5 no es válido.
Línea 551: el nombre de la propiedad BoundColumn de dtc_desc5 no es válido.
Línea 552: el nombre de la propiedad Text de dtc_desc5 no es válido.
Línea 555: el nombre de la propiedad Bindings de dtc_codigo5 no es válido.
Línea 564: el nombre de la propiedad _ExtentX de dtc_codigo5 no es válido.
Línea 565: el nombre de la propiedad _ExtentY de dtc_codigo5 no es válido.
Línea 566: el nombre de la propiedad _Version de dtc_codigo5 no es válido.
Línea 569: el nombre de la propiedad ListField de dtc_codigo5 no es válido.
Línea 570: el nombre de la propiedad BoundColumn de dtc_codigo5 no es válido.
Línea 571: el nombre de la propiedad Text de dtc_codigo5 no es válido.
Línea 574: el nombre de la propiedad Bindings de dtc_desc1 no es válido.
Línea 582: el nombre de la propiedad _ExtentX de dtc_desc1 no es válido.
Línea 583: el nombre de la propiedad _ExtentY de dtc_desc1 no es válido.
Línea 584: el nombre de la propiedad _Version de dtc_desc1 no es válido.
Línea 586: el nombre de la propiedad ListField de dtc_desc1 no es válido.
Línea 587: el nombre de la propiedad BoundColumn de dtc_desc1 no es válido.
Línea 588: el nombre de la propiedad Text de dtc_desc1 no es válido.
Línea 697: el nombre de la propiedad Bindings de dtc_aux3 no es válido.
Línea 706: el nombre de la propiedad _ExtentX de dtc_aux3 no es válido.
Línea 707: el nombre de la propiedad _ExtentY de dtc_aux3 no es válido.
Línea 708: el nombre de la propiedad _Version de dtc_aux3 no es válido.
Línea 710: el nombre de la propiedad Style de dtc_aux3 no es válido.
Línea 712: el nombre de la propiedad ListField de dtc_aux3 no es válido.
Línea 713: el nombre de la propiedad BoundColumn de dtc_aux3 no es válido.
Línea 714: el nombre de la propiedad Text de dtc_aux3 no es válido.
Línea 739: el nombre de la propiedad Bindings de dtc_aux2 no es válido.
Línea 748: el nombre de la propiedad _ExtentX de dtc_aux2 no es válido.
Línea 749: el nombre de la propiedad _ExtentY de dtc_aux2 no es válido.
Línea 750: el nombre de la propiedad _Version de dtc_aux2 no es válido.
Línea 752: el nombre de la propiedad Style de dtc_aux2 no es válido.
Línea 754: el nombre de la propiedad ListField de dtc_aux2 no es válido.
Línea 755: el nombre de la propiedad BoundColumn de dtc_aux2 no es válido.
Línea 756: el nombre de la propiedad Text de dtc_aux2 no es válido.
Línea 799: el nombre de la propiedad Bindings de dtc_aux1 no es válido.
Línea 808: el nombre de la propiedad _ExtentX de dtc_aux1 no es válido.
Línea 809: el nombre de la propiedad _ExtentY de dtc_aux1 no es válido.
Línea 810: el nombre de la propiedad _Version de dtc_aux1 no es válido.
Línea 811: el nombre de la propiedad Style de dtc_aux1 no es válido.
Línea 814: el nombre de la propiedad ListField de dtc_aux1 no es válido.
Línea 815: el nombre de la propiedad BoundColumn de dtc_aux1 no es válido.
Línea 816: el nombre de la propiedad Text de dtc_aux1 no es válido.
Línea 1072: el nombre de la propiedad _ExtentX de Ado_datos1 no es válido.
Línea 1073: el nombre de la propiedad _ExtentY de Ado_datos1 no es válido.
Línea 1074: el nombre de la propiedad ConnectMode de Ado_datos1 no es válido.
Línea 1075: el nombre de la propiedad CursorLocation de Ado_datos1 no es válido.
Línea 1076: el nombre de la propiedad IsolationLevel de Ado_datos1 no es válido.
Línea 1077: el nombre de la propiedad ConnectionTimeout de Ado_datos1 no es válido.
Línea 1078: el nombre de la propiedad CommandTimeout de Ado_datos1 no es válido.
Línea 1079: el nombre de la propiedad CursorType de Ado_datos1 no es válido.
Línea 1080: el nombre de la propiedad LockType de Ado_datos1 no es válido.
Línea 1081: el nombre de la propiedad CommandType de Ado_datos1 no es válido.
Línea 1082: el nombre de la propiedad CursorOptions de Ado_datos1 no es válido.
Línea 1083: el nombre de la propiedad CacheSize de Ado_datos1 no es válido.
Línea 1084: el nombre de la propiedad MaxRecords de Ado_datos1 no es válido.
Línea 1085: el nombre de la propiedad BOFAction de Ado_datos1 no es válido.
Línea 1086: el nombre de la propiedad EOFAction de Ado_datos1 no es válido.
Línea 1087: el nombre de la propiedad ConnectStringType de Ado_datos1 no es válido.
Línea 1091: el nombre de la propiedad Orientation de Ado_datos1 no es válido.
Línea 1093: el nombre de la propiedad Connect de Ado_datos1 no es válido.
Línea 1094: el nombre de la propiedad OLEDBString de Ado_datos1 no es válido.
Línea 1095: el nombre de la propiedad OLEDBFile de Ado_datos1 no es válido.
Línea 1096: el nombre de la propiedad DataSourceName de Ado_datos1 no es válido.
Línea 1097: el nombre de la propiedad OtherAttributes de Ado_datos1 no es válido.
Línea 1098: el nombre de la propiedad UserName de Ado_datos1 no es válido.
Línea 1099: el nombre de la propiedad Password de Ado_datos1 no es válido.
Línea 1100: el nombre de la propiedad RecordSource de Ado_datos1 no es válido.
Línea 1101: el nombre de la propiedad Caption de Ado_datos1 no es válido.
Línea 1111: el nombre de la propiedad _Version de Ado_datos1 no es válido.
Línea 1119: el nombre de la propiedad _ExtentX de Ado_datos2 no es válido.
Línea 1120: el nombre de la propiedad _ExtentY de Ado_datos2 no es válido.
Línea 1121: el nombre de la propiedad ConnectMode de Ado_datos2 no es válido.
Línea 1122: el nombre de la propiedad CursorLocation de Ado_datos2 no es válido.
Línea 1123: el nombre de la propiedad IsolationLevel de Ado_datos2 no es válido.
Línea 1124: el nombre de la propiedad ConnectionTimeout de Ado_datos2 no es válido.
Línea 1125: el nombre de la propiedad CommandTimeout de Ado_datos2 no es válido.
Línea 1126: el nombre de la propiedad CursorType de Ado_datos2 no es válido.
Línea 1127: el nombre de la propiedad LockType de Ado_datos2 no es válido.
Línea 1128: el nombre de la propiedad CommandType de Ado_datos2 no es válido.
Línea 1129: el nombre de la propiedad CursorOptions de Ado_datos2 no es válido.
Línea 1130: el nombre de la propiedad CacheSize de Ado_datos2 no es válido.
Línea 1131: el nombre de la propiedad MaxRecords de Ado_datos2 no es válido.
Línea 1132: el nombre de la propiedad BOFAction de Ado_datos2 no es válido.
Línea 1133: el nombre de la propiedad EOFAction de Ado_datos2 no es válido.
Línea 1134: el nombre de la propiedad ConnectStringType de Ado_datos2 no es válido.
Línea 1138: el nombre de la propiedad Orientation de Ado_datos2 no es válido.
Línea 1140: el nombre de la propiedad Connect de Ado_datos2 no es válido.
Línea 1141: el nombre de la propiedad OLEDBString de Ado_datos2 no es válido.
Línea 1142: el nombre de la propiedad OLEDBFile de Ado_datos2 no es válido.
Línea 1143: el nombre de la propiedad DataSourceName de Ado_datos2 no es válido.
Línea 1144: el nombre de la propiedad OtherAttributes de Ado_datos2 no es válido.
Línea 1145: el nombre de la propiedad UserName de Ado_datos2 no es válido.
Línea 1146: el nombre de la propiedad Password de Ado_datos2 no es válido.
Línea 1147: el nombre de la propiedad RecordSource de Ado_datos2 no es válido.
Línea 1148: el nombre de la propiedad Caption de Ado_datos2 no es válido.
Línea 1158: el nombre de la propiedad _Version de Ado_datos2 no es válido.
Línea 1166: el nombre de la propiedad _ExtentX de Ado_datos3 no es válido.
Línea 1167: el nombre de la propiedad _ExtentY de Ado_datos3 no es válido.
Línea 1168: el nombre de la propiedad ConnectMode de Ado_datos3 no es válido.
Línea 1169: el nombre de la propiedad CursorLocation de Ado_datos3 no es válido.
Línea 1170: el nombre de la propiedad IsolationLevel de Ado_datos3 no es válido.
Línea 1171: el nombre de la propiedad ConnectionTimeout de Ado_datos3 no es válido.
Línea 1172: el nombre de la propiedad CommandTimeout de Ado_datos3 no es válido.
Línea 1173: el nombre de la propiedad CursorType de Ado_datos3 no es válido.
Línea 1174: el nombre de la propiedad LockType de Ado_datos3 no es válido.
Línea 1175: el nombre de la propiedad CommandType de Ado_datos3 no es válido.
Línea 1176: el nombre de la propiedad CursorOptions de Ado_datos3 no es válido.
Línea 1177: el nombre de la propiedad CacheSize de Ado_datos3 no es válido.
Línea 1178: el nombre de la propiedad MaxRecords de Ado_datos3 no es válido.
Línea 1179: el nombre de la propiedad BOFAction de Ado_datos3 no es válido.
Línea 1180: el nombre de la propiedad EOFAction de Ado_datos3 no es válido.
Línea 1181: el nombre de la propiedad ConnectStringType de Ado_datos3 no es válido.
Línea 1185: el nombre de la propiedad Orientation de Ado_datos3 no es válido.
Línea 1187: el nombre de la propiedad Connect de Ado_datos3 no es válido.
Línea 1188: el nombre de la propiedad OLEDBString de Ado_datos3 no es válido.
Línea 1189: el nombre de la propiedad OLEDBFile de Ado_datos3 no es válido.
Línea 1190: el nombre de la propiedad DataSourceName de Ado_datos3 no es válido.
Línea 1191: el nombre de la propiedad OtherAttributes de Ado_datos3 no es válido.
Línea 1192: el nombre de la propiedad UserName de Ado_datos3 no es válido.
Línea 1193: el nombre de la propiedad Password de Ado_datos3 no es válido.
Línea 1194: el nombre de la propiedad RecordSource de Ado_datos3 no es válido.
Línea 1195: el nombre de la propiedad Caption de Ado_datos3 no es válido.
Línea 1205: el nombre de la propiedad _Version de Ado_datos3 no es válido.
