Línea 347: la clase MSDataGridLib.DataGrid del control dg_det1 no era una clase de control cargada.
Línea 550: la clase MSDataGridLib.DataGrid del control dg_det2 no era una clase de control cargada.
Línea 703: la clase MSDataGridLib.DataGrid del control dg_datos no era una clase de control cargada.
Línea 882: la clase MSAdodcLib.Adodc del control Ado_datos no era una clase de control cargada.
Línea 979: la clase MSDataListLib.DataCombo del control dtc_codigo11 no era una clase de control cargada.
Línea 997: la clase MSDataListLib.DataCombo del control dtc_aux1 no era una clase de control cargada.
Línea 1015: la clase MSDataListLib.DataCombo del control dtc_codigo2 no era una clase de control cargada.
Línea 1032: la clase MSDataListLib.DataCombo del control dtc_desc10 no era una clase de control cargada.
Línea 1049: la clase MSDataListLib.DataCombo del control dtc_codigo4 no era una clase de control cargada.
Línea 1069: la clase MSDataListLib.DataCombo del control dtc_codigo3 no era una clase de control cargada.
Línea 1098: la clase MSDataListLib.DataCombo del control dtc_desc3 no era una clase de control cargada.
Línea 1119: la clase MSDataListLib.DataCombo del control dtc_codigo1 no era una clase de control cargada.
Línea 1137: la clase MSDataListLib.DataCombo del control dtc_desc2 no era una clase de control cargada.
Línea 1166: la clase MSDataListLib.DataCombo del control dtc_desc1 no era una clase de control cargada.
Línea 1187: la clase MSDataListLib.DataCombo del control dtc_codigo10 no era una clase de control cargada.
Línea 1206: la clase MSDataListLib.DataCombo del control dtc_desc11 no era una clase de control cargada.
Línea 1224: la clase MSDataListLib.DataCombo del control dtc_desc4 no era una clase de control cargada.
Línea 1241: la clase MSComCtl2.DTPicker del control DTPfecha1 no era una clase de control cargada.
Línea 1687: la clase MSAdodcLib.Adodc del control Ado_datos1 no era una clase de control cargada.
Línea 1734: la clase Crystal.CrystalReport del control CR01 no era una clase de control cargada.
Línea 1751: la clase MSAdodcLib.Adodc del control Ado_datos2 no era una clase de control cargada.
Línea 1798: la clase MSAdodcLib.Adodc del control Ado_datos3 no era una clase de control cargada.
Línea 1845: la clase MSAdodcLib.Adodc del control Ado_datos4 no era una clase de control cargada.
Línea 1892: la clase MSAdodcLib.Adodc del control Ado_datos5 no era una clase de control cargada.
Línea 1939: la clase MSAdodcLib.Adodc del control Ado_datos6 no era una clase de control cargada.
Línea 1986: la clase MSAdodcLib.Adodc del control Ado_datos7 no era una clase de control cargada.
Línea 2033: la clase MSAdodcLib.Adodc del control Ado_datos8 no era una clase de control cargada.
Línea 2080: la clase MSAdodcLib.Adodc del control Ado_datos9 no era una clase de control cargada.
Línea 2127: la clase MSAdodcLib.Adodc del control Ado_datos10 no era una clase de control cargada.
Línea 2174: la clase MSAdodcLib.Adodc del control Ado_detalle1 no era una clase de control cargada.
Línea 2221: la clase MSAdodcLib.Adodc del control Ado_detalle2 no era una clase de control cargada.
Línea 2268: la clase MSAdodcLib.Adodc del control Ado_datos11 no era una clase de control cargada.
Línea 2315: la clase MSAdodcLib.Adodc del control Ado_datos12 no era una clase de control cargada.
Línea 348: el nombre de la propiedad Bindings de dg_det1 no es válido.
Línea 354: el nombre de la propiedad _ExtentX de dg_det1 no es válido.
Línea 355: el nombre de la propiedad _ExtentY de dg_det1 no es válido.
Línea 356: el nombre de la propiedad _Version de dg_det1 no es válido.
Línea 357: el nombre de la propiedad AllowUpdate de dg_det1 no es válido.
Línea 361: el nombre de la propiedad HeadLines de dg_det1 no es válido.
Línea 362: el nombre de la propiedad RowHeight de dg_det1 no es válido.
Línea 363: el nombre de la propiedad FormatLocked de dg_det1 no es válido.
Línea 372: el nombre de la propiedad HeadFont de dg_det1 no es válido.
Línea 382: el nombre de la propiedad ColumnCount de dg_det1 no es válido.
Línea 395: el nombre de la propiedad Column00 de dg_det1 no es válido.
Línea 408: el nombre de la propiedad Column01 de dg_det1 no es válido.
Línea 421: el nombre de la propiedad Column02 de dg_det1 no es válido.
Línea 434: el nombre de la propiedad Column03 de dg_det1 no es válido.
Línea 447: el nombre de la propiedad Column04 de dg_det1 no es válido.
Línea 460: el nombre de la propiedad Column05 de dg_det1 no es válido.
Línea 473: el nombre de la propiedad Column06 de dg_det1 no es válido.
Línea 486: el nombre de la propiedad Column07 de dg_det1 no es válido.
Línea 499: el nombre de la propiedad Column08 de dg_det1 no es válido.
Línea 500: el nombre de la propiedad SplitCount de dg_det1 no es válido.
Línea 538: el nombre de la propiedad Split0 de dg_det1 no es válido.
Línea 551: el nombre de la propiedad Bindings de dg_det2 no es válido.
Línea 557: el nombre de la propiedad _ExtentX de dg_det2 no es válido.
Línea 558: el nombre de la propiedad _ExtentY de dg_det2 no es válido.
Línea 559: el nombre de la propiedad _Version de dg_det2 no es válido.
Línea 560: el nombre de la propiedad AllowUpdate de dg_det2 no es válido.
Línea 564: el nombre de la propiedad HeadLines de dg_det2 no es válido.
Línea 565: el nombre de la propiedad RowHeight de dg_det2 no es válido.
Línea 566: el nombre de la propiedad FormatLocked de dg_det2 no es válido.
Línea 575: el nombre de la propiedad HeadFont de dg_det2 no es válido.
Línea 585: el nombre de la propiedad ColumnCount de dg_det2 no es válido.
Línea 598: el nombre de la propiedad Column00 de dg_det2 no es válido.
Línea 611: el nombre de la propiedad Column01 de dg_det2 no es válido.
Línea 624: el nombre de la propiedad Column02 de dg_det2 no es válido.
Línea 637: el nombre de la propiedad Column03 de dg_det2 no es válido.
Línea 650: el nombre de la propiedad Column04 de dg_det2 no es válido.
Línea 663: el nombre de la propiedad Column05 de dg_det2 no es válido.
Línea 664: el nombre de la propiedad SplitCount de dg_det2 no es válido.
Línea 691: el nombre de la propiedad Split0 de dg_det2 no es válido.
Línea 709: el nombre de la propiedad _ExtentX de dg_datos no es válido.
Línea 710: el nombre de la propiedad _ExtentY de dg_datos no es válido.
Línea 711: el nombre de la propiedad _Version de dg_datos no es válido.
Línea 712: el nombre de la propiedad AllowUpdate de dg_datos no es válido.
Línea 714: el nombre de la propiedad HeadLines de dg_datos no es válido.
Línea 715: el nombre de la propiedad RowHeight de dg_datos no es válido.
Línea 716: el nombre de la propiedad FormatLocked de dg_datos no es válido.
Línea 725: el nombre de la propiedad HeadFont de dg_datos no es válido.
Línea 735: el nombre de la propiedad ColumnCount de dg_datos no es válido.
Línea 748: el nombre de la propiedad Column00 de dg_datos no es válido.
Línea 761: el nombre de la propiedad Column01 de dg_datos no es válido.
Línea 774: el nombre de la propiedad Column02 de dg_datos no es válido.
Línea 787: el nombre de la propiedad Column03 de dg_datos no es válido.
Línea 800: el nombre de la propiedad Column04 de dg_datos no es válido.
Línea 813: el nombre de la propiedad Column05 de dg_datos no es válido.
Línea 814: el nombre de la propiedad SplitCount de dg_datos no es válido.
Línea 841: el nombre de la propiedad Split0 de dg_datos no es válido.
Línea 887: el nombre de la propiedad _ExtentX de Ado_datos no es válido.
Línea 888: el nombre de la propiedad _ExtentY de Ado_datos no es válido.
Línea 889: el nombre de la propiedad ConnectMode de Ado_datos no es válido.
Línea 890: el nombre de la propiedad CursorLocation de Ado_datos no es válido.
Línea 891: el nombre de la propiedad IsolationLevel de Ado_datos no es válido.
Línea 892: el nombre de la propiedad ConnectionTimeout de Ado_datos no es válido.
Línea 893: el nombre de la propiedad CommandTimeout de Ado_datos no es válido.
Línea 894: el nombre de la propiedad CursorType de Ado_datos no es válido.
Línea 895: el nombre de la propiedad LockType de Ado_datos no es válido.
Línea 896: el nombre de la propiedad CommandType de Ado_datos no es válido.
Línea 897: el nombre de la propiedad CursorOptions de Ado_datos no es válido.
Línea 898: el nombre de la propiedad CacheSize de Ado_datos no es válido.
Línea 899: el nombre de la propiedad MaxRecords de Ado_datos no es válido.
Línea 900: el nombre de la propiedad BOFAction de Ado_datos no es válido.
Línea 901: el nombre de la propiedad EOFAction de Ado_datos no es válido.
Línea 902: el nombre de la propiedad ConnectStringType de Ado_datos no es válido.
Línea 906: el nombre de la propiedad Orientation de Ado_datos no es válido.
Línea 908: el nombre de la propiedad Connect de Ado_datos no es válido.
Línea 909: el nombre de la propiedad OLEDBString de Ado_datos no es válido.
Línea 910: el nombre de la propiedad OLEDBFile de Ado_datos no es válido.
Línea 911: el nombre de la propiedad DataSourceName de Ado_datos no es válido.
Línea 912: el nombre de la propiedad OtherAttributes de Ado_datos no es válido.
Línea 913: el nombre de la propiedad UserName de Ado_datos no es válido.
Línea 914: el nombre de la propiedad Password de Ado_datos no es válido.
Línea 915: el nombre de la propiedad RecordSource de Ado_datos no es válido.
Línea 916: el nombre de la propiedad Caption de Ado_datos no es válido.
Línea 926: el nombre de la propiedad _Version de Ado_datos no es válido.
Línea 980: el nombre de la propiedad Bindings de dtc_codigo11 no es válido.
Línea 989: el nombre de la propiedad _ExtentX de dtc_codigo11 no es válido.
Línea 990: el nombre de la propiedad _ExtentY de dtc_codigo11 no es válido.
Línea 991: el nombre de la propiedad _Version de dtc_codigo11 no es válido.
Línea 992: el nombre de la propiedad Style de dtc_codigo11 no es válido.
Línea 993: el nombre de la propiedad ListField de dtc_codigo11 no es válido.
Línea 994: el nombre de la propiedad BoundColumn de dtc_codigo11 no es válido.
Línea 995: el nombre de la propiedad Text de dtc_codigo11 no es válido.
Línea 998: el nombre de la propiedad Bindings de dtc_aux1 no es válido.
Línea 1007: el nombre de la propiedad _ExtentX de dtc_aux1 no es válido.
Línea 1008: el nombre de la propiedad _ExtentY de dtc_aux1 no es válido.
Línea 1009: el nombre de la propiedad _Version de dtc_aux1 no es válido.
Línea 1010: el nombre de la propiedad Style de dtc_aux1 no es válido.
Línea 1011: el nombre de la propiedad ListField de dtc_aux1 no es válido.
Línea 1012: el nombre de la propiedad BoundColumn de dtc_aux1 no es válido.
Línea 1013: el nombre de la propiedad Text de dtc_aux1 no es válido.
Línea 1016: el nombre de la propiedad Bindings de dtc_codigo2 no es válido.
Línea 1025: el nombre de la propiedad _ExtentX de dtc_codigo2 no es válido.
Línea 1026: el nombre de la propiedad _ExtentY de dtc_codigo2 no es válido.
Línea 1027: el nombre de la propiedad _Version de dtc_codigo2 no es válido.
Línea 1028: el nombre de la propiedad ListField de dtc_codigo2 no es válido.
Línea 1029: el nombre de la propiedad BoundColumn de dtc_codigo2 no es válido.
Línea 1030: el nombre de la propiedad Text de dtc_codigo2 no es válido.
Línea 1033: el nombre de la propiedad Bindings de dtc_desc10 no es válido.
Línea 1041: el nombre de la propiedad _ExtentX de dtc_desc10 no es válido.
Línea 1042: el nombre de la propiedad _ExtentY de dtc_desc10 no es válido.
Línea 1043: el nombre de la propiedad _Version de dtc_desc10 no es válido.
Línea 1044: el nombre de la propiedad Style de dtc_desc10 no es válido.
Línea 1045: el nombre de la propiedad ListField de dtc_desc10 no es válido.
Línea 1046: el nombre de la propiedad BoundColumn de dtc_desc10 no es válido.
Línea 1047: el nombre de la propiedad Text de dtc_desc10 no es válido.
Línea 1050: el nombre de la propiedad Bindings de dtc_codigo4 no es válido.
Línea 1058: el nombre de la propiedad _ExtentX de dtc_codigo4 no es válido.
Línea 1059: el nombre de la propiedad _ExtentY de dtc_codigo4 no es válido.
Línea 1060: el nombre de la propiedad _Version de dtc_codigo4 no es válido.
Línea 1062: el nombre de la propiedad Style de dtc_codigo4 no es válido.
Línea 1065: el nombre de la propiedad ListField de dtc_codigo4 no es válido.
Línea 1066: el nombre de la propiedad BoundColumn de dtc_codigo4 no es válido.
Línea 1067: el nombre de la propiedad Text de dtc_codigo4 no es válido.
Línea 1078: el nombre de la propiedad _ExtentX de dtc_codigo3 no es válido.
Línea 1079: el nombre de la propiedad _ExtentY de dtc_codigo3 no es válido.
Línea 1080: el nombre de la propiedad _Version de dtc_codigo3 no es válido.
Línea 1081: el nombre de la propiedad Style de dtc_codigo3 no es válido.
Línea 1082: el nombre de la propiedad ListField de dtc_codigo3 no es válido.
Línea 1083: el nombre de la propiedad BoundColumn de dtc_codigo3 no es válido.
Línea 1084: el nombre de la propiedad Text de dtc_codigo3 no es válido.
Línea 1107: el nombre de la propiedad _ExtentX de dtc_desc3 no es válido.
Línea 1108: el nombre de la propiedad _ExtentY de dtc_desc3 no es válido.
Línea 1109: el nombre de la propiedad _Version de dtc_desc3 no es válido.
Línea 1110: el nombre de la propiedad Locked de dtc_desc3 no es válido.
Línea 1112: el nombre de la propiedad Style de dtc_desc3 no es válido.
Línea 1115: el nombre de la propiedad ListField de dtc_desc3 no es válido.
Línea 1116: el nombre de la propiedad BoundColumn de dtc_desc3 no es válido.
Línea 1117: el nombre de la propiedad Text de dtc_desc3 no es válido.
Línea 1120: el nombre de la propiedad Bindings de dtc_codigo1 no es válido.
Línea 1129: el nombre de la propiedad _ExtentX de dtc_codigo1 no es válido.
Línea 1130: el nombre de la propiedad _ExtentY de dtc_codigo1 no es válido.
Línea 1131: el nombre de la propiedad _Version de dtc_codigo1 no es válido.
Línea 1132: el nombre de la propiedad Style de dtc_codigo1 no es válido.
Línea 1133: el nombre de la propiedad ListField de dtc_codigo1 no es válido.
Línea 1134: el nombre de la propiedad BoundColumn de dtc_codigo1 no es válido.
Línea 1135: el nombre de la propiedad Text de dtc_codigo1 no es válido.
Línea 1138: el nombre de la propiedad Bindings de dtc_desc2 no es válido.
Línea 1146: el nombre de la propiedad _ExtentX de dtc_desc2 no es válido.
Línea 1147: el nombre de la propiedad _ExtentY de dtc_desc2 no es válido.
Línea 1148: el nombre de la propiedad _Version de dtc_desc2 no es válido.
Línea 1149: el nombre de la propiedad Locked de dtc_desc2 no es válido.
Línea 1153: el nombre de la propiedad ListField de dtc_desc2 no es válido.
Línea 1154: el nombre de la propiedad BoundColumn de dtc_desc2 no es válido.
Línea 1155: el nombre de la propiedad Text de dtc_desc2 no es válido.
Línea 1167: el nombre de la propiedad Bindings de dtc_desc1 no es válido.
Línea 1175: el nombre de la propiedad _ExtentX de dtc_desc1 no es válido.
Línea 1176: el nombre de la propiedad _ExtentY de dtc_desc1 no es válido.
Línea 1177: el nombre de la propiedad _Version de dtc_desc1 no es válido.
Línea 1178: el nombre de la propiedad Locked de dtc_desc1 no es válido.
Línea 1180: el nombre de la propiedad Style de dtc_desc1 no es válido.
Línea 1183: el nombre de la propiedad ListField de dtc_desc1 no es válido.
Línea 1184: el nombre de la propiedad BoundColumn de dtc_desc1 no es válido.
Línea 1185: el nombre de la propiedad Text de dtc_desc1 no es válido.
Línea 1188: el nombre de la propiedad Bindings de dtc_codigo10 no es válido.
Línea 1196: el nombre de la propiedad _ExtentX de dtc_codigo10 no es válido.
Línea 1197: el nombre de la propiedad _ExtentY de dtc_codigo10 no es válido.
Línea 1198: el nombre de la propiedad _Version de dtc_codigo10 no es válido.
Línea 1199: el nombre de la propiedad Style de dtc_codigo10 no es válido.
Línea 1202: el nombre de la propiedad ListField de dtc_codigo10 no es válido.
Línea 1203: el nombre de la propiedad BoundColumn de dtc_codigo10 no es válido.
Línea 1204: el nombre de la propiedad Text de dtc_codigo10 no es válido.
Línea 1207: el nombre de la propiedad Bindings de dtc_desc11 no es válido.
Línea 1215: el nombre de la propiedad _ExtentX de dtc_desc11 no es válido.
Línea 1216: el nombre de la propiedad _ExtentY de dtc_desc11 no es válido.
Línea 1217: el nombre de la propiedad _Version de dtc_desc11 no es válido.
Línea 1218: el nombre de la propiedad Style de dtc_desc11 no es válido.
Línea 1220: el nombre de la propiedad ListField de dtc_desc11 no es válido.
Línea 1221: el nombre de la propiedad BoundColumn de dtc_desc11 no es válido.
Línea 1222: el nombre de la propiedad Text de dtc_desc11 no es válido.
Línea 1225: el nombre de la propiedad Bindings de dtc_desc4 no es válido.
Línea 1233: el nombre de la propiedad _ExtentX de dtc_desc4 no es válido.
Línea 1234: el nombre de la propiedad _ExtentY de dtc_desc4 no es válido.
Línea 1235: el nombre de la propiedad _Version de dtc_desc4 no es válido.
Línea 1237: el nombre de la propiedad ListField de dtc_desc4 no es válido.
Línea 1238: el nombre de la propiedad BoundColumn de dtc_desc4 no es válido.
Línea 1239: el nombre de la propiedad Text de dtc_desc4 no es válido.
Línea 1248: el nombre de la propiedad _ExtentX de DTPfecha1 no es válido.
Línea 1249: el nombre de la propiedad _ExtentY de DTPfecha1 no es válido.
Línea 1250: el nombre de la propiedad _Version de DTPfecha1 no es válido.
Línea 1251: el nombre de la propiedad Format de DTPfecha1 no es válido.
Línea 1252: el nombre de la propiedad CurrentDate de DTPfecha1 no es válido.
Línea 1253: el nombre de la propiedad MaxDate de DTPfecha1 no es válido.
Línea 1254: el nombre de la propiedad MinDate de DTPfecha1 no es válido.
Línea 1693: el nombre de la propiedad _ExtentX de Ado_datos1 no es válido.
Línea 1694: el nombre de la propiedad _ExtentY de Ado_datos1 no es válido.
Línea 1695: el nombre de la propiedad ConnectMode de Ado_datos1 no es válido.
Línea 1696: el nombre de la propiedad CursorLocation de Ado_datos1 no es válido.
Línea 1697: el nombre de la propiedad IsolationLevel de Ado_datos1 no es válido.
Línea 1698: el nombre de la propiedad ConnectionTimeout de Ado_datos1 no es válido.
Línea 1699: el nombre de la propiedad CommandTimeout de Ado_datos1 no es válido.
Línea 1700: el nombre de la propiedad CursorType de Ado_datos1 no es válido.
Línea 1701: el nombre de la propiedad LockType de Ado_datos1 no es válido.
Línea 1702: el nombre de la propiedad CommandType de Ado_datos1 no es válido.
Línea 1703: el nombre de la propiedad CursorOptions de Ado_datos1 no es válido.
Línea 1704: el nombre de la propiedad CacheSize de Ado_datos1 no es válido.
Línea 1705: el nombre de la propiedad MaxRecords de Ado_datos1 no es válido.
Línea 1706: el nombre de la propiedad BOFAction de Ado_datos1 no es válido.
Línea 1707: el nombre de la propiedad EOFAction de Ado_datos1 no es válido.
Línea 1708: el nombre de la propiedad ConnectStringType de Ado_datos1 no es válido.
Línea 1712: el nombre de la propiedad Orientation de Ado_datos1 no es válido.
Línea 1714: el nombre de la propiedad Connect de Ado_datos1 no es válido.
Línea 1715: el nombre de la propiedad OLEDBString de Ado_datos1 no es válido.
Línea 1716: el nombre de la propiedad OLEDBFile de Ado_datos1 no es válido.
Línea 1717: el nombre de la propiedad DataSourceName de Ado_datos1 no es válido.
Línea 1718: el nombre de la propiedad OtherAttributes de Ado_datos1 no es válido.
Línea 1719: el nombre de la propiedad UserName de Ado_datos1 no es válido.
Línea 1720: el nombre de la propiedad Password de Ado_datos1 no es válido.
Línea 1721: el nombre de la propiedad RecordSource de Ado_datos1 no es válido.
Línea 1722: el nombre de la propiedad Caption de Ado_datos1 no es válido.
Línea 1732: el nombre de la propiedad _Version de Ado_datos1 no es válido.
Línea 1737: el nombre de la propiedad _ExtentX de CR01 no es válido.
Línea 1738: el nombre de la propiedad _ExtentY de CR01 no es válido.
Línea 1739: el nombre de la propiedad _Version de CR01 no es válido.
Línea 1740: el nombre de la propiedad WindowControlBox de CR01 no es válido.
Línea 1741: el nombre de la propiedad WindowMaxButton de CR01 no es válido.
Línea 1742: el nombre de la propiedad WindowMinButton de CR01 no es válido.
Línea 1743: el nombre de la propiedad WindowState de CR01 no es válido.
Línea 1744: el nombre de la propiedad PrintFileLinesPerPage de CR01 no es válido.
Línea 1745: el nombre de la propiedad WindowShowGroupTree de CR01 no es válido.
Línea 1746: el nombre de la propiedad WindowShowCloseBtn de CR01 no es válido.
Línea 1747: el nombre de la propiedad WindowShowSearchBtn de CR01 no es válido.
Línea 1748: el nombre de la propiedad WindowShowPrintSetupBtn de CR01 no es válido.
Línea 1749: el nombre de la propiedad WindowShowRefreshBtn de CR01 no es válido.
Línea 1757: el nombre de la propiedad _ExtentX de Ado_datos2 no es válido.
Línea 1758: el nombre de la propiedad _ExtentY de Ado_datos2 no es válido.
Línea 1759: el nombre de la propiedad ConnectMode de Ado_datos2 no es válido.
Línea 1760: el nombre de la propiedad CursorLocation de Ado_datos2 no es válido.
Línea 1761: el nombre de la propiedad IsolationLevel de Ado_datos2 no es válido.
Línea 1762: el nombre de la propiedad ConnectionTimeout de Ado_datos2 no es válido.
Línea 1763: el nombre de la propiedad CommandTimeout de Ado_datos2 no es válido.
Línea 1764: el nombre de la propiedad CursorType de Ado_datos2 no es válido.
Línea 1765: el nombre de la propiedad LockType de Ado_datos2 no es válido.
Línea 1766: el nombre de la propiedad CommandType de Ado_datos2 no es válido.
Línea 1767: el nombre de la propiedad CursorOptions de Ado_datos2 no es válido.
Línea 1768: el nombre de la propiedad CacheSize de Ado_datos2 no es válido.
Línea 1769: el nombre de la propiedad MaxRecords de Ado_datos2 no es válido.
Línea 1770: el nombre de la propiedad BOFAction de Ado_datos2 no es válido.
Línea 1771: el nombre de la propiedad EOFAction de Ado_datos2 no es válido.
Línea 1772: el nombre de la propiedad ConnectStringType de Ado_datos2 no es válido.
Línea 1776: el nombre de la propiedad Orientation de Ado_datos2 no es válido.
Línea 1778: el nombre de la propiedad Connect de Ado_datos2 no es válido.
Línea 1779: el nombre de la propiedad OLEDBString de Ado_datos2 no es válido.
Línea 1780: el nombre de la propiedad OLEDBFile de Ado_datos2 no es válido.
Línea 1781: el nombre de la propiedad DataSourceName de Ado_datos2 no es válido.
Línea 1782: el nombre de la propiedad OtherAttributes de Ado_datos2 no es válido.
Línea 1783: el nombre de la propiedad UserName de Ado_datos2 no es válido.
Línea 1784: el nombre de la propiedad Password de Ado_datos2 no es válido.
Línea 1785: el nombre de la propiedad RecordSource de Ado_datos2 no es válido.
Línea 1786: el nombre de la propiedad Caption de Ado_datos2 no es válido.
Línea 1796: el nombre de la propiedad _Version de Ado_datos2 no es válido.
Línea 1804: el nombre de la propiedad _ExtentX de Ado_datos3 no es válido.
Línea 1805: el nombre de la propiedad _ExtentY de Ado_datos3 no es válido.
Línea 1806: el nombre de la propiedad ConnectMode de Ado_datos3 no es válido.
Línea 1807: el nombre de la propiedad CursorLocation de Ado_datos3 no es válido.
Línea 1808: el nombre de la propiedad IsolationLevel de Ado_datos3 no es válido.
Línea 1809: el nombre de la propiedad ConnectionTimeout de Ado_datos3 no es válido.
Línea 1810: el nombre de la propiedad CommandTimeout de Ado_datos3 no es válido.
Línea 1811: el nombre de la propiedad CursorType de Ado_datos3 no es válido.
Línea 1812: el nombre de la propiedad LockType de Ado_datos3 no es válido.
Línea 1813: el nombre de la propiedad CommandType de Ado_datos3 no es válido.
Línea 1814: el nombre de la propiedad CursorOptions de Ado_datos3 no es válido.
Línea 1815: el nombre de la propiedad CacheSize de Ado_datos3 no es válido.
Línea 1816: el nombre de la propiedad MaxRecords de Ado_datos3 no es válido.
Línea 1817: el nombre de la propiedad BOFAction de Ado_datos3 no es válido.
Línea 1818: el nombre de la propiedad EOFAction de Ado_datos3 no es válido.
Línea 1819: el nombre de la propiedad ConnectStringType de Ado_datos3 no es válido.
Línea 1823: el nombre de la propiedad Orientation de Ado_datos3 no es válido.
Línea 1825: el nombre de la propiedad Connect de Ado_datos3 no es válido.
Línea 1826: el nombre de la propiedad OLEDBString de Ado_datos3 no es válido.
Línea 1827: el nombre de la propiedad OLEDBFile de Ado_datos3 no es válido.
Línea 1828: el nombre de la propiedad DataSourceName de Ado_datos3 no es válido.
Línea 1829: el nombre de la propiedad OtherAttributes de Ado_datos3 no es válido.
Línea 1830: el nombre de la propiedad UserName de Ado_datos3 no es válido.
Línea 1831: el nombre de la propiedad Password de Ado_datos3 no es válido.
Línea 1832: el nombre de la propiedad RecordSource de Ado_datos3 no es válido.
Línea 1833: el nombre de la propiedad Caption de Ado_datos3 no es válido.
Línea 1843: el nombre de la propiedad _Version de Ado_datos3 no es válido.
Línea 1851: el nombre de la propiedad _ExtentX de Ado_datos4 no es válido.
Línea 1852: el nombre de la propiedad _ExtentY de Ado_datos4 no es válido.
Línea 1853: el nombre de la propiedad ConnectMode de Ado_datos4 no es válido.
Línea 1854: el nombre de la propiedad CursorLocation de Ado_datos4 no es válido.
Línea 1855: el nombre de la propiedad IsolationLevel de Ado_datos4 no es válido.
Línea 1856: el nombre de la propiedad ConnectionTimeout de Ado_datos4 no es válido.
Línea 1857: el nombre de la propiedad CommandTimeout de Ado_datos4 no es válido.
Línea 1858: el nombre de la propiedad CursorType de Ado_datos4 no es válido.
Línea 1859: el nombre de la propiedad LockType de Ado_datos4 no es válido.
Línea 1860: el nombre de la propiedad CommandType de Ado_datos4 no es válido.
Línea 1861: el nombre de la propiedad CursorOptions de Ado_datos4 no es válido.
Línea 1862: el nombre de la propiedad CacheSize de Ado_datos4 no es válido.
Línea 1863: el nombre de la propiedad MaxRecords de Ado_datos4 no es válido.
Línea 1864: el nombre de la propiedad BOFAction de Ado_datos4 no es válido.
Línea 1865: el nombre de la propiedad EOFAction de Ado_datos4 no es válido.
Línea 1866: el nombre de la propiedad ConnectStringType de Ado_datos4 no es válido.
Línea 1870: el nombre de la propiedad Orientation de Ado_datos4 no es válido.
Línea 1872: el nombre de la propiedad Connect de Ado_datos4 no es válido.
Línea 1873: el nombre de la propiedad OLEDBString de Ado_datos4 no es válido.
Línea 1874: el nombre de la propiedad OLEDBFile de Ado_datos4 no es válido.
Línea 1875: el nombre de la propiedad DataSourceName de Ado_datos4 no es válido.
Línea 1876: el nombre de la propiedad OtherAttributes de Ado_datos4 no es válido.
Línea 1877: el nombre de la propiedad UserName de Ado_datos4 no es válido.
Línea 1878: el nombre de la propiedad Password de Ado_datos4 no es válido.
Línea 1879: el nombre de la propiedad RecordSource de Ado_datos4 no es válido.
Línea 1880: el nombre de la propiedad Caption de Ado_datos4 no es válido.
Línea 1890: el nombre de la propiedad _Version de Ado_datos4 no es válido.
Línea 1898: el nombre de la propiedad _ExtentX de Ado_datos5 no es válido.
Línea 1899: el nombre de la propiedad _ExtentY de Ado_datos5 no es válido.
Línea 1900: el nombre de la propiedad ConnectMode de Ado_datos5 no es válido.
Línea 1901: el nombre de la propiedad CursorLocation de Ado_datos5 no es válido.
Línea 1902: el nombre de la propiedad IsolationLevel de Ado_datos5 no es válido.
Línea 1903: el nombre de la propiedad ConnectionTimeout de Ado_datos5 no es válido.
Línea 1904: el nombre de la propiedad CommandTimeout de Ado_datos5 no es válido.
Línea 1905: el nombre de la propiedad CursorType de Ado_datos5 no es válido.
Línea 1906: el nombre de la propiedad LockType de Ado_datos5 no es válido.
Línea 1907: el nombre de la propiedad CommandType de Ado_datos5 no es válido.
Línea 1908: el nombre de la propiedad CursorOptions de Ado_datos5 no es válido.
Línea 1909: el nombre de la propiedad CacheSize de Ado_datos5 no es válido.
Línea 1910: el nombre de la propiedad MaxRecords de Ado_datos5 no es válido.
Línea 1911: el nombre de la propiedad BOFAction de Ado_datos5 no es válido.
Línea 1912: el nombre de la propiedad EOFAction de Ado_datos5 no es válido.
Línea 1913: el nombre de la propiedad ConnectStringType de Ado_datos5 no es válido.
Línea 1917: el nombre de la propiedad Orientation de Ado_datos5 no es válido.
Línea 1919: el nombre de la propiedad Connect de Ado_datos5 no es válido.
Línea 1920: el nombre de la propiedad OLEDBString de Ado_datos5 no es válido.
Línea 1921: el nombre de la propiedad OLEDBFile de Ado_datos5 no es válido.
Línea 1922: el nombre de la propiedad DataSourceName de Ado_datos5 no es válido.
Línea 1923: el nombre de la propiedad OtherAttributes de Ado_datos5 no es válido.
Línea 1924: el nombre de la propiedad UserName de Ado_datos5 no es válido.
Línea 1925: el nombre de la propiedad Password de Ado_datos5 no es válido.
Línea 1926: el nombre de la propiedad RecordSource de Ado_datos5 no es válido.
Línea 1927: el nombre de la propiedad Caption de Ado_datos5 no es válido.
Línea 1937: el nombre de la propiedad _Version de Ado_datos5 no es válido.
Línea 1945: el nombre de la propiedad _ExtentX de Ado_datos6 no es válido.
Línea 1946: el nombre de la propiedad _ExtentY de Ado_datos6 no es válido.
Línea 1947: el nombre de la propiedad ConnectMode de Ado_datos6 no es válido.
Línea 1948: el nombre de la propiedad CursorLocation de Ado_datos6 no es válido.
Línea 1949: el nombre de la propiedad IsolationLevel de Ado_datos6 no es válido.
Línea 1950: el nombre de la propiedad ConnectionTimeout de Ado_datos6 no es válido.
Línea 1951: el nombre de la propiedad CommandTimeout de Ado_datos6 no es válido.
Línea 1952: el nombre de la propiedad CursorType de Ado_datos6 no es válido.
Línea 1953: el nombre de la propiedad LockType de Ado_datos6 no es válido.
Línea 1954: el nombre de la propiedad CommandType de Ado_datos6 no es válido.
Línea 1955: el nombre de la propiedad CursorOptions de Ado_datos6 no es válido.
Línea 1956: el nombre de la propiedad CacheSize de Ado_datos6 no es válido.
Línea 1957: el nombre de la propiedad MaxRecords de Ado_datos6 no es válido.
Línea 1958: el nombre de la propiedad BOFAction de Ado_datos6 no es válido.
Línea 1959: el nombre de la propiedad EOFAction de Ado_datos6 no es válido.
Línea 1960: el nombre de la propiedad ConnectStringType de Ado_datos6 no es válido.
Línea 1964: el nombre de la propiedad Orientation de Ado_datos6 no es válido.
Línea 1966: el nombre de la propiedad Connect de Ado_datos6 no es válido.
Línea 1967: el nombre de la propiedad OLEDBString de Ado_datos6 no es válido.
Línea 1968: el nombre de la propiedad OLEDBFile de Ado_datos6 no es válido.
Línea 1969: el nombre de la propiedad DataSourceName de Ado_datos6 no es válido.
Línea 1970: el nombre de la propiedad OtherAttributes de Ado_datos6 no es válido.
Línea 1971: el nombre de la propiedad UserName de Ado_datos6 no es válido.
Línea 1972: el nombre de la propiedad Password de Ado_datos6 no es válido.
Línea 1973: el nombre de la propiedad RecordSource de Ado_datos6 no es válido.
Línea 1974: el nombre de la propiedad Caption de Ado_datos6 no es válido.
Línea 1984: el nombre de la propiedad _Version de Ado_datos6 no es válido.
Línea 1992: el nombre de la propiedad _ExtentX de Ado_datos7 no es válido.
Línea 1993: el nombre de la propiedad _ExtentY de Ado_datos7 no es válido.
Línea 1994: el nombre de la propiedad ConnectMode de Ado_datos7 no es válido.
Línea 1995: el nombre de la propiedad CursorLocation de Ado_datos7 no es válido.
Línea 1996: el nombre de la propiedad IsolationLevel de Ado_datos7 no es válido.
Línea 1997: el nombre de la propiedad ConnectionTimeout de Ado_datos7 no es válido.
Línea 1998: el nombre de la propiedad CommandTimeout de Ado_datos7 no es válido.
Línea 1999: el nombre de la propiedad CursorType de Ado_datos7 no es válido.
Línea 2000: el nombre de la propiedad LockType de Ado_datos7 no es válido.
Línea 2001: el nombre de la propiedad CommandType de Ado_datos7 no es válido.
Línea 2002: el nombre de la propiedad CursorOptions de Ado_datos7 no es válido.
Línea 2003: el nombre de la propiedad CacheSize de Ado_datos7 no es válido.
Línea 2004: el nombre de la propiedad MaxRecords de Ado_datos7 no es válido.
Línea 2005: el nombre de la propiedad BOFAction de Ado_datos7 no es válido.
Línea 2006: el nombre de la propiedad EOFAction de Ado_datos7 no es válido.
Línea 2007: el nombre de la propiedad ConnectStringType de Ado_datos7 no es válido.
Línea 2011: el nombre de la propiedad Orientation de Ado_datos7 no es válido.
Línea 2013: el nombre de la propiedad Connect de Ado_datos7 no es válido.
Línea 2014: el nombre de la propiedad OLEDBString de Ado_datos7 no es válido.
Línea 2015: el nombre de la propiedad OLEDBFile de Ado_datos7 no es válido.
Línea 2016: el nombre de la propiedad DataSourceName de Ado_datos7 no es válido.
Línea 2017: el nombre de la propiedad OtherAttributes de Ado_datos7 no es válido.
Línea 2018: el nombre de la propiedad UserName de Ado_datos7 no es válido.
Línea 2019: el nombre de la propiedad Password de Ado_datos7 no es válido.
Línea 2020: el nombre de la propiedad RecordSource de Ado_datos7 no es válido.
Línea 2021: el nombre de la propiedad Caption de Ado_datos7 no es válido.
Línea 2031: el nombre de la propiedad _Version de Ado_datos7 no es válido.
Línea 2039: el nombre de la propiedad _ExtentX de Ado_datos8 no es válido.
Línea 2040: el nombre de la propiedad _ExtentY de Ado_datos8 no es válido.
Línea 2041: el nombre de la propiedad ConnectMode de Ado_datos8 no es válido.
Línea 2042: el nombre de la propiedad CursorLocation de Ado_datos8 no es válido.
Línea 2043: el nombre de la propiedad IsolationLevel de Ado_datos8 no es válido.
Línea 2044: el nombre de la propiedad ConnectionTimeout de Ado_datos8 no es válido.
Línea 2045: el nombre de la propiedad CommandTimeout de Ado_datos8 no es válido.
Línea 2046: el nombre de la propiedad CursorType de Ado_datos8 no es válido.
Línea 2047: el nombre de la propiedad LockType de Ado_datos8 no es válido.
Línea 2048: el nombre de la propiedad CommandType de Ado_datos8 no es válido.
Línea 2049: el nombre de la propiedad CursorOptions de Ado_datos8 no es válido.
Línea 2050: el nombre de la propiedad CacheSize de Ado_datos8 no es válido.
Línea 2051: el nombre de la propiedad MaxRecords de Ado_datos8 no es válido.
Línea 2052: el nombre de la propiedad BOFAction de Ado_datos8 no es válido.
Línea 2053: el nombre de la propiedad EOFAction de Ado_datos8 no es válido.
Línea 2054: el nombre de la propiedad ConnectStringType de Ado_datos8 no es válido.
Línea 2058: el nombre de la propiedad Orientation de Ado_datos8 no es válido.
Línea 2060: el nombre de la propiedad Connect de Ado_datos8 no es válido.
Línea 2061: el nombre de la propiedad OLEDBString de Ado_datos8 no es válido.
Línea 2062: el nombre de la propiedad OLEDBFile de Ado_datos8 no es válido.
Línea 2063: el nombre de la propiedad DataSourceName de Ado_datos8 no es válido.
Línea 2064: el nombre de la propiedad OtherAttributes de Ado_datos8 no es válido.
Línea 2065: el nombre de la propiedad UserName de Ado_datos8 no es válido.
Línea 2066: el nombre de la propiedad Password de Ado_datos8 no es válido.
Línea 2067: el nombre de la propiedad RecordSource de Ado_datos8 no es válido.
Línea 2068: el nombre de la propiedad Caption de Ado_datos8 no es válido.
Línea 2078: el nombre de la propiedad _Version de Ado_datos8 no es válido.
Línea 2086: el nombre de la propiedad _ExtentX de Ado_datos9 no es válido.
Línea 2087: el nombre de la propiedad _ExtentY de Ado_datos9 no es válido.
Línea 2088: el nombre de la propiedad ConnectMode de Ado_datos9 no es válido.
Línea 2089: el nombre de la propiedad CursorLocation de Ado_datos9 no es válido.
Línea 2090: el nombre de la propiedad IsolationLevel de Ado_datos9 no es válido.
Línea 2091: el nombre de la propiedad ConnectionTimeout de Ado_datos9 no es válido.
Línea 2092: el nombre de la propiedad CommandTimeout de Ado_datos9 no es válido.
Línea 2093: el nombre de la propiedad CursorType de Ado_datos9 no es válido.
Línea 2094: el nombre de la propiedad LockType de Ado_datos9 no es válido.
Línea 2095: el nombre de la propiedad CommandType de Ado_datos9 no es válido.
Línea 2096: el nombre de la propiedad CursorOptions de Ado_datos9 no es válido.
Línea 2097: el nombre de la propiedad CacheSize de Ado_datos9 no es válido.
Línea 2098: el nombre de la propiedad MaxRecords de Ado_datos9 no es válido.
Línea 2099: el nombre de la propiedad BOFAction de Ado_datos9 no es válido.
Línea 2100: el nombre de la propiedad EOFAction de Ado_datos9 no es válido.
Línea 2101: el nombre de la propiedad ConnectStringType de Ado_datos9 no es válido.
Línea 2105: el nombre de la propiedad Orientation de Ado_datos9 no es válido.
Línea 2107: el nombre de la propiedad Connect de Ado_datos9 no es válido.
Línea 2108: el nombre de la propiedad OLEDBString de Ado_datos9 no es válido.
Línea 2109: el nombre de la propiedad OLEDBFile de Ado_datos9 no es válido.
Línea 2110: el nombre de la propiedad DataSourceName de Ado_datos9 no es válido.
Línea 2111: el nombre de la propiedad OtherAttributes de Ado_datos9 no es válido.
Línea 2112: el nombre de la propiedad UserName de Ado_datos9 no es válido.
Línea 2113: el nombre de la propiedad Password de Ado_datos9 no es válido.
Línea 2114: el nombre de la propiedad RecordSource de Ado_datos9 no es válido.
Línea 2115: el nombre de la propiedad Caption de Ado_datos9 no es válido.
Línea 2125: el nombre de la propiedad _Version de Ado_datos9 no es válido.
Línea 2133: el nombre de la propiedad _ExtentX de Ado_datos10 no es válido.
Línea 2134: el nombre de la propiedad _ExtentY de Ado_datos10 no es válido.
Línea 2135: el nombre de la propiedad ConnectMode de Ado_datos10 no es válido.
Línea 2136: el nombre de la propiedad CursorLocation de Ado_datos10 no es válido.
Línea 2137: el nombre de la propiedad IsolationLevel de Ado_datos10 no es válido.
Línea 2138: el nombre de la propiedad ConnectionTimeout de Ado_datos10 no es válido.
Línea 2139: el nombre de la propiedad CommandTimeout de Ado_datos10 no es válido.
Línea 2140: el nombre de la propiedad CursorType de Ado_datos10 no es válido.
Línea 2141: el nombre de la propiedad LockType de Ado_datos10 no es válido.
Línea 2142: el nombre de la propiedad CommandType de Ado_datos10 no es válido.
Línea 2143: el nombre de la propiedad CursorOptions de Ado_datos10 no es válido.
Línea 2144: el nombre de la propiedad CacheSize de Ado_datos10 no es válido.
Línea 2145: el nombre de la propiedad MaxRecords de Ado_datos10 no es válido.
Línea 2146: el nombre de la propiedad BOFAction de Ado_datos10 no es válido.
Línea 2147: el nombre de la propiedad EOFAction de Ado_datos10 no es válido.
Línea 2148: el nombre de la propiedad ConnectStringType de Ado_datos10 no es válido.
Línea 2152: el nombre de la propiedad Orientation de Ado_datos10 no es válido.
Línea 2154: el nombre de la propiedad Connect de Ado_datos10 no es válido.
Línea 2155: el nombre de la propiedad OLEDBString de Ado_datos10 no es válido.
Línea 2156: el nombre de la propiedad OLEDBFile de Ado_datos10 no es válido.
Línea 2157: el nombre de la propiedad DataSourceName de Ado_datos10 no es válido.
Línea 2158: el nombre de la propiedad OtherAttributes de Ado_datos10 no es válido.
Línea 2159: el nombre de la propiedad UserName de Ado_datos10 no es válido.
Línea 2160: el nombre de la propiedad Password de Ado_datos10 no es válido.
Línea 2161: el nombre de la propiedad RecordSource de Ado_datos10 no es válido.
Línea 2162: el nombre de la propiedad Caption de Ado_datos10 no es válido.
Línea 2172: el nombre de la propiedad _Version de Ado_datos10 no es válido.
Línea 2180: el nombre de la propiedad _ExtentX de Ado_detalle1 no es válido.
Línea 2181: el nombre de la propiedad _ExtentY de Ado_detalle1 no es válido.
Línea 2182: el nombre de la propiedad ConnectMode de Ado_detalle1 no es válido.
Línea 2183: el nombre de la propiedad CursorLocation de Ado_detalle1 no es válido.
Línea 2184: el nombre de la propiedad IsolationLevel de Ado_detalle1 no es válido.
Línea 2185: el nombre de la propiedad ConnectionTimeout de Ado_detalle1 no es válido.
Línea 2186: el nombre de la propiedad CommandTimeout de Ado_detalle1 no es válido.
Línea 2187: el nombre de la propiedad CursorType de Ado_detalle1 no es válido.
Línea 2188: el nombre de la propiedad LockType de Ado_detalle1 no es válido.
Línea 2189: el nombre de la propiedad CommandType de Ado_detalle1 no es válido.
Línea 2190: el nombre de la propiedad CursorOptions de Ado_detalle1 no es válido.
Línea 2191: el nombre de la propiedad CacheSize de Ado_detalle1 no es válido.
Línea 2192: el nombre de la propiedad MaxRecords de Ado_detalle1 no es válido.
Línea 2193: el nombre de la propiedad BOFAction de Ado_detalle1 no es válido.
Línea 2194: el nombre de la propiedad EOFAction de Ado_detalle1 no es válido.
Línea 2195: el nombre de la propiedad ConnectStringType de Ado_detalle1 no es válido.
Línea 2199: el nombre de la propiedad Orientation de Ado_detalle1 no es válido.
Línea 2201: el nombre de la propiedad Connect de Ado_detalle1 no es válido.
Línea 2202: el nombre de la propiedad OLEDBString de Ado_detalle1 no es válido.
Línea 2203: el nombre de la propiedad OLEDBFile de Ado_detalle1 no es válido.
Línea 2204: el nombre de la propiedad DataSourceName de Ado_detalle1 no es válido.
Línea 2205: el nombre de la propiedad OtherAttributes de Ado_detalle1 no es válido.
Línea 2206: el nombre de la propiedad UserName de Ado_detalle1 no es válido.
Línea 2207: el nombre de la propiedad Password de Ado_detalle1 no es válido.
Línea 2208: el nombre de la propiedad RecordSource de Ado_detalle1 no es válido.
Línea 2209: el nombre de la propiedad Caption de Ado_detalle1 no es válido.
Línea 2219: el nombre de la propiedad _Version de Ado_detalle1 no es válido.
Línea 2227: el nombre de la propiedad _ExtentX de Ado_detalle2 no es válido.
Línea 2228: el nombre de la propiedad _ExtentY de Ado_detalle2 no es válido.
Línea 2229: el nombre de la propiedad ConnectMode de Ado_detalle2 no es válido.
Línea 2230: el nombre de la propiedad CursorLocation de Ado_detalle2 no es válido.
Línea 2231: el nombre de la propiedad IsolationLevel de Ado_detalle2 no es válido.
Línea 2232: el nombre de la propiedad ConnectionTimeout de Ado_detalle2 no es válido.
Línea 2233: el nombre de la propiedad CommandTimeout de Ado_detalle2 no es válido.
Línea 2234: el nombre de la propiedad CursorType de Ado_detalle2 no es válido.
Línea 2235: el nombre de la propiedad LockType de Ado_detalle2 no es válido.
Línea 2236: el nombre de la propiedad CommandType de Ado_detalle2 no es válido.
Línea 2237: el nombre de la propiedad CursorOptions de Ado_detalle2 no es válido.
Línea 2238: el nombre de la propiedad CacheSize de Ado_detalle2 no es válido.
Línea 2239: el nombre de la propiedad MaxRecords de Ado_detalle2 no es válido.
Línea 2240: el nombre de la propiedad BOFAction de Ado_detalle2 no es válido.
Línea 2241: el nombre de la propiedad EOFAction de Ado_detalle2 no es válido.
Línea 2242: el nombre de la propiedad ConnectStringType de Ado_detalle2 no es válido.
Línea 2246: el nombre de la propiedad Orientation de Ado_detalle2 no es válido.
Línea 2248: el nombre de la propiedad Connect de Ado_detalle2 no es válido.
Línea 2249: el nombre de la propiedad OLEDBString de Ado_detalle2 no es válido.
Línea 2250: el nombre de la propiedad OLEDBFile de Ado_detalle2 no es válido.
Línea 2251: el nombre de la propiedad DataSourceName de Ado_detalle2 no es válido.
Línea 2252: el nombre de la propiedad OtherAttributes de Ado_detalle2 no es válido.
Línea 2253: el nombre de la propiedad UserName de Ado_detalle2 no es válido.
Línea 2254: el nombre de la propiedad Password de Ado_detalle2 no es válido.
Línea 2255: el nombre de la propiedad RecordSource de Ado_detalle2 no es válido.
Línea 2256: el nombre de la propiedad Caption de Ado_detalle2 no es válido.
Línea 2266: el nombre de la propiedad _Version de Ado_detalle2 no es válido.
Línea 2274: el nombre de la propiedad _ExtentX de Ado_datos11 no es válido.
Línea 2275: el nombre de la propiedad _ExtentY de Ado_datos11 no es válido.
Línea 2276: el nombre de la propiedad ConnectMode de Ado_datos11 no es válido.
Línea 2277: el nombre de la propiedad CursorLocation de Ado_datos11 no es válido.
Línea 2278: el nombre de la propiedad IsolationLevel de Ado_datos11 no es válido.
Línea 2279: el nombre de la propiedad ConnectionTimeout de Ado_datos11 no es válido.
Línea 2280: el nombre de la propiedad CommandTimeout de Ado_datos11 no es válido.
Línea 2281: el nombre de la propiedad CursorType de Ado_datos11 no es válido.
Línea 2282: el nombre de la propiedad LockType de Ado_datos11 no es válido.
Línea 2283: el nombre de la propiedad CommandType de Ado_datos11 no es válido.
Línea 2284: el nombre de la propiedad CursorOptions de Ado_datos11 no es válido.
Línea 2285: el nombre de la propiedad CacheSize de Ado_datos11 no es válido.
Línea 2286: el nombre de la propiedad MaxRecords de Ado_datos11 no es válido.
Línea 2287: el nombre de la propiedad BOFAction de Ado_datos11 no es válido.
Línea 2288: el nombre de la propiedad EOFAction de Ado_datos11 no es válido.
Línea 2289: el nombre de la propiedad ConnectStringType de Ado_datos11 no es válido.
Línea 2293: el nombre de la propiedad Orientation de Ado_datos11 no es válido.
Línea 2295: el nombre de la propiedad Connect de Ado_datos11 no es válido.
Línea 2296: el nombre de la propiedad OLEDBString de Ado_datos11 no es válido.
Línea 2297: el nombre de la propiedad OLEDBFile de Ado_datos11 no es válido.
Línea 2298: el nombre de la propiedad DataSourceName de Ado_datos11 no es válido.
Línea 2299: el nombre de la propiedad OtherAttributes de Ado_datos11 no es válido.
Línea 2300: el nombre de la propiedad UserName de Ado_datos11 no es válido.
Línea 2301: el nombre de la propiedad Password de Ado_datos11 no es válido.
Línea 2302: el nombre de la propiedad RecordSource de Ado_datos11 no es válido.
Línea 2303: el nombre de la propiedad Caption de Ado_datos11 no es válido.
Línea 2313: el nombre de la propiedad _Version de Ado_datos11 no es válido.
Línea 2321: el nombre de la propiedad _ExtentX de Ado_datos12 no es válido.
Línea 2322: el nombre de la propiedad _ExtentY de Ado_datos12 no es válido.
Línea 2323: el nombre de la propiedad ConnectMode de Ado_datos12 no es válido.
Línea 2324: el nombre de la propiedad CursorLocation de Ado_datos12 no es válido.
Línea 2325: el nombre de la propiedad IsolationLevel de Ado_datos12 no es válido.
Línea 2326: el nombre de la propiedad ConnectionTimeout de Ado_datos12 no es válido.
Línea 2327: el nombre de la propiedad CommandTimeout de Ado_datos12 no es válido.
Línea 2328: el nombre de la propiedad CursorType de Ado_datos12 no es válido.
Línea 2329: el nombre de la propiedad LockType de Ado_datos12 no es válido.
Línea 2330: el nombre de la propiedad CommandType de Ado_datos12 no es válido.
Línea 2331: el nombre de la propiedad CursorOptions de Ado_datos12 no es válido.
Línea 2332: el nombre de la propiedad CacheSize de Ado_datos12 no es válido.
Línea 2333: el nombre de la propiedad MaxRecords de Ado_datos12 no es válido.
Línea 2334: el nombre de la propiedad BOFAction de Ado_datos12 no es válido.
Línea 2335: el nombre de la propiedad EOFAction de Ado_datos12 no es válido.
Línea 2336: el nombre de la propiedad ConnectStringType de Ado_datos12 no es válido.
Línea 2340: el nombre de la propiedad Orientation de Ado_datos12 no es válido.
Línea 2342: el nombre de la propiedad Connect de Ado_datos12 no es válido.
Línea 2343: el nombre de la propiedad OLEDBString de Ado_datos12 no es válido.
Línea 2344: el nombre de la propiedad OLEDBFile de Ado_datos12 no es válido.
Línea 2345: el nombre de la propiedad DataSourceName de Ado_datos12 no es válido.
Línea 2346: el nombre de la propiedad OtherAttributes de Ado_datos12 no es válido.
Línea 2347: el nombre de la propiedad UserName de Ado_datos12 no es válido.
Línea 2348: el nombre de la propiedad Password de Ado_datos12 no es válido.
Línea 2349: el nombre de la propiedad RecordSource de Ado_datos12 no es válido.
Línea 2350: el nombre de la propiedad Caption de Ado_datos12 no es válido.
Línea 2360: el nombre de la propiedad _Version de Ado_datos12 no es válido.
