Línea 24: la clase TabDlg.SSTab del control SSTTransferencia no era una clase de control cargada.
Línea 314: la clase MSDataListLib.DataCombo del control DtCCuentaOrigen no era una clase de control cargada.
Línea 331: la clase MSDataListLib.DataCombo del control DtCCuentaOrigenDes no era una clase de control cargada.
Línea 348: la clase MSDataListLib.DataCombo del control DtcCtaTGN no era una clase de control cargada.
Línea 525: la clase MSDataGridLib.DataGrid del control DtGPP1 no era una clase de control cargada.
Línea 591: la clase MSAdodcLib.Adodc del control AdoPagoDetalle no era una clase de control cargada.
Línea 637: la clase MSDataGridLib.DataGrid del control DtGPP no era una clase de control cargada.
Línea 1071: la clase MSAdodcLib.Adodc del control AdoPago no era una clase de control cargada.
Línea 1134: la clase MSDataGridLib.DataGrid del control DtGPagosParciales no era una clase de control cargada.
Línea 1305: la clase MSDataGridLib.DataGrid del control DtgPago no era una clase de control cargada.
Línea 1766: la clase MSAdodcLib.Adodc del control AdoCuenta no era una clase de control cargada.
Línea 1945: la clase MSComctlLib.ProgressBar del control PrBPagosTotales no era una clase de control cargada.
Línea 1957: la clase MSDataListLib.DataCombo del control DtCCta no era una clase de control cargada.
Línea 1974: la clase MSDataListLib.DataCombo del control DtCDescripcion no era una clase de control cargada.
Línea 1991: la clase MSDataListLib.DataCombo del control DtCTgn no era una clase de control cargada.
Línea 30: el nombre de la propiedad _ExtentX de SSTTransferencia no es válido.
Línea 31: el nombre de la propiedad _ExtentY de SSTTransferencia no es válido.
Línea 32: el nombre de la propiedad _Version de SSTTransferencia no es válido.
Línea 33: el nombre de la propiedad Tabs de SSTTransferencia no es válido.
Línea 34: el nombre de la propiedad TabHeight de SSTTransferencia no es válido.
Línea 35: el nombre de la propiedad TabCaption(0) de SSTTransferencia no es válido.
Línea 36: el nombre de la propiedad TabPicture(0) de SSTTransferencia no es válido.
Línea 37: el nombre de la propiedad Tab(0).ControlEnabled de SSTTransferencia no es válido.
Línea 38: el nombre de la propiedad Tab(0).Control(0) de SSTTransferencia no es válido.
Línea 39: el nombre de la propiedad Tab(0).Control(0).Enabled de SSTTransferencia no es válido.
Línea 40: el nombre de la propiedad Tab(0).ControlCount de SSTTransferencia no es válido.
Línea 41: el nombre de la propiedad TabCaption(1) de SSTTransferencia no es válido.
Línea 42: el nombre de la propiedad TabPicture(1) de SSTTransferencia no es válido.
Línea 43: el nombre de la propiedad Tab(1).ControlEnabled de SSTTransferencia no es válido.
Línea 44: el nombre de la propiedad Tab(1).Control(0) de SSTTransferencia no es válido.
Línea 45: el nombre de la propiedad Tab(1).ControlCount de SSTTransferencia no es válido.
Línea 315: el nombre de la propiedad Bindings de DtCCuentaOrigen no es válido.
Línea 323: el nombre de la propiedad _ExtentX de DtCCuentaOrigen no es válido.
Línea 324: el nombre de la propiedad _ExtentY de DtCCuentaOrigen no es válido.
Línea 325: el nombre de la propiedad _Version de DtCCuentaOrigen no es válido.
Línea 327: el nombre de la propiedad ListField de DtCCuentaOrigen no es válido.
Línea 328: el nombre de la propiedad BoundColumn de DtCCuentaOrigen no es válido.
Línea 329: el nombre de la propiedad Text de DtCCuentaOrigen no es válido.
Línea 332: el nombre de la propiedad Bindings de DtCCuentaOrigenDes no es válido.
Línea 340: el nombre de la propiedad _ExtentX de DtCCuentaOrigenDes no es válido.
Línea 341: el nombre de la propiedad _ExtentY de DtCCuentaOrigenDes no es válido.
Línea 342: el nombre de la propiedad _Version de DtCCuentaOrigenDes no es válido.
Línea 344: el nombre de la propiedad ListField de DtCCuentaOrigenDes no es válido.
Línea 345: el nombre de la propiedad BoundColumn de DtCCuentaOrigenDes no es válido.
Línea 346: el nombre de la propiedad Text de DtCCuentaOrigenDes no es válido.
Línea 349: el nombre de la propiedad Bindings de DtcCtaTGN no es válido.
Línea 357: el nombre de la propiedad _ExtentX de DtcCtaTGN no es válido.
Línea 358: el nombre de la propiedad _ExtentY de DtcCtaTGN no es válido.
Línea 359: el nombre de la propiedad _Version de DtcCtaTGN no es válido.
Línea 361: el nombre de la propiedad ListField de DtcCtaTGN no es válido.
Línea 362: el nombre de la propiedad BoundColumn de DtcCtaTGN no es válido.
Línea 363: el nombre de la propiedad Text de DtcCtaTGN no es válido.
Línea 526: el nombre de la propiedad Bindings de DtGPP1 no es válido.
Línea 533: el nombre de la propiedad _ExtentX de DtGPP1 no es válido.
Línea 534: el nombre de la propiedad _ExtentY de DtGPP1 no es válido.
Línea 535: el nombre de la propiedad _Version de DtGPP1 no es válido.
Línea 536: el nombre de la propiedad HeadLines de DtGPP1 no es válido.
Línea 537: el nombre de la propiedad RowHeight de DtGPP1 no es válido.
Línea 546: el nombre de la propiedad HeadFont de DtGPP1 no es válido.
Línea 556: el nombre de la propiedad ColumnCount de DtGPP1 no es válido.
Línea 569: el nombre de la propiedad Column00 de DtGPP1 no es válido.
Línea 582: el nombre de la propiedad Column01 de DtGPP1 no es válido.
Línea 583: el nombre de la propiedad SplitCount de DtGPP1 no es válido.
Línea 589: el nombre de la propiedad Split0 de DtGPP1 no es válido.
Línea 596: el nombre de la propiedad _ExtentX de AdoPagoDetalle no es válido.
Línea 597: el nombre de la propiedad _ExtentY de AdoPagoDetalle no es válido.
Línea 598: el nombre de la propiedad ConnectMode de AdoPagoDetalle no es válido.
Línea 599: el nombre de la propiedad CursorLocation de AdoPagoDetalle no es válido.
Línea 600: el nombre de la propiedad IsolationLevel de AdoPagoDetalle no es válido.
Línea 601: el nombre de la propiedad ConnectionTimeout de AdoPagoDetalle no es válido.
Línea 602: el nombre de la propiedad CommandTimeout de AdoPagoDetalle no es válido.
Línea 603: el nombre de la propiedad CursorType de AdoPagoDetalle no es válido.
Línea 604: el nombre de la propiedad LockType de AdoPagoDetalle no es válido.
Línea 605: el nombre de la propiedad CommandType de AdoPagoDetalle no es válido.
Línea 606: el nombre de la propiedad CursorOptions de AdoPagoDetalle no es válido.
Línea 607: el nombre de la propiedad CacheSize de AdoPagoDetalle no es válido.
Línea 608: el nombre de la propiedad MaxRecords de AdoPagoDetalle no es válido.
Línea 609: el nombre de la propiedad BOFAction de AdoPagoDetalle no es válido.
Línea 610: el nombre de la propiedad EOFAction de AdoPagoDetalle no es válido.
Línea 611: el nombre de la propiedad ConnectStringType de AdoPagoDetalle no es válido.
Línea 615: el nombre de la propiedad Orientation de AdoPagoDetalle no es válido.
Línea 617: el nombre de la propiedad Connect de AdoPagoDetalle no es válido.
Línea 618: el nombre de la propiedad OLEDBString de AdoPagoDetalle no es válido.
Línea 619: el nombre de la propiedad OLEDBFile de AdoPagoDetalle no es válido.
Línea 620: el nombre de la propiedad DataSourceName de AdoPagoDetalle no es válido.
Línea 621: el nombre de la propiedad OtherAttributes de AdoPagoDetalle no es válido.
Línea 622: el nombre de la propiedad UserName de AdoPagoDetalle no es válido.
Línea 623: el nombre de la propiedad Password de AdoPagoDetalle no es válido.
Línea 624: el nombre de la propiedad RecordSource de AdoPagoDetalle no es válido.
Línea 625: el nombre de la propiedad Caption de AdoPagoDetalle no es válido.
Línea 635: el nombre de la propiedad _Version de AdoPagoDetalle no es válido.
Línea 643: el nombre de la propiedad _ExtentX de DtGPP no es válido.
Línea 644: el nombre de la propiedad _ExtentY de DtGPP no es válido.
Línea 645: el nombre de la propiedad _Version de DtGPP no es válido.
Línea 646: el nombre de la propiedad HeadLines de DtGPP no es válido.
Línea 647: el nombre de la propiedad RowHeight de DtGPP no es válido.
Línea 648: el nombre de la propiedad FormatLocked de DtGPP no es válido.
Línea 657: el nombre de la propiedad HeadFont de DtGPP no es válido.
Línea 667: el nombre de la propiedad ColumnCount de DtGPP no es válido.
Línea 680: el nombre de la propiedad Column00 de DtGPP no es válido.
Línea 693: el nombre de la propiedad Column01 de DtGPP no es válido.
Línea 706: el nombre de la propiedad Column02 de DtGPP no es válido.
Línea 719: el nombre de la propiedad Column03 de DtGPP no es válido.
Línea 732: el nombre de la propiedad Column04 de DtGPP no es válido.
Línea 745: el nombre de la propiedad Column05 de DtGPP no es válido.
Línea 758: el nombre de la propiedad Column06 de DtGPP no es válido.
Línea 771: el nombre de la propiedad Column07 de DtGPP no es válido.
Línea 784: el nombre de la propiedad Column08 de DtGPP no es válido.
Línea 785: el nombre de la propiedad SplitCount de DtGPP no es válido.
Línea 805: el nombre de la propiedad Split0 de DtGPP no es válido.
Línea 1076: el nombre de la propiedad _ExtentX de AdoPago no es válido.
Línea 1077: el nombre de la propiedad _ExtentY de AdoPago no es válido.
Línea 1078: el nombre de la propiedad ConnectMode de AdoPago no es válido.
Línea 1079: el nombre de la propiedad CursorLocation de AdoPago no es válido.
Línea 1080: el nombre de la propiedad IsolationLevel de AdoPago no es válido.
Línea 1081: el nombre de la propiedad ConnectionTimeout de AdoPago no es válido.
Línea 1082: el nombre de la propiedad CommandTimeout de AdoPago no es válido.
Línea 1083: el nombre de la propiedad CursorType de AdoPago no es válido.
Línea 1084: el nombre de la propiedad LockType de AdoPago no es válido.
Línea 1085: el nombre de la propiedad CommandType de AdoPago no es válido.
Línea 1086: el nombre de la propiedad CursorOptions de AdoPago no es válido.
Línea 1087: el nombre de la propiedad CacheSize de AdoPago no es válido.
Línea 1088: el nombre de la propiedad MaxRecords de AdoPago no es válido.
Línea 1089: el nombre de la propiedad BOFAction de AdoPago no es válido.
Línea 1090: el nombre de la propiedad EOFAction de AdoPago no es válido.
Línea 1091: el nombre de la propiedad ConnectStringType de AdoPago no es válido.
Línea 1095: el nombre de la propiedad Orientation de AdoPago no es válido.
Línea 1097: el nombre de la propiedad Connect de AdoPago no es válido.
Línea 1098: el nombre de la propiedad OLEDBString de AdoPago no es válido.
Línea 1099: el nombre de la propiedad OLEDBFile de AdoPago no es válido.
Línea 1100: el nombre de la propiedad DataSourceName de AdoPago no es válido.
Línea 1101: el nombre de la propiedad OtherAttributes de AdoPago no es válido.
Línea 1102: el nombre de la propiedad UserName de AdoPago no es válido.
Línea 1103: el nombre de la propiedad Password de AdoPago no es válido.
Línea 1104: el nombre de la propiedad RecordSource de AdoPago no es válido.
Línea 1105: el nombre de la propiedad Caption de AdoPago no es válido.
Línea 1115: el nombre de la propiedad _Version de AdoPago no es válido.
Línea 1140: el nombre de la propiedad _ExtentX de DtGPagosParciales no es válido.
Línea 1141: el nombre de la propiedad _ExtentY de DtGPagosParciales no es válido.
Línea 1142: el nombre de la propiedad _Version de DtGPagosParciales no es válido.
Línea 1143: el nombre de la propiedad HeadLines de DtGPagosParciales no es válido.
Línea 1144: el nombre de la propiedad RowHeight de DtGPagosParciales no es válido.
Línea 1145: el nombre de la propiedad FormatLocked de DtGPagosParciales no es válido.
Línea 1154: el nombre de la propiedad HeadFont de DtGPagosParciales no es válido.
Línea 1164: el nombre de la propiedad ColumnCount de DtGPagosParciales no es válido.
Línea 1177: el nombre de la propiedad Column00 de DtGPagosParciales no es válido.
Línea 1190: el nombre de la propiedad Column01 de DtGPagosParciales no es válido.
Línea 1203: el nombre de la propiedad Column02 de DtGPagosParciales no es válido.
Línea 1216: el nombre de la propiedad Column03 de DtGPagosParciales no es válido.
Línea 1229: el nombre de la propiedad Column04 de DtGPagosParciales no es válido.
Línea 1242: el nombre de la propiedad Column05 de DtGPagosParciales no es válido.
Línea 1255: el nombre de la propiedad Column06 de DtGPagosParciales no es válido.
Línea 1268: el nombre de la propiedad Column07 de DtGPagosParciales no es válido.
Línea 1281: el nombre de la propiedad Column08 de DtGPagosParciales no es válido.
Línea 1282: el nombre de la propiedad SplitCount de DtGPagosParciales no es válido.
Línea 1302: el nombre de la propiedad Split0 de DtGPagosParciales no es válido.
Línea 1311: el nombre de la propiedad _ExtentX de DtgPago no es válido.
Línea 1312: el nombre de la propiedad _ExtentY de DtgPago no es válido.
Línea 1313: el nombre de la propiedad _Version de DtgPago no es válido.
Línea 1314: el nombre de la propiedad AllowUpdate de DtgPago no es válido.
Línea 1315: el nombre de la propiedad HeadLines de DtgPago no es válido.
Línea 1316: el nombre de la propiedad RowHeight de DtgPago no es válido.
Línea 1317: el nombre de la propiedad FormatLocked de DtgPago no es válido.
Línea 1326: el nombre de la propiedad HeadFont de DtgPago no es válido.
Línea 1336: el nombre de la propiedad ColumnCount de DtgPago no es válido.
Línea 1349: el nombre de la propiedad Column00 de DtgPago no es válido.
Línea 1362: el nombre de la propiedad Column01 de DtgPago no es válido.
Línea 1375: el nombre de la propiedad Column02 de DtgPago no es válido.
Línea 1388: el nombre de la propiedad Column03 de DtgPago no es válido.
Línea 1401: el nombre de la propiedad Column04 de DtgPago no es válido.
Línea 1414: el nombre de la propiedad Column05 de DtgPago no es válido.
Línea 1427: el nombre de la propiedad Column06 de DtgPago no es válido.
Línea 1440: el nombre de la propiedad Column07 de DtgPago no es válido.
Línea 1441: el nombre de la propiedad SplitCount de DtgPago no es válido.
Línea 1465: el nombre de la propiedad Split0 de DtgPago no es válido.
Línea 1771: el nombre de la propiedad _ExtentX de AdoCuenta no es válido.
Línea 1772: el nombre de la propiedad _ExtentY de AdoCuenta no es válido.
Línea 1773: el nombre de la propiedad ConnectMode de AdoCuenta no es válido.
Línea 1774: el nombre de la propiedad CursorLocation de AdoCuenta no es válido.
Línea 1775: el nombre de la propiedad IsolationLevel de AdoCuenta no es válido.
Línea 1776: el nombre de la propiedad ConnectionTimeout de AdoCuenta no es válido.
Línea 1777: el nombre de la propiedad CommandTimeout de AdoCuenta no es válido.
Línea 1778: el nombre de la propiedad CursorType de AdoCuenta no es válido.
Línea 1779: el nombre de la propiedad LockType de AdoCuenta no es válido.
Línea 1780: el nombre de la propiedad CommandType de AdoCuenta no es válido.
Línea 1781: el nombre de la propiedad CursorOptions de AdoCuenta no es válido.
Línea 1782: el nombre de la propiedad CacheSize de AdoCuenta no es válido.
Línea 1783: el nombre de la propiedad MaxRecords de AdoCuenta no es válido.
Línea 1784: el nombre de la propiedad BOFAction de AdoCuenta no es válido.
Línea 1785: el nombre de la propiedad EOFAction de AdoCuenta no es válido.
Línea 1786: el nombre de la propiedad ConnectStringType de AdoCuenta no es válido.
Línea 1790: el nombre de la propiedad Orientation de AdoCuenta no es válido.
Línea 1792: el nombre de la propiedad Connect de AdoCuenta no es válido.
Línea 1793: el nombre de la propiedad OLEDBString de AdoCuenta no es válido.
Línea 1794: el nombre de la propiedad OLEDBFile de AdoCuenta no es válido.
Línea 1795: el nombre de la propiedad DataSourceName de AdoCuenta no es válido.
Línea 1796: el nombre de la propiedad OtherAttributes de AdoCuenta no es válido.
Línea 1797: el nombre de la propiedad UserName de AdoCuenta no es válido.
Línea 1798: el nombre de la propiedad Password de AdoCuenta no es válido.
Línea 1799: el nombre de la propiedad RecordSource de AdoCuenta no es válido.
Línea 1800: el nombre de la propiedad Caption de AdoCuenta no es válido.
Línea 1810: el nombre de la propiedad _Version de AdoCuenta no es válido.
Línea 1952: el nombre de la propiedad _ExtentX de PrBPagosTotales no es válido.
Línea 1953: el nombre de la propiedad _ExtentY de PrBPagosTotales no es válido.
Línea 1954: el nombre de la propiedad _Version de PrBPagosTotales no es válido.
Línea 1958: el nombre de la propiedad Bindings de DtCCta no es válido.
Línea 1966: el nombre de la propiedad _ExtentX de DtCCta no es válido.
Línea 1967: el nombre de la propiedad _ExtentY de DtCCta no es válido.
Línea 1968: el nombre de la propiedad _Version de DtCCta no es válido.
Línea 1970: el nombre de la propiedad ListField de DtCCta no es válido.
Línea 1971: el nombre de la propiedad BoundColumn de DtCCta no es válido.
Línea 1972: el nombre de la propiedad Text de DtCCta no es válido.
Línea 1975: el nombre de la propiedad Bindings de DtCDescripcion no es válido.
Línea 1983: el nombre de la propiedad _ExtentX de DtCDescripcion no es válido.
Línea 1984: el nombre de la propiedad _ExtentY de DtCDescripcion no es válido.
Línea 1985: el nombre de la propiedad _Version de DtCDescripcion no es válido.
Línea 1987: el nombre de la propiedad ListField de DtCDescripcion no es válido.
Línea 1988: el nombre de la propiedad BoundColumn de DtCDescripcion no es válido.
Línea 1989: el nombre de la propiedad Text de DtCDescripcion no es válido.
Línea 1992: el nombre de la propiedad Bindings de DtCTgn no es válido.
Línea 2000: el nombre de la propiedad _ExtentX de DtCTgn no es válido.
Línea 2001: el nombre de la propiedad _ExtentY de DtCTgn no es válido.
Línea 2002: el nombre de la propiedad _Version de DtCTgn no es válido.
Línea 2004: el nombre de la propiedad ListField de DtCTgn no es válido.
Línea 2005: el nombre de la propiedad BoundColumn de DtCTgn no es válido.
Línea 2006: el nombre de la propiedad Text de DtCTgn no es válido.
