Línea 7: no se pudo establecer la propiedad Icon de fw_Descargos.
Línea 320: no se pudo establecer la propiedad Picture de BtnCancelar1.
Línea 334: no se pudo establecer la propiedad Picture de BtnGrabar1.
Línea 805: no se pudo establecer la propiedad Picture de BtnGrabar2.
Línea 819: no se pudo establecer la propiedad Picture de BtnCancelar2.
Línea 2450: no se pudo establecer la propiedad Picture de BtnCancelar3.
Línea 2464: no se pudo establecer la propiedad Picture de BtnGrabar3.
Línea 2806: no se pudo establecer la propiedad Picture de FrmABMDet3.
Línea 2816: no se pudo establecer la propiedad Picture de BtnEliminar3.
Línea 2827: no se pudo establecer la propiedad Picture de BtnModificar3.
Línea 2838: no se pudo establecer la propiedad Picture de BtnAñadir3.
Línea 2850: no se pudo establecer la propiedad Picture de FrmABMDet2.
Línea 2860: no se pudo establecer la propiedad Picture de BtnEliminar2.
Línea 2871: no se pudo establecer la propiedad Picture de BtnModificar2.
Línea 2882: no se pudo establecer la propiedad Picture de BtnAñadir2.
Línea 2894: no se pudo establecer la propiedad Picture de FrmABMDet1.
Línea 2904: no se pudo establecer la propiedad Picture de BtnAñadir1.
Línea 2915: no se pudo establecer la propiedad Picture de BtnModificar1.
Línea 2926: no se pudo establecer la propiedad Picture de BtnEliminar1.
Línea 2948: no se pudo establecer la propiedad Picture de BtnSalir.
Línea 2963: no se pudo establecer la propiedad Picture de BtnImprimir.
Línea 2978: no se pudo establecer la propiedad Picture de BtnBuscar.
Línea 2993: no se pudo establecer la propiedad Picture de BtnAprobar.
Línea 3008: no se pudo establecer la propiedad Picture de BtnEliminar.
Línea 3023: no se pudo establecer la propiedad Picture de BtnModificar.
Línea 3038: no se pudo establecer la propiedad Picture de BtnAñadir.
Línea 3053: no se pudo establecer la propiedad Picture de BtnVer.
Línea 3066: no se pudo establecer la propiedad Picture de BtnDesAprobar.
Línea 3114: no se pudo establecer la propiedad Picture de BtnGrabar.
Línea 3128: no se pudo establecer la propiedad Picture de BtnCancelar.
