Línea 14: la propiedad Icon de frm_to_calendario_zonas tenía una referencia a archivo no válida.
Línea 56: la propiedad Picture de BtnSalir tenía una referencia a archivo no válida.
Línea 71: la propiedad Picture de BtnImprimir tenía una referencia a archivo no válida.
Línea 85: la propiedad Picture de BtnBuscar tenía una referencia a archivo no válida.
Línea 99: la propiedad Picture de BtnAprobar tenía una referencia a archivo no válida.
Línea 114: la propiedad Picture de BtnEliminar tenía una referencia a archivo no válida.
Línea 129: la propiedad Picture de BtnModificar tenía una referencia a archivo no válida.
Línea 144: la propiedad Picture de BtnAñadir tenía una referencia a archivo no válida.
Línea 157: la propiedad Picture de BtnVer tenía una referencia a archivo no válida.
Línea 169: la propiedad Picture de BtnDesAprobar tenía una referencia a archivo no válida.
Línea 220: la propiedad Picture de BtnGrabar tenía una referencia a archivo no válida.
Línea 234: la propiedad Picture de BtnCancelar tenía una referencia a archivo no válida.
Línea 298: la propiedad Picture de BtnAnlDetalle tenía una referencia a archivo no válida.
Línea 313: la propiedad Picture de BtnModDetalle tenía una referencia a archivo no válida.
Línea 328: la propiedad Picture de BtnAddDetalle tenía una referencia a archivo no válida.
Línea 343: la propiedad Picture de Picture2 tenía una referencia a archivo no válida.
Línea 359: la propiedad Picture de Picture3 tenía una referencia a archivo no válida.
Línea 369: la propiedad Bindings de dg_det1 tenía una referencia a archivo no válida.
Línea 664: la propiedad ItemData de Cmb_Mes_ant tenía una referencia a archivo no válida.
Línea 666: la propiedad List de Cmb_Mes_ant tenía una referencia a archivo no válida.
Línea 675: la propiedad ItemData de Cmb_gestion_Ant tenía una referencia a archivo no válida.
Línea 677: la propiedad List de Cmb_gestion_Ant tenía una referencia a archivo no válida.
Línea 694: la propiedad Text de Txt_campo2 tenía una referencia a archivo no válida.
Línea 771: la propiedad Bindings de dtc_codigo3 tenía una referencia a archivo no válida.
Línea 789: la propiedad Bindings de dtc_codigo1 tenía una referencia a archivo no válida.
Línea 807: la propiedad Bindings de dtc_desc1 tenía una referencia a archivo no válida.
Línea 873: la propiedad Bindings de dtc_desc3 tenía una referencia a archivo no válida.
Línea 902: la propiedad Bindings de dtc_desc4 tenía una referencia a archivo no válida.
Línea 920: la propiedad Bindings de dtc_codigo4 tenía una referencia a archivo no válida.
Línea 1397: la propiedad Bindings de dg_datos tenía una referencia a archivo no válida.
