Línea 136: la clase MSComCtl2.DTPicker del control DTPFechaInicio no era una clase de control cargada.
Línea 149: la clase MSComCtl2.DTPicker del control DTPFechaFin no era una clase de control cargada.
Línea 179: la clase Crystal.CrystalReport del control CryNoFir no era una clase de control cargada.
Línea 369: la clase Crystal.CrystalReport del control CryFir no era una clase de control cargada.
Línea 383: la clase MSDataGridLib.DataGrid del control DtGFir no era una clase de control cargada.
Línea 447: la clase MSDataGridLib.DataGrid del control DtGNoFir no era una clase de control cargada.
Línea 142: el nombre de la propiedad _ExtentX de DTPFechaInicio no es válido.
Línea 143: el nombre de la propiedad _ExtentY de DTPFechaInicio no es válido.
Línea 144: el nombre de la propiedad _Version de DTPFechaInicio no es válido.
Línea 145: el nombre de la propiedad CheckBox de DTPFechaInicio no es válido.
Línea 146: el nombre de la propiedad Format de DTPFechaInicio no es válido.
Línea 147: el nombre de la propiedad CurrentDate de DTPFechaInicio no es válido.
Línea 155: el nombre de la propiedad _ExtentX de DTPFechaFin no es válido.
Línea 156: el nombre de la propiedad _ExtentY de DTPFechaFin no es válido.
Línea 157: el nombre de la propiedad _Version de DTPFechaFin no es válido.
Línea 158: el nombre de la propiedad CheckBox de DTPFechaFin no es válido.
Línea 159: el nombre de la propiedad Format de DTPFechaFin no es válido.
Línea 160: el nombre de la propiedad CurrentDate de DTPFechaFin no es válido.
Línea 182: el nombre de la propiedad _ExtentX de CryNoFir no es válido.
Línea 183: el nombre de la propiedad _ExtentY de CryNoFir no es válido.
Línea 184: el nombre de la propiedad _Version de CryNoFir no es válido.
Línea 185: el nombre de la propiedad WindowControlBox de CryNoFir no es válido.
Línea 186: el nombre de la propiedad WindowMaxButton de CryNoFir no es válido.
Línea 187: el nombre de la propiedad WindowMinButton de CryNoFir no es válido.
Línea 188: el nombre de la propiedad PrintFileLinesPerPage de CryNoFir no es válido.
Línea 189: el nombre de la propiedad WindowShowSearchBtn de CryNoFir no es válido.
Línea 190: el nombre de la propiedad WindowShowPrintSetupBtn de CryNoFir no es válido.
Línea 191: el nombre de la propiedad WindowShowRefreshBtn de CryNoFir no es válido.
Línea 372: el nombre de la propiedad _ExtentX de CryFir no es válido.
Línea 373: el nombre de la propiedad _ExtentY de CryFir no es válido.
Línea 374: el nombre de la propiedad _Version de CryFir no es válido.
Línea 375: el nombre de la propiedad WindowControlBox de CryFir no es válido.
Línea 376: el nombre de la propiedad WindowMaxButton de CryFir no es válido.
Línea 377: el nombre de la propiedad WindowMinButton de CryFir no es válido.
Línea 378: el nombre de la propiedad PrintFileLinesPerPage de CryFir no es válido.
Línea 379: el nombre de la propiedad WindowShowSearchBtn de CryFir no es válido.
Línea 380: el nombre de la propiedad WindowShowPrintSetupBtn de CryFir no es válido.
Línea 381: el nombre de la propiedad WindowShowRefreshBtn de CryFir no es válido.
Línea 389: el nombre de la propiedad _ExtentX de DtGFir no es válido.
Línea 390: el nombre de la propiedad _ExtentY de DtGFir no es válido.
Línea 391: el nombre de la propiedad _Version de DtGFir no es válido.
Línea 392: el nombre de la propiedad HeadLines de DtGFir no es válido.
Línea 393: el nombre de la propiedad RowHeight de DtGFir no es válido.
Línea 402: el nombre de la propiedad HeadFont de DtGFir no es válido.
Línea 412: el nombre de la propiedad ColumnCount de DtGFir no es válido.
Línea 425: el nombre de la propiedad Column00 de DtGFir no es válido.
Línea 438: el nombre de la propiedad Column01 de DtGFir no es válido.
Línea 439: el nombre de la propiedad SplitCount de DtGFir no es válido.
Línea 445: el nombre de la propiedad Split0 de DtGFir no es válido.
Línea 453: el nombre de la propiedad _ExtentX de DtGNoFir no es válido.
Línea 454: el nombre de la propiedad _ExtentY de DtGNoFir no es válido.
Línea 455: el nombre de la propiedad _Version de DtGNoFir no es válido.
Línea 456: el nombre de la propiedad HeadLines de DtGNoFir no es válido.
Línea 457: el nombre de la propiedad RowHeight de DtGNoFir no es válido.
Línea 466: el nombre de la propiedad HeadFont de DtGNoFir no es válido.
Línea 476: el nombre de la propiedad ColumnCount de DtGNoFir no es válido.
Línea 489: el nombre de la propiedad Column00 de DtGNoFir no es válido.
Línea 502: el nombre de la propiedad Column01 de DtGNoFir no es válido.
Línea 503: el nombre de la propiedad SplitCount de DtGNoFir no es válido.
Línea 509: el nombre de la propiedad Split0 de DtGNoFir no es válido.
