Línea 52: la clase MSDataGridLib.DataGrid del control DtGDatos no era una clase de control cargada.
Línea 178: la clase MSAdodcLib.Adodc del control Adodc1 no era una clase de control cargada.
Línea 225: la clase MSDataListLib.DataCombo del control DtCCuentaOrigen1 no era una clase de control cargada.
Línea 243: la clase MSDataListLib.DataCombo del control DtCCuentaOrigenDes1 no era una clase de control cargada.
Línea 261: la clase MSDataListLib.DataCombo del control DtcCtaTGN1 no era una clase de control cargada.
Línea 279: la clase MSComCtl2.DTPicker del control DTPFFin no era una clase de control cargada.
Línea 291: la clase MSComCtl2.DTPicker del control DTPFInicio no era una clase de control cargada.
Línea 303: la clase MSDataListLib.DataCombo del control DtCCuentaOrigen no era una clase de control cargada.
Línea 320: la clase MSDataListLib.DataCombo del control DtCCuentaOrigenDes no era una clase de control cargada.
Línea 337: la clase MSDataListLib.DataCombo del control DtcCtaTGN no era una clase de control cargada.
Línea 421: la clase Crystal.CrystalReport del control CryMov no era una clase de control cargada.
Línea 435: la clase MSAdodcLib.Adodc del control AdoCuenta no era una clase de control cargada.
Línea 58: el nombre de la propiedad _ExtentX de DtGDatos no es válido.
Línea 59: el nombre de la propiedad _ExtentY de DtGDatos no es válido.
Línea 60: el nombre de la propiedad _Version de DtGDatos no es válido.
Línea 61: el nombre de la propiedad HeadLines de DtGDatos no es válido.
Línea 62: el nombre de la propiedad RowHeight de DtGDatos no es válido.
Línea 71: el nombre de la propiedad HeadFont de DtGDatos no es válido.
Línea 81: el nombre de la propiedad ColumnCount de DtGDatos no es válido.
Línea 94: el nombre de la propiedad Column00 de DtGDatos no es válido.
Línea 107: el nombre de la propiedad Column01 de DtGDatos no es válido.
Línea 108: el nombre de la propiedad SplitCount de DtGDatos no es válido.
Línea 114: el nombre de la propiedad Split0 de DtGDatos no es válido.
Línea 184: el nombre de la propiedad _ExtentX de Adodc1 no es válido.
Línea 185: el nombre de la propiedad _ExtentY de Adodc1 no es válido.
Línea 186: el nombre de la propiedad ConnectMode de Adodc1 no es válido.
Línea 187: el nombre de la propiedad CursorLocation de Adodc1 no es válido.
Línea 188: el nombre de la propiedad IsolationLevel de Adodc1 no es válido.
Línea 189: el nombre de la propiedad ConnectionTimeout de Adodc1 no es válido.
Línea 190: el nombre de la propiedad CommandTimeout de Adodc1 no es válido.
Línea 191: el nombre de la propiedad CursorType de Adodc1 no es válido.
Línea 192: el nombre de la propiedad LockType de Adodc1 no es válido.
Línea 193: el nombre de la propiedad CommandType de Adodc1 no es válido.
Línea 194: el nombre de la propiedad CursorOptions de Adodc1 no es válido.
Línea 195: el nombre de la propiedad CacheSize de Adodc1 no es válido.
Línea 196: el nombre de la propiedad MaxRecords de Adodc1 no es válido.
Línea 197: el nombre de la propiedad BOFAction de Adodc1 no es válido.
Línea 198: el nombre de la propiedad EOFAction de Adodc1 no es válido.
Línea 199: el nombre de la propiedad ConnectStringType de Adodc1 no es válido.
Línea 203: el nombre de la propiedad Orientation de Adodc1 no es válido.
Línea 205: el nombre de la propiedad Connect de Adodc1 no es válido.
Línea 206: el nombre de la propiedad OLEDBString de Adodc1 no es válido.
Línea 207: el nombre de la propiedad OLEDBFile de Adodc1 no es válido.
Línea 208: el nombre de la propiedad DataSourceName de Adodc1 no es válido.
Línea 209: el nombre de la propiedad OtherAttributes de Adodc1 no es válido.
Línea 210: el nombre de la propiedad UserName de Adodc1 no es válido.
Línea 211: el nombre de la propiedad Password de Adodc1 no es válido.
Línea 212: el nombre de la propiedad RecordSource de Adodc1 no es válido.
Línea 213: el nombre de la propiedad Caption de Adodc1 no es válido.
Línea 223: el nombre de la propiedad _Version de Adodc1 no es válido.
Línea 226: el nombre de la propiedad Bindings de DtCCuentaOrigen1 no es válido.
Línea 235: el nombre de la propiedad _ExtentX de DtCCuentaOrigen1 no es válido.
Línea 236: el nombre de la propiedad _ExtentY de DtCCuentaOrigen1 no es válido.
Línea 237: el nombre de la propiedad _Version de DtCCuentaOrigen1 no es válido.
Línea 239: el nombre de la propiedad ListField de DtCCuentaOrigen1 no es válido.
Línea 240: el nombre de la propiedad BoundColumn de DtCCuentaOrigen1 no es válido.
Línea 241: el nombre de la propiedad Text de DtCCuentaOrigen1 no es válido.
Línea 244: el nombre de la propiedad Bindings de DtCCuentaOrigenDes1 no es válido.
Línea 253: el nombre de la propiedad _ExtentX de DtCCuentaOrigenDes1 no es válido.
Línea 254: el nombre de la propiedad _ExtentY de DtCCuentaOrigenDes1 no es válido.
Línea 255: el nombre de la propiedad _Version de DtCCuentaOrigenDes1 no es válido.
Línea 257: el nombre de la propiedad ListField de DtCCuentaOrigenDes1 no es válido.
Línea 258: el nombre de la propiedad BoundColumn de DtCCuentaOrigenDes1 no es válido.
Línea 259: el nombre de la propiedad Text de DtCCuentaOrigenDes1 no es válido.
Línea 262: el nombre de la propiedad Bindings de DtcCtaTGN1 no es válido.
Línea 271: el nombre de la propiedad _ExtentX de DtcCtaTGN1 no es válido.
Línea 272: el nombre de la propiedad _ExtentY de DtcCtaTGN1 no es válido.
Línea 273: el nombre de la propiedad _Version de DtcCtaTGN1 no es válido.
Línea 275: el nombre de la propiedad ListField de DtcCtaTGN1 no es válido.
Línea 276: el nombre de la propiedad BoundColumn de DtcCtaTGN1 no es válido.
Línea 277: el nombre de la propiedad Text de DtcCtaTGN1 no es válido.
Línea 285: el nombre de la propiedad _ExtentX de DTPFFin no es válido.
Línea 286: el nombre de la propiedad _ExtentY de DTPFFin no es válido.
Línea 287: el nombre de la propiedad _Version de DTPFFin no es válido.
Línea 288: el nombre de la propiedad Format de DTPFFin no es válido.
Línea 289: el nombre de la propiedad CurrentDate de DTPFFin no es válido.
Línea 297: el nombre de la propiedad _ExtentX de DTPFInicio no es válido.
Línea 298: el nombre de la propiedad _ExtentY de DTPFInicio no es válido.
Línea 299: el nombre de la propiedad _Version de DTPFInicio no es válido.
Línea 300: el nombre de la propiedad Format de DTPFInicio no es válido.
Línea 301: el nombre de la propiedad CurrentDate de DTPFInicio no es válido.
Línea 304: el nombre de la propiedad Bindings de DtCCuentaOrigen no es válido.
Línea 311: el nombre de la propiedad _ExtentX de DtCCuentaOrigen no es válido.
Línea 312: el nombre de la propiedad _ExtentY de DtCCuentaOrigen no es válido.
Línea 313: el nombre de la propiedad _Version de DtCCuentaOrigen no es válido.
Línea 315: el nombre de la propiedad Style de DtCCuentaOrigen no es válido.
Línea 316: el nombre de la propiedad ListField de DtCCuentaOrigen no es válido.
Línea 317: el nombre de la propiedad BoundColumn de DtCCuentaOrigen no es válido.
Línea 318: el nombre de la propiedad Text de DtCCuentaOrigen no es válido.
Línea 321: el nombre de la propiedad Bindings de DtCCuentaOrigenDes no es válido.
Línea 328: el nombre de la propiedad _ExtentX de DtCCuentaOrigenDes no es válido.
Línea 329: el nombre de la propiedad _ExtentY de DtCCuentaOrigenDes no es válido.
Línea 330: el nombre de la propiedad _Version de DtCCuentaOrigenDes no es válido.
Línea 332: el nombre de la propiedad Style de DtCCuentaOrigenDes no es válido.
Línea 333: el nombre de la propiedad ListField de DtCCuentaOrigenDes no es válido.
Línea 334: el nombre de la propiedad BoundColumn de DtCCuentaOrigenDes no es válido.
Línea 335: el nombre de la propiedad Text de DtCCuentaOrigenDes no es válido.
Línea 338: el nombre de la propiedad Bindings de DtcCtaTGN no es válido.
Línea 345: el nombre de la propiedad _ExtentX de DtcCtaTGN no es válido.
Línea 346: el nombre de la propiedad _ExtentY de DtcCtaTGN no es válido.
Línea 347: el nombre de la propiedad _Version de DtcCtaTGN no es válido.
Línea 349: el nombre de la propiedad Style de DtcCtaTGN no es válido.
Línea 350: el nombre de la propiedad ListField de DtcCtaTGN no es válido.
Línea 351: el nombre de la propiedad BoundColumn de DtcCtaTGN no es válido.
Línea 352: el nombre de la propiedad Text de DtcCtaTGN no es válido.
Línea 424: el nombre de la propiedad _ExtentX de CryMov no es válido.
Línea 425: el nombre de la propiedad _ExtentY de CryMov no es válido.
Línea 426: el nombre de la propiedad _Version de CryMov no es válido.
Línea 427: el nombre de la propiedad WindowControlBox de CryMov no es válido.
Línea 428: el nombre de la propiedad WindowMaxButton de CryMov no es válido.
Línea 429: el nombre de la propiedad WindowMinButton de CryMov no es válido.
Línea 430: el nombre de la propiedad PrintFileLinesPerPage de CryMov no es válido.
Línea 431: el nombre de la propiedad WindowShowSearchBtn de CryMov no es válido.
Línea 432: el nombre de la propiedad WindowShowPrintSetupBtn de CryMov no es válido.
Línea 433: el nombre de la propiedad WindowShowRefreshBtn de CryMov no es válido.
Línea 441: el nombre de la propiedad _ExtentX de AdoCuenta no es válido.
Línea 442: el nombre de la propiedad _ExtentY de AdoCuenta no es válido.
Línea 443: el nombre de la propiedad ConnectMode de AdoCuenta no es válido.
Línea 444: el nombre de la propiedad CursorLocation de AdoCuenta no es válido.
Línea 445: el nombre de la propiedad IsolationLevel de AdoCuenta no es válido.
Línea 446: el nombre de la propiedad ConnectionTimeout de AdoCuenta no es válido.
Línea 447: el nombre de la propiedad CommandTimeout de AdoCuenta no es válido.
Línea 448: el nombre de la propiedad CursorType de AdoCuenta no es válido.
Línea 449: el nombre de la propiedad LockType de AdoCuenta no es válido.
Línea 450: el nombre de la propiedad CommandType de AdoCuenta no es válido.
Línea 451: el nombre de la propiedad CursorOptions de AdoCuenta no es válido.
Línea 452: el nombre de la propiedad CacheSize de AdoCuenta no es válido.
Línea 453: el nombre de la propiedad MaxRecords de AdoCuenta no es válido.
Línea 454: el nombre de la propiedad BOFAction de AdoCuenta no es válido.
Línea 455: el nombre de la propiedad EOFAction de AdoCuenta no es válido.
Línea 456: el nombre de la propiedad ConnectStringType de AdoCuenta no es válido.
Línea 460: el nombre de la propiedad Orientation de AdoCuenta no es válido.
Línea 462: el nombre de la propiedad Connect de AdoCuenta no es válido.
Línea 463: el nombre de la propiedad OLEDBString de AdoCuenta no es válido.
Línea 464: el nombre de la propiedad OLEDBFile de AdoCuenta no es válido.
Línea 465: el nombre de la propiedad DataSourceName de AdoCuenta no es válido.
Línea 466: el nombre de la propiedad OtherAttributes de AdoCuenta no es válido.
Línea 467: el nombre de la propiedad UserName de AdoCuenta no es válido.
Línea 468: el nombre de la propiedad Password de AdoCuenta no es válido.
Línea 469: el nombre de la propiedad RecordSource de AdoCuenta no es válido.
Línea 470: el nombre de la propiedad Caption de AdoCuenta no es válido.
Línea 480: el nombre de la propiedad _Version de AdoCuenta no es válido.
