Línea 15: la propiedad Icon de frm_co_contab_diario tenía una referencia a archivo no válida.
Línea 37: la propiedad Picture de BtnDesAprobar tenía una referencia a archivo no válida.
Línea 49: la propiedad Picture de BtnVer tenía una referencia a archivo no válida.
Línea 64: la propiedad Picture de BtnAñadir tenía una referencia a archivo no válida.
Línea 79: la propiedad Picture de BtnModificar tenía una referencia a archivo no válida.
Línea 94: la propiedad Picture de BtnEliminar tenía una referencia a archivo no válida.
Línea 109: la propiedad Picture de BtnAprobar tenía una referencia a archivo no válida.
Línea 124: la propiedad Picture de BtnBuscar tenía una referencia a archivo no válida.
Línea 138: la propiedad Picture de BtnImprimir tenía una referencia a archivo no válida.
Línea 152: la propiedad Picture de BtnSalir tenía una referencia a archivo no válida.
Línea 204: la propiedad Picture de BtnCancelar tenía una referencia a archivo no válida.
Línea 218: la propiedad Picture de BtnGrabar tenía una referencia a archivo no válida.
Línea 253: la propiedad Picture de Picture1 tenía una referencia a archivo no válida.
Línea 267: la propiedad Picture de FrmABMDet tenía una referencia a archivo no válida.
Línea 285: la propiedad Bindings de dg_det2 tenía una referencia a archivo no válida.
Línea 577: la propiedad Bindings de dg_det1 tenía una referencia a archivo no válida.
Línea 912: la propiedad Bindings de dg_datos tenía una referencia a archivo no válida.
Línea 1914: la propiedad Bindings de DTCHDesCaja tenía una referencia a archivo no válida.
Línea 1928: la propiedad Bindings de DTCHidcaja tenía una referencia a archivo no válida.
Línea 1980: la propiedad Bindings de DtCHDesConvenio tenía una referencia a archivo no válida.
Línea 1995: la propiedad Bindings de DtCHIdConvenio tenía una referencia a archivo no válida.
Línea 2099: la propiedad ItemData de CboDSubcta2 tenía una referencia a archivo no válida.
Línea 2101: la propiedad List de CboDSubcta2 tenía una referencia a archivo no válida.
Línea 2747: la propiedad Bindings de DTCDDesCaja tenía una referencia a archivo no válida.
Línea 2761: la propiedad Bindings de dtcDIdCaja tenía una referencia a archivo no válida.
Línea 2813: la propiedad Bindings de DtCDDesConvenio tenía una referencia a archivo no válida.
Línea 2828: la propiedad Bindings de DtCDIdConvenio tenía una referencia a archivo no válida.
Línea 3180: la propiedad Bindings de dtc_codigo4 tenía una referencia a archivo no válida.
Línea 3309: la propiedad Bindings de dtc_desc1 tenía una referencia a archivo no válida.
Línea 3329: la propiedad Bindings de dtc_codigo1 tenía una referencia a archivo no válida.
Línea 3347: la propiedad Bindings de dtc_desc4 tenía una referencia a archivo no válida.
Línea 3367: la propiedad Bindings de cboNomTipo tenía una referencia a archivo no válida.
Línea 3387: la propiedad Bindings de CboTipo tenía una referencia a archivo no válida.
Línea 3405: la propiedad Bindings de dtc_desc5 tenía una referencia a archivo no válida.
Línea 3425: la propiedad Bindings de dtc_desc7 tenía una referencia a archivo no válida.
Línea 3445: la propiedad Bindings de dtc_desc6 tenía una referencia a archivo no válida.
Línea 3465: la propiedad Bindings de dtc_codigo7 tenía una referencia a archivo no válida.
Línea 3483: la propiedad Bindings de dtc_codigo6 tenía una referencia a archivo no válida.
Línea 3501: la propiedad Bindings de dtc_codigo5 tenía una referencia a archivo no válida.
