Línea 70: la clase MSDataGridLib.DataGrid del control dg_datos no era una clase de control cargada.
Línea 254: la clase MSAdodcLib.Adodc del control Ado_datos no era una clase de control cargada.
Línea 628: la clase MSDataListLib.DataCombo del control dtc_partida no era una clase de control cargada.
Línea 646: la clase MSDataListLib.DataCombo del control dtc_desc10 no era una clase de control cargada.
Línea 717: la clase MSComCtl2.DTPicker del control DTPicker1 no era una clase de control cargada.
Línea 767: la clase MSDataListLib.DataCombo del control dtc_sub_cod no era una clase de control cargada.
Línea 833: la clase MSDataListLib.DataCombo del control TDBC_marcas no era una clase de control cargada.
Línea 850: la clase MSDataListLib.DataCombo del control marcas no era una clase de control cargada.
Línea 868: la clase MSDataListLib.DataCombo del control dtc_sub_des no era una clase de control cargada.
Línea 897: la clase MSDataListLib.DataCombo del control TDBC_Unidad no era una clase de control cargada.
Línea 914: la clase MSDataListLib.DataCombo del control Unidad no era una clase de control cargada.
Línea 932: la clase MSDataListLib.DataCombo del control DtcGrupoCod no era una clase de control cargada.
Línea 950: la clase MSDataListLib.DataCombo del control DtcGrupoDes no era una clase de control cargada.
Línea 979: la clase MSComCtl2.DTPicker del control DTPicker2 no era una clase de control cargada.
Línea 993: la clase MSDataListLib.DataCombo del control DtcPaisD no era una clase de control cargada.
Línea 1010: la clase MSDataListLib.DataCombo del control DtcPais no era una clase de control cargada.
Línea 1028: la clase MSDataListLib.DataCombo del control DtcGrupoUni no era una clase de control cargada.
Línea 1046: la clase MSDataListLib.DataCombo del control dtc_codigo10 no era una clase de control cargada.
Línea 1066: la clase MSDataListLib.DataCombo del control dtc_partida_des no era una clase de control cargada.
Línea 1095: la clase MSDataListLib.DataCombo del control dtc_desc6 no era una clase de control cargada.
Línea 1114: la clase MSDataListLib.DataCombo del control dtc_codigo6 no era una clase de control cargada.
Línea 1131: la clase MSDataListLib.DataCombo del control dtc_codigo8 no era una clase de control cargada.
Línea 1149: la clase MSDataListLib.DataCombo del control dtc_desc8 no era una clase de control cargada.
Línea 1962: la clase MSAdodcLib.Adodc del control AdoSubGrupo no era una clase de control cargada.
Línea 2009: la clase MSAdodcLib.Adodc del control AdoMedida no era una clase de control cargada.
Línea 2056: la clase MSAdodcLib.Adodc del control AdoMarca no era una clase de control cargada.
Línea 2142: la clase MSComctlLib.ImageList del control imlMaterial no era una clase de control cargada.
Línea 2168: la clase MSAdodcLib.Adodc del control AdoPais no era una clase de control cargada.
Línea 2215: la clase MSAdodcLib.Adodc del control AdoGrupo no era una clase de control cargada.
Línea 2262: la clase Crystal.CrystalReport del control CryLista no era una clase de control cargada.
Línea 2276: la clase Crystal.CrystalReport del control CryBBSS no era una clase de control cargada.
Línea 2290: la clase Crystal.CrystalReport del control CryFis no era una clase de control cargada.
Línea 2304: la clase MSAdodcLib.Adodc del control Ado_datos10 no era una clase de control cargada.
Línea 2351: la clase MSAdodcLib.Adodc del control Ado_datos6 no era una clase de control cargada.
Línea 2398: la clase MSAdodcLib.Adodc del control Ado_datos7 no era una clase de control cargada.
Línea 2445: la clase MSAdodcLib.Adodc del control Ado_datos8 no era una clase de control cargada.
