Línea 13: la propiedad Icon de gw_p_gc_edificaciones tenía una referencia a archivo no válida.
Línea 25: la propiedad Picture de Fra_aux1 tenía una referencia a archivo no válida.
Línea 33: la propiedad ItemData de dtc_codigo11 tenía una referencia a archivo no válida.
Línea 35: la propiedad List de dtc_codigo11 tenía una referencia a archivo no válida.
Línea 56: la propiedad Picture de CmdCancelaDet tenía una referencia a archivo no válida.
Línea 68: la propiedad Picture de CmdGrabaDet tenía una referencia a archivo no válida.
Línea 120: la propiedad Picture de fraOpciones tenía una referencia a archivo no válida.
Línea 129: la propiedad DisabledPicture de BtnVer tenía una referencia a archivo no válida.
Línea 130: la propiedad DownPicture de BtnVer tenía una referencia a archivo no válida.
Línea 133: la propiedad Picture de BtnVer tenía una referencia a archivo no válida.
Línea 145: la propiedad Picture de BtnAprobar tenía una referencia a archivo no válida.
Línea 157: la propiedad Picture de BtnDesAprobar tenía una referencia a archivo no válida.
Línea 169: la propiedad Picture de BtnBuscar tenía una referencia a archivo no válida.
Línea 181: la propiedad Picture de BtnImprimir tenía una referencia a archivo no válida.
Línea 193: la propiedad Picture de BtnSalir tenía una referencia a archivo no válida.
Línea 205: la propiedad Picture de BtnEliminar tenía una referencia a archivo no válida.
Línea 217: la propiedad Picture de BtnModificar tenía una referencia a archivo no válida.
Línea 229: la propiedad Picture de BtnAñadir tenía una referencia a archivo no válida.
Línea 268: la propiedad Bindings de dg_datos tenía una referencia a archivo no válida.
Línea 463: la propiedad Text de txt_campo6 tenía una referencia a archivo no válida.
Línea 482: la propiedad Picture de BtnAux1 tenía una referencia a archivo no válida.
Línea 507: la propiedad Bindings de dtc_desc7 tenía una referencia a archivo no válida.
Línea 523: la propiedad Bindings de dtc_campo2 tenía una referencia a archivo no válida.
Línea 541: la propiedad Bindings de dtc_aux2 tenía una referencia a archivo no válida.
Línea 559: la propiedad Bindings de dtc_codigo2 tenía una referencia a archivo no válida.
Línea 577: la propiedad Bindings de dtc_codigo7 tenía una referencia a archivo no válida.
Línea 595: la propiedad Bindings de dtc_codigo9 tenía una referencia a archivo no válida.
Línea 613: la propiedad Bindings de dtc_desc9 tenía una referencia a archivo no válida.
Línea 630: la propiedad Bindings de dtc_codigo8 tenía una referencia a archivo no válida.
Línea 648: la propiedad Bindings de dtc_desc8 tenía una referencia a archivo no válida.
Línea 665: la propiedad Bindings de dtc_desc2 tenía una referencia a archivo no válida.
Línea 763: la propiedad Bindings de dtc_codigo6 tenía una referencia a archivo no válida.
Línea 781: la propiedad Bindings de dtc_codigo5 tenía una referencia a archivo no válida.
Línea 799: la propiedad Bindings de dtc_codigo4 tenía una referencia a archivo no válida.
Línea 817: la propiedad Bindings de dtc_codigo3 tenía una referencia a archivo no válida.
Línea 835: la propiedad Bindings de dtc_codigo1 tenía una referencia a archivo no válida.
Línea 865: la propiedad Picture de Image2 tenía una referencia a archivo no válida.
Línea 912: la propiedad Text de txt_campo2 tenía una referencia a archivo no válida.
Línea 936: la propiedad Text de Txt_descripcion tenía una referencia a archivo no válida.
Línea 941: la propiedad Bindings de dtc_desc1 tenía una referencia a archivo no válida.
Línea 958: la propiedad Bindings de dtc_desc4 tenía una referencia a archivo no válida.
Línea 975: la propiedad Bindings de dtc_desc3 tenía una referencia a archivo no válida.
Línea 992: la propiedad Bindings de dtc_desc5 tenía una referencia a archivo no válida.
Línea 1009: la propiedad Bindings de dtc_desc6 tenía una referencia a archivo no válida.
Línea 1506: la propiedad Picture de FraGrabarCancelar tenía una referencia a archivo no válida.
Línea 1518: la propiedad Picture de BtnCancelar tenía una referencia a archivo no válida.
Línea 1530: la propiedad Picture de BtnGrabar tenía una referencia a archivo no válida.
