Línea 126: la clase MSDataGridLib.DataGrid del control dg_det2 no era una clase de control cargada.
Línea 320: la clase MSDataGridLib.DataGrid del control dg_det1 no era una clase de control cargada.
Línea 742: la clase MSDataGridLib.DataGrid del control dg_datos no era una clase de control cargada.
Línea 918: la clase MSAdodcLib.Adodc del control Ado_datos no era una clase de control cargada.
Línea 1025: la clase MSDataListLib.DataCombo del control dtc_aux11 no era una clase de control cargada.
Línea 1043: la clase MSDataListLib.DataCombo del control dtc_codigo11 no era una clase de control cargada.
Línea 1081: la clase MSDataListLib.DataCombo del control dtc_aux1 no era una clase de control cargada.
Línea 1109: la clase MSDataListLib.DataCombo del control dtc_codigo2 no era una clase de control cargada.
Línea 1126: la clase MSComCtl2.DTPicker del control DTPfecha1 no era una clase de control cargada.
Línea 1140: la clase MSDataListLib.DataCombo del control dtc_desc10 no era una clase de control cargada.
Línea 1157: la clase MSDataListLib.DataCombo del control dtc_aux3 no era una clase de control cargada.
Línea 1175: la clase MSDataListLib.DataCombo del control dtc_codigo8 no era una clase de control cargada.
Línea 1193: la clase MSDataListLib.DataCombo del control dtc_codigo4 no era una clase de control cargada.
Línea 1211: la clase MSDataListLib.DataCombo del control dtc_codigo7 no era una clase de control cargada.
Línea 1229: la clase MSDataListLib.DataCombo del control dtc_codigo6 no era una clase de control cargada.
Línea 1247: la clase MSDataListLib.DataCombo del control dtc_codigo5 no era una clase de control cargada.
Línea 1265: la clase MSDataListLib.DataCombo del control dtc_codigo3 no era una clase de control cargada.
Línea 1295: la clase MSDataListLib.DataCombo del control dtc_desc5 no era una clase de control cargada.
Línea 1316: la clase MSDataListLib.DataCombo del control dtc_desc3 no era una clase de control cargada.
Línea 1336: la clase MSDataListLib.DataCombo del control dtc_desc7 no era una clase de control cargada.
Línea 1357: la clase MSDataListLib.DataCombo del control dtc_desc6 no era una clase de control cargada.
Línea 1378: la clase MSDataListLib.DataCombo del control dtc_desc4 no era una clase de control cargada.
Línea 1399: la clase MSDataListLib.DataCombo del control dtc_desc8 no era una clase de control cargada.
Línea 1420: la clase MSDataListLib.DataCombo del control dtc_codigo1 no era una clase de control cargada.
Línea 1438: la clase MSDataListLib.DataCombo del control dtc_desc2 no era una clase de control cargada.
Línea 1467: la clase MSDataListLib.DataCombo del control dtc_codigo9 no era una clase de control cargada.
Línea 1489: la clase MSDataListLib.DataCombo del control dtc_desc9 no era una clase de control cargada.
Línea 1510: la clase MSDataListLib.DataCombo del control dtc_desc1 no era una clase de control cargada.
Línea 1530: la clase MSDataListLib.DataCombo del control dtc_codigo10 no era una clase de control cargada.
Línea 1551: la clase MSDataListLib.DataCombo del control dtc_desc11 no era una clase de control cargada.
Línea 2069: la clase MSAdodcLib.Adodc del control Ado_datos1 no era una clase de control cargada.
Línea 2116: la clase Crystal.CrystalReport del control CR01 no era una clase de control cargada.
Línea 2133: la clase MSAdodcLib.Adodc del control Ado_datos2 no era una clase de control cargada.
Línea 2180: la clase MSAdodcLib.Adodc del control Ado_datos3 no era una clase de control cargada.
Línea 2227: la clase MSAdodcLib.Adodc del control Ado_datos4 no era una clase de control cargada.
Línea 2274: la clase MSAdodcLib.Adodc del control Ado_datos5 no era una clase de control cargada.
Línea 2321: la clase MSAdodcLib.Adodc del control Ado_datos6 no era una clase de control cargada.
Línea 2368: la clase MSAdodcLib.Adodc del control Ado_datos7 no era una clase de control cargada.
Línea 2415: la clase MSAdodcLib.Adodc del control Ado_datos8 no era una clase de control cargada.
Línea 2462: la clase MSAdodcLib.Adodc del control Ado_datos9 no era una clase de control cargada.
Línea 2509: la clase MSAdodcLib.Adodc del control Ado_datos10 no era una clase de control cargada.
Línea 2556: la clase MSAdodcLib.Adodc del control Ado_detalle1 no era una clase de control cargada.
Línea 2603: la clase MSAdodcLib.Adodc del control Ado_detalle2 no era una clase de control cargada.
Línea 2650: la clase MSAdodcLib.Adodc del control Ado_datos11 no era una clase de control cargada.
