Línea 14: la propiedad Icon de frm_ao_requerimiento_compra tenía una referencia a archivo no válida.
Línea 45: la propiedad Picture de BtnCancelar3 tenía una referencia a archivo no válida.
Línea 59: la propiedad Picture de btn_imprimir_reporte tenía una referencia a archivo no válida.
Línea 68: la propiedad Bindings de dtc_desc_dpto tenía una referencia a archivo no válida.
Línea 82: la propiedad Bindings de dtc_desc_unidad tenía una referencia a archivo no válida.
Línea 96: la propiedad Bindings de dtc_desc_z_piloto tenía una referencia a archivo no válida.
Línea 110: la propiedad Bindings de dtc_cod_dpto tenía una referencia a archivo no válida.
Línea 126: la propiedad Bindings de dtc_cod_unidad tenía una referencia a archivo no válida.
Línea 142: la propiedad Bindings de dtc_cod_z_piloto tenía una referencia a archivo no válida.
Línea 236: la propiedad Picture de BtnVer tenía una referencia a archivo no válida.
Línea 251: la propiedad Picture de BtnAñadir tenía una referencia a archivo no válida.
Línea 265: la propiedad Picture de BtnModificar tenía una referencia a archivo no válida.
Línea 279: la propiedad Picture de BtnEliminar tenía una referencia a archivo no válida.
Línea 293: la propiedad Picture de BtnAprobar tenía una referencia a archivo no válida.
Línea 307: la propiedad Picture de BtnBuscar tenía una referencia a archivo no válida.
Línea 321: la propiedad Picture de BtnImprimir tenía una referencia a archivo no válida.
Línea 335: la propiedad Picture de BtnSalir tenía una referencia a archivo no válida.
Línea 347: la propiedad Picture de BtnDesAprobar tenía una referencia a archivo no válida.
Línea 398: la propiedad Picture de BtnCancelar tenía una referencia a archivo no válida.
Línea 412: la propiedad Picture de BtnGrabar tenía una referencia a archivo no válida.
Línea 446: la propiedad Picture de FrmABMDet3 tenía una referencia a archivo no válida.
Línea 458: la propiedad Picture de Command3 tenía una referencia a archivo no válida.
Línea 470: la propiedad Picture de Command2 tenía una referencia a archivo no válida.
Línea 482: la propiedad Picture de Command1 tenía una referencia a archivo no válida.
Línea 494: la propiedad Picture de Command5 tenía una referencia a archivo no válida.
Línea 507: la propiedad Picture de FrmABMDet2 tenía una referencia a archivo no válida.
Línea 518: la propiedad Picture de BtnAddDetalle2 tenía una referencia a archivo no válida.
Línea 530: la propiedad Picture de BtnModDetalle2 tenía una referencia a archivo no válida.
Línea 542: la propiedad Picture de BtnAnlDetalle2 tenía una referencia a archivo no válida.
Línea 554: la propiedad Picture de Command4 tenía una referencia a archivo no válida.
Línea 567: la propiedad Picture de FrmABMDet tenía una referencia a archivo no válida.
Línea 578: la propiedad Picture de BtnAnlDetalle tenía una referencia a archivo no válida.
Línea 590: la propiedad Picture de BtnModDetalle tenía una referencia a archivo no válida.
Línea 602: la propiedad Picture de BtnAddDetalle tenía una referencia a archivo no válida.
Línea 614: la propiedad Picture de BtnImprimir1 tenía una referencia a archivo no válida.
Línea 631: la propiedad Bindings de dg_det1 tenía una referencia a archivo no válida.
Línea 1048: la propiedad Bindings de dg_det2 tenía una referencia a archivo no válida.
Línea 1319: la propiedad Bindings de dg_datos tenía una referencia a archivo no válida.
Línea 1538: la propiedad Bindings de dtc_aux11 tenía una referencia a archivo no válida.
Línea 1556: la propiedad Bindings de dtc_codigo11 tenía una referencia a archivo no válida.
Línea 1574: la propiedad Bindings de dtc_aux1 tenía una referencia a archivo no válida.
Línea 1592: la propiedad Bindings de dtc_codigo2 tenía una referencia a archivo no válida.
Línea 1609: la propiedad Bindings de dtc_desc10 tenía una referencia a archivo no válida.
Línea 1626: la propiedad Bindings de dtc_aux3 tenía una referencia a archivo no válida.
Línea 1644: la propiedad Bindings de dtc_codigo4 tenía una referencia a archivo no válida.
Línea 1662: la propiedad Bindings de dtc_codigo3 tenía una referencia a archivo no válida.
Línea 1692: la propiedad Bindings de dtc_desc3 tenía una referencia a archivo no válida.
Línea 1713: la propiedad Bindings de dtc_desc4 tenía una referencia a archivo no válida.
Línea 1734: la propiedad Bindings de dtc_codigo1 tenía una referencia a archivo no válida.
Línea 1752: la propiedad Bindings de dtc_desc2 tenía una referencia a archivo no válida.
Línea 1781: la propiedad Bindings de dtc_desc1 tenía una referencia a archivo no válida.
Línea 1802: la propiedad Bindings de dtc_codigo10 tenía una referencia a archivo no válida.
Línea 1821: la propiedad Bindings de dtc_desc11 tenía una referencia a archivo no válida.
