Línea 7: no se pudo establecer la propiedad Icon de mw_solicitud.
Línea 111: no se pudo establecer la propiedad Picture de BtnDesAprobar.
Línea 122: no se pudo establecer la propiedad Picture de BtnVer.
Línea 135: no se pudo establecer la propiedad Picture de BtnAñadir.
Línea 150: no se pudo establecer la propiedad Picture de BtnModificar.
Línea 165: no se pudo establecer la propiedad Picture de BtnEliminar.
Línea 180: no se pudo establecer la propiedad Picture de BtnAprobar.
Línea 195: no se pudo establecer la propiedad Picture de BtnBuscar.
Línea 210: no se pudo establecer la propiedad Picture de BtnImprimir.
Línea 225: no se pudo establecer la propiedad Picture de BtnSalir.
Línea 277: no se pudo establecer la propiedad Picture de BtnCancelar.
Línea 291: no se pudo establecer la propiedad Picture de BtnGrabar.
Línea 327: no se pudo establecer la propiedad Picture de BtnImprimir1.
Línea 338: no se pudo establecer la propiedad Picture de BtnImprimir2.
Línea 359: no se pudo establecer la propiedad Picture de BtnEliminar2.
Línea 370: no se pudo establecer la propiedad Picture de BtnAñadir2.
Línea 381: no se pudo establecer la propiedad Picture de BtnModificar2.
Línea 403: no se pudo establecer la propiedad Picture de BtnEliminar1.
Línea 414: no se pudo establecer la propiedad Picture de BtnAñadir1.
Línea 425: no se pudo establecer la propiedad Picture de BtnModificar1.
Línea 1198: no se pudo establecer la propiedad Picture de BtnAux3.
Línea 1389: no se pudo establecer la propiedad Picture de BtnAux2.
