Línea 25: la clase MSAdodcLib.Adodc del control Ado_datos no era una clase de control cargada.
Línea 71: la clase TrueOleDBGrid60.TDBGrid del control grdPrincipal no era una clase de control cargada.
Línea 160: la clase Crystal.CrystalReport del control CRCrono no era una clase de control cargada.
Línea 187: la clase TrueOleDBGrid60.TDBGrid del control grdLiquida no era una clase de control cargada.
Línea 343: la clase MSDataListLib.DataCombo del control cboUnidadSol no era una clase de control cargada.
Línea 517: la clase TrueOleDBGrid60.TDBGrid del control grdBeneficiario no era una clase de control cargada.
Línea 30: el nombre de la propiedad _ExtentX de Ado_datos no es válido.
Línea 31: el nombre de la propiedad _ExtentY de Ado_datos no es válido.
Línea 32: el nombre de la propiedad ConnectMode de Ado_datos no es válido.
Línea 33: el nombre de la propiedad CursorLocation de Ado_datos no es válido.
Línea 34: el nombre de la propiedad IsolationLevel de Ado_datos no es válido.
Línea 35: el nombre de la propiedad ConnectionTimeout de Ado_datos no es válido.
Línea 36: el nombre de la propiedad CommandTimeout de Ado_datos no es válido.
Línea 37: el nombre de la propiedad CursorType de Ado_datos no es válido.
Línea 38: el nombre de la propiedad LockType de Ado_datos no es válido.
Línea 39: el nombre de la propiedad CommandType de Ado_datos no es válido.
Línea 40: el nombre de la propiedad CursorOptions de Ado_datos no es válido.
Línea 41: el nombre de la propiedad CacheSize de Ado_datos no es válido.
Línea 42: el nombre de la propiedad MaxRecords de Ado_datos no es válido.
Línea 43: el nombre de la propiedad BOFAction de Ado_datos no es válido.
Línea 44: el nombre de la propiedad EOFAction de Ado_datos no es válido.
Línea 45: el nombre de la propiedad ConnectStringType de Ado_datos no es válido.
Línea 49: el nombre de la propiedad Orientation de Ado_datos no es válido.
Línea 51: el nombre de la propiedad Connect de Ado_datos no es válido.
Línea 52: el nombre de la propiedad OLEDBString de Ado_datos no es válido.
Línea 53: el nombre de la propiedad OLEDBFile de Ado_datos no es válido.
Línea 54: el nombre de la propiedad DataSourceName de Ado_datos no es válido.
Línea 55: el nombre de la propiedad OtherAttributes de Ado_datos no es válido.
Línea 56: el nombre de la propiedad UserName de Ado_datos no es válido.
Línea 57: el nombre de la propiedad Password de Ado_datos no es válido.
Línea 58: el nombre de la propiedad RecordSource de Ado_datos no es válido.
Línea 59: el nombre de la propiedad Caption de Ado_datos no es válido.
Línea 69: el nombre de la propiedad _Version de Ado_datos no es válido.
Línea 74: el nombre de la propiedad OleObjectBlob de grdPrincipal no es válido.
Línea 163: el nombre de la propiedad _ExtentX de CRCrono no es válido.
Línea 164: el nombre de la propiedad _ExtentY de CRCrono no es válido.
Línea 165: el nombre de la propiedad _Version de CRCrono no es válido.
Línea 166: el nombre de la propiedad WindowBorderStyle de CRCrono no es válido.
Línea 167: el nombre de la propiedad WindowControlBox de CRCrono no es válido.
Línea 168: el nombre de la propiedad WindowMaxButton de CRCrono no es válido.
Línea 169: el nombre de la propiedad WindowMinButton de CRCrono no es válido.
Línea 170: el nombre de la propiedad WindowState de CRCrono no es válido.
Línea 171: el nombre de la propiedad PrintFileLinesPerPage de CRCrono no es válido.
Línea 172: el nombre de la propiedad WindowShowCancelBtn de CRCrono no es válido.
Línea 173: el nombre de la propiedad WindowShowCloseBtn de CRCrono no es válido.
Línea 174: el nombre de la propiedad WindowShowSearchBtn de CRCrono no es válido.
Línea 175: el nombre de la propiedad WindowShowPrintSetupBtn de CRCrono no es válido.
Línea 176: el nombre de la propiedad WindowShowRefreshBtn de CRCrono no es válido.
Línea 190: el nombre de la propiedad OleObjectBlob de grdLiquida no es válido.
Línea 349: el nombre de la propiedad _ExtentX de cboUnidadSol no es válido.
Línea 350: el nombre de la propiedad _ExtentY de cboUnidadSol no es válido.
Línea 351: el nombre de la propiedad _Version de cboUnidadSol no es válido.
Línea 352: el nombre de la propiedad Style de cboUnidadSol no es válido.
Línea 353: el nombre de la propiedad Text de cboUnidadSol no es válido.
Línea 520: el nombre de la propiedad OleObjectBlob de grdBeneficiario no es válido.
