Línea 16: la propiedad Icon de Frm_to_tecnico_venta tenía una referencia a archivo no válida.
Línea 48: la propiedad Picture de BtnVer2 tenía una referencia a archivo no válida.
Línea 70: la propiedad Picture de BtnVer3 tenía una referencia a archivo no válida.
Línea 93: la propiedad Picture de BtnAñadir tenía una referencia a archivo no válida.
Línea 108: la propiedad Picture de BtnSalir tenía una referencia a archivo no válida.
Línea 123: la propiedad Picture de BtnImprimir tenía una referencia a archivo no válida.
Línea 138: la propiedad Picture de BtnBuscar tenía una referencia a archivo no válida.
Línea 153: la propiedad Picture de BtnAprobar tenía una referencia a archivo no válida.
Línea 168: la propiedad Picture de BtnEliminar tenía una referencia a archivo no válida.
Línea 183: la propiedad Picture de BtnModificar tenía una referencia a archivo no válida.
Línea 193: la propiedad DownPicture de Command1 tenía una referencia a archivo no válida.
Línea 197: la propiedad Picture de Command1 tenía una referencia a archivo no válida.
Línea 209: la propiedad Picture de BtnDesAprobar tenía una referencia a archivo no válida.
Línea 221: la propiedad Picture de BtnVer tenía una referencia a archivo no válida.
Línea 255: la propiedad Picture de BtnImprimir2 tenía una referencia a archivo no válida.
Línea 267: la propiedad Picture de FrmABMDet2 tenía una referencia a archivo no válida.
Línea 277: la propiedad Picture de BtnAprobar2 tenía una referencia a archivo no válida.
Línea 289: la propiedad Picture de BtnAnlDetalle2 tenía una referencia a archivo no válida.
Línea 301: la propiedad Picture de BtnModDetalle2 tenía una referencia a archivo no válida.
Línea 313: la propiedad Picture de BtnAddDetalle2 tenía una referencia a archivo no válida.
Línea 328: la propiedad Picture de FrmABMDet tenía una referencia a archivo no válida.
Línea 339: la propiedad Picture de BtnImprimir1 tenía una referencia a archivo no válida.
Línea 351: la propiedad Picture de BtnAddDetalle tenía una referencia a archivo no válida.
Línea 364: la propiedad Picture de BtnModDetalle tenía una referencia a archivo no válida.
Línea 378: la propiedad Picture de BtnAnlDetalle tenía una referencia a archivo no válida.
Línea 409: la propiedad TabPicture(0) de SSTab1 tenía una referencia a archivo no válida.
Línea 415: la propiedad TabPicture(1) de SSTab1 tenía una referencia a archivo no válida.
Línea 420: la propiedad TabPicture(2) de SSTab1 tenía una referencia a archivo no válida.
Línea 525: la propiedad Picture de Frame7 tenía una referencia a archivo no válida.
Línea 535: la propiedad Picture de CmdGrabaCobro tenía una referencia a archivo no válida.
Línea 546: la propiedad Picture de CmdCancelaCobro tenía una referencia a archivo no válida.
Línea 559: la propiedad Picture de CmdCobrador tenía una referencia a archivo no válida.
Línea 628: la propiedad Bindings de dtc_codigo4A tenía una referencia a archivo no válida.
Línea 777: la propiedad Bindings de dtc_codigo2A tenía una referencia a archivo no válida.
Línea 796: la propiedad Bindings de dtc_desc2A tenía una referencia a archivo no válida.
Línea 815: la propiedad Bindings de dtc_desc4A tenía una referencia a archivo no válida.
Línea 1276: la propiedad Picture de FraGrabarDet tenía una referencia a archivo no válida.
Línea 1288: la propiedad Picture de cmdElige tenía una referencia a archivo no válida.
Línea 1300: la propiedad Picture de CmdGrabaDet tenía una referencia a archivo no válida.
Línea 1312: la propiedad Picture de CmdCancelaDet tenía una referencia a archivo no válida.
Línea 1501: la propiedad Bindings de dtc_subgrupo15 tenía una referencia a archivo no válida.
Línea 1531: la propiedad Bindings de dtc_grupo15 tenía una referencia a archivo no válida.
Línea 1688: la propiedad Bindings de dtc_codigo15 tenía una referencia a archivo no válida.
Línea 1707: la propiedad Bindings de dtc_desc15 tenía una referencia a archivo no válida.
Línea 1763: la propiedad Bindings de dtc_desc13 tenía una referencia a archivo no válida.
Línea 1780: la propiedad Bindings de dtc_unimed15 tenía una referencia a archivo no válida.
Línea 1809: la propiedad Bindings de dtc_stocktotal15 tenía una referencia a archivo no válida.
Línea 1858: la propiedad Bindings de dtc_codigo13 tenía una referencia a archivo no válida.
Línea 1879: la propiedad Bindings de Dtc_Stock13 tenía una referencia a archivo no válida.
Línea 1898: la propiedad Bindings de Dtc_partida15 tenía una referencia a archivo no válida.
Línea 2464: la propiedad Bindings de dtc_codigo3 tenía una referencia a archivo no válida.
Línea 2485: la propiedad Bindings de dtc_desc3 tenía una referencia a archivo no válida.
Línea 2526: la propiedad Bindings de dtc_codigo2 tenía una referencia a archivo no válida.
Línea 2567: la propiedad ItemData de cmd_unimed2 tenía una referencia a archivo no válida.
Línea 2569: la propiedad List de cmd_unimed2 tenía una referencia a archivo no válida.
Línea 2619: la propiedad ItemData de cmb_mes_ini tenía una referencia a archivo no válida.
Línea 2621: la propiedad List de cmb_mes_ini tenía una referencia a archivo no válida.
Línea 2639: la propiedad Bindings de dtc_desc4 tenía una referencia a archivo no válida.
Línea 2677: la propiedad Bindings de dtc_desc11 tenía una referencia a archivo no válida.
Línea 2693: la propiedad Bindings de dtc_codigo11 tenía una referencia a archivo no válida.
Línea 2710: la propiedad Bindings de dtc_codigo4 tenía una referencia a archivo no válida.
Línea 2727: la propiedad Bindings de dtc_aux4 tenía una referencia a archivo no válida.
Línea 2744: la propiedad Bindings de Dtc_deudor2 tenía una referencia a archivo no válida.
Línea 2780: la propiedad Bindings de dtc_desc5 tenía una referencia a archivo no válida.
Línea 2796: la propiedad Bindings de dtc_codigo5 tenía una referencia a archivo no válida.
Línea 3180: la propiedad Bindings de dtc_desc2 tenía una referencia a archivo no válida.
Línea 3200: la propiedad Bindings de dtc_codigo1 tenía una referencia a archivo no válida.
Línea 3218: la propiedad Bindings de dtc_desc1 tenía una referencia a archivo no válida.
Línea 3239: la propiedad Bindings de Dtc_aux2 tenía una referencia a archivo no válida.
Línea 3259: la propiedad Bindings de dtc_aux3 tenía una referencia a archivo no válida.
Línea 3872: la propiedad Bindings de DtGLista tenía una referencia a archivo no válida.
Línea 4104: la propiedad Bindings de DtgCobro tenía una referencia a archivo no válida.
Línea 5037: la propiedad Picture de BtnCancelar tenía una referencia a archivo no válida.
Línea 5051: la propiedad Picture de BtnGrabar tenía una referencia a archivo no válida.
