Línea 786: la clase MSDataListLib.DataCombo del control dtc_descripcion no era una clase de control cargada.
Línea 810: la clase MSDataListLib.DataCombo del control dtc_codigo no era una clase de control cargada.
Línea 835: la clase MSDataListLib.DataCombo del control dtc_sueldo no era una clase de control cargada.
Línea 859: la clase MSDataListLib.DataCombo del control dtc_refrigerio no era una clase de control cargada.
Línea 1246: la clase MSDataListLib.DataCombo del control dtc_rep_det no era una clase de control cargada.
Línea 1270: la clase MSDataListLib.DataCombo del control dtc_rep_cod no era una clase de control cargada.
Línea 1615: la clase MSComCtl2.DTPicker del control DTP_ufv_ant no era una clase de control cargada.
Línea 1630: la clase MSComCtl2.DTPicker del control DTC_ufv_actual no era una clase de control cargada.
Línea 1787: la clase MSDataListLib.DataCombo del control dtc_pla_det no era una clase de control cargada.
Línea 1811: la clase MSDataListLib.DataCombo del control dtc_pla_cod no era una clase de control cargada.
Línea 1961: la clase MSDataListLib.DataCombo del control dt_unidad_cod no era una clase de control cargada.
Línea 1986: la clase MSDataListLib.DataCombo del control dt_unidad_det no era una clase de control cargada.
Línea 2042: la clase MSComCtl2.DTPicker del control dtp_liq no era una clase de control cargada.
Línea 2379: la clase MSComctlLib.ProgressBar del control ProgressBar3 no era una clase de control cargada.
Línea 2430: la clase MSAdodcLib.Adodc del control Ado_datos no era una clase de control cargada.
Línea 2476: la clase MSDataGridLib.DataGrid del control dg_datos no era una clase de control cargada.
Línea 2635: la clase MSComctlLib.ProgressBar del control ProgressBar1 no era una clase de control cargada.
Línea 2869: la clase MSDataGridLib.DataGrid del control dg_det2 no era una clase de control cargada.
Línea 3412: la clase MSComctlLib.ProgressBar del control ProgressBar2 no era una clase de control cargada.
Línea 3523: la clase MSDataListLib.DataCombo del control dtc_buscar_desc no era una clase de control cargada.
Línea 3547: la clase MSDataListLib.DataCombo del control dtc_buscar_ci no era una clase de control cargada.
Línea 3697: la clase MSDataGridLib.DataGrid del control dg_det1 no era una clase de control cargada.
Línea 3872: la clase MSAdodcLib.Adodc del control Ado_datos1 no era una clase de control cargada.
Línea 3919: la clase MSAdodcLib.Adodc del control Ado_datos2 no era una clase de control cargada.
Línea 3966: la clase MSAdodcLib.Adodc del control Ado_datos4 no era una clase de control cargada.
Línea 4013: la clase MSAdodcLib.Adodc del control Ado_datos5 no era una clase de control cargada.
Línea 4060: la clase MSAdodcLib.Adodc del control Ado_datos61 no era una clase de control cargada.
Línea 4107: la clase MSAdodcLib.Adodc del control Ado_datos31 no era una clase de control cargada.
Línea 4154: la clase Crystal.CrystalReport del control CR01 no era una clase de control cargada.
Línea 4171: la clase MSAdodcLib.Adodc del control Adodc1 no era una clase de control cargada.
Línea 4218: la clase MSAdodcLib.Adodc del control Ado_detalle1 no era una clase de control cargada.
Línea 4265: la clase MSAdodcLib.Adodc del control Ado_datos21 no era una clase de control cargada.
Línea 4312: la clase MSAdodcLib.Adodc del control Ado_datos_rep no era una clase de control cargada.
Línea 4359: la clase Crystal.CrystalReport del control CR02 no era una clase de control cargada.
Línea 4376: la clase MSAdodcLib.Adodc del control Ado_datos6 no era una clase de control cargada.
Línea 4423: la clase MSAdodcLib.Adodc del control Adodc2 no era una clase de control cargada.
Línea 4470: la clase MSAdodcLib.Adodc del control Ado_datos11 no era una clase de control cargada.
Línea 4517: la clase MSAdodcLib.Adodc del control Ado_datos_busq no era una clase de control cargada.
Línea 787: el nombre de la propiedad Bindings de dtc_descripcion no es válido.
Línea 793: el nombre de la propiedad _ExtentX de dtc_descripcion no es válido.
Línea 794: el nombre de la propiedad _ExtentY de dtc_descripcion no es válido.
Línea 795: el nombre de la propiedad _Version de dtc_descripcion no es válido.
Línea 797: el nombre de la propiedad ListField de dtc_descripcion no es válido.
Línea 798: el nombre de la propiedad BoundColumn de dtc_descripcion no es válido.
Línea 799: el nombre de la propiedad Text de dtc_descripcion no es válido.
Línea 811: el nombre de la propiedad Bindings de dtc_codigo no es válido.
Línea 818: el nombre de la propiedad _ExtentX de dtc_codigo no es válido.
Línea 819: el nombre de la propiedad _ExtentY de dtc_codigo no es válido.
Línea 820: el nombre de la propiedad _Version de dtc_codigo no es válido.
Línea 822: el nombre de la propiedad ListField de dtc_codigo no es válido.
Línea 823: el nombre de la propiedad BoundColumn de dtc_codigo no es válido.
Línea 824: el nombre de la propiedad Text de dtc_codigo no es válido.
Línea 836: el nombre de la propiedad Bindings de dtc_sueldo no es válido.
Línea 842: el nombre de la propiedad _ExtentX de dtc_sueldo no es válido.
Línea 843: el nombre de la propiedad _ExtentY de dtc_sueldo no es válido.
Línea 844: el nombre de la propiedad _Version de dtc_sueldo no es válido.
Línea 846: el nombre de la propiedad ListField de dtc_sueldo no es válido.
Línea 847: el nombre de la propiedad BoundColumn de dtc_sueldo no es válido.
Línea 848: el nombre de la propiedad Text de dtc_sueldo no es válido.
Línea 860: el nombre de la propiedad Bindings de dtc_refrigerio no es válido.
Línea 866: el nombre de la propiedad _ExtentX de dtc_refrigerio no es válido.
Línea 867: el nombre de la propiedad _ExtentY de dtc_refrigerio no es válido.
Línea 868: el nombre de la propiedad _Version de dtc_refrigerio no es válido.
Línea 870: el nombre de la propiedad ListField de dtc_refrigerio no es válido.
Línea 871: el nombre de la propiedad BoundColumn de dtc_refrigerio no es válido.
Línea 872: el nombre de la propiedad Text de dtc_refrigerio no es válido.
Línea 1247: el nombre de la propiedad Bindings de dtc_rep_det no es válido.
Línea 1253: el nombre de la propiedad _ExtentX de dtc_rep_det no es válido.
Línea 1254: el nombre de la propiedad _ExtentY de dtc_rep_det no es válido.
Línea 1255: el nombre de la propiedad _Version de dtc_rep_det no es válido.
Línea 1257: el nombre de la propiedad ListField de dtc_rep_det no es válido.
Línea 1258: el nombre de la propiedad BoundColumn de dtc_rep_det no es válido.
Línea 1259: el nombre de la propiedad Text de dtc_rep_det no es válido.
Línea 1271: el nombre de la propiedad Bindings de dtc_rep_cod no es válido.
Línea 1278: el nombre de la propiedad _ExtentX de dtc_rep_cod no es válido.
Línea 1279: el nombre de la propiedad _ExtentY de dtc_rep_cod no es válido.
Línea 1280: el nombre de la propiedad _Version de dtc_rep_cod no es válido.
Línea 1282: el nombre de la propiedad ListField de dtc_rep_cod no es válido.
Línea 1283: el nombre de la propiedad BoundColumn de dtc_rep_cod no es válido.
Línea 1284: el nombre de la propiedad Text de dtc_rep_cod no es válido.
Línea 1621: el nombre de la propiedad _ExtentX de DTP_ufv_ant no es válido.
Línea 1622: el nombre de la propiedad _ExtentY de DTP_ufv_ant no es válido.
Línea 1623: el nombre de la propiedad _Version de DTP_ufv_ant no es válido.
Línea 1624: el nombre de la propiedad CalendarTitleBackColor de DTP_ufv_ant no es válido.
Línea 1625: el nombre de la propiedad CheckBox de DTP_ufv_ant no es válido.
Línea 1626: el nombre de la propiedad Format de DTP_ufv_ant no es válido.
Línea 1627: el nombre de la propiedad CurrentDate de DTP_ufv_ant no es válido.
Línea 1628: el nombre de la propiedad MinDate de DTP_ufv_ant no es válido.
Línea 1636: el nombre de la propiedad _ExtentX de DTC_ufv_actual no es válido.
Línea 1637: el nombre de la propiedad _ExtentY de DTC_ufv_actual no es válido.
Línea 1638: el nombre de la propiedad _Version de DTC_ufv_actual no es válido.
Línea 1639: el nombre de la propiedad CalendarTitleBackColor de DTC_ufv_actual no es válido.
Línea 1640: el nombre de la propiedad CheckBox de DTC_ufv_actual no es válido.
Línea 1641: el nombre de la propiedad Format de DTC_ufv_actual no es válido.
Línea 1642: el nombre de la propiedad CurrentDate de DTC_ufv_actual no es válido.
Línea 1643: el nombre de la propiedad MinDate de DTC_ufv_actual no es válido.
Línea 1788: el nombre de la propiedad Bindings de dtc_pla_det no es válido.
Línea 1794: el nombre de la propiedad _ExtentX de dtc_pla_det no es válido.
Línea 1795: el nombre de la propiedad _ExtentY de dtc_pla_det no es válido.
Línea 1796: el nombre de la propiedad _Version de dtc_pla_det no es válido.
Línea 1798: el nombre de la propiedad ListField de dtc_pla_det no es válido.
Línea 1799: el nombre de la propiedad BoundColumn de dtc_pla_det no es válido.
Línea 1800: el nombre de la propiedad Text de dtc_pla_det no es válido.
Línea 1812: el nombre de la propiedad Bindings de dtc_pla_cod no es válido.
Línea 1819: el nombre de la propiedad _ExtentX de dtc_pla_cod no es válido.
Línea 1820: el nombre de la propiedad _ExtentY de dtc_pla_cod no es válido.
Línea 1821: el nombre de la propiedad _Version de dtc_pla_cod no es válido.
Línea 1823: el nombre de la propiedad ListField de dtc_pla_cod no es válido.
Línea 1824: el nombre de la propiedad BoundColumn de dtc_pla_cod no es válido.
Línea 1825: el nombre de la propiedad Text de dtc_pla_cod no es válido.
Línea 1962: el nombre de la propiedad Bindings de dt_unidad_cod no es válido.
Línea 1969: el nombre de la propiedad _ExtentX de dt_unidad_cod no es válido.
Línea 1970: el nombre de la propiedad _ExtentY de dt_unidad_cod no es válido.
Línea 1971: el nombre de la propiedad _Version de dt_unidad_cod no es válido.
Línea 1973: el nombre de la propiedad ListField de dt_unidad_cod no es válido.
Línea 1974: el nombre de la propiedad BoundColumn de dt_unidad_cod no es válido.
Línea 1975: el nombre de la propiedad Text de dt_unidad_cod no es válido.
Línea 1987: el nombre de la propiedad Bindings de dt_unidad_det no es válido.
Línea 1993: el nombre de la propiedad _ExtentX de dt_unidad_det no es válido.
Línea 1994: el nombre de la propiedad _ExtentY de dt_unidad_det no es válido.
Línea 1995: el nombre de la propiedad _Version de dt_unidad_det no es válido.
Línea 1997: el nombre de la propiedad ListField de dt_unidad_det no es válido.
Línea 1998: el nombre de la propiedad BoundColumn de dt_unidad_det no es válido.
Línea 1999: el nombre de la propiedad Text de dt_unidad_det no es válido.
Línea 2050: el nombre de la propiedad _ExtentX de dtp_liq no es válido.
Línea 2051: el nombre de la propiedad _ExtentY de dtp_liq no es válido.
Línea 2052: el nombre de la propiedad _Version de dtp_liq no es válido.
Línea 2053: el nombre de la propiedad CalendarTitleBackColor de dtp_liq no es válido.
Línea 2054: el nombre de la propiedad CalendarTitleForeColor de dtp_liq no es válido.
Línea 2055: el nombre de la propiedad Format de dtp_liq no es válido.
Línea 2056: el nombre de la propiedad CurrentDate de dtp_liq no es válido.
Línea 2386: el nombre de la propiedad _ExtentX de ProgressBar3 no es válido.
Línea 2387: el nombre de la propiedad _ExtentY de ProgressBar3 no es válido.
Línea 2388: el nombre de la propiedad _Version de ProgressBar3 no es válido.
Línea 2435: el nombre de la propiedad _ExtentX de Ado_datos no es válido.
Línea 2436: el nombre de la propiedad _ExtentY de Ado_datos no es válido.
Línea 2437: el nombre de la propiedad ConnectMode de Ado_datos no es válido.
Línea 2438: el nombre de la propiedad CursorLocation de Ado_datos no es válido.
Línea 2439: el nombre de la propiedad IsolationLevel de Ado_datos no es válido.
Línea 2440: el nombre de la propiedad ConnectionTimeout de Ado_datos no es válido.
Línea 2441: el nombre de la propiedad CommandTimeout de Ado_datos no es válido.
Línea 2442: el nombre de la propiedad CursorType de Ado_datos no es válido.
Línea 2443: el nombre de la propiedad LockType de Ado_datos no es válido.
Línea 2444: el nombre de la propiedad CommandType de Ado_datos no es válido.
Línea 2445: el nombre de la propiedad CursorOptions de Ado_datos no es válido.
Línea 2446: el nombre de la propiedad CacheSize de Ado_datos no es válido.
Línea 2447: el nombre de la propiedad MaxRecords de Ado_datos no es válido.
Línea 2448: el nombre de la propiedad BOFAction de Ado_datos no es válido.
Línea 2449: el nombre de la propiedad EOFAction de Ado_datos no es válido.
Línea 2450: el nombre de la propiedad ConnectStringType de Ado_datos no es válido.
Línea 2454: el nombre de la propiedad Orientation de Ado_datos no es válido.
Línea 2456: el nombre de la propiedad Connect de Ado_datos no es válido.
Línea 2457: el nombre de la propiedad OLEDBString de Ado_datos no es válido.
Línea 2458: el nombre de la propiedad OLEDBFile de Ado_datos no es válido.
Línea 2459: el nombre de la propiedad DataSourceName de Ado_datos no es válido.
Línea 2460: el nombre de la propiedad OtherAttributes de Ado_datos no es válido.
Línea 2461: el nombre de la propiedad UserName de Ado_datos no es válido.
Línea 2462: el nombre de la propiedad Password de Ado_datos no es válido.
Línea 2463: el nombre de la propiedad RecordSource de Ado_datos no es válido.
Línea 2464: el nombre de la propiedad Caption de Ado_datos no es válido.
Línea 2474: el nombre de la propiedad _Version de Ado_datos no es válido.
Línea 2477: el nombre de la propiedad Bindings de dg_datos no es válido.
Línea 2483: el nombre de la propiedad _ExtentX de dg_datos no es válido.
Línea 2484: el nombre de la propiedad _ExtentY de dg_datos no es válido.
Línea 2485: el nombre de la propiedad _Version de dg_datos no es válido.
Línea 2486: el nombre de la propiedad AllowUpdate de dg_datos no es válido.
Línea 2488: el nombre de la propiedad HeadLines de dg_datos no es válido.
Línea 2489: el nombre de la propiedad RowHeight de dg_datos no es válido.
Línea 2490: el nombre de la propiedad FormatLocked de dg_datos no es válido.
Línea 2499: el nombre de la propiedad HeadFont de dg_datos no es válido.
Línea 2509: el nombre de la propiedad ColumnCount de dg_datos no es válido.
Línea 2522: el nombre de la propiedad Column00 de dg_datos no es válido.
Línea 2535: el nombre de la propiedad Column01 de dg_datos no es válido.
Línea 2548: el nombre de la propiedad Column02 de dg_datos no es válido.
Línea 2561: el nombre de la propiedad Column03 de dg_datos no es válido.
Línea 2574: el nombre de la propiedad Column04 de dg_datos no es válido.
Línea 2587: el nombre de la propiedad Column05 de dg_datos no es válido.
Línea 2588: el nombre de la propiedad SplitCount de dg_datos no es válido.
Línea 2614: el nombre de la propiedad Split0 de dg_datos no es válido.
Línea 2642: el nombre de la propiedad _ExtentX de ProgressBar1 no es válido.
Línea 2643: el nombre de la propiedad _ExtentY de ProgressBar1 no es válido.
Línea 2644: el nombre de la propiedad _Version de ProgressBar1 no es válido.
Línea 2870: el nombre de la propiedad Bindings de dg_det2 no es válido.
Línea 2876: el nombre de la propiedad _ExtentX de dg_det2 no es válido.
Línea 2877: el nombre de la propiedad _ExtentY de dg_det2 no es válido.
Línea 2878: el nombre de la propiedad _Version de dg_det2 no es válido.
Línea 2879: el nombre de la propiedad AllowUpdate de dg_det2 no es válido.
Línea 2881: el nombre de la propiedad HeadLines de dg_det2 no es válido.
Línea 2882: el nombre de la propiedad RowHeight de dg_det2 no es válido.
Línea 2883: el nombre de la propiedad FormatLocked de dg_det2 no es válido.
Línea 2892: el nombre de la propiedad HeadFont de dg_det2 no es válido.
Línea 2902: el nombre de la propiedad ColumnCount de dg_det2 no es válido.
Línea 2915: el nombre de la propiedad Column00 de dg_det2 no es válido.
Línea 2928: el nombre de la propiedad Column01 de dg_det2 no es válido.
Línea 2941: el nombre de la propiedad Column02 de dg_det2 no es válido.
Línea 2954: el nombre de la propiedad Column03 de dg_det2 no es válido.
Línea 2967: el nombre de la propiedad Column04 de dg_det2 no es válido.
Línea 2980: el nombre de la propiedad Column05 de dg_det2 no es válido.
Línea 2993: el nombre de la propiedad Column06 de dg_det2 no es válido.
Línea 3006: el nombre de la propiedad Column07 de dg_det2 no es válido.
Línea 3019: el nombre de la propiedad Column08 de dg_det2 no es válido.
Línea 3032: el nombre de la propiedad Column09 de dg_det2 no es válido.
Línea 3045: el nombre de la propiedad Column10 de dg_det2 no es válido.
Línea 3058: el nombre de la propiedad Column11 de dg_det2 no es válido.
Línea 3071: el nombre de la propiedad Column12 de dg_det2 no es válido.
Línea 3084: el nombre de la propiedad Column13 de dg_det2 no es válido.
Línea 3097: el nombre de la propiedad Column14 de dg_det2 no es válido.
Línea 3110: el nombre de la propiedad Column15 de dg_det2 no es válido.
Línea 3111: el nombre de la propiedad SplitCount de dg_det2 no es válido.
Línea 3167: el nombre de la propiedad Split0 de dg_det2 no es válido.
Línea 3419: el nombre de la propiedad _ExtentX de ProgressBar2 no es válido.
Línea 3420: el nombre de la propiedad _ExtentY de ProgressBar2 no es válido.
Línea 3421: el nombre de la propiedad _Version de ProgressBar2 no es válido.
Línea 3524: el nombre de la propiedad Bindings de dtc_buscar_desc no es válido.
Línea 3530: el nombre de la propiedad _ExtentX de dtc_buscar_desc no es válido.
Línea 3531: el nombre de la propiedad _ExtentY de dtc_buscar_desc no es válido.
Línea 3532: el nombre de la propiedad _Version de dtc_buscar_desc no es válido.
Línea 3534: el nombre de la propiedad ListField de dtc_buscar_desc no es válido.
Línea 3535: el nombre de la propiedad BoundColumn de dtc_buscar_desc no es válido.
Línea 3536: el nombre de la propiedad Text de dtc_buscar_desc no es válido.
Línea 3548: el nombre de la propiedad Bindings de dtc_buscar_ci no es válido.
Línea 3556: el nombre de la propiedad _ExtentX de dtc_buscar_ci no es válido.
Línea 3557: el nombre de la propiedad _ExtentY de dtc_buscar_ci no es válido.
Línea 3558: el nombre de la propiedad _Version de dtc_buscar_ci no es válido.
Línea 3560: el nombre de la propiedad ListField de dtc_buscar_ci no es válido.
Línea 3561: el nombre de la propiedad BoundColumn de dtc_buscar_ci no es válido.
Línea 3562: el nombre de la propiedad Text de dtc_buscar_ci no es válido.
Línea 3698: el nombre de la propiedad Bindings de dg_det1 no es válido.
Línea 3704: el nombre de la propiedad _ExtentX de dg_det1 no es válido.
Línea 3705: el nombre de la propiedad _ExtentY de dg_det1 no es válido.
Línea 3706: el nombre de la propiedad _Version de dg_det1 no es válido.
Línea 3707: el nombre de la propiedad AllowUpdate de dg_det1 no es válido.
Línea 3709: el nombre de la propiedad HeadLines de dg_det1 no es válido.
Línea 3710: el nombre de la propiedad RowHeight de dg_det1 no es válido.
Línea 3711: el nombre de la propiedad FormatLocked de dg_det1 no es válido.
Línea 3720: el nombre de la propiedad HeadFont de dg_det1 no es válido.
Línea 3730: el nombre de la propiedad ColumnCount de dg_det1 no es válido.
Línea 3743: el nombre de la propiedad Column00 de dg_det1 no es válido.
Línea 3756: el nombre de la propiedad Column01 de dg_det1 no es válido.
Línea 3769: el nombre de la propiedad Column02 de dg_det1 no es válido.
Línea 3782: el nombre de la propiedad Column03 de dg_det1 no es válido.
Línea 3795: el nombre de la propiedad Column04 de dg_det1 no es válido.
Línea 3808: el nombre de la propiedad Column05 de dg_det1 no es válido.
Línea 3821: el nombre de la propiedad Column06 de dg_det1 no es válido.
Línea 3834: el nombre de la propiedad Column07 de dg_det1 no es válido.
Línea 3835: el nombre de la propiedad SplitCount de dg_det1 no es válido.
Línea 3869: el nombre de la propiedad Split0 de dg_det1 no es válido.
Línea 3878: el nombre de la propiedad _ExtentX de Ado_datos1 no es válido.
Línea 3879: el nombre de la propiedad _ExtentY de Ado_datos1 no es válido.
Línea 3880: el nombre de la propiedad ConnectMode de Ado_datos1 no es válido.
Línea 3881: el nombre de la propiedad CursorLocation de Ado_datos1 no es válido.
Línea 3882: el nombre de la propiedad IsolationLevel de Ado_datos1 no es válido.
Línea 3883: el nombre de la propiedad ConnectionTimeout de Ado_datos1 no es válido.
Línea 3884: el nombre de la propiedad CommandTimeout de Ado_datos1 no es válido.
Línea 3885: el nombre de la propiedad CursorType de Ado_datos1 no es válido.
Línea 3886: el nombre de la propiedad LockType de Ado_datos1 no es válido.
Línea 3887: el nombre de la propiedad CommandType de Ado_datos1 no es válido.
Línea 3888: el nombre de la propiedad CursorOptions de Ado_datos1 no es válido.
Línea 3889: el nombre de la propiedad CacheSize de Ado_datos1 no es válido.
Línea 3890: el nombre de la propiedad MaxRecords de Ado_datos1 no es válido.
Línea 3891: el nombre de la propiedad BOFAction de Ado_datos1 no es válido.
Línea 3892: el nombre de la propiedad EOFAction de Ado_datos1 no es válido.
Línea 3893: el nombre de la propiedad ConnectStringType de Ado_datos1 no es válido.
Línea 3897: el nombre de la propiedad Orientation de Ado_datos1 no es válido.
Línea 3899: el nombre de la propiedad Connect de Ado_datos1 no es válido.
Línea 3900: el nombre de la propiedad OLEDBString de Ado_datos1 no es válido.
Línea 3901: el nombre de la propiedad OLEDBFile de Ado_datos1 no es válido.
Línea 3902: el nombre de la propiedad DataSourceName de Ado_datos1 no es válido.
Línea 3903: el nombre de la propiedad OtherAttributes de Ado_datos1 no es válido.
Línea 3904: el nombre de la propiedad UserName de Ado_datos1 no es válido.
Línea 3905: el nombre de la propiedad Password de Ado_datos1 no es válido.
Línea 3906: el nombre de la propiedad RecordSource de Ado_datos1 no es válido.
Línea 3907: el nombre de la propiedad Caption de Ado_datos1 no es válido.
Línea 3917: el nombre de la propiedad _Version de Ado_datos1 no es válido.
Línea 3925: el nombre de la propiedad _ExtentX de Ado_datos2 no es válido.
Línea 3926: el nombre de la propiedad _ExtentY de Ado_datos2 no es válido.
Línea 3927: el nombre de la propiedad ConnectMode de Ado_datos2 no es válido.
Línea 3928: el nombre de la propiedad CursorLocation de Ado_datos2 no es válido.
Línea 3929: el nombre de la propiedad IsolationLevel de Ado_datos2 no es válido.
Línea 3930: el nombre de la propiedad ConnectionTimeout de Ado_datos2 no es válido.
Línea 3931: el nombre de la propiedad CommandTimeout de Ado_datos2 no es válido.
Línea 3932: el nombre de la propiedad CursorType de Ado_datos2 no es válido.
Línea 3933: el nombre de la propiedad LockType de Ado_datos2 no es válido.
Línea 3934: el nombre de la propiedad CommandType de Ado_datos2 no es válido.
Línea 3935: el nombre de la propiedad CursorOptions de Ado_datos2 no es válido.
Línea 3936: el nombre de la propiedad CacheSize de Ado_datos2 no es válido.
Línea 3937: el nombre de la propiedad MaxRecords de Ado_datos2 no es válido.
Línea 3938: el nombre de la propiedad BOFAction de Ado_datos2 no es válido.
Línea 3939: el nombre de la propiedad EOFAction de Ado_datos2 no es válido.
Línea 3940: el nombre de la propiedad ConnectStringType de Ado_datos2 no es válido.
Línea 3944: el nombre de la propiedad Orientation de Ado_datos2 no es válido.
Línea 3946: el nombre de la propiedad Connect de Ado_datos2 no es válido.
Línea 3947: el nombre de la propiedad OLEDBString de Ado_datos2 no es válido.
Línea 3948: el nombre de la propiedad OLEDBFile de Ado_datos2 no es válido.
Línea 3949: el nombre de la propiedad DataSourceName de Ado_datos2 no es válido.
Línea 3950: el nombre de la propiedad OtherAttributes de Ado_datos2 no es válido.
Línea 3951: el nombre de la propiedad UserName de Ado_datos2 no es válido.
Línea 3952: el nombre de la propiedad Password de Ado_datos2 no es válido.
Línea 3953: el nombre de la propiedad RecordSource de Ado_datos2 no es válido.
Línea 3954: el nombre de la propiedad Caption de Ado_datos2 no es válido.
Línea 3964: el nombre de la propiedad _Version de Ado_datos2 no es válido.
Línea 3972: el nombre de la propiedad _ExtentX de Ado_datos4 no es válido.
Línea 3973: el nombre de la propiedad _ExtentY de Ado_datos4 no es válido.
Línea 3974: el nombre de la propiedad ConnectMode de Ado_datos4 no es válido.
Línea 3975: el nombre de la propiedad CursorLocation de Ado_datos4 no es válido.
Línea 3976: el nombre de la propiedad IsolationLevel de Ado_datos4 no es válido.
Línea 3977: el nombre de la propiedad ConnectionTimeout de Ado_datos4 no es válido.
Línea 3978: el nombre de la propiedad CommandTimeout de Ado_datos4 no es válido.
Línea 3979: el nombre de la propiedad CursorType de Ado_datos4 no es válido.
Línea 3980: el nombre de la propiedad LockType de Ado_datos4 no es válido.
Línea 3981: el nombre de la propiedad CommandType de Ado_datos4 no es válido.
Línea 3982: el nombre de la propiedad CursorOptions de Ado_datos4 no es válido.
Línea 3983: el nombre de la propiedad CacheSize de Ado_datos4 no es válido.
Línea 3984: el nombre de la propiedad MaxRecords de Ado_datos4 no es válido.
Línea 3985: el nombre de la propiedad BOFAction de Ado_datos4 no es válido.
Línea 3986: el nombre de la propiedad EOFAction de Ado_datos4 no es válido.
Línea 3987: el nombre de la propiedad ConnectStringType de Ado_datos4 no es válido.
Línea 3991: el nombre de la propiedad Orientation de Ado_datos4 no es válido.
Línea 3993: el nombre de la propiedad Connect de Ado_datos4 no es válido.
Línea 3994: el nombre de la propiedad OLEDBString de Ado_datos4 no es válido.
Línea 3995: el nombre de la propiedad OLEDBFile de Ado_datos4 no es válido.
Línea 3996: el nombre de la propiedad DataSourceName de Ado_datos4 no es válido.
Línea 3997: el nombre de la propiedad OtherAttributes de Ado_datos4 no es válido.
Línea 3998: el nombre de la propiedad UserName de Ado_datos4 no es válido.
Línea 3999: el nombre de la propiedad Password de Ado_datos4 no es válido.
Línea 4000: el nombre de la propiedad RecordSource de Ado_datos4 no es válido.
Línea 4001: el nombre de la propiedad Caption de Ado_datos4 no es válido.
Línea 4011: el nombre de la propiedad _Version de Ado_datos4 no es válido.
Línea 4019: el nombre de la propiedad _ExtentX de Ado_datos5 no es válido.
Línea 4020: el nombre de la propiedad _ExtentY de Ado_datos5 no es válido.
Línea 4021: el nombre de la propiedad ConnectMode de Ado_datos5 no es válido.
Línea 4022: el nombre de la propiedad CursorLocation de Ado_datos5 no es válido.
Línea 4023: el nombre de la propiedad IsolationLevel de Ado_datos5 no es válido.
Línea 4024: el nombre de la propiedad ConnectionTimeout de Ado_datos5 no es válido.
Línea 4025: el nombre de la propiedad CommandTimeout de Ado_datos5 no es válido.
Línea 4026: el nombre de la propiedad CursorType de Ado_datos5 no es válido.
Línea 4027: el nombre de la propiedad LockType de Ado_datos5 no es válido.
Línea 4028: el nombre de la propiedad CommandType de Ado_datos5 no es válido.
Línea 4029: el nombre de la propiedad CursorOptions de Ado_datos5 no es válido.
Línea 4030: el nombre de la propiedad CacheSize de Ado_datos5 no es válido.
Línea 4031: el nombre de la propiedad MaxRecords de Ado_datos5 no es válido.
Línea 4032: el nombre de la propiedad BOFAction de Ado_datos5 no es válido.
Línea 4033: el nombre de la propiedad EOFAction de Ado_datos5 no es válido.
Línea 4034: el nombre de la propiedad ConnectStringType de Ado_datos5 no es válido.
Línea 4038: el nombre de la propiedad Orientation de Ado_datos5 no es válido.
Línea 4040: el nombre de la propiedad Connect de Ado_datos5 no es válido.
Línea 4041: el nombre de la propiedad OLEDBString de Ado_datos5 no es válido.
Línea 4042: el nombre de la propiedad OLEDBFile de Ado_datos5 no es válido.
Línea 4043: el nombre de la propiedad DataSourceName de Ado_datos5 no es válido.
Línea 4044: el nombre de la propiedad OtherAttributes de Ado_datos5 no es válido.
Línea 4045: el nombre de la propiedad UserName de Ado_datos5 no es válido.
Línea 4046: el nombre de la propiedad Password de Ado_datos5 no es válido.
Línea 4047: el nombre de la propiedad RecordSource de Ado_datos5 no es válido.
Línea 4048: el nombre de la propiedad Caption de Ado_datos5 no es válido.
Línea 4058: el nombre de la propiedad _Version de Ado_datos5 no es válido.
Línea 4066: el nombre de la propiedad _ExtentX de Ado_datos61 no es válido.
Línea 4067: el nombre de la propiedad _ExtentY de Ado_datos61 no es válido.
Línea 4068: el nombre de la propiedad ConnectMode de Ado_datos61 no es válido.
Línea 4069: el nombre de la propiedad CursorLocation de Ado_datos61 no es válido.
Línea 4070: el nombre de la propiedad IsolationLevel de Ado_datos61 no es válido.
Línea 4071: el nombre de la propiedad ConnectionTimeout de Ado_datos61 no es válido.
Línea 4072: el nombre de la propiedad CommandTimeout de Ado_datos61 no es válido.
Línea 4073: el nombre de la propiedad CursorType de Ado_datos61 no es válido.
Línea 4074: el nombre de la propiedad LockType de Ado_datos61 no es válido.
Línea 4075: el nombre de la propiedad CommandType de Ado_datos61 no es válido.
Línea 4076: el nombre de la propiedad CursorOptions de Ado_datos61 no es válido.
Línea 4077: el nombre de la propiedad CacheSize de Ado_datos61 no es válido.
Línea 4078: el nombre de la propiedad MaxRecords de Ado_datos61 no es válido.
Línea 4079: el nombre de la propiedad BOFAction de Ado_datos61 no es válido.
Línea 4080: el nombre de la propiedad EOFAction de Ado_datos61 no es válido.
Línea 4081: el nombre de la propiedad ConnectStringType de Ado_datos61 no es válido.
Línea 4085: el nombre de la propiedad Orientation de Ado_datos61 no es válido.
Línea 4087: el nombre de la propiedad Connect de Ado_datos61 no es válido.
Línea 4088: el nombre de la propiedad OLEDBString de Ado_datos61 no es válido.
Línea 4089: el nombre de la propiedad OLEDBFile de Ado_datos61 no es válido.
Línea 4090: el nombre de la propiedad DataSourceName de Ado_datos61 no es válido.
Línea 4091: el nombre de la propiedad OtherAttributes de Ado_datos61 no es válido.
Línea 4092: el nombre de la propiedad UserName de Ado_datos61 no es válido.
Línea 4093: el nombre de la propiedad Password de Ado_datos61 no es válido.
Línea 4094: el nombre de la propiedad RecordSource de Ado_datos61 no es válido.
Línea 4095: el nombre de la propiedad Caption de Ado_datos61 no es válido.
Línea 4105: el nombre de la propiedad _Version de Ado_datos61 no es válido.
Línea 4113: el nombre de la propiedad _ExtentX de Ado_datos31 no es válido.
Línea 4114: el nombre de la propiedad _ExtentY de Ado_datos31 no es válido.
Línea 4115: el nombre de la propiedad ConnectMode de Ado_datos31 no es válido.
Línea 4116: el nombre de la propiedad CursorLocation de Ado_datos31 no es válido.
Línea 4117: el nombre de la propiedad IsolationLevel de Ado_datos31 no es válido.
Línea 4118: el nombre de la propiedad ConnectionTimeout de Ado_datos31 no es válido.
Línea 4119: el nombre de la propiedad CommandTimeout de Ado_datos31 no es válido.
Línea 4120: el nombre de la propiedad CursorType de Ado_datos31 no es válido.
Línea 4121: el nombre de la propiedad LockType de Ado_datos31 no es válido.
Línea 4122: el nombre de la propiedad CommandType de Ado_datos31 no es válido.
Línea 4123: el nombre de la propiedad CursorOptions de Ado_datos31 no es válido.
Línea 4124: el nombre de la propiedad CacheSize de Ado_datos31 no es válido.
Línea 4125: el nombre de la propiedad MaxRecords de Ado_datos31 no es válido.
Línea 4126: el nombre de la propiedad BOFAction de Ado_datos31 no es válido.
Línea 4127: el nombre de la propiedad EOFAction de Ado_datos31 no es válido.
Línea 4128: el nombre de la propiedad ConnectStringType de Ado_datos31 no es válido.
Línea 4132: el nombre de la propiedad Orientation de Ado_datos31 no es válido.
Línea 4134: el nombre de la propiedad Connect de Ado_datos31 no es válido.
Línea 4135: el nombre de la propiedad OLEDBString de Ado_datos31 no es válido.
Línea 4136: el nombre de la propiedad OLEDBFile de Ado_datos31 no es válido.
Línea 4137: el nombre de la propiedad DataSourceName de Ado_datos31 no es válido.
Línea 4138: el nombre de la propiedad OtherAttributes de Ado_datos31 no es válido.
Línea 4139: el nombre de la propiedad UserName de Ado_datos31 no es válido.
Línea 4140: el nombre de la propiedad Password de Ado_datos31 no es válido.
Línea 4141: el nombre de la propiedad RecordSource de Ado_datos31 no es válido.
Línea 4142: el nombre de la propiedad Caption de Ado_datos31 no es válido.
Línea 4152: el nombre de la propiedad _Version de Ado_datos31 no es válido.
Línea 4157: el nombre de la propiedad _ExtentX de CR01 no es válido.
Línea 4158: el nombre de la propiedad _ExtentY de CR01 no es válido.
Línea 4159: el nombre de la propiedad _Version de CR01 no es válido.
Línea 4160: el nombre de la propiedad WindowControlBox de CR01 no es válido.
Línea 4161: el nombre de la propiedad WindowMaxButton de CR01 no es válido.
Línea 4162: el nombre de la propiedad WindowMinButton de CR01 no es válido.
Línea 4163: el nombre de la propiedad WindowState de CR01 no es válido.
Línea 4164: el nombre de la propiedad PrintFileLinesPerPage de CR01 no es válido.
Línea 4165: el nombre de la propiedad WindowShowGroupTree de CR01 no es válido.
Línea 4166: el nombre de la propiedad WindowShowCloseBtn de CR01 no es válido.
Línea 4167: el nombre de la propiedad WindowShowSearchBtn de CR01 no es válido.
Línea 4168: el nombre de la propiedad WindowShowPrintSetupBtn de CR01 no es válido.
Línea 4169: el nombre de la propiedad WindowShowRefreshBtn de CR01 no es válido.
Línea 4177: el nombre de la propiedad _ExtentX de Adodc1 no es válido.
Línea 4178: el nombre de la propiedad _ExtentY de Adodc1 no es válido.
Línea 4179: el nombre de la propiedad ConnectMode de Adodc1 no es válido.
Línea 4180: el nombre de la propiedad CursorLocation de Adodc1 no es válido.
Línea 4181: el nombre de la propiedad IsolationLevel de Adodc1 no es válido.
Línea 4182: el nombre de la propiedad ConnectionTimeout de Adodc1 no es válido.
Línea 4183: el nombre de la propiedad CommandTimeout de Adodc1 no es válido.
Línea 4184: el nombre de la propiedad CursorType de Adodc1 no es válido.
Línea 4185: el nombre de la propiedad LockType de Adodc1 no es válido.
Línea 4186: el nombre de la propiedad CommandType de Adodc1 no es válido.
Línea 4187: el nombre de la propiedad CursorOptions de Adodc1 no es válido.
Línea 4188: el nombre de la propiedad CacheSize de Adodc1 no es válido.
Línea 4189: el nombre de la propiedad MaxRecords de Adodc1 no es válido.
Línea 4190: el nombre de la propiedad BOFAction de Adodc1 no es válido.
Línea 4191: el nombre de la propiedad EOFAction de Adodc1 no es válido.
Línea 4192: el nombre de la propiedad ConnectStringType de Adodc1 no es válido.
Línea 4196: el nombre de la propiedad Orientation de Adodc1 no es válido.
Línea 4198: el nombre de la propiedad Connect de Adodc1 no es válido.
Línea 4199: el nombre de la propiedad OLEDBString de Adodc1 no es válido.
Línea 4200: el nombre de la propiedad OLEDBFile de Adodc1 no es válido.
Línea 4201: el nombre de la propiedad DataSourceName de Adodc1 no es válido.
Línea 4202: el nombre de la propiedad OtherAttributes de Adodc1 no es válido.
Línea 4203: el nombre de la propiedad UserName de Adodc1 no es válido.
Línea 4204: el nombre de la propiedad Password de Adodc1 no es válido.
Línea 4205: el nombre de la propiedad RecordSource de Adodc1 no es válido.
Línea 4206: el nombre de la propiedad Caption de Adodc1 no es válido.
Línea 4216: el nombre de la propiedad _Version de Adodc1 no es válido.
Línea 4224: el nombre de la propiedad _ExtentX de Ado_detalle1 no es válido.
Línea 4225: el nombre de la propiedad _ExtentY de Ado_detalle1 no es válido.
Línea 4226: el nombre de la propiedad ConnectMode de Ado_detalle1 no es válido.
Línea 4227: el nombre de la propiedad CursorLocation de Ado_detalle1 no es válido.
Línea 4228: el nombre de la propiedad IsolationLevel de Ado_detalle1 no es válido.
Línea 4229: el nombre de la propiedad ConnectionTimeout de Ado_detalle1 no es válido.
Línea 4230: el nombre de la propiedad CommandTimeout de Ado_detalle1 no es válido.
Línea 4231: el nombre de la propiedad CursorType de Ado_detalle1 no es válido.
Línea 4232: el nombre de la propiedad LockType de Ado_detalle1 no es válido.
Línea 4233: el nombre de la propiedad CommandType de Ado_detalle1 no es válido.
Línea 4234: el nombre de la propiedad CursorOptions de Ado_detalle1 no es válido.
Línea 4235: el nombre de la propiedad CacheSize de Ado_detalle1 no es válido.
Línea 4236: el nombre de la propiedad MaxRecords de Ado_detalle1 no es válido.
Línea 4237: el nombre de la propiedad BOFAction de Ado_detalle1 no es válido.
Línea 4238: el nombre de la propiedad EOFAction de Ado_detalle1 no es válido.
Línea 4239: el nombre de la propiedad ConnectStringType de Ado_detalle1 no es válido.
Línea 4243: el nombre de la propiedad Orientation de Ado_detalle1 no es válido.
Línea 4245: el nombre de la propiedad Connect de Ado_detalle1 no es válido.
Línea 4246: el nombre de la propiedad OLEDBString de Ado_detalle1 no es válido.
Línea 4247: el nombre de la propiedad OLEDBFile de Ado_detalle1 no es válido.
Línea 4248: el nombre de la propiedad DataSourceName de Ado_detalle1 no es válido.
Línea 4249: el nombre de la propiedad OtherAttributes de Ado_detalle1 no es válido.
Línea 4250: el nombre de la propiedad UserName de Ado_detalle1 no es válido.
Línea 4251: el nombre de la propiedad Password de Ado_detalle1 no es válido.
Línea 4252: el nombre de la propiedad RecordSource de Ado_detalle1 no es válido.
Línea 4253: el nombre de la propiedad Caption de Ado_detalle1 no es válido.
Línea 4263: el nombre de la propiedad _Version de Ado_detalle1 no es válido.
Línea 4271: el nombre de la propiedad _ExtentX de Ado_datos21 no es válido.
Línea 4272: el nombre de la propiedad _ExtentY de Ado_datos21 no es válido.
Línea 4273: el nombre de la propiedad ConnectMode de Ado_datos21 no es válido.
Línea 4274: el nombre de la propiedad CursorLocation de Ado_datos21 no es válido.
Línea 4275: el nombre de la propiedad IsolationLevel de Ado_datos21 no es válido.
Línea 4276: el nombre de la propiedad ConnectionTimeout de Ado_datos21 no es válido.
Línea 4277: el nombre de la propiedad CommandTimeout de Ado_datos21 no es válido.
Línea 4278: el nombre de la propiedad CursorType de Ado_datos21 no es válido.
Línea 4279: el nombre de la propiedad LockType de Ado_datos21 no es válido.
Línea 4280: el nombre de la propiedad CommandType de Ado_datos21 no es válido.
Línea 4281: el nombre de la propiedad CursorOptions de Ado_datos21 no es válido.
Línea 4282: el nombre de la propiedad CacheSize de Ado_datos21 no es válido.
Línea 4283: el nombre de la propiedad MaxRecords de Ado_datos21 no es válido.
Línea 4284: el nombre de la propiedad BOFAction de Ado_datos21 no es válido.
Línea 4285: el nombre de la propiedad EOFAction de Ado_datos21 no es válido.
Línea 4286: el nombre de la propiedad ConnectStringType de Ado_datos21 no es válido.
Línea 4290: el nombre de la propiedad Orientation de Ado_datos21 no es válido.
Línea 4292: el nombre de la propiedad Connect de Ado_datos21 no es válido.
Línea 4293: el nombre de la propiedad OLEDBString de Ado_datos21 no es válido.
Línea 4294: el nombre de la propiedad OLEDBFile de Ado_datos21 no es válido.
Línea 4295: el nombre de la propiedad DataSourceName de Ado_datos21 no es válido.
Línea 4296: el nombre de la propiedad OtherAttributes de Ado_datos21 no es válido.
Línea 4297: el nombre de la propiedad UserName de Ado_datos21 no es válido.
Línea 4298: el nombre de la propiedad Password de Ado_datos21 no es válido.
Línea 4299: el nombre de la propiedad RecordSource de Ado_datos21 no es válido.
Línea 4300: el nombre de la propiedad Caption de Ado_datos21 no es válido.
Línea 4310: el nombre de la propiedad _Version de Ado_datos21 no es válido.
Línea 4318: el nombre de la propiedad _ExtentX de Ado_datos_rep no es válido.
Línea 4319: el nombre de la propiedad _ExtentY de Ado_datos_rep no es válido.
Línea 4320: el nombre de la propiedad ConnectMode de Ado_datos_rep no es válido.
Línea 4321: el nombre de la propiedad CursorLocation de Ado_datos_rep no es válido.
Línea 4322: el nombre de la propiedad IsolationLevel de Ado_datos_rep no es válido.
Línea 4323: el nombre de la propiedad ConnectionTimeout de Ado_datos_rep no es válido.
Línea 4324: el nombre de la propiedad CommandTimeout de Ado_datos_rep no es válido.
Línea 4325: el nombre de la propiedad CursorType de Ado_datos_rep no es válido.
Línea 4326: el nombre de la propiedad LockType de Ado_datos_rep no es válido.
Línea 4327: el nombre de la propiedad CommandType de Ado_datos_rep no es válido.
Línea 4328: el nombre de la propiedad CursorOptions de Ado_datos_rep no es válido.
Línea 4329: el nombre de la propiedad CacheSize de Ado_datos_rep no es válido.
Línea 4330: el nombre de la propiedad MaxRecords de Ado_datos_rep no es válido.
Línea 4331: el nombre de la propiedad BOFAction de Ado_datos_rep no es válido.
Línea 4332: el nombre de la propiedad EOFAction de Ado_datos_rep no es válido.
Línea 4333: el nombre de la propiedad ConnectStringType de Ado_datos_rep no es válido.
Línea 4337: el nombre de la propiedad Orientation de Ado_datos_rep no es válido.
Línea 4339: el nombre de la propiedad Connect de Ado_datos_rep no es válido.
Línea 4340: el nombre de la propiedad OLEDBString de Ado_datos_rep no es válido.
Línea 4341: el nombre de la propiedad OLEDBFile de Ado_datos_rep no es válido.
Línea 4342: el nombre de la propiedad DataSourceName de Ado_datos_rep no es válido.
Línea 4343: el nombre de la propiedad OtherAttributes de Ado_datos_rep no es válido.
Línea 4344: el nombre de la propiedad UserName de Ado_datos_rep no es válido.
Línea 4345: el nombre de la propiedad Password de Ado_datos_rep no es válido.
Línea 4346: el nombre de la propiedad RecordSource de Ado_datos_rep no es válido.
Línea 4347: el nombre de la propiedad Caption de Ado_datos_rep no es válido.
Línea 4357: el nombre de la propiedad _Version de Ado_datos_rep no es válido.
Línea 4362: el nombre de la propiedad _ExtentX de CR02 no es válido.
Línea 4363: el nombre de la propiedad _ExtentY de CR02 no es válido.
Línea 4364: el nombre de la propiedad _Version de CR02 no es válido.
Línea 4365: el nombre de la propiedad WindowControlBox de CR02 no es válido.
Línea 4366: el nombre de la propiedad WindowMaxButton de CR02 no es válido.
Línea 4367: el nombre de la propiedad WindowMinButton de CR02 no es válido.
Línea 4368: el nombre de la propiedad WindowState de CR02 no es válido.
Línea 4369: el nombre de la propiedad PrintFileLinesPerPage de CR02 no es válido.
Línea 4370: el nombre de la propiedad WindowShowNavigationCtls de CR02 no es válido.
Línea 4371: el nombre de la propiedad WindowShowCloseBtn de CR02 no es válido.
Línea 4372: el nombre de la propiedad WindowShowSearchBtn de CR02 no es válido.
Línea 4373: el nombre de la propiedad WindowShowPrintSetupBtn de CR02 no es válido.
Línea 4374: el nombre de la propiedad WindowShowRefreshBtn de CR02 no es válido.
Línea 4382: el nombre de la propiedad _ExtentX de Ado_datos6 no es válido.
Línea 4383: el nombre de la propiedad _ExtentY de Ado_datos6 no es válido.
Línea 4384: el nombre de la propiedad ConnectMode de Ado_datos6 no es válido.
Línea 4385: el nombre de la propiedad CursorLocation de Ado_datos6 no es válido.
Línea 4386: el nombre de la propiedad IsolationLevel de Ado_datos6 no es válido.
Línea 4387: el nombre de la propiedad ConnectionTimeout de Ado_datos6 no es válido.
Línea 4388: el nombre de la propiedad CommandTimeout de Ado_datos6 no es válido.
Línea 4389: el nombre de la propiedad CursorType de Ado_datos6 no es válido.
Línea 4390: el nombre de la propiedad LockType de Ado_datos6 no es válido.
Línea 4391: el nombre de la propiedad CommandType de Ado_datos6 no es válido.
Línea 4392: el nombre de la propiedad CursorOptions de Ado_datos6 no es válido.
Línea 4393: el nombre de la propiedad CacheSize de Ado_datos6 no es válido.
Línea 4394: el nombre de la propiedad MaxRecords de Ado_datos6 no es válido.
Línea 4395: el nombre de la propiedad BOFAction de Ado_datos6 no es válido.
Línea 4396: el nombre de la propiedad EOFAction de Ado_datos6 no es válido.
Línea 4397: el nombre de la propiedad ConnectStringType de Ado_datos6 no es válido.
Línea 4401: el nombre de la propiedad Orientation de Ado_datos6 no es válido.
Línea 4403: el nombre de la propiedad Connect de Ado_datos6 no es válido.
Línea 4404: el nombre de la propiedad OLEDBString de Ado_datos6 no es válido.
Línea 4405: el nombre de la propiedad OLEDBFile de Ado_datos6 no es válido.
Línea 4406: el nombre de la propiedad DataSourceName de Ado_datos6 no es válido.
Línea 4407: el nombre de la propiedad OtherAttributes de Ado_datos6 no es válido.
Línea 4408: el nombre de la propiedad UserName de Ado_datos6 no es válido.
Línea 4409: el nombre de la propiedad Password de Ado_datos6 no es válido.
Línea 4410: el nombre de la propiedad RecordSource de Ado_datos6 no es válido.
Línea 4411: el nombre de la propiedad Caption de Ado_datos6 no es válido.
Línea 4421: el nombre de la propiedad _Version de Ado_datos6 no es válido.
Línea 4429: el nombre de la propiedad _ExtentX de Adodc2 no es válido.
Línea 4430: el nombre de la propiedad _ExtentY de Adodc2 no es válido.
Línea 4431: el nombre de la propiedad ConnectMode de Adodc2 no es válido.
Línea 4432: el nombre de la propiedad CursorLocation de Adodc2 no es válido.
Línea 4433: el nombre de la propiedad IsolationLevel de Adodc2 no es válido.
Línea 4434: el nombre de la propiedad ConnectionTimeout de Adodc2 no es válido.
Línea 4435: el nombre de la propiedad CommandTimeout de Adodc2 no es válido.
Línea 4436: el nombre de la propiedad CursorType de Adodc2 no es válido.
Línea 4437: el nombre de la propiedad LockType de Adodc2 no es válido.
Línea 4438: el nombre de la propiedad CommandType de Adodc2 no es válido.
Línea 4439: el nombre de la propiedad CursorOptions de Adodc2 no es válido.
Línea 4440: el nombre de la propiedad CacheSize de Adodc2 no es válido.
Línea 4441: el nombre de la propiedad MaxRecords de Adodc2 no es válido.
Línea 4442: el nombre de la propiedad BOFAction de Adodc2 no es válido.
Línea 4443: el nombre de la propiedad EOFAction de Adodc2 no es válido.
Línea 4444: el nombre de la propiedad ConnectStringType de Adodc2 no es válido.
Línea 4448: el nombre de la propiedad Orientation de Adodc2 no es válido.
Línea 4450: el nombre de la propiedad Connect de Adodc2 no es válido.
Línea 4451: el nombre de la propiedad OLEDBString de Adodc2 no es válido.
Línea 4452: el nombre de la propiedad OLEDBFile de Adodc2 no es válido.
Línea 4453: el nombre de la propiedad DataSourceName de Adodc2 no es válido.
Línea 4454: el nombre de la propiedad OtherAttributes de Adodc2 no es válido.
Línea 4455: el nombre de la propiedad UserName de Adodc2 no es válido.
Línea 4456: el nombre de la propiedad Password de Adodc2 no es válido.
Línea 4457: el nombre de la propiedad RecordSource de Adodc2 no es válido.
Línea 4458: el nombre de la propiedad Caption de Adodc2 no es válido.
Línea 4468: el nombre de la propiedad _Version de Adodc2 no es válido.
Línea 4476: el nombre de la propiedad _ExtentX de Ado_datos11 no es válido.
Línea 4477: el nombre de la propiedad _ExtentY de Ado_datos11 no es válido.
Línea 4478: el nombre de la propiedad ConnectMode de Ado_datos11 no es válido.
Línea 4479: el nombre de la propiedad CursorLocation de Ado_datos11 no es válido.
Línea 4480: el nombre de la propiedad IsolationLevel de Ado_datos11 no es válido.
Línea 4481: el nombre de la propiedad ConnectionTimeout de Ado_datos11 no es válido.
Línea 4482: el nombre de la propiedad CommandTimeout de Ado_datos11 no es válido.
Línea 4483: el nombre de la propiedad CursorType de Ado_datos11 no es válido.
Línea 4484: el nombre de la propiedad LockType de Ado_datos11 no es válido.
Línea 4485: el nombre de la propiedad CommandType de Ado_datos11 no es válido.
Línea 4486: el nombre de la propiedad CursorOptions de Ado_datos11 no es válido.
Línea 4487: el nombre de la propiedad CacheSize de Ado_datos11 no es válido.
Línea 4488: el nombre de la propiedad MaxRecords de Ado_datos11 no es válido.
Línea 4489: el nombre de la propiedad BOFAction de Ado_datos11 no es válido.
Línea 4490: el nombre de la propiedad EOFAction de Ado_datos11 no es válido.
Línea 4491: el nombre de la propiedad ConnectStringType de Ado_datos11 no es válido.
Línea 4495: el nombre de la propiedad Orientation de Ado_datos11 no es válido.
Línea 4497: el nombre de la propiedad Connect de Ado_datos11 no es válido.
Línea 4498: el nombre de la propiedad OLEDBString de Ado_datos11 no es válido.
Línea 4499: el nombre de la propiedad OLEDBFile de Ado_datos11 no es válido.
Línea 4500: el nombre de la propiedad DataSourceName de Ado_datos11 no es válido.
Línea 4501: el nombre de la propiedad OtherAttributes de Ado_datos11 no es válido.
Línea 4502: el nombre de la propiedad UserName de Ado_datos11 no es válido.
Línea 4503: el nombre de la propiedad Password de Ado_datos11 no es válido.
Línea 4504: el nombre de la propiedad RecordSource de Ado_datos11 no es válido.
Línea 4505: el nombre de la propiedad Caption de Ado_datos11 no es válido.
Línea 4515: el nombre de la propiedad _Version de Ado_datos11 no es válido.
Línea 4523: el nombre de la propiedad _ExtentX de Ado_datos_busq no es válido.
Línea 4524: el nombre de la propiedad _ExtentY de Ado_datos_busq no es válido.
Línea 4525: el nombre de la propiedad ConnectMode de Ado_datos_busq no es válido.
Línea 4526: el nombre de la propiedad CursorLocation de Ado_datos_busq no es válido.
Línea 4527: el nombre de la propiedad IsolationLevel de Ado_datos_busq no es válido.
Línea 4528: el nombre de la propiedad ConnectionTimeout de Ado_datos_busq no es válido.
Línea 4529: el nombre de la propiedad CommandTimeout de Ado_datos_busq no es válido.
Línea 4530: el nombre de la propiedad CursorType de Ado_datos_busq no es válido.
Línea 4531: el nombre de la propiedad LockType de Ado_datos_busq no es válido.
Línea 4532: el nombre de la propiedad CommandType de Ado_datos_busq no es válido.
Línea 4533: el nombre de la propiedad CursorOptions de Ado_datos_busq no es válido.
Línea 4534: el nombre de la propiedad CacheSize de Ado_datos_busq no es válido.
Línea 4535: el nombre de la propiedad MaxRecords de Ado_datos_busq no es válido.
Línea 4536: el nombre de la propiedad BOFAction de Ado_datos_busq no es válido.
Línea 4537: el nombre de la propiedad EOFAction de Ado_datos_busq no es válido.
Línea 4538: el nombre de la propiedad ConnectStringType de Ado_datos_busq no es válido.
Línea 4542: el nombre de la propiedad Orientation de Ado_datos_busq no es válido.
Línea 4544: el nombre de la propiedad Connect de Ado_datos_busq no es válido.
Línea 4545: el nombre de la propiedad OLEDBString de Ado_datos_busq no es válido.
Línea 4546: el nombre de la propiedad OLEDBFile de Ado_datos_busq no es válido.
Línea 4547: el nombre de la propiedad DataSourceName de Ado_datos_busq no es válido.
Línea 4548: el nombre de la propiedad OtherAttributes de Ado_datos_busq no es válido.
Línea 4549: el nombre de la propiedad UserName de Ado_datos_busq no es válido.
Línea 4550: el nombre de la propiedad Password de Ado_datos_busq no es válido.
Línea 4551: el nombre de la propiedad RecordSource de Ado_datos_busq no es válido.
Línea 4552: el nombre de la propiedad Caption de Ado_datos_busq no es válido.
Línea 4562: el nombre de la propiedad _Version de Ado_datos_busq no es válido.
