Línea 13: la propiedad Icon de frmBeneficiario tenía una referencia a archivo no válida.
Línea 31: la propiedad Bindings de TxtProfesion tenía una referencia a archivo no válida.
Línea 154: la propiedad Bindings de Dtc_pais_cod2 tenía una referencia a archivo no válida.
Línea 181: la propiedad Bindings de Dtc_munic_cod2 tenía una referencia a archivo no válida.
Línea 208: la propiedad Bindings de Dtc_munic2 tenía una referencia a archivo no válida.
Línea 234: la propiedad Bindings de Dtc_pais_cod tenía una referencia a archivo no válida.
Línea 261: la propiedad Bindings de Dtc_munic_cod tenía una referencia a archivo no válida.
Línea 279: la propiedad Bindings de Dtc_munic tenía una referencia a archivo no válida.
Línea 305: la propiedad Bindings de Dtc_prov_cod2 tenía una referencia a archivo no válida.
Línea 332: la propiedad Bindings de Dtc_local_cod2 tenía una referencia a archivo no válida.
Línea 350: la propiedad Bindings de Dtc_depto_cod2 tenía una referencia a archivo no válida.
Línea 377: la propiedad Bindings de Dtc_prov_cod tenía una referencia a archivo no válida.
Línea 404: la propiedad Bindings de Dtc_local_cod tenía una referencia a archivo no válida.
Línea 422: la propiedad Bindings de Dtc_prov tenía una referencia a archivo no válida.
Línea 448: la propiedad Bindings de Dtc_local tenía una referencia a archivo no válida.
Línea 466: la propiedad Bindings de Dtc_depto_cod tenía una referencia a archivo no válida.
Línea 493: la propiedad Bindings de Dtc_depto tenía una referencia a archivo no válida.
Línea 519: la propiedad Bindings de Dtc_depto2 tenía una referencia a archivo no válida.
Línea 545: la propiedad Bindings de Dtc_prov2 tenía una referencia a archivo no válida.
Línea 571: la propiedad Bindings de Dtc_local2 tenía una referencia a archivo no válida.
Línea 589: la propiedad Bindings de Dtc_pais tenía una referencia a archivo no válida.
Línea 615: la propiedad Bindings de Dtc_pais2 tenía una referencia a archivo no válida.
Línea 770: la propiedad Bindings de TDBtipoben tenía una referencia a archivo no válida.
Línea 786: la propiedad Bindings de TxtTipo tenía una referencia a archivo no válida.
Línea 893: la propiedad Bindings de Dtc_doc_id tenía una referencia a archivo no válida.
Línea 910: la propiedad Bindings de DtcDepto3 tenía una referencia a archivo no válida.
Línea 1050: la propiedad Bindings de DtcProf tenía una referencia a archivo no válida.
Línea 1217: la propiedad Picture de BtnSalir tenía una referencia a archivo no válida.
Línea 1228: la propiedad Picture de BtnAprobar tenía una referencia a archivo no válida.
Línea 1240: la propiedad Picture de CmdElim tenía una referencia a archivo no válida.
Línea 1251: la propiedad Picture de BtnVer tenía una referencia a archivo no válida.
Línea 1264: la propiedad Picture de BtnImprimir tenía una referencia a archivo no válida.
Línea 1276: la propiedad Picture de BtnBuscar tenía una referencia a archivo no válida.
Línea 1288: la propiedad Picture de BtnEliminar tenía una referencia a archivo no válida.
Línea 1300: la propiedad Picture de BtnModificar tenía una referencia a archivo no válida.
Línea 1312: la propiedad Picture de BtnAñadir tenía una referencia a archivo no válida.
Línea 1333: la propiedad Picture de BtnCancelar tenía una referencia a archivo no válida.
Línea 1344: la propiedad Picture de BtnGrabar tenía una referencia a archivo no válida.
Línea 1361: la propiedad Bindings de Grdlista tenía una referencia a archivo no válida.
Línea 1596: la propiedad Picture de Image1 tenía una referencia a archivo no válida.
