Línea 13: la propiedad Icon de frm_gc_unidad_ejecutora tenía una referencia a archivo no válida.
Línea 35: la propiedad Picture de BtnVer tenía una referencia a archivo no válida.
Línea 47: la propiedad Picture de BtnDesAprobar tenía una referencia a archivo no válida.
Línea 61: la propiedad Picture de BtnAñadir tenía una referencia a archivo no válida.
Línea 75: la propiedad Picture de BtnModificar tenía una referencia a archivo no válida.
Línea 89: la propiedad Picture de BtnEliminar tenía una referencia a archivo no válida.
Línea 103: la propiedad Picture de BtnAprobar tenía una referencia a archivo no válida.
Línea 117: la propiedad Picture de BtnBuscar tenía una referencia a archivo no válida.
Línea 131: la propiedad Picture de BtnImprimir tenía una referencia a archivo no válida.
Línea 145: la propiedad Picture de BtnSalir tenía una referencia a archivo no válida.
Línea 197: la propiedad Picture de BtnGrabar tenía una referencia a archivo no válida.
Línea 211: la propiedad Picture de BtnCancelar tenía una referencia a archivo no válida.
Línea 259: la propiedad Bindings de dg_datos tenía una referencia a archivo no válida.
Línea 490: la propiedad Bindings de dtc_codigo1 tenía una referencia a archivo no válida.
Línea 508: la propiedad Bindings de dtc_desc1 tenía una referencia a archivo no válida.
Línea 525: la propiedad Bindings de dtc_codigo2 tenía una referencia a archivo no válida.
Línea 543: la propiedad Bindings de dtc_desc2 tenía una referencia a archivo no válida.
Línea 560: la propiedad Bindings de dtc_codigo3 tenía una referencia a archivo no válida.
Línea 578: la propiedad Bindings de dtc_desc3 tenía una referencia a archivo no válida.
Línea 595: la propiedad Bindings de dtc_aux3 tenía una referencia a archivo no válida.
