Línea 13: la propiedad Icon de gw_p_gc_edificaciones tenía una referencia a archivo no válida.
Línea 24: la propiedad Picture de fraOpciones tenía una referencia a archivo no válida.
Línea 33: la propiedad DisabledPicture de BtnVer tenía una referencia a archivo no válida.
Línea 34: la propiedad DownPicture de BtnVer tenía una referencia a archivo no válida.
Línea 37: la propiedad Picture de BtnVer tenía una referencia a archivo no válida.
Línea 49: la propiedad Picture de BtnAprobar tenía una referencia a archivo no válida.
Línea 61: la propiedad Picture de BtnDesAprobar tenía una referencia a archivo no válida.
Línea 73: la propiedad Picture de BtnBuscar tenía una referencia a archivo no válida.
Línea 85: la propiedad Picture de BtnImprimir tenía una referencia a archivo no válida.
Línea 97: la propiedad Picture de BtnSalir tenía una referencia a archivo no válida.
Línea 109: la propiedad Picture de BtnEliminar tenía una referencia a archivo no válida.
Línea 121: la propiedad Picture de BtnModificar tenía una referencia a archivo no válida.
Línea 133: la propiedad Picture de BtnAñadir tenía una referencia a archivo no válida.
Línea 172: la propiedad Bindings de dg_datos tenía una referencia a archivo no válida.
Línea 380: la propiedad Bindings de dtc_desc7 tenía una referencia a archivo no válida.
Línea 396: la propiedad Bindings de dtc_campo2 tenía una referencia a archivo no válida.
Línea 414: la propiedad Bindings de dtc_aux2 tenía una referencia a archivo no válida.
Línea 432: la propiedad Bindings de dtc_codigo2 tenía una referencia a archivo no válida.
Línea 450: la propiedad Bindings de dtc_codigo7 tenía una referencia a archivo no válida.
Línea 468: la propiedad Bindings de dtc_codigo9 tenía una referencia a archivo no válida.
Línea 486: la propiedad Bindings de dtc_desc9 tenía una referencia a archivo no válida.
Línea 503: la propiedad Bindings de dtc_codigo8 tenía una referencia a archivo no válida.
Línea 521: la propiedad Bindings de dtc_desc8 tenía una referencia a archivo no válida.
Línea 538: la propiedad Bindings de dtc_desc2 tenía una referencia a archivo no válida.
Línea 636: la propiedad Bindings de dtc_codigo6 tenía una referencia a archivo no válida.
Línea 654: la propiedad Bindings de dtc_codigo5 tenía una referencia a archivo no válida.
Línea 672: la propiedad Bindings de dtc_codigo4 tenía una referencia a archivo no válida.
Línea 690: la propiedad Bindings de dtc_codigo3 tenía una referencia a archivo no válida.
Línea 708: la propiedad Bindings de dtc_codigo1 tenía una referencia a archivo no válida.
Línea 738: la propiedad Picture de Image2 tenía una referencia a archivo no válida.
Línea 785: la propiedad Text de txt_campo2 tenía una referencia a archivo no válida.
Línea 809: la propiedad Text de Txt_descripcion tenía una referencia a archivo no válida.
Línea 814: la propiedad Bindings de dtc_desc1 tenía una referencia a archivo no válida.
Línea 831: la propiedad Bindings de dtc_desc4 tenía una referencia a archivo no válida.
Línea 848: la propiedad Bindings de dtc_desc3 tenía una referencia a archivo no válida.
Línea 865: la propiedad Bindings de dtc_desc5 tenía una referencia a archivo no válida.
Línea 882: la propiedad Bindings de dtc_desc6 tenía una referencia a archivo no válida.
Línea 1361: la propiedad Picture de FraGrabarCancelar tenía una referencia a archivo no válida.
Línea 1373: la propiedad Picture de BtnCancelar tenía una referencia a archivo no válida.
Línea 1385: la propiedad Picture de BtnGrabar tenía una referencia a archivo no válida.
