Línea 80: la clase MSComctlLib.Toolbar del control TbrAvanzadas no era una clase de control cargada.
Línea 313: la clase MSComctlLib.Toolbar del control Toolbar1 no era una clase de control cargada.
Línea 574: la clase MSComctlLib.Toolbar del control ToolbarAux no era una clase de control cargada.
Línea 2951: la clase MSComctlLib.ImageList del control ImlImagenesAv no era una clase de control cargada.
Línea 2997: la clase MSComctlLib.ImageList del control ImlImagenesA no era una clase de control cargada.
Línea 87: el nombre de la propiedad _ExtentX de TbrAvanzadas no es válido.
Línea 88: el nombre de la propiedad _ExtentY de TbrAvanzadas no es válido.
Línea 89: el nombre de la propiedad ButtonWidth de TbrAvanzadas no es válido.
Línea 90: el nombre de la propiedad ButtonHeight de TbrAvanzadas no es válido.
Línea 92: el nombre de la propiedad TextAlignment de TbrAvanzadas no es válido.
Línea 93: el nombre de la propiedad ImageList de TbrAvanzadas no es válido.
Línea 94: el nombre de la propiedad _Version de TbrAvanzadas no es válido.
Línea 169: el nombre de la propiedad Buttons de TbrAvanzadas no es válido.
Línea 320: el nombre de la propiedad _ExtentX de Toolbar1 no es válido.
Línea 321: el nombre de la propiedad _ExtentY de Toolbar1 no es válido.
Línea 322: el nombre de la propiedad ButtonWidth de Toolbar1 no es válido.
Línea 323: el nombre de la propiedad ButtonHeight de Toolbar1 no es válido.
Línea 325: el nombre de la propiedad TextAlignment de Toolbar1 no es válido.
Línea 326: el nombre de la propiedad ImageList de Toolbar1 no es válido.
Línea 327: el nombre de la propiedad _Version de Toolbar1 no es válido.
Línea 402: el nombre de la propiedad Buttons de Toolbar1 no es válido.
Línea 581: el nombre de la propiedad _ExtentX de ToolbarAux no es válido.
Línea 582: el nombre de la propiedad _ExtentY de ToolbarAux no es válido.
Línea 583: el nombre de la propiedad ButtonWidth de ToolbarAux no es válido.
Línea 584: el nombre de la propiedad ButtonHeight de ToolbarAux no es válido.
Línea 586: el nombre de la propiedad TextAlignment de ToolbarAux no es válido.
Línea 587: el nombre de la propiedad ImageList de ToolbarAux no es válido.
Línea 588: el nombre de la propiedad _Version de ToolbarAux no es válido.
Línea 658: el nombre de la propiedad Buttons de ToolbarAux no es válido.
Línea 2954: el nombre de la propiedad _ExtentX de ImlImagenesAv no es válido.
Línea 2955: el nombre de la propiedad _ExtentY de ImlImagenesAv no es válido.
Línea 2957: el nombre de la propiedad ImageWidth de ImlImagenesAv no es válido.
Línea 2958: el nombre de la propiedad ImageHeight de ImlImagenesAv no es válido.
Línea 2959: el nombre de la propiedad MaskColor de ImlImagenesAv no es válido.
Línea 2960: el nombre de la propiedad _Version de ImlImagenesAv no es válido.
Línea 2995: el nombre de la propiedad Images de ImlImagenesAv no es válido.
Línea 3000: el nombre de la propiedad _ExtentX de ImlImagenesA no es válido.
Línea 3001: el nombre de la propiedad _ExtentY de ImlImagenesA no es válido.
Línea 3003: el nombre de la propiedad ImageWidth de ImlImagenesA no es válido.
Línea 3004: el nombre de la propiedad ImageHeight de ImlImagenesA no es válido.
Línea 3005: el nombre de la propiedad MaskColor de ImlImagenesA no es válido.
Línea 3006: el nombre de la propiedad _Version de ImlImagenesA no es válido.
Línea 3041: el nombre de la propiedad Images de ImlImagenesA no es válido.
