Línea 25: la propiedad Picture de FrmABMDet tenía una referencia a archivo no válida.
Línea 37: la propiedad Picture de BtnImprimir1 tenía una referencia a archivo no válida.
Línea 49: la propiedad Picture de BtnAddDetalle tenía una referencia a archivo no válida.
Línea 61: la propiedad Picture de BtnModDetalle tenía una referencia a archivo no válida.
Línea 73: la propiedad Picture de BtnAnlDetalle tenía una referencia a archivo no válida.
Línea 86: la propiedad Picture de FrmABMDet2 tenía una referencia a archivo no válida.
Línea 97: la propiedad Picture de Command4 tenía una referencia a archivo no válida.
Línea 109: la propiedad Picture de BtnAnlDetalle2 tenía una referencia a archivo no válida.
Línea 121: la propiedad Picture de BtnModDetalle2 tenía una referencia a archivo no válida.
Línea 133: la propiedad Picture de BtnAddDetalle2 tenía una referencia a archivo no válida.
Línea 155: la propiedad Picture de BtnDesAprobar tenía una referencia a archivo no válida.
Línea 169: la propiedad Picture de BtnSalir tenía una referencia a archivo no válida.
Línea 184: la propiedad Picture de BtnImprimir tenía una referencia a archivo no válida.
Línea 198: la propiedad Picture de BtnBuscar tenía una referencia a archivo no válida.
Línea 212: la propiedad Picture de BtnAprobar tenía una referencia a archivo no válida.
Línea 226: la propiedad Picture de BtnEliminar tenía una referencia a archivo no válida.
Línea 240: la propiedad Picture de BtnModificar tenía una referencia a archivo no válida.
Línea 254: la propiedad Picture de BtnAñadir tenía una referencia a archivo no válida.
Línea 267: la propiedad Picture de BtnVer tenía una referencia a archivo no válida.
Línea 319: la propiedad Picture de BtnGrabar tenía una referencia a archivo no válida.
Línea 333: la propiedad Picture de BtnCancelar tenía una referencia a archivo no válida.
Línea 1002: la propiedad Bindings de dtc_codigo11 tenía una referencia a archivo no válida.
Línea 1020: la propiedad Bindings de dtc_aux1 tenía una referencia a archivo no válida.
Línea 1038: la propiedad Bindings de dtc_codigo2 tenía una referencia a archivo no válida.
Línea 1055: la propiedad Bindings de dtc_desc10 tenía una referencia a archivo no válida.
Línea 1072: la propiedad Bindings de dtc_codigo4 tenía una referencia a archivo no válida.
Línea 1142: la propiedad Bindings de dtc_codigo1 tenía una referencia a archivo no válida.
Línea 1160: la propiedad Bindings de dtc_desc2 tenía una referencia a archivo no válida.
Línea 1189: la propiedad Bindings de dtc_desc1 tenía una referencia a archivo no válida.
Línea 1210: la propiedad Bindings de dtc_codigo10 tenía una referencia a archivo no válida.
Línea 1229: la propiedad Bindings de dtc_desc11 tenía una referencia a archivo no válida.
Línea 1247: la propiedad Bindings de dtc_desc4 tenía una referencia a archivo no válida.
