Línea 515: la propiedad ColumnWidth de Column01 tenía un valor no válido.
Línea 519: la propiedad ColumnWidth de Column02 tenía un valor no válido.
Línea 523: la propiedad ColumnWidth de Column03 tenía un valor no válido.
Línea 527: la propiedad ColumnWidth de Column04 tenía un valor no válido.
Línea 534: la propiedad ColumnWidth de Column06 tenía un valor no válido.
Línea 538: la propiedad ColumnWidth de Column07 tenía un valor no válido.
Línea 541: la propiedad ColumnWidth de Column08 tenía un valor no válido.
Línea 545: la propiedad ColumnWidth de Column09 tenía un valor no válido.
Línea 548: la propiedad ColumnWidth de Column10 tenía un valor no válido.
Línea 551: la propiedad ColumnWidth de Column11 tenía un valor no válido.
Línea 554: la propiedad ColumnWidth de Column12 tenía un valor no válido.
Línea 805: la propiedad ColumnWidth de Column00 tenía un valor no válido.
Línea 809: la propiedad ColumnWidth de Column01 tenía un valor no válido.
Línea 812: la propiedad ColumnWidth de Column02 tenía un valor no válido.
Línea 816: la propiedad ColumnWidth de Column03 tenía un valor no válido.
Línea 820: la propiedad ColumnWidth de Column04 tenía un valor no válido.
Línea 824: la propiedad ColumnWidth de Column05 tenía un valor no válido.
Línea 827: la propiedad ColumnWidth de Column06 tenía un valor no válido.
Línea 831: la propiedad ColumnWidth de Column07 tenía un valor no válido.
Línea 835: la propiedad ColumnWidth de Column08 tenía un valor no válido.
Línea 839: la propiedad ColumnWidth de Column09 tenía un valor no válido.
Línea 843: la propiedad ColumnWidth de Column10 tenía un valor no válido.
Línea 1367: la propiedad ColumnWidth de Column00 tenía un valor no válido.
Línea 1370: la propiedad ColumnWidth de Column01 tenía un valor no válido.
Línea 1373: la propiedad ColumnWidth de Column02 tenía un valor no válido.
Línea 1376: la propiedad ColumnWidth de Column03 tenía un valor no válido.
Línea 1379: la propiedad ColumnWidth de Column04 tenía un valor no válido.
Línea 1382: la propiedad ColumnWidth de Column05 tenía un valor no válido.
Línea 1386: la propiedad ColumnWidth de Column06 tenía un valor no válido.
Línea 1389: la propiedad ColumnWidth de Column07 tenía un valor no válido.
Línea 1392: la propiedad ColumnWidth de Column08 tenía un valor no válido.
Línea 1395: la propiedad ColumnWidth de Column09 tenía un valor no válido.
Línea 1849: la propiedad ColumnWidth de Column00 tenía un valor no válido.
Línea 1852: la propiedad ColumnWidth de Column01 tenía un valor no válido.
Línea 1858: la propiedad ColumnWidth de Column03 tenía un valor no válido.
Línea 1861: la propiedad ColumnWidth de Column04 tenía un valor no válido.
Línea 1864: la propiedad ColumnWidth de Column05 tenía un valor no válido.
Línea 1867: la propiedad ColumnWidth de Column06 tenía un valor no válido.
Línea 1870: la propiedad ColumnWidth de Column07 tenía un valor no válido.
Línea 1874: la propiedad ColumnWidth de Column08 tenía un valor no válido.
Línea 2199: la propiedad ColumnWidth de Column00 tenía un valor no válido.
Línea 2202: la propiedad ColumnWidth de Column01 tenía un valor no válido.
Línea 2206: la propiedad ColumnWidth de Column02 tenía un valor no válido.
Línea 2209: la propiedad ColumnWidth de Column03 tenía un valor no válido.
Línea 2213: la propiedad ColumnWidth de Column04 tenía un valor no válido.
Línea 2217: la propiedad ColumnWidth de Column05 tenía un valor no válido.
Línea 2220: la propiedad ColumnWidth de Column06 tenía un valor no válido.
Línea 2223: la propiedad ColumnWidth de Column07 tenía un valor no válido.
Línea 2226: la propiedad ColumnWidth de Column08 tenía un valor no válido.
Línea 2229: la propiedad ColumnWidth de Column09 tenía un valor no válido.
Línea 2232: la propiedad ColumnWidth de Column10 tenía un valor no válido.
Línea 3026: error de sintaxis: a la propiedad <<<<<<< de DTP_FechaAfp le falta un '='.
Línea 3030: error de sintaxis: a la propiedad >>>>>>> de DTP_FechaAfp le falta un '='.
Línea 3131: error de sintaxis: a la propiedad <<<<<<< de DTP_FechaSS le falta un '='.
Línea 3135: error de sintaxis: a la propiedad >>>>>>> de DTP_FechaSS le falta un '='.
Línea 3354: la propiedad ColumnWidth de Column00 tenía un valor no válido.
Línea 3358: la propiedad ColumnWidth de Column01 tenía un valor no válido.
Línea 3361: la propiedad ColumnWidth de Column02 tenía un valor no válido.
Línea 3364: la propiedad ColumnWidth de Column03 tenía un valor no válido.
Línea 3367: la propiedad ColumnWidth de Column04 tenía un valor no válido.
Línea 3371: la propiedad ColumnWidth de Column05 tenía un valor no válido.
Línea 3374: la propiedad ColumnWidth de Column06 tenía un valor no válido.
Línea 3377: la propiedad ColumnWidth de Column07 tenía un valor no válido.
Línea 3380: la propiedad ColumnWidth de Column08 tenía un valor no válido.
Línea 3397: error de sintaxis: a la propiedad <<<<<<< de DTP_FechaNac le falta un '='.
Línea 3401: error de sintaxis: a la propiedad >>>>>>> de DTP_FechaNac le falta un '='.
Línea 3418: error de sintaxis: a la propiedad <<<<<<< de DTP_FechaExpira le falta un '='.
Línea 3422: error de sintaxis: a la propiedad >>>>>>> de DTP_FechaExpira le falta un '='.
Línea 3586: error de sintaxis: a la propiedad <<<<<<< de DTPicker2 le falta un '='.
Línea 3590: error de sintaxis: a la propiedad >>>>>>> de DTPicker2 le falta un '='.
Línea 4348: la propiedad ColumnWidth de Column01 tenía un valor no válido.
Línea 4354: la propiedad ColumnWidth de Column03 tenía un valor no válido.
Línea 4358: la propiedad ColumnWidth de Column04 tenía un valor no válido.
Línea 4361: la propiedad ColumnWidth de Column05 tenía un valor no válido.
Línea 4364: la propiedad ColumnWidth de Column06 tenía un valor no válido.
Línea 4777: la propiedad ColumnWidth de Column01 tenía un valor no válido.
Línea 4780: la propiedad ColumnWidth de Column02 tenía un valor no válido.
Línea 4783: la propiedad ColumnWidth de Column03 tenía un valor no válido.
Línea 4787: la propiedad ColumnWidth de Column04 tenía un valor no válido.
Línea 4790: la propiedad ColumnWidth de Column05 tenía un valor no válido.
Línea 4793: la propiedad ColumnWidth de Column06 tenía un valor no válido.
Línea 4796: la propiedad ColumnWidth de Column07 tenía un valor no válido.
Línea 5187: la propiedad ColumnWidth de Column00 tenía un valor no válido.
Línea 5191: la propiedad ColumnWidth de Column01 tenía un valor no válido.
Línea 5197: la propiedad ColumnWidth de Column03 tenía un valor no válido.
Línea 5200: la propiedad ColumnWidth de Column04 tenía un valor no válido.
Línea 5203: la propiedad ColumnWidth de Column05 tenía un valor no válido.
Línea 5206: la propiedad ColumnWidth de Column06 tenía un valor no válido.
Línea 5209: la propiedad ColumnWidth de Column07 tenía un valor no válido.
Línea 5212: la propiedad ColumnWidth de Column08 tenía un valor no válido.
Línea 5215: la propiedad ColumnWidth de Column09 tenía un valor no válido.
Línea 5627: la propiedad ColumnWidth de Column03 tenía un valor no válido.
Línea 5630: la propiedad ColumnWidth de Column04 tenía un valor no válido.
Línea 5633: la propiedad ColumnWidth de Column05 tenía un valor no válido.
Línea 5636: la propiedad ColumnWidth de Column06 tenía un valor no válido.
Línea 5639: la propiedad ColumnWidth de Column07 tenía un valor no válido.
Línea 5642: la propiedad ColumnWidth de Column08 tenía un valor no válido.
Línea 5645: la propiedad ColumnWidth de Column09 tenía un valor no válido.
Línea 5648: la propiedad ColumnWidth de Column10 tenía un valor no válido.
Línea 6287: la propiedad ColumnWidth de Column00 tenía un valor no válido.
Línea 6291: la propiedad ColumnWidth de Column01 tenía un valor no válido.
Línea 6295: la propiedad ColumnWidth de Column02 tenía un valor no válido.
Línea 6300: la propiedad ColumnWidth de Column03 tenía un valor no válido.
Línea 6309: la propiedad ColumnWidth de Column06 tenía un valor no válido.
Línea 9: no se pudo establecer la propiedad Icon de rw_ficha_rrhh.
Línea 9: no se pudo establecer la propiedad Icon de rw_ficha_rrhh.
Línea 9: no se pudo establecer la propiedad Icon de rw_ficha_rrhh.
Línea 9: no se pudo establecer la propiedad Icon de rw_ficha_rrhh.
Línea 9: no se pudo establecer la propiedad Icon de rw_ficha_rrhh.
Línea 9: no se pudo establecer la propiedad Icon de rw_ficha_rrhh.
Línea 9: no se pudo establecer la propiedad Icon de rw_ficha_rrhh.
Línea 9: no se pudo establecer la propiedad Icon de rw_ficha_rrhh.
Línea 9: no se pudo establecer la propiedad Icon de rw_ficha_rrhh.
Línea 9: no se pudo establecer la propiedad Icon de rw_ficha_rrhh.
Línea 9: no se pudo establecer la propiedad Icon de rw_ficha_rrhh.
Línea 9: no se pudo establecer la propiedad Icon de rw_ficha_rrhh.
