Línea 15: la propiedad Icon de frm_ao_solicitud_cotiza_venta tenía una referencia a archivo no válida.
Línea 33: la propiedad Bindings de dg_det1 tenía una referencia a archivo no válida.
Línea 401: la propiedad Bindings de dg_datos0 tenía una referencia a archivo no válida.
Línea 761: la propiedad Picture de BtnModificar0 tenía una referencia a archivo no válida.
Línea 772: la propiedad Picture de BtnSalir tenía una referencia a archivo no válida.
Línea 784: la propiedad Picture de BtnVer tenía una referencia a archivo no válida.
Línea 797: la propiedad Picture de BtnDesAprobar tenía una referencia a archivo no válida.
Línea 808: la propiedad Picture de BtnBuscar tenía una referencia a archivo no válida.
Línea 867: la propiedad Bindings de txt_aux3 tenía una referencia a archivo no válida.
Línea 888: la propiedad Bindings de txt_codigo3 tenía una referencia a archivo no válida.
Línea 1002: la propiedad Bindings de Txt_campo12 tenía una referencia a archivo no válida.
Línea 1023: la propiedad Bindings de Txt_campo1 tenía una referencia a archivo no válida.
Línea 1041: la propiedad Bindings de txt_desc3 tenía una referencia a archivo no válida.
Línea 1295: la propiedad Caption de lbl_campo1 debe ser una cadena encerrada entre comillas
Línea 1337: la propiedad Caption de lblLabels debe ser una cadena encerrada entre comillas
Línea 1414: la propiedad TabPicture(0) de SSTab1 tenía una referencia a archivo no válida.
Línea 1420: la propiedad TabPicture(1) de SSTab1 tenía una referencia a archivo no válida.
Línea 1425: la propiedad TabPicture(2) de SSTab1 tenía una referencia a archivo no válida.
Línea 1440: la propiedad Bindings de dg_datosE tenía una referencia a archivo no válida.
Línea 1720: la propiedad Picture de BtnImprimir2E tenía una referencia a archivo no válida.
Línea 1732: la propiedad Picture de BtnImprimirE tenía una referencia a archivo no válida.
Línea 1744: la propiedad Picture de BtnAprobarE tenía una referencia a archivo no válida.
Línea 1756: la propiedad Picture de BtnModificar1E tenía una referencia a archivo no válida.
Línea 1768: la propiedad Picture de BtnModificarE tenía una referencia a archivo no válida.
Línea 1856: la propiedad Bindings de dg_datosA tenía una referencia a archivo no válida.
Línea 2136: la propiedad Picture de BtnImprimir2A tenía una referencia a archivo no válida.
Línea 2148: la propiedad Picture de BtnImprimirA tenía una referencia a archivo no válida.
Línea 2160: la propiedad Picture de BtnAprobarA tenía una referencia a archivo no válida.
Línea 2172: la propiedad Picture de BtnModificar1A tenía una referencia a archivo no válida.
Línea 2184: la propiedad Picture de BtnModificarA tenía una referencia a archivo no válida.
Línea 2272: la propiedad Bindings de dg_datos tenía una referencia a archivo no válida.
Línea 2552: la propiedad Picture de BtnAprobar tenía una referencia a archivo no válida.
Línea 2564: la propiedad Picture de BtnImprimir2 tenía una referencia a archivo no válida.
Línea 2576: la propiedad Picture de BtnImprimir tenía una referencia a archivo no válida.
Línea 2588: la propiedad Picture de BtnModificar tenía una referencia a archivo no válida.
Línea 2601: la propiedad Picture de BtnModificar1 tenía una referencia a archivo no válida.
Línea 2613: la propiedad Picture de BtnAñadir tenía una referencia a archivo no válida.
Línea 2707: la propiedad Picture de BtnAddDetalle2 tenía una referencia a archivo no válida.
Línea 2719: la propiedad Picture de BtnAnlDetalle tenía una referencia a archivo no válida.
Línea 2731: la propiedad Picture de BtnModDetalle tenía una referencia a archivo no válida.
Línea 2742: la propiedad Picture de BtnAddDetalle tenía una referencia a archivo no válida.
Línea 3388: la propiedad Bindings de dg_det1E tenía una referencia a archivo no válida.
