Línea 55: la clase MSDataListLib.DataCombo del control DtCrbr_codigo no era una clase de control cargada.
Línea 72: la clase MSDataListLib.DataCombo del control DtCrbr_descripcion no era una clase de control cargada.
Línea 106: la clase MSDataListLib.DataCombo del control DtCDenominacion_documento no era una clase de control cargada.
Línea 122: la clase MSDataListLib.DataCombo del control DtCCodigo_documento no era una clase de control cargada.
Línea 138: la clase MSDataListLib.DataCombo del control DtCDenominacion_moneda no era una clase de control cargada.
Línea 153: la clase MSDataListLib.DataCombo del control DtCDenominacion_tipo_solicitud no era una clase de control cargada.
Línea 206: la clase MSDataListLib.DataCombo del control DtCFte_codigo no era una clase de control cargada.
Línea 260: la clase MSComCtl2.DTPicker del control DTPFecha_Ingreso no era una clase de control cargada.
Línea 295: la clase MSDataListLib.DataCombo del control DtCCta_descripcion_larga no era una clase de control cargada.
Línea 311: la clase MSDataListLib.DataCombo del control DtCCta_codigo no era una clase de control cargada.
Línea 328: la clase MSDataListLib.DataCombo del control DtCOrg_descripcion no era una clase de control cargada.
Línea 345: la clase MSDataListLib.DataCombo del control DtCorg_codigo no era una clase de control cargada.
Línea 361: la clase MSAdodcLib.Adodc del control AdoFc_cuenta_bancaria no era una clase de control cargada.
Línea 408: la clase MSDataListLib.DataCombo del control DtCFte_descripcion_larga no era una clase de control cargada.
Línea 425: la clase MSAdodcLib.Adodc del control AdoFte_financia no era una clase de control cargada.
Línea 472: la clase MSAdodcLib.Adodc del control AdoOrganismo_finan no era una clase de control cargada.
Línea 519: la clase MSDataListLib.DataCombo del control DtCDenominacion_tipo no era una clase de control cargada.
Línea 535: la clase MSAdodcLib.Adodc del control Adoac_documento_respaldo no era una clase de control cargada.
Línea 582: la clase MSAdodcLib.Adodc del control AdoTipo_comprobante no era una clase de control cargada.
Línea 629: la clase MSAdodcLib.Adodc del control AdoTipo_solicitud no era una clase de control cargada.
Línea 676: la clase MSAdodcLib.Adodc del control AdoTipo_moneda no era una clase de control cargada.
Línea 723: la clase MSAdodcLib.Adodc del control AdoFc_Rubro_ingresos no era una clase de control cargada.
Línea 770: la clase MSDataListLib.DataCombo del control DtCdenominacion_beneficiario no era una clase de control cargada.
Línea 786: la clase MSDataListLib.DataCombo del control DtCcodigo_beneficiario no era una clase de control cargada.
Línea 802: la clase MSAdodcLib.Adodc del control AdoFc_beneficiario no era una clase de control cargada.
Línea 849: la clase MSDataListLib.DataCombo del control DtCDenominacion_Convenio no era una clase de control cargada.
Línea 865: la clase MSDataListLib.DataCombo del control DtCcodigo_convenio no era una clase de control cargada.
Línea 880: la clase MSAdodcLib.Adodc del control AdoFc_convenios no era una clase de control cargada.
Línea 1395: la clase MSAdodcLib.Adodc del control AdoIngresos no era una clase de control cargada.
Línea 1441: la clase MSDataGridLib.DataGrid del control DtGIngresos no era una clase de control cargada.
Línea 2307: la clase Crystal.CrystalReport del control Cry no era una clase de control cargada.
Línea 56: el nombre de la propiedad Bindings de DtCrbr_codigo no es válido.
Línea 65: el nombre de la propiedad _ExtentX de DtCrbr_codigo no es válido.
Línea 66: el nombre de la propiedad _ExtentY de DtCrbr_codigo no es válido.
Línea 67: el nombre de la propiedad _Version de DtCrbr_codigo no es válido.
Línea 68: el nombre de la propiedad ListField de DtCrbr_codigo no es válido.
Línea 69: el nombre de la propiedad BoundColumn de DtCrbr_codigo no es válido.
Línea 70: el nombre de la propiedad Text de DtCrbr_codigo no es válido.
Línea 73: el nombre de la propiedad Bindings de DtCrbr_descripcion no es válido.
Línea 82: el nombre de la propiedad _ExtentX de DtCrbr_descripcion no es válido.
Línea 83: el nombre de la propiedad _ExtentY de DtCrbr_descripcion no es válido.
Línea 84: el nombre de la propiedad _Version de DtCrbr_descripcion no es válido.
Línea 85: el nombre de la propiedad ListField de DtCrbr_descripcion no es válido.
Línea 86: el nombre de la propiedad BoundColumn de DtCrbr_descripcion no es válido.
Línea 87: el nombre de la propiedad Text de DtCrbr_descripcion no es válido.
Línea 107: el nombre de la propiedad Bindings de DtCDenominacion_documento no es válido.
Línea 115: el nombre de la propiedad _ExtentX de DtCDenominacion_documento no es válido.
Línea 116: el nombre de la propiedad _ExtentY de DtCDenominacion_documento no es válido.
Línea 117: el nombre de la propiedad _Version de DtCDenominacion_documento no es válido.
Línea 118: el nombre de la propiedad ListField de DtCDenominacion_documento no es válido.
Línea 119: el nombre de la propiedad BoundColumn de DtCDenominacion_documento no es válido.
Línea 120: el nombre de la propiedad Text de DtCDenominacion_documento no es válido.
Línea 123: el nombre de la propiedad Bindings de DtCCodigo_documento no es válido.
Línea 131: el nombre de la propiedad _ExtentX de DtCCodigo_documento no es válido.
Línea 132: el nombre de la propiedad _ExtentY de DtCCodigo_documento no es válido.
Línea 133: el nombre de la propiedad _Version de DtCCodigo_documento no es válido.
Línea 134: el nombre de la propiedad ListField de DtCCodigo_documento no es válido.
Línea 135: el nombre de la propiedad BoundColumn de DtCCodigo_documento no es válido.
Línea 136: el nombre de la propiedad Text de DtCCodigo_documento no es válido.
Línea 139: el nombre de la propiedad Bindings de DtCDenominacion_moneda no es válido.
Línea 146: el nombre de la propiedad _ExtentX de DtCDenominacion_moneda no es válido.
Línea 147: el nombre de la propiedad _ExtentY de DtCDenominacion_moneda no es válido.
Línea 148: el nombre de la propiedad _Version de DtCDenominacion_moneda no es válido.
Línea 149: el nombre de la propiedad ListField de DtCDenominacion_moneda no es válido.
Línea 150: el nombre de la propiedad BoundColumn de DtCDenominacion_moneda no es válido.
Línea 151: el nombre de la propiedad Text de DtCDenominacion_moneda no es válido.
Línea 154: el nombre de la propiedad Bindings de DtCDenominacion_tipo_solicitud no es válido.
Línea 162: el nombre de la propiedad _ExtentX de DtCDenominacion_tipo_solicitud no es válido.
Línea 163: el nombre de la propiedad _ExtentY de DtCDenominacion_tipo_solicitud no es válido.
Línea 164: el nombre de la propiedad _Version de DtCDenominacion_tipo_solicitud no es válido.
Línea 165: el nombre de la propiedad ListField de DtCDenominacion_tipo_solicitud no es válido.
Línea 166: el nombre de la propiedad BoundColumn de DtCDenominacion_tipo_solicitud no es válido.
Línea 167: el nombre de la propiedad Text de DtCDenominacion_tipo_solicitud no es válido.
Línea 207: el nombre de la propiedad Bindings de DtCFte_codigo no es válido.
Línea 215: el nombre de la propiedad _ExtentX de DtCFte_codigo no es válido.
Línea 216: el nombre de la propiedad _ExtentY de DtCFte_codigo no es válido.
Línea 217: el nombre de la propiedad _Version de DtCFte_codigo no es válido.
Línea 218: el nombre de la propiedad ListField de DtCFte_codigo no es válido.
Línea 219: el nombre de la propiedad BoundColumn de DtCFte_codigo no es válido.
Línea 220: el nombre de la propiedad Text de DtCFte_codigo no es válido.
Línea 267: el nombre de la propiedad _ExtentX de DTPFecha_Ingreso no es válido.
Línea 268: el nombre de la propiedad _ExtentY de DTPFecha_Ingreso no es válido.
Línea 269: el nombre de la propiedad _Version de DTPFecha_Ingreso no es válido.
Línea 271: el nombre de la propiedad CheckBox de DTPFecha_Ingreso no es válido.
Línea 272: el nombre de la propiedad DateIsNull de DTPFecha_Ingreso no es válido.
Línea 273: el nombre de la propiedad Format de DTPFecha_Ingreso no es válido.
Línea 274: el nombre de la propiedad CurrentDate de DTPFecha_Ingreso no es válido.
Línea 296: el nombre de la propiedad Bindings de DtCCta_descripcion_larga no es válido.
Línea 304: el nombre de la propiedad _ExtentX de DtCCta_descripcion_larga no es válido.
Línea 305: el nombre de la propiedad _ExtentY de DtCCta_descripcion_larga no es válido.
Línea 306: el nombre de la propiedad _Version de DtCCta_descripcion_larga no es válido.
Línea 307: el nombre de la propiedad ListField de DtCCta_descripcion_larga no es válido.
Línea 308: el nombre de la propiedad BoundColumn de DtCCta_descripcion_larga no es válido.
Línea 309: el nombre de la propiedad Text de DtCCta_descripcion_larga no es válido.
Línea 312: el nombre de la propiedad Bindings de DtCCta_codigo no es válido.
Línea 320: el nombre de la propiedad _ExtentX de DtCCta_codigo no es válido.
Línea 321: el nombre de la propiedad _ExtentY de DtCCta_codigo no es válido.
Línea 322: el nombre de la propiedad _Version de DtCCta_codigo no es válido.
Línea 323: el nombre de la propiedad Style de DtCCta_codigo no es válido.
Línea 324: el nombre de la propiedad ListField de DtCCta_codigo no es válido.
Línea 325: el nombre de la propiedad BoundColumn de DtCCta_codigo no es válido.
Línea 326: el nombre de la propiedad Text de DtCCta_codigo no es válido.
Línea 329: el nombre de la propiedad Bindings de DtCOrg_descripcion no es válido.
Línea 337: el nombre de la propiedad _ExtentX de DtCOrg_descripcion no es válido.
Línea 338: el nombre de la propiedad _ExtentY de DtCOrg_descripcion no es válido.
Línea 339: el nombre de la propiedad _Version de DtCOrg_descripcion no es válido.
Línea 340: el nombre de la propiedad MatchEntry de DtCOrg_descripcion no es válido.
Línea 341: el nombre de la propiedad ListField de DtCOrg_descripcion no es válido.
Línea 342: el nombre de la propiedad BoundColumn de DtCOrg_descripcion no es válido.
Línea 343: el nombre de la propiedad Text de DtCOrg_descripcion no es válido.
Línea 346: el nombre de la propiedad Bindings de DtCorg_codigo no es válido.
Línea 354: el nombre de la propiedad _ExtentX de DtCorg_codigo no es válido.
Línea 355: el nombre de la propiedad _ExtentY de DtCorg_codigo no es válido.
Línea 356: el nombre de la propiedad _Version de DtCorg_codigo no es válido.
Línea 357: el nombre de la propiedad ListField de DtCorg_codigo no es válido.
Línea 358: el nombre de la propiedad BoundColumn de DtCorg_codigo no es válido.
Línea 359: el nombre de la propiedad Text de DtCorg_codigo no es válido.
Línea 367: el nombre de la propiedad _ExtentX de AdoFc_cuenta_bancaria no es válido.
Línea 368: el nombre de la propiedad _ExtentY de AdoFc_cuenta_bancaria no es válido.
Línea 369: el nombre de la propiedad ConnectMode de AdoFc_cuenta_bancaria no es válido.
Línea 370: el nombre de la propiedad CursorLocation de AdoFc_cuenta_bancaria no es válido.
Línea 371: el nombre de la propiedad IsolationLevel de AdoFc_cuenta_bancaria no es válido.
Línea 372: el nombre de la propiedad ConnectionTimeout de AdoFc_cuenta_bancaria no es válido.
Línea 373: el nombre de la propiedad CommandTimeout de AdoFc_cuenta_bancaria no es válido.
Línea 374: el nombre de la propiedad CursorType de AdoFc_cuenta_bancaria no es válido.
Línea 375: el nombre de la propiedad LockType de AdoFc_cuenta_bancaria no es válido.
Línea 376: el nombre de la propiedad CommandType de AdoFc_cuenta_bancaria no es válido.
Línea 377: el nombre de la propiedad CursorOptions de AdoFc_cuenta_bancaria no es válido.
Línea 378: el nombre de la propiedad CacheSize de AdoFc_cuenta_bancaria no es válido.
Línea 379: el nombre de la propiedad MaxRecords de AdoFc_cuenta_bancaria no es válido.
Línea 380: el nombre de la propiedad BOFAction de AdoFc_cuenta_bancaria no es válido.
Línea 381: el nombre de la propiedad EOFAction de AdoFc_cuenta_bancaria no es válido.
Línea 382: el nombre de la propiedad ConnectStringType de AdoFc_cuenta_bancaria no es válido.
Línea 386: el nombre de la propiedad Orientation de AdoFc_cuenta_bancaria no es válido.
Línea 388: el nombre de la propiedad Connect de AdoFc_cuenta_bancaria no es válido.
Línea 389: el nombre de la propiedad OLEDBString de AdoFc_cuenta_bancaria no es válido.
Línea 390: el nombre de la propiedad OLEDBFile de AdoFc_cuenta_bancaria no es válido.
Línea 391: el nombre de la propiedad DataSourceName de AdoFc_cuenta_bancaria no es válido.
Línea 392: el nombre de la propiedad OtherAttributes de AdoFc_cuenta_bancaria no es válido.
Línea 393: el nombre de la propiedad UserName de AdoFc_cuenta_bancaria no es válido.
Línea 394: el nombre de la propiedad Password de AdoFc_cuenta_bancaria no es válido.
Línea 395: el nombre de la propiedad RecordSource de AdoFc_cuenta_bancaria no es válido.
Línea 396: el nombre de la propiedad Caption de AdoFc_cuenta_bancaria no es válido.
Línea 406: el nombre de la propiedad _Version de AdoFc_cuenta_bancaria no es válido.
Línea 409: el nombre de la propiedad Bindings de DtCFte_descripcion_larga no es válido.
Línea 417: el nombre de la propiedad _ExtentX de DtCFte_descripcion_larga no es válido.
Línea 418: el nombre de la propiedad _ExtentY de DtCFte_descripcion_larga no es válido.
Línea 419: el nombre de la propiedad _Version de DtCFte_descripcion_larga no es válido.
Línea 420: el nombre de la propiedad MatchEntry de DtCFte_descripcion_larga no es válido.
Línea 421: el nombre de la propiedad ListField de DtCFte_descripcion_larga no es válido.
Línea 422: el nombre de la propiedad BoundColumn de DtCFte_descripcion_larga no es válido.
Línea 423: el nombre de la propiedad Text de DtCFte_descripcion_larga no es válido.
Línea 431: el nombre de la propiedad _ExtentX de AdoFte_financia no es válido.
Línea 432: el nombre de la propiedad _ExtentY de AdoFte_financia no es válido.
Línea 433: el nombre de la propiedad ConnectMode de AdoFte_financia no es válido.
Línea 434: el nombre de la propiedad CursorLocation de AdoFte_financia no es válido.
Línea 435: el nombre de la propiedad IsolationLevel de AdoFte_financia no es válido.
Línea 436: el nombre de la propiedad ConnectionTimeout de AdoFte_financia no es válido.
Línea 437: el nombre de la propiedad CommandTimeout de AdoFte_financia no es válido.
Línea 438: el nombre de la propiedad CursorType de AdoFte_financia no es válido.
Línea 439: el nombre de la propiedad LockType de AdoFte_financia no es válido.
Línea 440: el nombre de la propiedad CommandType de AdoFte_financia no es válido.
Línea 441: el nombre de la propiedad CursorOptions de AdoFte_financia no es válido.
Línea 442: el nombre de la propiedad CacheSize de AdoFte_financia no es válido.
Línea 443: el nombre de la propiedad MaxRecords de AdoFte_financia no es válido.
Línea 444: el nombre de la propiedad BOFAction de AdoFte_financia no es válido.
Línea 445: el nombre de la propiedad EOFAction de AdoFte_financia no es válido.
Línea 446: el nombre de la propiedad ConnectStringType de AdoFte_financia no es válido.
Línea 450: el nombre de la propiedad Orientation de AdoFte_financia no es válido.
Línea 452: el nombre de la propiedad Connect de AdoFte_financia no es válido.
Línea 453: el nombre de la propiedad OLEDBString de AdoFte_financia no es válido.
Línea 454: el nombre de la propiedad OLEDBFile de AdoFte_financia no es válido.
Línea 455: el nombre de la propiedad DataSourceName de AdoFte_financia no es válido.
Línea 456: el nombre de la propiedad OtherAttributes de AdoFte_financia no es válido.
Línea 457: el nombre de la propiedad UserName de AdoFte_financia no es válido.
Línea 458: el nombre de la propiedad Password de AdoFte_financia no es válido.
Línea 459: el nombre de la propiedad RecordSource de AdoFte_financia no es válido.
Línea 460: el nombre de la propiedad Caption de AdoFte_financia no es válido.
Línea 470: el nombre de la propiedad _Version de AdoFte_financia no es válido.
Línea 478: el nombre de la propiedad _ExtentX de AdoOrganismo_finan no es válido.
Línea 479: el nombre de la propiedad _ExtentY de AdoOrganismo_finan no es válido.
Línea 480: el nombre de la propiedad ConnectMode de AdoOrganismo_finan no es válido.
Línea 481: el nombre de la propiedad CursorLocation de AdoOrganismo_finan no es válido.
Línea 482: el nombre de la propiedad IsolationLevel de AdoOrganismo_finan no es válido.
Línea 483: el nombre de la propiedad ConnectionTimeout de AdoOrganismo_finan no es válido.
Línea 484: el nombre de la propiedad CommandTimeout de AdoOrganismo_finan no es válido.
Línea 485: el nombre de la propiedad CursorType de AdoOrganismo_finan no es válido.
Línea 486: el nombre de la propiedad LockType de AdoOrganismo_finan no es válido.
Línea 487: el nombre de la propiedad CommandType de AdoOrganismo_finan no es válido.
Línea 488: el nombre de la propiedad CursorOptions de AdoOrganismo_finan no es válido.
Línea 489: el nombre de la propiedad CacheSize de AdoOrganismo_finan no es válido.
Línea 490: el nombre de la propiedad MaxRecords de AdoOrganismo_finan no es válido.
Línea 491: el nombre de la propiedad BOFAction de AdoOrganismo_finan no es válido.
Línea 492: el nombre de la propiedad EOFAction de AdoOrganismo_finan no es válido.
Línea 493: el nombre de la propiedad ConnectStringType de AdoOrganismo_finan no es válido.
Línea 497: el nombre de la propiedad Orientation de AdoOrganismo_finan no es válido.
Línea 499: el nombre de la propiedad Connect de AdoOrganismo_finan no es válido.
Línea 500: el nombre de la propiedad OLEDBString de AdoOrganismo_finan no es válido.
Línea 501: el nombre de la propiedad OLEDBFile de AdoOrganismo_finan no es válido.
Línea 502: el nombre de la propiedad DataSourceName de AdoOrganismo_finan no es válido.
Línea 503: el nombre de la propiedad OtherAttributes de AdoOrganismo_finan no es válido.
Línea 504: el nombre de la propiedad UserName de AdoOrganismo_finan no es válido.
Línea 505: el nombre de la propiedad Password de AdoOrganismo_finan no es válido.
Línea 506: el nombre de la propiedad RecordSource de AdoOrganismo_finan no es válido.
Línea 507: el nombre de la propiedad Caption de AdoOrganismo_finan no es válido.
Línea 517: el nombre de la propiedad _Version de AdoOrganismo_finan no es válido.
Línea 520: el nombre de la propiedad Bindings de DtCDenominacion_tipo no es válido.
Línea 528: el nombre de la propiedad _ExtentX de DtCDenominacion_tipo no es válido.
Línea 529: el nombre de la propiedad _ExtentY de DtCDenominacion_tipo no es válido.
Línea 530: el nombre de la propiedad _Version de DtCDenominacion_tipo no es válido.
Línea 531: el nombre de la propiedad ListField de DtCDenominacion_tipo no es válido.
Línea 532: el nombre de la propiedad BoundColumn de DtCDenominacion_tipo no es válido.
Línea 533: el nombre de la propiedad Text de DtCDenominacion_tipo no es válido.
Línea 541: el nombre de la propiedad _ExtentX de Adoac_documento_respaldo no es válido.
Línea 542: el nombre de la propiedad _ExtentY de Adoac_documento_respaldo no es válido.
Línea 543: el nombre de la propiedad ConnectMode de Adoac_documento_respaldo no es válido.
Línea 544: el nombre de la propiedad CursorLocation de Adoac_documento_respaldo no es válido.
Línea 545: el nombre de la propiedad IsolationLevel de Adoac_documento_respaldo no es válido.
Línea 546: el nombre de la propiedad ConnectionTimeout de Adoac_documento_respaldo no es válido.
Línea 547: el nombre de la propiedad CommandTimeout de Adoac_documento_respaldo no es válido.
Línea 548: el nombre de la propiedad CursorType de Adoac_documento_respaldo no es válido.
Línea 549: el nombre de la propiedad LockType de Adoac_documento_respaldo no es válido.
Línea 550: el nombre de la propiedad CommandType de Adoac_documento_respaldo no es válido.
Línea 551: el nombre de la propiedad CursorOptions de Adoac_documento_respaldo no es válido.
Línea 552: el nombre de la propiedad CacheSize de Adoac_documento_respaldo no es válido.
Línea 553: el nombre de la propiedad MaxRecords de Adoac_documento_respaldo no es válido.
Línea 554: el nombre de la propiedad BOFAction de Adoac_documento_respaldo no es válido.
Línea 555: el nombre de la propiedad EOFAction de Adoac_documento_respaldo no es válido.
Línea 556: el nombre de la propiedad ConnectStringType de Adoac_documento_respaldo no es válido.
Línea 560: el nombre de la propiedad Orientation de Adoac_documento_respaldo no es válido.
Línea 562: el nombre de la propiedad Connect de Adoac_documento_respaldo no es válido.
Línea 563: el nombre de la propiedad OLEDBString de Adoac_documento_respaldo no es válido.
Línea 564: el nombre de la propiedad OLEDBFile de Adoac_documento_respaldo no es válido.
Línea 565: el nombre de la propiedad DataSourceName de Adoac_documento_respaldo no es válido.
Línea 566: el nombre de la propiedad OtherAttributes de Adoac_documento_respaldo no es válido.
Línea 567: el nombre de la propiedad UserName de Adoac_documento_respaldo no es válido.
Línea 568: el nombre de la propiedad Password de Adoac_documento_respaldo no es válido.
Línea 569: el nombre de la propiedad RecordSource de Adoac_documento_respaldo no es válido.
Línea 570: el nombre de la propiedad Caption de Adoac_documento_respaldo no es válido.
Línea 580: el nombre de la propiedad _Version de Adoac_documento_respaldo no es válido.
Línea 588: el nombre de la propiedad _ExtentX de AdoTipo_comprobante no es válido.
Línea 589: el nombre de la propiedad _ExtentY de AdoTipo_comprobante no es válido.
Línea 590: el nombre de la propiedad ConnectMode de AdoTipo_comprobante no es válido.
Línea 591: el nombre de la propiedad CursorLocation de AdoTipo_comprobante no es válido.
Línea 592: el nombre de la propiedad IsolationLevel de AdoTipo_comprobante no es válido.
Línea 593: el nombre de la propiedad ConnectionTimeout de AdoTipo_comprobante no es válido.
Línea 594: el nombre de la propiedad CommandTimeout de AdoTipo_comprobante no es válido.
Línea 595: el nombre de la propiedad CursorType de AdoTipo_comprobante no es válido.
Línea 596: el nombre de la propiedad LockType de AdoTipo_comprobante no es válido.
Línea 597: el nombre de la propiedad CommandType de AdoTipo_comprobante no es válido.
Línea 598: el nombre de la propiedad CursorOptions de AdoTipo_comprobante no es válido.
Línea 599: el nombre de la propiedad CacheSize de AdoTipo_comprobante no es válido.
Línea 600: el nombre de la propiedad MaxRecords de AdoTipo_comprobante no es válido.
Línea 601: el nombre de la propiedad BOFAction de AdoTipo_comprobante no es válido.
Línea 602: el nombre de la propiedad EOFAction de AdoTipo_comprobante no es válido.
Línea 603: el nombre de la propiedad ConnectStringType de AdoTipo_comprobante no es válido.
Línea 607: el nombre de la propiedad Orientation de AdoTipo_comprobante no es válido.
Línea 609: el nombre de la propiedad Connect de AdoTipo_comprobante no es válido.
Línea 610: el nombre de la propiedad OLEDBString de AdoTipo_comprobante no es válido.
Línea 611: el nombre de la propiedad OLEDBFile de AdoTipo_comprobante no es válido.
Línea 612: el nombre de la propiedad DataSourceName de AdoTipo_comprobante no es válido.
Línea 613: el nombre de la propiedad OtherAttributes de AdoTipo_comprobante no es válido.
Línea 614: el nombre de la propiedad UserName de AdoTipo_comprobante no es válido.
Línea 615: el nombre de la propiedad Password de AdoTipo_comprobante no es válido.
Línea 616: el nombre de la propiedad RecordSource de AdoTipo_comprobante no es válido.
Línea 617: el nombre de la propiedad Caption de AdoTipo_comprobante no es válido.
Línea 627: el nombre de la propiedad _Version de AdoTipo_comprobante no es válido.
Línea 635: el nombre de la propiedad _ExtentX de AdoTipo_solicitud no es válido.
Línea 636: el nombre de la propiedad _ExtentY de AdoTipo_solicitud no es válido.
Línea 637: el nombre de la propiedad ConnectMode de AdoTipo_solicitud no es válido.
Línea 638: el nombre de la propiedad CursorLocation de AdoTipo_solicitud no es válido.
Línea 639: el nombre de la propiedad IsolationLevel de AdoTipo_solicitud no es válido.
Línea 640: el nombre de la propiedad ConnectionTimeout de AdoTipo_solicitud no es válido.
Línea 641: el nombre de la propiedad CommandTimeout de AdoTipo_solicitud no es válido.
Línea 642: el nombre de la propiedad CursorType de AdoTipo_solicitud no es válido.
Línea 643: el nombre de la propiedad LockType de AdoTipo_solicitud no es válido.
Línea 644: el nombre de la propiedad CommandType de AdoTipo_solicitud no es válido.
Línea 645: el nombre de la propiedad CursorOptions de AdoTipo_solicitud no es válido.
Línea 646: el nombre de la propiedad CacheSize de AdoTipo_solicitud no es válido.
Línea 647: el nombre de la propiedad MaxRecords de AdoTipo_solicitud no es válido.
Línea 648: el nombre de la propiedad BOFAction de AdoTipo_solicitud no es válido.
Línea 649: el nombre de la propiedad EOFAction de AdoTipo_solicitud no es válido.
Línea 650: el nombre de la propiedad ConnectStringType de AdoTipo_solicitud no es válido.
Línea 654: el nombre de la propiedad Orientation de AdoTipo_solicitud no es válido.
Línea 656: el nombre de la propiedad Connect de AdoTipo_solicitud no es válido.
Línea 657: el nombre de la propiedad OLEDBString de AdoTipo_solicitud no es válido.
Línea 658: el nombre de la propiedad OLEDBFile de AdoTipo_solicitud no es válido.
Línea 659: el nombre de la propiedad DataSourceName de AdoTipo_solicitud no es válido.
Línea 660: el nombre de la propiedad OtherAttributes de AdoTipo_solicitud no es válido.
Línea 661: el nombre de la propiedad UserName de AdoTipo_solicitud no es válido.
Línea 662: el nombre de la propiedad Password de AdoTipo_solicitud no es válido.
Línea 663: el nombre de la propiedad RecordSource de AdoTipo_solicitud no es válido.
Línea 664: el nombre de la propiedad Caption de AdoTipo_solicitud no es válido.
Línea 674: el nombre de la propiedad _Version de AdoTipo_solicitud no es válido.
Línea 682: el nombre de la propiedad _ExtentX de AdoTipo_moneda no es válido.
Línea 683: el nombre de la propiedad _ExtentY de AdoTipo_moneda no es válido.
Línea 684: el nombre de la propiedad ConnectMode de AdoTipo_moneda no es válido.
Línea 685: el nombre de la propiedad CursorLocation de AdoTipo_moneda no es válido.
Línea 686: el nombre de la propiedad IsolationLevel de AdoTipo_moneda no es válido.
Línea 687: el nombre de la propiedad ConnectionTimeout de AdoTipo_moneda no es válido.
Línea 688: el nombre de la propiedad CommandTimeout de AdoTipo_moneda no es válido.
Línea 689: el nombre de la propiedad CursorType de AdoTipo_moneda no es válido.
Línea 690: el nombre de la propiedad LockType de AdoTipo_moneda no es válido.
Línea 691: el nombre de la propiedad CommandType de AdoTipo_moneda no es válido.
Línea 692: el nombre de la propiedad CursorOptions de AdoTipo_moneda no es válido.
Línea 693: el nombre de la propiedad CacheSize de AdoTipo_moneda no es válido.
Línea 694: el nombre de la propiedad MaxRecords de AdoTipo_moneda no es válido.
Línea 695: el nombre de la propiedad BOFAction de AdoTipo_moneda no es válido.
Línea 696: el nombre de la propiedad EOFAction de AdoTipo_moneda no es válido.
Línea 697: el nombre de la propiedad ConnectStringType de AdoTipo_moneda no es válido.
Línea 701: el nombre de la propiedad Orientation de AdoTipo_moneda no es válido.
Línea 703: el nombre de la propiedad Connect de AdoTipo_moneda no es válido.
Línea 704: el nombre de la propiedad OLEDBString de AdoTipo_moneda no es válido.
Línea 705: el nombre de la propiedad OLEDBFile de AdoTipo_moneda no es válido.
Línea 706: el nombre de la propiedad DataSourceName de AdoTipo_moneda no es válido.
Línea 707: el nombre de la propiedad OtherAttributes de AdoTipo_moneda no es válido.
Línea 708: el nombre de la propiedad UserName de AdoTipo_moneda no es válido.
Línea 709: el nombre de la propiedad Password de AdoTipo_moneda no es válido.
Línea 710: el nombre de la propiedad RecordSource de AdoTipo_moneda no es válido.
Línea 711: el nombre de la propiedad Caption de AdoTipo_moneda no es válido.
Línea 721: el nombre de la propiedad _Version de AdoTipo_moneda no es válido.
Línea 729: el nombre de la propiedad _ExtentX de AdoFc_Rubro_ingresos no es válido.
Línea 730: el nombre de la propiedad _ExtentY de AdoFc_Rubro_ingresos no es válido.
Línea 731: el nombre de la propiedad ConnectMode de AdoFc_Rubro_ingresos no es válido.
Línea 732: el nombre de la propiedad CursorLocation de AdoFc_Rubro_ingresos no es válido.
Línea 733: el nombre de la propiedad IsolationLevel de AdoFc_Rubro_ingresos no es válido.
Línea 734: el nombre de la propiedad ConnectionTimeout de AdoFc_Rubro_ingresos no es válido.
Línea 735: el nombre de la propiedad CommandTimeout de AdoFc_Rubro_ingresos no es válido.
Línea 736: el nombre de la propiedad CursorType de AdoFc_Rubro_ingresos no es válido.
Línea 737: el nombre de la propiedad LockType de AdoFc_Rubro_ingresos no es válido.
Línea 738: el nombre de la propiedad CommandType de AdoFc_Rubro_ingresos no es válido.
Línea 739: el nombre de la propiedad CursorOptions de AdoFc_Rubro_ingresos no es válido.
Línea 740: el nombre de la propiedad CacheSize de AdoFc_Rubro_ingresos no es válido.
Línea 741: el nombre de la propiedad MaxRecords de AdoFc_Rubro_ingresos no es válido.
Línea 742: el nombre de la propiedad BOFAction de AdoFc_Rubro_ingresos no es válido.
Línea 743: el nombre de la propiedad EOFAction de AdoFc_Rubro_ingresos no es válido.
Línea 744: el nombre de la propiedad ConnectStringType de AdoFc_Rubro_ingresos no es válido.
Línea 748: el nombre de la propiedad Orientation de AdoFc_Rubro_ingresos no es válido.
Línea 750: el nombre de la propiedad Connect de AdoFc_Rubro_ingresos no es válido.
Línea 751: el nombre de la propiedad OLEDBString de AdoFc_Rubro_ingresos no es válido.
Línea 752: el nombre de la propiedad OLEDBFile de AdoFc_Rubro_ingresos no es válido.
Línea 753: el nombre de la propiedad DataSourceName de AdoFc_Rubro_ingresos no es válido.
Línea 754: el nombre de la propiedad OtherAttributes de AdoFc_Rubro_ingresos no es válido.
Línea 755: el nombre de la propiedad UserName de AdoFc_Rubro_ingresos no es válido.
Línea 756: el nombre de la propiedad Password de AdoFc_Rubro_ingresos no es válido.
Línea 757: el nombre de la propiedad RecordSource de AdoFc_Rubro_ingresos no es válido.
Línea 758: el nombre de la propiedad Caption de AdoFc_Rubro_ingresos no es válido.
Línea 768: el nombre de la propiedad _Version de AdoFc_Rubro_ingresos no es válido.
Línea 771: el nombre de la propiedad Bindings de DtCdenominacion_beneficiario no es válido.
Línea 779: el nombre de la propiedad _ExtentX de DtCdenominacion_beneficiario no es válido.
Línea 780: el nombre de la propiedad _ExtentY de DtCdenominacion_beneficiario no es válido.
Línea 781: el nombre de la propiedad _Version de DtCdenominacion_beneficiario no es válido.
Línea 782: el nombre de la propiedad ListField de DtCdenominacion_beneficiario no es válido.
Línea 783: el nombre de la propiedad BoundColumn de DtCdenominacion_beneficiario no es válido.
Línea 784: el nombre de la propiedad Text de DtCdenominacion_beneficiario no es válido.
Línea 787: el nombre de la propiedad Bindings de DtCcodigo_beneficiario no es válido.
Línea 795: el nombre de la propiedad _ExtentX de DtCcodigo_beneficiario no es válido.
Línea 796: el nombre de la propiedad _ExtentY de DtCcodigo_beneficiario no es válido.
Línea 797: el nombre de la propiedad _Version de DtCcodigo_beneficiario no es válido.
Línea 798: el nombre de la propiedad ListField de DtCcodigo_beneficiario no es válido.
Línea 799: el nombre de la propiedad BoundColumn de DtCcodigo_beneficiario no es válido.
Línea 800: el nombre de la propiedad Text de DtCcodigo_beneficiario no es válido.
Línea 808: el nombre de la propiedad _ExtentX de AdoFc_beneficiario no es válido.
Línea 809: el nombre de la propiedad _ExtentY de AdoFc_beneficiario no es válido.
Línea 810: el nombre de la propiedad ConnectMode de AdoFc_beneficiario no es válido.
Línea 811: el nombre de la propiedad CursorLocation de AdoFc_beneficiario no es válido.
Línea 812: el nombre de la propiedad IsolationLevel de AdoFc_beneficiario no es válido.
Línea 813: el nombre de la propiedad ConnectionTimeout de AdoFc_beneficiario no es válido.
Línea 814: el nombre de la propiedad CommandTimeout de AdoFc_beneficiario no es válido.
Línea 815: el nombre de la propiedad CursorType de AdoFc_beneficiario no es válido.
Línea 816: el nombre de la propiedad LockType de AdoFc_beneficiario no es válido.
Línea 817: el nombre de la propiedad CommandType de AdoFc_beneficiario no es válido.
Línea 818: el nombre de la propiedad CursorOptions de AdoFc_beneficiario no es válido.
Línea 819: el nombre de la propiedad CacheSize de AdoFc_beneficiario no es válido.
Línea 820: el nombre de la propiedad MaxRecords de AdoFc_beneficiario no es válido.
Línea 821: el nombre de la propiedad BOFAction de AdoFc_beneficiario no es válido.
Línea 822: el nombre de la propiedad EOFAction de AdoFc_beneficiario no es válido.
Línea 823: el nombre de la propiedad ConnectStringType de AdoFc_beneficiario no es válido.
Línea 827: el nombre de la propiedad Orientation de AdoFc_beneficiario no es válido.
Línea 829: el nombre de la propiedad Connect de AdoFc_beneficiario no es válido.
Línea 830: el nombre de la propiedad OLEDBString de AdoFc_beneficiario no es válido.
Línea 831: el nombre de la propiedad OLEDBFile de AdoFc_beneficiario no es válido.
Línea 832: el nombre de la propiedad DataSourceName de AdoFc_beneficiario no es válido.
Línea 833: el nombre de la propiedad OtherAttributes de AdoFc_beneficiario no es válido.
Línea 834: el nombre de la propiedad UserName de AdoFc_beneficiario no es válido.
Línea 835: el nombre de la propiedad Password de AdoFc_beneficiario no es válido.
Línea 836: el nombre de la propiedad RecordSource de AdoFc_beneficiario no es válido.
Línea 837: el nombre de la propiedad Caption de AdoFc_beneficiario no es válido.
Línea 847: el nombre de la propiedad _Version de AdoFc_beneficiario no es válido.
Línea 850: el nombre de la propiedad Bindings de DtCDenominacion_Convenio no es válido.
Línea 857: el nombre de la propiedad _ExtentX de DtCDenominacion_Convenio no es válido.
Línea 858: el nombre de la propiedad _ExtentY de DtCDenominacion_Convenio no es válido.
Línea 859: el nombre de la propiedad _Version de DtCDenominacion_Convenio no es válido.
Línea 860: el nombre de la propiedad MatchEntry de DtCDenominacion_Convenio no es válido.
Línea 861: el nombre de la propiedad ListField de DtCDenominacion_Convenio no es válido.
Línea 862: el nombre de la propiedad BoundColumn de DtCDenominacion_Convenio no es válido.
Línea 863: el nombre de la propiedad Text de DtCDenominacion_Convenio no es válido.
Línea 866: el nombre de la propiedad Bindings de DtCcodigo_convenio no es válido.
Línea 873: el nombre de la propiedad _ExtentX de DtCcodigo_convenio no es válido.
Línea 874: el nombre de la propiedad _ExtentY de DtCcodigo_convenio no es válido.
Línea 875: el nombre de la propiedad _Version de DtCcodigo_convenio no es válido.
Línea 876: el nombre de la propiedad ListField de DtCcodigo_convenio no es válido.
Línea 877: el nombre de la propiedad BoundColumn de DtCcodigo_convenio no es válido.
Línea 878: el nombre de la propiedad Text de DtCcodigo_convenio no es válido.
Línea 886: el nombre de la propiedad _ExtentX de AdoFc_convenios no es válido.
Línea 887: el nombre de la propiedad _ExtentY de AdoFc_convenios no es válido.
Línea 888: el nombre de la propiedad ConnectMode de AdoFc_convenios no es válido.
Línea 889: el nombre de la propiedad CursorLocation de AdoFc_convenios no es válido.
Línea 890: el nombre de la propiedad IsolationLevel de AdoFc_convenios no es válido.
Línea 891: el nombre de la propiedad ConnectionTimeout de AdoFc_convenios no es válido.
Línea 892: el nombre de la propiedad CommandTimeout de AdoFc_convenios no es válido.
Línea 893: el nombre de la propiedad CursorType de AdoFc_convenios no es válido.
Línea 894: el nombre de la propiedad LockType de AdoFc_convenios no es válido.
Línea 895: el nombre de la propiedad CommandType de AdoFc_convenios no es válido.
Línea 896: el nombre de la propiedad CursorOptions de AdoFc_convenios no es válido.
Línea 897: el nombre de la propiedad CacheSize de AdoFc_convenios no es válido.
Línea 898: el nombre de la propiedad MaxRecords de AdoFc_convenios no es válido.
Línea 899: el nombre de la propiedad BOFAction de AdoFc_convenios no es válido.
Línea 900: el nombre de la propiedad EOFAction de AdoFc_convenios no es válido.
Línea 901: el nombre de la propiedad ConnectStringType de AdoFc_convenios no es válido.
Línea 905: el nombre de la propiedad Orientation de AdoFc_convenios no es válido.
Línea 907: el nombre de la propiedad Connect de AdoFc_convenios no es válido.
Línea 908: el nombre de la propiedad OLEDBString de AdoFc_convenios no es válido.
Línea 909: el nombre de la propiedad OLEDBFile de AdoFc_convenios no es válido.
Línea 910: el nombre de la propiedad DataSourceName de AdoFc_convenios no es válido.
Línea 911: el nombre de la propiedad OtherAttributes de AdoFc_convenios no es válido.
Línea 912: el nombre de la propiedad UserName de AdoFc_convenios no es válido.
Línea 913: el nombre de la propiedad Password de AdoFc_convenios no es válido.
Línea 914: el nombre de la propiedad RecordSource de AdoFc_convenios no es válido.
Línea 915: el nombre de la propiedad Caption de AdoFc_convenios no es válido.
Línea 925: el nombre de la propiedad _Version de AdoFc_convenios no es válido.
Línea 1400: el nombre de la propiedad _ExtentX de AdoIngresos no es válido.
Línea 1401: el nombre de la propiedad _ExtentY de AdoIngresos no es válido.
Línea 1402: el nombre de la propiedad ConnectMode de AdoIngresos no es válido.
Línea 1403: el nombre de la propiedad CursorLocation de AdoIngresos no es válido.
Línea 1404: el nombre de la propiedad IsolationLevel de AdoIngresos no es válido.
Línea 1405: el nombre de la propiedad ConnectionTimeout de AdoIngresos no es válido.
Línea 1406: el nombre de la propiedad CommandTimeout de AdoIngresos no es válido.
Línea 1407: el nombre de la propiedad CursorType de AdoIngresos no es válido.
Línea 1408: el nombre de la propiedad LockType de AdoIngresos no es válido.
Línea 1409: el nombre de la propiedad CommandType de AdoIngresos no es válido.
Línea 1410: el nombre de la propiedad CursorOptions de AdoIngresos no es válido.
Línea 1411: el nombre de la propiedad CacheSize de AdoIngresos no es válido.
Línea 1412: el nombre de la propiedad MaxRecords de AdoIngresos no es válido.
Línea 1413: el nombre de la propiedad BOFAction de AdoIngresos no es válido.
Línea 1414: el nombre de la propiedad EOFAction de AdoIngresos no es válido.
Línea 1415: el nombre de la propiedad ConnectStringType de AdoIngresos no es válido.
Línea 1419: el nombre de la propiedad Orientation de AdoIngresos no es válido.
Línea 1421: el nombre de la propiedad Connect de AdoIngresos no es válido.
Línea 1422: el nombre de la propiedad OLEDBString de AdoIngresos no es válido.
Línea 1423: el nombre de la propiedad OLEDBFile de AdoIngresos no es válido.
Línea 1424: el nombre de la propiedad DataSourceName de AdoIngresos no es válido.
Línea 1425: el nombre de la propiedad OtherAttributes de AdoIngresos no es válido.
Línea 1426: el nombre de la propiedad UserName de AdoIngresos no es válido.
Línea 1427: el nombre de la propiedad Password de AdoIngresos no es válido.
Línea 1428: el nombre de la propiedad RecordSource de AdoIngresos no es válido.
Línea 1429: el nombre de la propiedad Caption de AdoIngresos no es válido.
Línea 1439: el nombre de la propiedad _Version de AdoIngresos no es válido.
Línea 1442: el nombre de la propiedad Bindings de DtGIngresos no es válido.
Línea 1448: el nombre de la propiedad _ExtentX de DtGIngresos no es válido.
Línea 1449: el nombre de la propiedad _ExtentY de DtGIngresos no es válido.
Línea 1450: el nombre de la propiedad _Version de DtGIngresos no es válido.
Línea 1451: el nombre de la propiedad AllowUpdate de DtGIngresos no es válido.
Línea 1453: el nombre de la propiedad ColumnHeaders de DtGIngresos no es válido.
Línea 1454: el nombre de la propiedad HeadLines de DtGIngresos no es válido.
Línea 1455: el nombre de la propiedad RowHeight de DtGIngresos no es válido.
Línea 1456: el nombre de la propiedad FormatLocked de DtGIngresos no es válido.
Línea 1465: el nombre de la propiedad HeadFont de DtGIngresos no es válido.
Línea 1475: el nombre de la propiedad ColumnCount de DtGIngresos no es válido.
Línea 1488: el nombre de la propiedad Column00 de DtGIngresos no es válido.
Línea 1501: el nombre de la propiedad Column01 de DtGIngresos no es válido.
Línea 1514: el nombre de la propiedad Column02 de DtGIngresos no es válido.
Línea 1527: el nombre de la propiedad Column03 de DtGIngresos no es válido.
Línea 1540: el nombre de la propiedad Column04 de DtGIngresos no es válido.
Línea 1553: el nombre de la propiedad Column05 de DtGIngresos no es válido.
Línea 1566: el nombre de la propiedad Column06 de DtGIngresos no es válido.
Línea 1579: el nombre de la propiedad Column07 de DtGIngresos no es válido.
Línea 1592: el nombre de la propiedad Column08 de DtGIngresos no es válido.
Línea 1605: el nombre de la propiedad Column09 de DtGIngresos no es válido.
Línea 1618: el nombre de la propiedad Column10 de DtGIngresos no es válido.
Línea 1631: el nombre de la propiedad Column11 de DtGIngresos no es válido.
Línea 1644: el nombre de la propiedad Column12 de DtGIngresos no es válido.
Línea 1657: el nombre de la propiedad Column13 de DtGIngresos no es válido.
Línea 1670: el nombre de la propiedad Column14 de DtGIngresos no es válido.
Línea 1683: el nombre de la propiedad Column15 de DtGIngresos no es válido.
Línea 1696: el nombre de la propiedad Column16 de DtGIngresos no es válido.
Línea 1709: el nombre de la propiedad Column17 de DtGIngresos no es válido.
Línea 1722: el nombre de la propiedad Column18 de DtGIngresos no es válido.
Línea 1735: el nombre de la propiedad Column19 de DtGIngresos no es válido.
Línea 1748: el nombre de la propiedad Column20 de DtGIngresos no es válido.
Línea 1761: el nombre de la propiedad Column21 de DtGIngresos no es válido.
Línea 1774: el nombre de la propiedad Column22 de DtGIngresos no es válido.
Línea 1787: el nombre de la propiedad Column23 de DtGIngresos no es válido.
Línea 1800: el nombre de la propiedad Column24 de DtGIngresos no es válido.
Línea 1813: el nombre de la propiedad Column25 de DtGIngresos no es válido.
Línea 1826: el nombre de la propiedad Column26 de DtGIngresos no es válido.
Línea 1839: el nombre de la propiedad Column27 de DtGIngresos no es válido.
Línea 1852: el nombre de la propiedad Column28 de DtGIngresos no es válido.
Línea 1865: el nombre de la propiedad Column29 de DtGIngresos no es válido.
Línea 1878: el nombre de la propiedad Column30 de DtGIngresos no es válido.
Línea 1891: el nombre de la propiedad Column31 de DtGIngresos no es válido.
Línea 1904: el nombre de la propiedad Column32 de DtGIngresos no es válido.
Línea 1917: el nombre de la propiedad Column33 de DtGIngresos no es válido.
Línea 1918: el nombre de la propiedad SplitCount de DtGIngresos no es válido.
Línea 2021: el nombre de la propiedad Split0 de DtGIngresos no es válido.
Línea 2310: el nombre de la propiedad _ExtentX de Cry no es válido.
Línea 2311: el nombre de la propiedad _ExtentY de Cry no es válido.
Línea 2312: el nombre de la propiedad _Version de Cry no es válido.
Línea 2313: el nombre de la propiedad WindowControlBox de Cry no es válido.
Línea 2314: el nombre de la propiedad WindowMaxButton de Cry no es válido.
Línea 2315: el nombre de la propiedad WindowMinButton de Cry no es válido.
Línea 2316: el nombre de la propiedad WindowState de Cry no es válido.
Línea 2317: el nombre de la propiedad PrintFileLinesPerPage de Cry no es válido.
Línea 2318: el nombre de la propiedad WindowShowSearchBtn de Cry no es válido.
Línea 2319: el nombre de la propiedad WindowShowPrintSetupBtn de Cry no es válido.
Línea 2320: el nombre de la propiedad WindowShowRefreshBtn de Cry no es válido.
