Línea 316: la clase MSAdodcLib.Adodc del control AdoPagos no era una clase de control cargada.
Línea 445: la clase MSDataGridLib.DataGrid del control DtGPagos no era una clase de control cargada.
Línea 509: la clase MSDataListLib.DataCombo del control DtCCuentaOrigen no era una clase de control cargada.
Línea 526: la clase MSDataListLib.DataCombo del control DtCCuentaOrigenDes no era una clase de control cargada.
Línea 543: la clase MSDataListLib.DataCombo del control DtcCtaTGN no era una clase de control cargada.
Línea 560: la clase MSAdodcLib.Adodc del control AdoCuenta no era una clase de control cargada.
Línea 607: la clase MSComCtl2.DTPicker del control DTPFechaRegistro no era una clase de control cargada.
Línea 321: el nombre de la propiedad _ExtentX de AdoPagos no es válido.
Línea 322: el nombre de la propiedad _ExtentY de AdoPagos no es válido.
Línea 323: el nombre de la propiedad ConnectMode de AdoPagos no es válido.
Línea 324: el nombre de la propiedad CursorLocation de AdoPagos no es válido.
Línea 325: el nombre de la propiedad IsolationLevel de AdoPagos no es válido.
Línea 326: el nombre de la propiedad ConnectionTimeout de AdoPagos no es válido.
Línea 327: el nombre de la propiedad CommandTimeout de AdoPagos no es válido.
Línea 328: el nombre de la propiedad CursorType de AdoPagos no es válido.
Línea 329: el nombre de la propiedad LockType de AdoPagos no es válido.
Línea 330: el nombre de la propiedad CommandType de AdoPagos no es válido.
Línea 331: el nombre de la propiedad CursorOptions de AdoPagos no es válido.
Línea 332: el nombre de la propiedad CacheSize de AdoPagos no es válido.
Línea 333: el nombre de la propiedad MaxRecords de AdoPagos no es válido.
Línea 334: el nombre de la propiedad BOFAction de AdoPagos no es válido.
Línea 335: el nombre de la propiedad EOFAction de AdoPagos no es válido.
Línea 336: el nombre de la propiedad ConnectStringType de AdoPagos no es válido.
Línea 340: el nombre de la propiedad Orientation de AdoPagos no es válido.
Línea 342: el nombre de la propiedad Connect de AdoPagos no es válido.
Línea 343: el nombre de la propiedad OLEDBString de AdoPagos no es válido.
Línea 344: el nombre de la propiedad OLEDBFile de AdoPagos no es válido.
Línea 345: el nombre de la propiedad DataSourceName de AdoPagos no es válido.
Línea 346: el nombre de la propiedad OtherAttributes de AdoPagos no es válido.
Línea 347: el nombre de la propiedad UserName de AdoPagos no es válido.
Línea 348: el nombre de la propiedad Password de AdoPagos no es válido.
Línea 349: el nombre de la propiedad RecordSource de AdoPagos no es válido.
Línea 350: el nombre de la propiedad Caption de AdoPagos no es válido.
Línea 360: el nombre de la propiedad _Version de AdoPagos no es válido.
Línea 451: el nombre de la propiedad _ExtentX de DtGPagos no es válido.
Línea 452: el nombre de la propiedad _ExtentY de DtGPagos no es válido.
Línea 453: el nombre de la propiedad _Version de DtGPagos no es válido.
Línea 454: el nombre de la propiedad HeadLines de DtGPagos no es válido.
Línea 455: el nombre de la propiedad RowHeight de DtGPagos no es válido.
Línea 464: el nombre de la propiedad HeadFont de DtGPagos no es válido.
Línea 474: el nombre de la propiedad ColumnCount de DtGPagos no es válido.
Línea 487: el nombre de la propiedad Column00 de DtGPagos no es válido.
Línea 500: el nombre de la propiedad Column01 de DtGPagos no es válido.
Línea 501: el nombre de la propiedad SplitCount de DtGPagos no es válido.
Línea 507: el nombre de la propiedad Split0 de DtGPagos no es válido.
Línea 510: el nombre de la propiedad Bindings de DtCCuentaOrigen no es válido.
Línea 518: el nombre de la propiedad _ExtentX de DtCCuentaOrigen no es válido.
Línea 519: el nombre de la propiedad _ExtentY de DtCCuentaOrigen no es válido.
Línea 520: el nombre de la propiedad _Version de DtCCuentaOrigen no es válido.
Línea 522: el nombre de la propiedad ListField de DtCCuentaOrigen no es válido.
Línea 523: el nombre de la propiedad BoundColumn de DtCCuentaOrigen no es válido.
Línea 524: el nombre de la propiedad Text de DtCCuentaOrigen no es válido.
Línea 527: el nombre de la propiedad Bindings de DtCCuentaOrigenDes no es válido.
Línea 535: el nombre de la propiedad _ExtentX de DtCCuentaOrigenDes no es válido.
Línea 536: el nombre de la propiedad _ExtentY de DtCCuentaOrigenDes no es válido.
Línea 537: el nombre de la propiedad _Version de DtCCuentaOrigenDes no es válido.
Línea 539: el nombre de la propiedad ListField de DtCCuentaOrigenDes no es válido.
Línea 540: el nombre de la propiedad BoundColumn de DtCCuentaOrigenDes no es válido.
Línea 541: el nombre de la propiedad Text de DtCCuentaOrigenDes no es válido.
Línea 544: el nombre de la propiedad Bindings de DtcCtaTGN no es válido.
Línea 552: el nombre de la propiedad _ExtentX de DtcCtaTGN no es válido.
Línea 553: el nombre de la propiedad _ExtentY de DtcCtaTGN no es válido.
Línea 554: el nombre de la propiedad _Version de DtcCtaTGN no es válido.
Línea 556: el nombre de la propiedad ListField de DtcCtaTGN no es válido.
Línea 557: el nombre de la propiedad BoundColumn de DtcCtaTGN no es válido.
Línea 558: el nombre de la propiedad Text de DtcCtaTGN no es válido.
Línea 566: el nombre de la propiedad _ExtentX de AdoCuenta no es válido.
Línea 567: el nombre de la propiedad _ExtentY de AdoCuenta no es válido.
Línea 568: el nombre de la propiedad ConnectMode de AdoCuenta no es válido.
Línea 569: el nombre de la propiedad CursorLocation de AdoCuenta no es válido.
Línea 570: el nombre de la propiedad IsolationLevel de AdoCuenta no es válido.
Línea 571: el nombre de la propiedad ConnectionTimeout de AdoCuenta no es válido.
Línea 572: el nombre de la propiedad CommandTimeout de AdoCuenta no es válido.
Línea 573: el nombre de la propiedad CursorType de AdoCuenta no es válido.
Línea 574: el nombre de la propiedad LockType de AdoCuenta no es válido.
Línea 575: el nombre de la propiedad CommandType de AdoCuenta no es válido.
Línea 576: el nombre de la propiedad CursorOptions de AdoCuenta no es válido.
Línea 577: el nombre de la propiedad CacheSize de AdoCuenta no es válido.
Línea 578: el nombre de la propiedad MaxRecords de AdoCuenta no es válido.
Línea 579: el nombre de la propiedad BOFAction de AdoCuenta no es válido.
Línea 580: el nombre de la propiedad EOFAction de AdoCuenta no es válido.
Línea 581: el nombre de la propiedad ConnectStringType de AdoCuenta no es válido.
Línea 585: el nombre de la propiedad Orientation de AdoCuenta no es válido.
Línea 587: el nombre de la propiedad Connect de AdoCuenta no es válido.
Línea 588: el nombre de la propiedad OLEDBString de AdoCuenta no es válido.
Línea 589: el nombre de la propiedad OLEDBFile de AdoCuenta no es válido.
Línea 590: el nombre de la propiedad DataSourceName de AdoCuenta no es válido.
Línea 591: el nombre de la propiedad OtherAttributes de AdoCuenta no es válido.
Línea 592: el nombre de la propiedad UserName de AdoCuenta no es válido.
Línea 593: el nombre de la propiedad Password de AdoCuenta no es válido.
Línea 594: el nombre de la propiedad RecordSource de AdoCuenta no es válido.
Línea 595: el nombre de la propiedad Caption de AdoCuenta no es válido.
Línea 605: el nombre de la propiedad _Version de AdoCuenta no es válido.
Línea 613: el nombre de la propiedad _ExtentX de DTPFechaRegistro no es válido.
Línea 614: el nombre de la propiedad _ExtentY de DTPFechaRegistro no es válido.
Línea 615: el nombre de la propiedad _Version de DTPFechaRegistro no es válido.
Línea 616: el nombre de la propiedad CheckBox de DTPFechaRegistro no es válido.
Línea 617: el nombre de la propiedad Format de DTPFechaRegistro no es válido.
Línea 618: el nombre de la propiedad CurrentDate de DTPFechaRegistro no es válido.
