Línea 16: la clase MSAdodcLib.Adodc del control AdoAuxiliar no era una clase de control cargada.
Línea 140: la clase MSComCtl2.DTPicker del control DTPFechaInicio no era una clase de control cargada.
Línea 153: la clase MSComCtl2.DTPicker del control DTPFechaFin no era una clase de control cargada.
Línea 237: la clase MSAdodcLib.Adodc del control Adodc1 no era una clase de control cargada.
Línea 283: la clase MSDataGridLib.DataGrid del control DataGrid1 no era una clase de control cargada.
Línea 22: el nombre de la propiedad _ExtentX de AdoAuxiliar no es válido.
Línea 23: el nombre de la propiedad _ExtentY de AdoAuxiliar no es válido.
Línea 24: el nombre de la propiedad ConnectMode de AdoAuxiliar no es válido.
Línea 25: el nombre de la propiedad CursorLocation de AdoAuxiliar no es válido.
Línea 26: el nombre de la propiedad IsolationLevel de AdoAuxiliar no es válido.
Línea 27: el nombre de la propiedad ConnectionTimeout de AdoAuxiliar no es válido.
Línea 28: el nombre de la propiedad CommandTimeout de AdoAuxiliar no es válido.
Línea 29: el nombre de la propiedad CursorType de AdoAuxiliar no es válido.
Línea 30: el nombre de la propiedad LockType de AdoAuxiliar no es válido.
Línea 31: el nombre de la propiedad CommandType de AdoAuxiliar no es válido.
Línea 32: el nombre de la propiedad CursorOptions de AdoAuxiliar no es válido.
Línea 33: el nombre de la propiedad CacheSize de AdoAuxiliar no es válido.
Línea 34: el nombre de la propiedad MaxRecords de AdoAuxiliar no es válido.
Línea 35: el nombre de la propiedad BOFAction de AdoAuxiliar no es válido.
Línea 36: el nombre de la propiedad EOFAction de AdoAuxiliar no es válido.
Línea 37: el nombre de la propiedad ConnectStringType de AdoAuxiliar no es válido.
Línea 41: el nombre de la propiedad Orientation de AdoAuxiliar no es válido.
Línea 43: el nombre de la propiedad Connect de AdoAuxiliar no es válido.
Línea 44: el nombre de la propiedad OLEDBString de AdoAuxiliar no es válido.
Línea 45: el nombre de la propiedad OLEDBFile de AdoAuxiliar no es válido.
Línea 46: el nombre de la propiedad DataSourceName de AdoAuxiliar no es válido.
Línea 47: el nombre de la propiedad OtherAttributes de AdoAuxiliar no es válido.
Línea 48: el nombre de la propiedad UserName de AdoAuxiliar no es válido.
Línea 49: el nombre de la propiedad Password de AdoAuxiliar no es válido.
Línea 50: el nombre de la propiedad RecordSource de AdoAuxiliar no es válido.
Línea 51: el nombre de la propiedad Caption de AdoAuxiliar no es válido.
Línea 61: el nombre de la propiedad _Version de AdoAuxiliar no es válido.
Línea 146: el nombre de la propiedad _ExtentX de DTPFechaInicio no es válido.
Línea 147: el nombre de la propiedad _ExtentY de DTPFechaInicio no es válido.
Línea 148: el nombre de la propiedad _Version de DTPFechaInicio no es válido.
Línea 149: el nombre de la propiedad CheckBox de DTPFechaInicio no es válido.
Línea 150: el nombre de la propiedad Format de DTPFechaInicio no es válido.
Línea 151: el nombre de la propiedad CurrentDate de DTPFechaInicio no es válido.
Línea 159: el nombre de la propiedad _ExtentX de DTPFechaFin no es válido.
Línea 160: el nombre de la propiedad _ExtentY de DTPFechaFin no es válido.
Línea 161: el nombre de la propiedad _Version de DTPFechaFin no es válido.
Línea 162: el nombre de la propiedad CheckBox de DTPFechaFin no es válido.
Línea 163: el nombre de la propiedad Format de DTPFechaFin no es válido.
Línea 164: el nombre de la propiedad CurrentDate de DTPFechaFin no es válido.
Línea 242: el nombre de la propiedad _ExtentX de Adodc1 no es válido.
Línea 243: el nombre de la propiedad _ExtentY de Adodc1 no es válido.
Línea 244: el nombre de la propiedad ConnectMode de Adodc1 no es válido.
Línea 245: el nombre de la propiedad CursorLocation de Adodc1 no es válido.
Línea 246: el nombre de la propiedad IsolationLevel de Adodc1 no es válido.
Línea 247: el nombre de la propiedad ConnectionTimeout de Adodc1 no es válido.
Línea 248: el nombre de la propiedad CommandTimeout de Adodc1 no es válido.
Línea 249: el nombre de la propiedad CursorType de Adodc1 no es válido.
Línea 250: el nombre de la propiedad LockType de Adodc1 no es válido.
Línea 251: el nombre de la propiedad CommandType de Adodc1 no es válido.
Línea 252: el nombre de la propiedad CursorOptions de Adodc1 no es válido.
Línea 253: el nombre de la propiedad CacheSize de Adodc1 no es válido.
Línea 254: el nombre de la propiedad MaxRecords de Adodc1 no es válido.
Línea 255: el nombre de la propiedad BOFAction de Adodc1 no es válido.
Línea 256: el nombre de la propiedad EOFAction de Adodc1 no es válido.
Línea 257: el nombre de la propiedad ConnectStringType de Adodc1 no es válido.
Línea 261: el nombre de la propiedad Orientation de Adodc1 no es válido.
Línea 263: el nombre de la propiedad Connect de Adodc1 no es válido.
Línea 264: el nombre de la propiedad OLEDBString de Adodc1 no es válido.
Línea 265: el nombre de la propiedad OLEDBFile de Adodc1 no es válido.
Línea 266: el nombre de la propiedad DataSourceName de Adodc1 no es válido.
Línea 267: el nombre de la propiedad OtherAttributes de Adodc1 no es válido.
Línea 268: el nombre de la propiedad UserName de Adodc1 no es válido.
Línea 269: el nombre de la propiedad Password de Adodc1 no es válido.
Línea 270: el nombre de la propiedad RecordSource de Adodc1 no es válido.
Línea 271: el nombre de la propiedad Caption de Adodc1 no es válido.
Línea 281: el nombre de la propiedad _Version de Adodc1 no es válido.
Línea 289: el nombre de la propiedad _ExtentX de DataGrid1 no es válido.
Línea 290: el nombre de la propiedad _ExtentY de DataGrid1 no es válido.
Línea 291: el nombre de la propiedad _Version de DataGrid1 no es válido.
Línea 292: el nombre de la propiedad HeadLines de DataGrid1 no es válido.
Línea 293: el nombre de la propiedad RowHeight de DataGrid1 no es válido.
Línea 302: el nombre de la propiedad HeadFont de DataGrid1 no es válido.
Línea 312: el nombre de la propiedad ColumnCount de DataGrid1 no es válido.
Línea 325: el nombre de la propiedad Column00 de DataGrid1 no es válido.
Línea 338: el nombre de la propiedad Column01 de DataGrid1 no es válido.
Línea 339: el nombre de la propiedad SplitCount de DataGrid1 no es válido.
Línea 345: el nombre de la propiedad Split0 de DataGrid1 no es válido.
